<?xml version="1.0" encoding="UTF-8" standalone="no"?><Transaction xmlns:xsd="http://www.w3.org/2001/XMLSchema" xmlns:xsi="http://www.w3.org/2001/XMLSchema-instance" Version="15.1.5.15"><TransactionAttributes><ContextItem><Name>Description</Name><Description>Transaction Description</Description><MinRange>0</MinRange><MaxRange>0</MaxRange><Value xsi:type="string"/><ReadOnly>true</ReadOnly><AlertXMLAssigned>false</AlertXMLAssigned></ContextItem><ContextItem><Name>Comments</Name><Description>User Comments</Description><MinRange>0</MinRange><MaxRange>0</MaxRange><Value xsi:type="string"/><ReadOnly>true</ReadOnly><AlertXMLAssigned>false</AlertXMLAssigned></ContextItem><ContextItem><Name>CreatedBy</Name><Description>Created By</Description><MinRange>0</MinRange><MaxRange>0</MaxRange><Value xsi:type="string">bdeepali</Value><ReadOnly>true</ReadOnly><AlertXMLAssigned>false</AlertXMLAssigned></ContextItem><ContextItem><Name>CreationDate</Name><Description>Creation Date</Description><MinRange>0</MinRange><MaxRange>0</MaxRange><Value xsi:type="dateTime">2018-11-14T09:03:51</Value><ReadOnly>true</ReadOnly><AlertXMLAssigned>false</AlertXMLAssigned></ContextItem><ContextItem><Name>Category</Name><Description>Transaction Category</Description><MinRange>0</MinRange><MaxRange>0</MaxRange><Value xsi:type="string"/><ReadOnly>true</ReadOnly><AlertXMLAssigned>false</AlertXMLAssigned></ContextItem><ContextItem><Name>Status</Name><Description>Deployment Status</Description><MinRange>0</MinRange><MaxRange>0</MaxRange><Value xsi:type="string">DEVELOPMENT</Value><ReadOnly>true</ReadOnly><AlertXMLAssigned>false</AlertXMLAssigned></ContextItem><ContextItem><Name>LegacyProcessingMode</Name><Description>Support the pre MII 12.1 Transaction Engine.</Description><MinRange>0</MinRange><MaxRange>0</MaxRange><Value xsi:type="boolean">0</Value><ReadOnly>true</ReadOnly><AlertXMLAssigned>false</AlertXMLAssigned></ContextItem><ContextItem><Name>AutoAppendBlankNamespaces</Name><Description>AutoAppendBlankNamespaces</Description><MinRange>0</MinRange><MaxRange>0</MaxRange><Value xsi:type="boolean">1</Value><ReadOnly>true</ReadOnly><AlertXMLAssigned>false</AlertXMLAssigned></ContextItem><ContextItem><Name>ThrowOnLinkError</Name><Description>Throws an exception when a link error occures</Description><MinRange>0</MinRange><MaxRange>0</MaxRange><Value xsi:type="boolean">0</Value><ReadOnly>true</ReadOnly><AlertXMLAssigned>false</AlertXMLAssigned></ContextItem><ContextItem><Name>ThrowOnActionError</Name><Description>Throws an exception when an action error occurs</Description><MinRange>0</MinRange><MaxRange>0</MaxRange><Value xsi:type="boolean">1</Value><ReadOnly>true</ReadOnly><AlertXMLAssigned>false</AlertXMLAssigned></ContextItem><ContextItem><Name>FormatXMLOnConversion</Name><Description>By default XML will be formatted when assigned from XML data type to String data type. This behaviour can be changed with this flag.</Description><MinRange>0</MinRange><MaxRange>0</MaxRange><Value xsi:type="boolean">1</Value><ReadOnly>true</ReadOnly><AlertXMLAssigned>false</AlertXMLAssigned></ContextItem><ContextItem><Name>LastEditedBy</Name><Description>Last Edited By</Description><MinRange>0</MinRange><MaxRange>0</MaxRange><Value xsi:type="xsd:string">vvenka15</Value><ReadOnly>true</ReadOnly><AlertXMLAssigned>false</AlertXMLAssigned></ContextItem><ContextItem><Name>LastEditedDate</Name><Description>Last Edited Date</Description><MinRange>0</MinRange><MaxRange>0</MaxRange><Value xsi:type="xsd:dateTime">2024-04-26T12:03:16</Value><ReadOnly>true</ReadOnly><AlertXMLAssigned>false</AlertXMLAssigned></ContextItem></TransactionAttributes><Name>ProductionSupport/Venky/Manualtraceabilty/3CComponentValidationTrx</Name><Version>785</Version><WriterRoles>SAP_XMII_Super_Administrator,SAP_XMII_Administrator,SAP_XMII_Developer</WriterRoles><Context><ContextItem><Name>ComponentSerialNo</Name><Description/><MinRange>0</MinRange><MaxRange>0</MaxRange><Value xsi:type="string">10204323152MPMNLMLJMH4P36300CC</Value><ReadOnly>false</ReadOnly><AlertXMLAssigned>false</AlertXMLAssigned></ContextItem><ContextItem><Name>ERP_Sr_No</Name><Description/><MinRange>0</MinRange><MaxRange>0</MaxRange><Value xsi:type="string"/><ReadOnly>true</ReadOnly><AlertXMLAssigned>false</AlertXMLAssigned></ContextItem><ContextItem><Name>line</Name><Description>Production Line</Description><MinRange>0</MinRange><MaxRange>0</MaxRange><Value xsi:type="string">AJ200P</Value><ReadOnly>false</ReadOnly><AlertXMLAssigned>false</AlertXMLAssigned></ContextItem><ContextItem><Name>Material</Name><Description/><MinRange>0</MinRange><MaxRange>0</MaxRange><Value xsi:type="string"/><ReadOnly>true</ReadOnly><AlertXMLAssigned>false</AlertXMLAssigned></ContextItem><ContextItem><Name>Operation</Name><Description/><MinRange>0</MinRange><MaxRange>0</MaxRange><Value xsi:type="string">1050-10002024</Value><ReadOnly>false</ReadOnly><AlertXMLAssigned>false</AlertXMLAssigned></ContextItem><ContextItem><Name>Resource</Name><Description/><MinRange>0</MinRange><MaxRange>0</MaxRange><Value xsi:type="string">TEST_RESOURCE_3C</Value><ReadOnly>false</ReadOnly><AlertXMLAssigned>false</AlertXMLAssigned></ContextItem><ContextItem><Name>SFC</Name><Description/><MinRange>0</MinRange><MaxRange>0</MaxRange><Value xsi:type="string">10204323</Value><ReadOnly>false</ReadOnly><AlertXMLAssigned>false</AlertXMLAssigned></ContextItem></Context><Local><ContextItem><Name>3C_Component_Assy_Stn</Name><Description/><MinRange>0</MinRange><MaxRange>0</MaxRange><Value xsi:type="string"/><ReadOnly>false</ReadOnly><AlertXMLAssigned>false</AlertXMLAssigned></ContextItem><ContextItem><Name>3C_Component_Type</Name><Description/><MinRange>0</MinRange><MaxRange>0</MaxRange><Value xsi:type="string"/><ReadOnly>false</ReadOnly><AlertXMLAssigned>false</AlertXMLAssigned></ContextItem><ContextItem><Name>3C_NC_Code</Name><Description/><MinRange>0</MinRange><MaxRange>0</MaxRange><Value xsi:type="string"/><ReadOnly>false</ReadOnly><AlertXMLAssigned>false</AlertXMLAssigned></ContextItem><ContextItem><Name>AssemblyDataTypereference</Name><Description/><MinRange>0</MinRange><MaxRange>0</MaxRange><Value xsi:type="string">DataTypeBO:1020,ASSEMBLY,ERP_SERIAL_NUMBER</Value><ReadOnly>false</ReadOnly><AlertXMLAssigned>false</AlertXMLAssigned></ContextItem><ContextItem><Name>ComponentRef</Name><Description/><MinRange>0</MinRange><MaxRange>0</MaxRange><Value xsi:type="string"/><ReadOnly>false</ReadOnly><AlertXMLAssigned>false</AlertXMLAssigned></ContextItem><ContextItem><Name>componentSfc</Name><Description>Component SFC</Description><MinRange>0</MinRange><MaxRange>0</MaxRange><Value xsi:type="string"/><ReadOnly>false</ReadOnly><AlertXMLAssigned>false</AlertXMLAssigned></ContextItem><ContextItem><Name>componentSFC</Name><Description/><MinRange>0</MinRange><MaxRange>0</MaxRange><Value xsi:type="string"/><ReadOnly>false</ReadOnly><AlertXMLAssigned>false</AlertXMLAssigned></ContextItem><ContextItem><Name>CredentialAlias</Name><Description/><MinRange>0</MinRange><MaxRange>0</MaxRange><Value xsi:type="string"/><ReadOnly>false</ReadOnly><AlertXMLAssigned>false</AlertXMLAssigned></ContextItem><ContextItem><Name>duplicateAssemblyMsg</Name><Description/><MinRange>0</MinRange><MaxRange>0</MaxRange><Value xsi:type="string"/><ReadOnly>false</ReadOnly><AlertXMLAssigned>false</AlertXMLAssigned></ContextItem><ContextItem><Name>ERP_SR_RULE</Name><Description/><MinRange>0</MinRange><MaxRange>0</MaxRange><Value xsi:type="string"/><ReadOnly>false</ReadOnly><AlertXMLAssigned>false</AlertXMLAssigned></ContextItem><ContextItem><Name>GR_Validation_Fail_Msg</Name><Description>GR Validation Message</Description><MinRange>0</MinRange><MaxRange>0</MaxRange><Value xsi:type="string"/><ReadOnly>false</ReadOnly><AlertXMLAssigned>false</AlertXMLAssigned></ContextItem><ContextItem><Name>length</Name><Description/><MinRange>0</MinRange><MaxRange>0</MaxRange><Value xsi:type="string"/><ReadOnly>false</ReadOnly><AlertXMLAssigned>false</AlertXMLAssigned></ContextItem><ContextItem><Name>ListERP</Name><Description/><MinRange>0</MinRange><MaxRange>0</MaxRange><Value xsi:type="list"/><ReadOnly>false</ReadOnly><AlertXMLAssigned>false</AlertXMLAssigned></ContextItem><ContextItem><Name>Location_Validation_Fail_Msg</Name><Description>Location Validation Failure Message</Description><MinRange>0</MinRange><MaxRange>0</MaxRange><Value xsi:type="string"/><ReadOnly>false</ReadOnly><AlertXMLAssigned>false</AlertXMLAssigned></ContextItem><ContextItem><Name>3C_Location_Check</Name><Description>Location Check</Description><MinRange>0</MinRange><MaxRange>0</MaxRange><Value xsi:type="string"/><ReadOnly>false</ReadOnly><AlertXMLAssigned>false</AlertXMLAssigned></ContextItem><ContextItem><Name>LogNCFlag</Name><Description/><MinRange>0</MinRange><MaxRange>0</MaxRange><Value xsi:type="boolean">0</Value><ReadOnly>false</ReadOnly><AlertXMLAssigned>false</AlertXMLAssigned></ContextItem><ContextItem><Name>MAT_CAL_RULE</Name><Description/><MinRange>0</MinRange><MaxRange>0</MaxRange><Value xsi:type="string"/><ReadOnly>false</ReadOnly><AlertXMLAssigned>false</AlertXMLAssigned></ContextItem><ContextItem><Name>NCMessage</Name><Description/><MinRange>0</MinRange><MaxRange>0</MaxRange><Value xsi:type="string"/><ReadOnly>false</ReadOnly><AlertXMLAssigned>false</AlertXMLAssigned></ContextItem><ContextItem><Name>numberlist</Name><Description/><MinRange>0</MinRange><MaxRange>0</MaxRange><Value xsi:type="list"/><ReadOnly>false</ReadOnly><AlertXMLAssigned>false</AlertXMLAssigned></ContextItem><ContextItem><Name>numbers</Name><Description/><MinRange>0</MinRange><MaxRange>0</MaxRange><Value xsi:type="string"/><ReadOnly>false</ReadOnly><AlertXMLAssigned>false</AlertXMLAssigned></ContextItem><ContextItem><Name>openNCMsg</Name><Description>Open NC Validation Message</Description><MinRange>0</MinRange><MaxRange>0</MaxRange><Value xsi:type="string"/><ReadOnly>false</ReadOnly><AlertXMLAssigned>false</AlertXMLAssigned></ContextItem><ContextItem><Name>OperationRef</Name><Description/><MinRange>0</MinRange><MaxRange>0</MaxRange><Value xsi:type="string"/><ReadOnly>false</ReadOnly><AlertXMLAssigned>false</AlertXMLAssigned></ContextItem><ContextItem><Name>Quantity</Name><Description/><MinRange>0</MinRange><MaxRange>0</MaxRange><Value xsi:type="string">1</Value><ReadOnly>false</ReadOnly><AlertXMLAssigned>false</AlertXMLAssigned></ContextItem><ContextItem><Name>resolvedOperation</Name><Description>Resolved Operation</Description><MinRange>0</MinRange><MaxRange>0</MaxRange><Value xsi:type="string"/><ReadOnly>false</ReadOnly><AlertXMLAssigned>false</AlertXMLAssigned></ContextItem><ContextItem><Name>ResourceRef</Name><Description/><MinRange>0</MinRange><MaxRange>0</MaxRange><Value xsi:type="string"/><ReadOnly>false</ReadOnly><AlertXMLAssigned>false</AlertXMLAssigned></ContextItem><ContextItem><Name>SFCRef</Name><Description/><MinRange>0</MinRange><MaxRange>0</MaxRange><Value xsi:type="string"/><ReadOnly>false</ReadOnly><AlertXMLAssigned>false</AlertXMLAssigned></ContextItem><ContextItem><Name>Site</Name><Description/><MinRange>0</MinRange><MaxRange>0</MaxRange><Value xsi:type="string">1020</Value><ReadOnly>false</ReadOnly><AlertXMLAssigned>false</AlertXMLAssigned></ContextItem><ContextItem><Name>startIndex</Name><Description/><MinRange>0</MinRange><MaxRange>0</MaxRange><Value xsi:type="string"/><ReadOnly>false</ReadOnly><AlertXMLAssigned>false</AlertXMLAssigned></ContextItem><ContextItem><Name>Stock_Validation_Fail_Msg</Name><Description>Stock Validation Failure Message</Description><MinRange>0</MinRange><MaxRange>0</MaxRange><Value xsi:type="string"/><ReadOnly>false</ReadOnly><AlertXMLAssigned>false</AlertXMLAssigned></ContextItem><ContextItem><Name>TrxName</Name><Description/><MinRange>0</MinRange><MaxRange>0</MaxRange><Value xsi:type="string">3CComponent/Transactions/3CComponentValidationTrx</Value><ReadOnly>false</ReadOnly><AlertXMLAssigned>false</AlertXMLAssigned></ContextItem></Local><Layout><GUILayoutItem><Name>Sequence</Name><X>2240</X><Y>1232</Y><Width>120</Width><SpacingWidth>4584</SpacingWidth><DescendantWidth>4584</DescendantWidth><Height>96</Height></GUILayoutItem><GUILayoutItem><Name>Sequence_3</Name><X>1952</X><Y>1640</Y><Width>120</Width><SpacingWidth>3432</SpacingWidth><DescendantWidth>3432</DescendantWidth><Height>96</Height></GUILayoutItem><GUILayoutItem><Name>Sequence_6</Name><X>1880</X><Y>1776</Y><Width>120</Width><SpacingWidth>3288</SpacingWidth><DescendantWidth>3288</DescendantWidth><Height>96</Height></GUILayoutItem><GUILayoutItem><Name>Condition_FindBOM</Name><X>1888</X><Y>1792</Y><Width>104</Width><SpacingWidth>0</SpacingWidth><DescendantWidth>0</DescendantWidth><Height>72</Height></GUILayoutItem><GUILayoutItem><Name>Sequence_2</Name><X>1664</X><Y>2184</Y><Width>120</Width><SpacingWidth>2856</SpacingWidth><DescendantWidth>2856</DescendantWidth><Height>96</Height></GUILayoutItem><GUILayoutItem><Name>Sequence_10</Name><X>1736</X><Y>2048</Y><Width>120</Width><SpacingWidth>3000</SpacingWidth><DescendantWidth>3000</DescendantWidth><Height>96</Height></GUILayoutItem><GUILayoutItem><Name>Conditional_NoComponent</Name><X>1744</X><Y>2064</Y><Width>104</Width><SpacingWidth>0</SpacingWidth><DescendantWidth>0</DescendantWidth><Height>72</Height></GUILayoutItem><GUILayoutItem><Name>Sequence_9</Name><X>1664</X><Y>2320</Y><Width>120</Width><SpacingWidth>2856</SpacingWidth><DescendantWidth>2856</DescendantWidth><Height>96</Height></GUILayoutItem><GUILayoutItem><Name>GetCustomFieldsForMaterial</Name><X>1672</X><Y>2336</Y><Width>104</Width><SpacingWidth>0</SpacingWidth><DescendantWidth>0</DescendantWidth><Height>72</Height></GUILayoutItem><GUILayoutItem><Name>Assign_ComponentRef</Name><X>1672</X><Y>2200</Y><Width>104</Width><SpacingWidth>0</SpacingWidth><DescendantWidth>0</DescendantWidth><Height>72</Height></GUILayoutItem><GUILayoutItem><Name>Sequence_12</Name><X>1520</X><Y>2592</Y><Width>120</Width><SpacingWidth>2568</SpacingWidth><DescendantWidth>2568</DescendantWidth><Height>96</Height></GUILayoutItem><GUILayoutItem><Name>AssignRule</Name><X>1528</X><Y>2608</Y><Width>104</Width><SpacingWidth>0</SpacingWidth><DescendantWidth>0</DescendantWidth><Height>72</Height></GUILayoutItem><GUILayoutItem><Name>Sequence_15</Name><X>296</X><Y>3000</Y><Width>120</Width><SpacingWidth>120</SpacingWidth><DescendantWidth>0</DescendantWidth><Height>96</Height></GUILayoutItem><GUILayoutItem><Name>Sequence_18</Name><X>296</X><Y>2728</Y><Width>120</Width><SpacingWidth>120</SpacingWidth><DescendantWidth>120</DescendantWidth><Height>96</Height></GUILayoutItem><GUILayoutItem><Name>String_List_To_XML_Parser_0</Name><X>304</X><Y>2744</Y><Width>104</Width><SpacingWidth>0</SpacingWidth><DescendantWidth>0</DescendantWidth><Height>72</Height></GUILayoutItem><GUILayoutItem><Name>Sequence_17</Name><X>296</X><Y>2864</Y><Width>120</Width><SpacingWidth>120</SpacingWidth><DescendantWidth>120</DescendantWidth><Height>96</Height></GUILayoutItem><GUILayoutItem><Name>Repeat_On_ERP_Serial_Number_Calculation_Rules</Name><X>304</X><Y>2880</Y><Width>104</Width><SpacingWidth>0</SpacingWidth><DescendantWidth>0</DescendantWidth><Height>72</Height></GUILayoutItem><GUILayoutItem><Name>Assignment_ERP_Serial_Number</Name><X>304</X><Y>3016</Y><Width>104</Width><SpacingWidth>0</SpacingWidth><DescendantWidth>0</DescendantWidth><Height>72</Height></GUILayoutItem><GUILayoutItem><Name>Sequence_21</Name><X>440</X><Y>2864</Y><Width>120</Width><SpacingWidth>120</SpacingWidth><DescendantWidth>120</DescendantWidth><Height>96</Height></GUILayoutItem><GUILayoutItem><Name>String_List_To_XML_Parser_1</Name><X>448</X><Y>2880</Y><Width>104</Width><SpacingWidth>0</SpacingWidth><DescendantWidth>0</DescendantWidth><Height>72</Height></GUILayoutItem><GUILayoutItem><Name>Sequence_22</Name><X>440</X><Y>3000</Y><Width>120</Width><SpacingWidth>120</SpacingWidth><DescendantWidth>120</DescendantWidth><Height>96</Height></GUILayoutItem><GUILayoutItem><Name>Repeat_On_Material_Calculation_Rules</Name><X>448</X><Y>3016</Y><Width>104</Width><SpacingWidth>0</SpacingWidth><DescendantWidth>0</DescendantWidth><Height>72</Height></GUILayoutItem><GUILayoutItem><Name>Sequence_23</Name><X>440</X><Y>3136</Y><Width>120</Width><SpacingWidth>120</SpacingWidth><DescendantWidth>0</DescendantWidth><Height>96</Height></GUILayoutItem><GUILayoutItem><Name>Assignment_Material_Serial_Number</Name><X>448</X><Y>3152</Y><Width>104</Width><SpacingWidth>0</SpacingWidth><DescendantWidth>0</DescendantWidth><Height>72</Height></GUILayoutItem><GUILayoutItem><Name>FindBOMBySFC</Name><X>1960</X><Y>1656</Y><Width>104</Width><SpacingWidth>0</SpacingWidth><DescendantWidth>0</DescendantWidth><Height>72</Height></GUILayoutItem><GUILayoutItem><Name>Sequence_16</Name><X>1808</X><Y>1912</Y><Width>120</Width><SpacingWidth>3144</SpacingWidth><DescendantWidth>3144</DescendantWidth><Height>96</Height></GUILayoutItem><GUILayoutItem><Name>GetBomComponentByOperation</Name><X>1816</X><Y>1928</Y><Width>104</Width><SpacingWidth>0</SpacingWidth><DescendantWidth>0</DescendantWidth><Height>72</Height></GUILayoutItem><GUILayoutItem><Name>Sequence_0</Name><X>1880</X><Y>1368</Y><Width>120</Width><SpacingWidth>3864</SpacingWidth><DescendantWidth>3864</DescendantWidth><Height>96</Height></GUILayoutItem><GUILayoutItem><Name>CheckComponentAssemblyQry</Name><X>1888</X><Y>1384</Y><Width>104</Width><SpacingWidth>0</SpacingWidth><DescendantWidth>0</DescendantWidth><Height>72</Height></GUILayoutItem><GUILayoutItem><Name>Sequence_5</Name><X>1808</X><Y>1504</Y><Width>120</Width><SpacingWidth>3720</SpacingWidth><DescendantWidth>3720</DescendantWidth><Height>96</Height></GUILayoutItem><GUILayoutItem><Name>CheckIfComponentAssembled</Name><X>1816</X><Y>1520</Y><Width>104</Width><SpacingWidth>0</SpacingWidth><DescendantWidth>0</DescendantWidth><Height>72</Height></GUILayoutItem><GUILayoutItem><Name>Sequence_31</Name><X>152</X><Y>1640</Y><Width>120</Width><SpacingWidth>120</SpacingWidth><DescendantWidth>0</DescendantWidth><Height>96</Height></GUILayoutItem><GUILayoutItem><Name>Set_NC_Flag_And_Message_1</Name><X>160</X><Y>1656</Y><Width>104</Width><SpacingWidth>0</SpacingWidth><DescendantWidth>0</DescendantWidth><Height>72</Height></GUILayoutItem><GUILayoutItem><Name>Sequence_35</Name><X>1592</X><Y>2456</Y><Width>120</Width><SpacingWidth>2712</SpacingWidth><DescendantWidth>2712</DescendantWidth><Height>96</Height></GUILayoutItem><GUILayoutItem><Name>Conditional_CustomFIeldQry</Name><X>1600</X><Y>2472</Y><Width>104</Width><SpacingWidth>0</SpacingWidth><DescendantWidth>0</DescendantWidth><Height>72</Height></GUILayoutItem><GUILayoutItem><Name>Sequence_36</Name><X>2888</X><Y>2592</Y><Width>120</Width><SpacingWidth>120</SpacingWidth><DescendantWidth>0</DescendantWidth><Height>96</Height></GUILayoutItem><GUILayoutItem><Name>Event_Logger_GetCustomFieldsForMaterial</Name><X>2896</X><Y>2608</Y><Width>104</Width><SpacingWidth>0</SpacingWidth><DescendantWidth>0</DescendantWidth><Height>72</Height></GUILayoutItem><GUILayoutItem><Name>Sequence_25</Name><X>3176</X><Y>2184</Y><Width>120</Width><SpacingWidth>120</SpacingWidth><DescendantWidth>0</DescendantWidth><Height>96</Height></GUILayoutItem><GUILayoutItem><Name>Event_Logger_GetBomComponentByOperation_</Name><X>3184</X><Y>2200</Y><Width>104</Width><SpacingWidth>0</SpacingWidth><DescendantWidth>0</DescendantWidth><Height>72</Height></GUILayoutItem><GUILayoutItem><Name>Sequence_37</Name><X>1088</X><Y>2728</Y><Width>120</Width><SpacingWidth>840</SpacingWidth><DescendantWidth>840</DescendantWidth><Height>96</Height></GUILayoutItem><GUILayoutItem><Name>CheckLine</Name><X>1096</X><Y>2744</Y><Width>104</Width><SpacingWidth>0</SpacingWidth><DescendantWidth>0</DescendantWidth><Height>72</Height></GUILayoutItem><GUILayoutItem><Name>Sequence_38</Name><X>1016</X><Y>3000</Y><Width>120</Width><SpacingWidth>696</SpacingWidth><DescendantWidth>696</DescendantWidth><Height>96</Height></GUILayoutItem><GUILayoutItem><Name>Sequence_39</Name><X>1448</X><Y>2864</Y><Width>120</Width><SpacingWidth>120</SpacingWidth><DescendantWidth>0</DescendantWidth><Height>96</Height></GUILayoutItem><GUILayoutItem><Name>Head_Or_Block_SFC</Name><X>1456</X><Y>2880</Y><Width>104</Width><SpacingWidth>0</SpacingWidth><DescendantWidth>0</DescendantWidth><Height>72</Height></GUILayoutItem><GUILayoutItem><Name>GetFullSFCFromReducedSFCQuery</Name><X>1024</X><Y>3016</Y><Width>104</Width><SpacingWidth>0</SpacingWidth><DescendantWidth>0</DescendantWidth><Height>72</Height></GUILayoutItem><GUILayoutItem><Name>Sequence_40</Name><X>872</X><Y>3272</Y><Width>120</Width><SpacingWidth>408</SpacingWidth><DescendantWidth>408</DescendantWidth><Height>96</Height></GUILayoutItem><GUILayoutItem><Name>Crank_SFC</Name><X>880</X><Y>3288</Y><Width>104</Width><SpacingWidth>0</SpacingWidth><DescendantWidth>0</DescendantWidth><Height>72</Height></GUILayoutItem><GUILayoutItem><Name>Sequence_41</Name><X>1736</X><Y>2864</Y><Width>120</Width><SpacingWidth>408</SpacingWidth><DescendantWidth>408</DescendantWidth><Height>96</Height></GUILayoutItem><GUILayoutItem><Name>CheckOpenNCQuery</Name><X>1744</X><Y>2880</Y><Width>104</Width><SpacingWidth>0</SpacingWidth><DescendantWidth>0</DescendantWidth><Height>72</Height></GUILayoutItem><GUILayoutItem><Name>Sequence_42</Name><X>1664</X><Y>3000</Y><Width>120</Width><SpacingWidth>264</SpacingWidth><DescendantWidth>264</DescendantWidth><Height>96</Height></GUILayoutItem><GUILayoutItem><Name>CheckOpenNC</Name><X>1672</X><Y>3016</Y><Width>104</Width><SpacingWidth>0</SpacingWidth><DescendantWidth>0</DescendantWidth><Height>72</Height></GUILayoutItem><GUILayoutItem><Name>Call_BAPI_To_Get_More_Details</Name><X>1592</X><Y>3136</Y><Width>120</Width><SpacingWidth>120</SpacingWidth><DescendantWidth>0</DescendantWidth><Height>96</Height></GUILayoutItem><GUILayoutItem><Name>Sequence_44</Name><X>1736</X><Y>3136</Y><Width>120</Width><SpacingWidth>120</SpacingWidth><DescendantWidth>0</DescendantWidth><Height>96</Height></GUILayoutItem><GUILayoutItem><Name>Set_NC_Flag_And_Message_2</Name><X>1744</X><Y>3152</Y><Width>104</Width><SpacingWidth>0</SpacingWidth><DescendantWidth>0</DescendantWidth><Height>72</Height></GUILayoutItem><GUILayoutItem><Name>Sequence_46</Name><X>4184</X><Y>1368</Y><Width>120</Width><SpacingWidth>696</SpacingWidth><DescendantWidth>696</DescendantWidth><Height>96</Height></GUILayoutItem><GUILayoutItem><Name>CheckNcFlag</Name><X>4192</X><Y>1384</Y><Width>104</Width><SpacingWidth>0</SpacingWidth><DescendantWidth>0</DescendantWidth><Height>72</Height></GUILayoutItem><GUILayoutItem><Name>Sequence_47</Name><X>4184</X><Y>1640</Y><Width>120</Width><SpacingWidth>696</SpacingWidth><DescendantWidth>696</DescendantWidth><Height>96</Height></GUILayoutItem><GUILayoutItem><Name>Sequence_48</Name><X>4184</X><Y>1776</Y><Width>120</Width><SpacingWidth>696</SpacingWidth><DescendantWidth>696</DescendantWidth><Height>96</Height></GUILayoutItem><GUILayoutItem><Name>CheckIf_IncidentNumberGenerated</Name><X>4192</X><Y>1792</Y><Width>104</Width><SpacingWidth>0</SpacingWidth><DescendantWidth>0</DescendantWidth><Height>72</Height></GUILayoutItem><GUILayoutItem><Name>Sequence_50</Name><X>4328</X><Y>1912</Y><Width>120</Width><SpacingWidth>120</SpacingWidth><DescendantWidth>0</DescendantWidth><Height>96</Height></GUILayoutItem><GUILayoutItem><Name>Event_Logger_generateIncidentNumberFail</Name><X>4336</X><Y>1928</Y><Width>104</Width><SpacingWidth>0</SpacingWidth><DescendantWidth>0</DescendantWidth><Height>72</Height></GUILayoutItem><GUILayoutItem><Name>Sequence_51</Name><X>4472</X><Y>1912</Y><Width>120</Width><SpacingWidth>120</SpacingWidth><DescendantWidth>120</DescendantWidth><Height>96</Height></GUILayoutItem><GUILayoutItem><Name>Catch_generateIncidentNumberFail</Name><X>4480</X><Y>1928</Y><Width>104</Width><SpacingWidth>0</SpacingWidth><DescendantWidth>0</DescendantWidth><Height>72</Height></GUILayoutItem><GUILayoutItem><Name>Sequence_52</Name><X>4472</X><Y>2048</Y><Width>120</Width><SpacingWidth>120</SpacingWidth><DescendantWidth>0</DescendantWidth><Height>96</Height></GUILayoutItem><GUILayoutItem><Name>Event_Logger_generateIncidentNumberFail_1</Name><X>4480</X><Y>2064</Y><Width>104</Width><SpacingWidth>0</SpacingWidth><DescendantWidth>0</DescendantWidth><Height>72</Height></GUILayoutItem><GUILayoutItem><Name>Sequence_53</Name><X>4040</X><Y>1912</Y><Width>120</Width><SpacingWidth>408</SpacingWidth><DescendantWidth>408</DescendantWidth><Height>96</Height></GUILayoutItem><GUILayoutItem><Name>readOperation</Name><X>4048</X><Y>1928</Y><Width>104</Width><SpacingWidth>0</SpacingWidth><DescendantWidth>0</DescendantWidth><Height>72</Height></GUILayoutItem><GUILayoutItem><Name>Sequence_58</Name><X>4040</X><Y>2048</Y><Width>120</Width><SpacingWidth>408</SpacingWidth><DescendantWidth>408</DescendantWidth><Height>96</Height></GUILayoutItem><GUILayoutItem><Name>Conditional_readOperation</Name><X>4048</X><Y>2064</Y><Width>104</Width><SpacingWidth>0</SpacingWidth><DescendantWidth>0</DescendantWidth><Height>72</Height></GUILayoutItem><GUILayoutItem><Name>Sequence_59</Name><X>3896</X><Y>2184</Y><Width>120</Width><SpacingWidth>120</SpacingWidth><DescendantWidth>120</DescendantWidth><Height>96</Height></GUILayoutItem><GUILayoutItem><Name>Sequence_60</Name><X>4040</X><Y>2184</Y><Width>120</Width><SpacingWidth>120</SpacingWidth><DescendantWidth>0</DescendantWidth><Height>96</Height></GUILayoutItem><GUILayoutItem><Name>Event_Logger_readOperationFail</Name><X>4048</X><Y>2200</Y><Width>104</Width><SpacingWidth>0</SpacingWidth><DescendantWidth>0</DescendantWidth><Height>72</Height></GUILayoutItem><GUILayoutItem><Name>Sequence_62</Name><X>4184</X><Y>2320</Y><Width>120</Width><SpacingWidth>120</SpacingWidth><DescendantWidth>0</DescendantWidth><Height>96</Height></GUILayoutItem><GUILayoutItem><Name>Event_Logger_Catch_readOperationFail</Name><X>4192</X><Y>2336</Y><Width>104</Width><SpacingWidth>0</SpacingWidth><DescendantWidth>0</DescendantWidth><Height>72</Height></GUILayoutItem><GUILayoutItem><Name>Sequence_61</Name><X>4184</X><Y>2184</Y><Width>120</Width><SpacingWidth>120</SpacingWidth><DescendantWidth>120</DescendantWidth><Height>96</Height></GUILayoutItem><GUILayoutItem><Name>Catch_readOperationFail</Name><X>4192</X><Y>2200</Y><Width>104</Width><SpacingWidth>0</SpacingWidth><DescendantWidth>0</DescendantWidth><Height>72</Height></GUILayoutItem><GUILayoutItem><Name>CreateNC</Name><X>3904</X><Y>2200</Y><Width>104</Width><SpacingWidth>0</SpacingWidth><DescendantWidth>0</DescendantWidth><Height>72</Height></GUILayoutItem><GUILayoutItem><Name>Sequence_64</Name><X>3896</X><Y>2456</Y><Width>120</Width><SpacingWidth>120</SpacingWidth><DescendantWidth>0</DescendantWidth><Height>96</Height></GUILayoutItem><GUILayoutItem><Name>Sequence_63</Name><X>3896</X><Y>2320</Y><Width>120</Width><SpacingWidth>120</SpacingWidth><DescendantWidth>120</DescendantWidth><Height>96</Height></GUILayoutItem><GUILayoutItem><Name>Catch_CreateNC</Name><X>3904</X><Y>2336</Y><Width>104</Width><SpacingWidth>0</SpacingWidth><DescendantWidth>0</DescendantWidth><Height>72</Height></GUILayoutItem><GUILayoutItem><Name>Event_Logger_CreateNC_Exception</Name><X>3904</X><Y>2472</Y><Width>104</Width><SpacingWidth>0</SpacingWidth><DescendantWidth>0</DescendantWidth><Height>72</Height></GUILayoutItem><GUILayoutItem><Name>generateIncidentNumber</Name><X>4192</X><Y>1656</Y><Width>104</Width><SpacingWidth>0</SpacingWidth><DescendantWidth>0</DescendantWidth><Height>72</Height></GUILayoutItem><GUILayoutItem><Name>Sequence_8</Name><X>3752</X><Y>1504</Y><Width>120</Width><SpacingWidth>120</SpacingWidth><DescendantWidth>120</DescendantWidth><Height>96</Height></GUILayoutItem><GUILayoutItem><Name>Catch_CheckIfComponentAssembled</Name><X>3760</X><Y>1520</Y><Width>104</Width><SpacingWidth>0</SpacingWidth><DescendantWidth>0</DescendantWidth><Height>72</Height></GUILayoutItem><GUILayoutItem><Name>Sequence_32</Name><X>3752</X><Y>1640</Y><Width>120</Width><SpacingWidth>120</SpacingWidth><DescendantWidth>0</DescendantWidth><Height>96</Height></GUILayoutItem><GUILayoutItem><Name>Event_Logger_CheckIfComponenetAssembledToEngine</Name><X>3760</X><Y>1656</Y><Width>104</Width><SpacingWidth>0</SpacingWidth><DescendantWidth>0</DescendantWidth><Height>72</Height></GUILayoutItem><GUILayoutItem><Name>Sequence_14</Name><X>3608</X><Y>1776</Y><Width>120</Width><SpacingWidth>120</SpacingWidth><DescendantWidth>120</DescendantWidth><Height>96</Height></GUILayoutItem><GUILayoutItem><Name>Catch_Find_Bom_By_SFC_Exception</Name><X>3616</X><Y>1792</Y><Width>104</Width><SpacingWidth>0</SpacingWidth><DescendantWidth>0</DescendantWidth><Height>72</Height></GUILayoutItem><GUILayoutItem><Name>Sequence_45</Name><X>3608</X><Y>1912</Y><Width>120</Width><SpacingWidth>120</SpacingWidth><DescendantWidth>0</DescendantWidth><Height>96</Height></GUILayoutItem><GUILayoutItem><Name>Log_find_BOM_By_SFC_Exception</Name><X>3616</X><Y>1928</Y><Width>104</Width><SpacingWidth>0</SpacingWidth><DescendantWidth>0</DescendantWidth><Height>72</Height></GUILayoutItem><GUILayoutItem><Name>Sequence_19</Name><X>3320</X><Y>2048</Y><Width>120</Width><SpacingWidth>120</SpacingWidth><DescendantWidth>120</DescendantWidth><Height>96</Height></GUILayoutItem><GUILayoutItem><Name>Catch_GetBomComponentByOperation</Name><X>3328</X><Y>2064</Y><Width>104</Width><SpacingWidth>0</SpacingWidth><DescendantWidth>0</DescendantWidth><Height>72</Height></GUILayoutItem><GUILayoutItem><Name>Sequence_24</Name><X>3320</X><Y>2184</Y><Width>120</Width><SpacingWidth>120</SpacingWidth><DescendantWidth>0</DescendantWidth><Height>96</Height></GUILayoutItem><GUILayoutItem><Name>Event_Logger_GetBomComponentByOperation</Name><X>3328</X><Y>2200</Y><Width>104</Width><SpacingWidth>0</SpacingWidth><DescendantWidth>0</DescendantWidth><Height>72</Height></GUILayoutItem><GUILayoutItem><Name>Sequence_13</Name><X>3464</X><Y>1912</Y><Width>120</Width><SpacingWidth>120</SpacingWidth><DescendantWidth>0</DescendantWidth><Height>96</Height></GUILayoutItem><GUILayoutItem><Name>Log_Bom_Not_Found_Error</Name><X>3472</X><Y>1928</Y><Width>104</Width><SpacingWidth>0</SpacingWidth><DescendantWidth>0</DescendantWidth><Height>72</Height></GUILayoutItem><GUILayoutItem><Name>Sequence_26</Name><X>3032</X><Y>2456</Y><Width>120</Width><SpacingWidth>120</SpacingWidth><DescendantWidth>120</DescendantWidth><Height>96</Height></GUILayoutItem><GUILayoutItem><Name>Catch_GetCustomFieldsForMaterial</Name><X>3040</X><Y>2472</Y><Width>104</Width><SpacingWidth>0</SpacingWidth><DescendantWidth>0</DescendantWidth><Height>72</Height></GUILayoutItem><GUILayoutItem><Name>Sequence_28</Name><X>3032</X><Y>2592</Y><Width>120</Width><SpacingWidth>120</SpacingWidth><DescendantWidth>0</DescendantWidth><Height>96</Height></GUILayoutItem><GUILayoutItem><Name>Event_Logger_Get_CustomFieldsForMaterial</Name><X>3040</X><Y>2608</Y><Width>104</Width><SpacingWidth>0</SpacingWidth><DescendantWidth>0</DescendantWidth><Height>72</Height></GUILayoutItem><GUILayoutItem><Name>Sequence_20</Name><X>1304</X><Y>3136</Y><Width>120</Width><SpacingWidth>120</SpacingWidth><DescendantWidth>120</DescendantWidth><Height>96</Height></GUILayoutItem><GUILayoutItem><Name>Catch_GetFullSFCFromReducedSFCQuery_Exception</Name><X>1312</X><Y>3152</Y><Width>104</Width><SpacingWidth>0</SpacingWidth><DescendantWidth>0</DescendantWidth><Height>72</Height></GUILayoutItem><GUILayoutItem><Name>Sequence_27</Name><X>1304</X><Y>3272</Y><Width>120</Width><SpacingWidth>120</SpacingWidth><DescendantWidth>0</DescendantWidth><Height>96</Height></GUILayoutItem><GUILayoutItem><Name>Log_GetFullSFCFromReducedSFCQuery_Exception</Name><X>1312</X><Y>3288</Y><Width>104</Width><SpacingWidth>0</SpacingWidth><DescendantWidth>0</DescendantWidth><Height>72</Height></GUILayoutItem><GUILayoutItem><Name>Sequence_29</Name><X>1880</X><Y>3000</Y><Width>120</Width><SpacingWidth>120</SpacingWidth><DescendantWidth>120</DescendantWidth><Height>96</Height></GUILayoutItem><GUILayoutItem><Name>Catch_Check_Open_Query_Exception</Name><X>1888</X><Y>3016</Y><Width>104</Width><SpacingWidth>0</SpacingWidth><DescendantWidth>0</DescendantWidth><Height>72</Height></GUILayoutItem><GUILayoutItem><Name>Sequence_30</Name><X>1880</X><Y>3136</Y><Width>120</Width><SpacingWidth>120</SpacingWidth><DescendantWidth>0</DescendantWidth><Height>96</Height></GUILayoutItem><GUILayoutItem><Name>Log_CheckOpenNCQuery_Exception</Name><X>1888</X><Y>3152</Y><Width>104</Width><SpacingWidth>0</SpacingWidth><DescendantWidth>0</DescendantWidth><Height>72</Height></GUILayoutItem><GUILayoutItem><Name>Sequence_11</Name><X>2528</X><Y>416</Y><Width>120</Width><SpacingWidth>5160</SpacingWidth><DescendantWidth>5160</DescendantWidth><Height>96</Height></GUILayoutItem><GUILayoutItem><Name>Sequence_33</Name><X>2600</X><Y>8</Y><Width>120</Width><SpacingWidth>5304</SpacingWidth><DescendantWidth>5304</DescendantWidth><Height>96</Height></GUILayoutItem><GUILayoutItem><Name>resolveOperation</Name><X>2536</X><Y>432</Y><Width>104</Width><SpacingWidth>0</SpacingWidth><DescendantWidth>0</DescendantWidth><Height>72</Height></GUILayoutItem><GUILayoutItem><Name>Sequence_34</Name><X>2528</X><Y>280</Y><Width>120</Width><SpacingWidth>5160</SpacingWidth><DescendantWidth>5160</DescendantWidth><Height>96</Height></GUILayoutItem><GUILayoutItem><Name>Assign_Initial_values</Name><X>2536</X><Y>296</Y><Width>104</Width><SpacingWidth>0</SpacingWidth><DescendantWidth>0</DescendantWidth><Height>72</Height></GUILayoutItem><GUILayoutItem><Name>Sequence_65</Name><X>5192</X><Y>280</Y><Width>120</Width><SpacingWidth>120</SpacingWidth><DescendantWidth>0</DescendantWidth><Height>96</Height></GUILayoutItem><GUILayoutItem><Name>Event_Logger_MissingParameters</Name><X>5200</X><Y>296</Y><Width>104</Width><SpacingWidth>0</SpacingWidth><DescendantWidth>0</DescendantWidth><Height>72</Height></GUILayoutItem><GUILayoutItem><Name>Sequence_43</Name><X>2600</X><Y>144</Y><Width>120</Width><SpacingWidth>5304</SpacingWidth><DescendantWidth>5304</DescendantWidth><Height>96</Height></GUILayoutItem><GUILayoutItem><Name>Check_Input_Parameters</Name><X>2608</X><Y>160</Y><Width>104</Width><SpacingWidth>0</SpacingWidth><DescendantWidth>0</DescendantWidth><Height>72</Height></GUILayoutItem><GUILayoutItem><Name>Sequence_1</Name><X>2384</X><Y>688</Y><Width>120</Width><SpacingWidth>4872</SpacingWidth><DescendantWidth>4872</DescendantWidth><Height>96</Height></GUILayoutItem><GUILayoutItem><Name>Sequence_4</Name><X>5048</X><Y>552</Y><Width>120</Width><SpacingWidth>120</SpacingWidth><DescendantWidth>120</DescendantWidth><Height>96</Height></GUILayoutItem><GUILayoutItem><Name>Catch_resolvedOperation_Exception</Name><X>5056</X><Y>568</Y><Width>104</Width><SpacingWidth>0</SpacingWidth><DescendantWidth>0</DescendantWidth><Height>72</Height></GUILayoutItem><GUILayoutItem><Name>Sequence_7</Name><X>5048</X><Y>688</Y><Width>120</Width><SpacingWidth>120</SpacingWidth><DescendantWidth>0</DescendantWidth><Height>96</Height></GUILayoutItem><GUILayoutItem><Name>Log_Resolved_Operation_Exception</Name><X>5056</X><Y>704</Y><Width>104</Width><SpacingWidth>0</SpacingWidth><DescendantWidth>0</DescendantWidth><Height>72</Height></GUILayoutItem><GUILayoutItem><Name>Assign_Resolved_Operation</Name><X>2392</X><Y>704</Y><Width>104</Width><SpacingWidth>0</SpacingWidth><DescendantWidth>0</DescendantWidth><Height>72</Height></GUILayoutItem><GUILayoutItem><Name>Sequence_66</Name><X>2384</X><Y>824</Y><Width>120</Width><SpacingWidth>4872</SpacingWidth><DescendantWidth>4872</DescendantWidth><Height>96</Height></GUILayoutItem><GUILayoutItem><Name>FindOperationCustomDataQry</Name><X>2392</X><Y>840</Y><Width>104</Width><SpacingWidth>0</SpacingWidth><DescendantWidth>0</DescendantWidth><Height>72</Height></GUILayoutItem><GUILayoutItem><Name>Sequence_67</Name><X>2312</X><Y>960</Y><Width>120</Width><SpacingWidth>4728</SpacingWidth><DescendantWidth>4728</DescendantWidth><Height>96</Height></GUILayoutItem><GUILayoutItem><Name>Sequence_68</Name><X>4760</X><Y>960</Y><Width>120</Width><SpacingWidth>120</SpacingWidth><DescendantWidth>120</DescendantWidth><Height>96</Height></GUILayoutItem><GUILayoutItem><Name>Catch_FindOperationCustomDataQry_Exception</Name><X>4768</X><Y>976</Y><Width>104</Width><SpacingWidth>0</SpacingWidth><DescendantWidth>0</DescendantWidth><Height>72</Height></GUILayoutItem><GUILayoutItem><Name>Sequence_69</Name><X>4760</X><Y>1096</Y><Width>120</Width><SpacingWidth>120</SpacingWidth><DescendantWidth>0</DescendantWidth><Height>96</Height></GUILayoutItem><GUILayoutItem><Name>Log_FindOperationCustomDataQry_Exception</Name><X>4768</X><Y>1112</Y><Width>104</Width><SpacingWidth>0</SpacingWidth><DescendantWidth>0</DescendantWidth><Height>72</Height></GUILayoutItem><GUILayoutItem><Name>Assign_Operation_Custom_Data_values</Name><X>2320</X><Y>976</Y><Width>104</Width><SpacingWidth>0</SpacingWidth><DescendantWidth>0</DescendantWidth><Height>72</Height></GUILayoutItem><GUILayoutItem><Name>Sequence_70</Name><X>2312</X><Y>1096</Y><Width>120</Width><SpacingWidth>4728</SpacingWidth><DescendantWidth>4728</DescendantWidth><Height>96</Height></GUILayoutItem><GUILayoutItem><Name>Check_If_3C_Component_Assy_Station</Name><X>2320</X><Y>1112</Y><Width>104</Width><SpacingWidth>0</SpacingWidth><DescendantWidth>0</DescendantWidth><Height>72</Height></GUILayoutItem><GUILayoutItem><Name>Sequence_72</Name><X>4616</X><Y>1232</Y><Width>120</Width><SpacingWidth>120</SpacingWidth><DescendantWidth>0</DescendantWidth><Height>96</Height></GUILayoutItem><GUILayoutItem><Name>Sequence_73</Name><X>2456</X><Y>552</Y><Width>120</Width><SpacingWidth>5016</SpacingWidth><DescendantWidth>5016</DescendantWidth><Height>96</Height></GUILayoutItem><GUILayoutItem><Name>Check_ResolveOperation_Result</Name><X>2464</X><Y>568</Y><Width>104</Width><SpacingWidth>0</SpacingWidth><DescendantWidth>0</DescendantWidth><Height>72</Height></GUILayoutItem><GUILayoutItem><Name>Sequence_74</Name><X>4904</X><Y>688</Y><Width>120</Width><SpacingWidth>120</SpacingWidth><DescendantWidth>0</DescendantWidth><Height>96</Height></GUILayoutItem><GUILayoutItem><Name>Log_Empty_operation_Result</Name><X>4912</X><Y>704</Y><Width>104</Width><SpacingWidth>0</SpacingWidth><DescendantWidth>0</DescendantWidth><Height>72</Height></GUILayoutItem><GUILayoutItem><Name>Sequence_75</Name><X>584</X><Y>2728</Y><Width>120</Width><SpacingWidth>120</SpacingWidth><DescendantWidth>0</DescendantWidth><Height>96</Height></GUILayoutItem><GUILayoutItem><Name>Assign_Material_ERPSrNo</Name><X>592</X><Y>2744</Y><Width>104</Width><SpacingWidth>0</SpacingWidth><DescendantWidth>0</DescendantWidth><Height>72</Height></GUILayoutItem><GUILayoutItem><Name>Sequence_71</Name><X>944</X><Y>3136</Y><Width>120</Width><SpacingWidth>552</SpacingWidth><DescendantWidth>552</DescendantWidth><Height>96</Height></GUILayoutItem><GUILayoutItem><Name>Check_If_Crank_SFC_Found</Name><X>952</X><Y>3152</Y><Width>104</Width><SpacingWidth>0</SpacingWidth><DescendantWidth>0</DescendantWidth><Height>72</Height></GUILayoutItem><GUILayoutItem><Name>Sequence_76</Name><X>1160</X><Y>3272</Y><Width>120</Width><SpacingWidth>120</SpacingWidth><DescendantWidth>0</DescendantWidth><Height>96</Height></GUILayoutItem><GUILayoutItem><Name>Sequence_49</Name><X>2384</X><Y>2728</Y><Width>120</Width><SpacingWidth>840</SpacingWidth><DescendantWidth>840</DescendantWidth><Height>96</Height></GUILayoutItem><GUILayoutItem><Name>Check_NC_Material_Serial_Number</Name><X>2392</X><Y>2744</Y><Width>104</Width><SpacingWidth>0</SpacingWidth><DescendantWidth>0</DescendantWidth><Height>72</Height></GUILayoutItem><GUILayoutItem><Name>Sequence_54</Name><X>2312</X><Y>2864</Y><Width>120</Width><SpacingWidth>696</SpacingWidth><DescendantWidth>696</DescendantWidth><Height>96</Height></GUILayoutItem><GUILayoutItem><Name>Sequence_55</Name><X>872</X><Y>3408</Y><Width>120</Width><SpacingWidth>408</SpacingWidth><DescendantWidth>408</DescendantWidth><Height>96</Height></GUILayoutItem><GUILayoutItem><Name>FindSFCDataQry</Name><X>880</X><Y>3424</Y><Width>104</Width><SpacingWidth>0</SpacingWidth><DescendantWidth>0</DescendantWidth><Height>72</Height></GUILayoutItem><GUILayoutItem><Name>Sequence_57</Name><X>1016</X><Y>3544</Y><Width>120</Width><SpacingWidth>120</SpacingWidth><DescendantWidth>120</DescendantWidth><Height>96</Height></GUILayoutItem><GUILayoutItem><Name>Catch_FindSFCDataQry_Exception</Name><X>1024</X><Y>3560</Y><Width>104</Width><SpacingWidth>0</SpacingWidth><DescendantWidth>0</DescendantWidth><Height>72</Height></GUILayoutItem><GUILayoutItem><Name>Sequence_77</Name><X>1016</X><Y>3680</Y><Width>120</Width><SpacingWidth>120</SpacingWidth><DescendantWidth>0</DescendantWidth><Height>96</Height></GUILayoutItem><GUILayoutItem><Name>Log_FindSFCDataQry_Exception</Name><X>1024</X><Y>3696</Y><Width>104</Width><SpacingWidth>0</SpacingWidth><DescendantWidth>0</DescendantWidth><Height>72</Height></GUILayoutItem><GUILayoutItem><Name>Sequence_56</Name><X>800</X><Y>3544</Y><Width>120</Width><SpacingWidth>264</SpacingWidth><DescendantWidth>264</DescendantWidth><Height>96</Height></GUILayoutItem><GUILayoutItem><Name>Check_If_Material_Found</Name><X>808</X><Y>3560</Y><Width>104</Width><SpacingWidth>0</SpacingWidth><DescendantWidth>0</DescendantWidth><Height>72</Height></GUILayoutItem><GUILayoutItem><Name>Sequence_78</Name><X>728</X><Y>3680</Y><Width>120</Width><SpacingWidth>120</SpacingWidth><DescendantWidth>0</DescendantWidth><Height>96</Height></GUILayoutItem><GUILayoutItem><Name>Sequence_79</Name><X>872</X><Y>3680</Y><Width>120</Width><SpacingWidth>120</SpacingWidth><DescendantWidth>0</DescendantWidth><Height>96</Height></GUILayoutItem><GUILayoutItem><Name>Log_Material_Not_Found_Event</Name><X>880</X><Y>3696</Y><Width>104</Width><SpacingWidth>0</SpacingWidth><DescendantWidth>0</DescendantWidth><Height>72</Height></GUILayoutItem><GUILayoutItem><Name>Get_Crank_material</Name><X>736</X><Y>3696</Y><Width>104</Width><SpacingWidth>0</SpacingWidth><DescendantWidth>0</DescendantWidth><Height>72</Height></GUILayoutItem><GUILayoutItem><Name>Call_BAPI</Name><X>2320</X><Y>2880</Y><Width>104</Width><SpacingWidth>0</SpacingWidth><DescendantWidth>0</DescendantWidth><Height>72</Height></GUILayoutItem><GUILayoutItem><Name>Sequence_81</Name><X>2600</X><Y>3000</Y><Width>120</Width><SpacingWidth>120</SpacingWidth><DescendantWidth>120</DescendantWidth><Height>96</Height></GUILayoutItem><GUILayoutItem><Name>Catch_BAPI_Exception</Name><X>2608</X><Y>3016</Y><Width>104</Width><SpacingWidth>0</SpacingWidth><DescendantWidth>0</DescendantWidth><Height>72</Height></GUILayoutItem><GUILayoutItem><Name>Sequence_82</Name><X>2600</X><Y>3136</Y><Width>120</Width><SpacingWidth>120</SpacingWidth><DescendantWidth>0</DescendantWidth><Height>96</Height></GUILayoutItem><GUILayoutItem><Name>Log_BAPI_Exception</Name><X>2608</X><Y>3152</Y><Width>104</Width><SpacingWidth>0</SpacingWidth><DescendantWidth>0</DescendantWidth><Height>72</Height></GUILayoutItem><GUILayoutItem><Name>Sequence_80</Name><X>2096</X><Y>3136</Y><Width>120</Width><SpacingWidth>264</SpacingWidth><DescendantWidth>264</DescendantWidth><Height>96</Height></GUILayoutItem><GUILayoutItem><Name>Check_For_Validations</Name><X>2104</X><Y>3152</Y><Width>104</Width><SpacingWidth>0</SpacingWidth><DescendantWidth>0</DescendantWidth><Height>72</Height></GUILayoutItem><GUILayoutItem><Name>Sequence_83</Name><X>2024</X><Y>3272</Y><Width>120</Width><SpacingWidth>120</SpacingWidth><DescendantWidth>0</DescendantWidth><Height>96</Height></GUILayoutItem><GUILayoutItem><Name>Sequence_84</Name><X>2168</X><Y>3272</Y><Width>120</Width><SpacingWidth>120</SpacingWidth><DescendantWidth>0</DescendantWidth><Height>96</Height></GUILayoutItem><GUILayoutItem><Name>Set_NC_Flag_And_Message</Name><X>2176</X><Y>3288</Y><Width>104</Width><SpacingWidth>0</SpacingWidth><DescendantWidth>0</DescendantWidth><Height>72</Height></GUILayoutItem><GUILayoutItem><Name>Sequence_85</Name><X>1016</X><Y>2864</Y><Width>120</Width><SpacingWidth>696</SpacingWidth><DescendantWidth>696</DescendantWidth><Height>96</Height></GUILayoutItem><GUILayoutItem><Name>Reset_Material_Value</Name><X>1024</X><Y>2880</Y><Width>104</Width><SpacingWidth>0</SpacingWidth><DescendantWidth>0</DescendantWidth><Height>72</Height></GUILayoutItem><GUILayoutItem><Name>Sequence_86</Name><X>1736</X><Y>2728</Y><Width>120</Width><SpacingWidth>408</SpacingWidth><DescendantWidth>408</DescendantWidth><Height>96</Height></GUILayoutItem><GUILayoutItem><Name>Check_Component_SFC</Name><X>1744</X><Y>2744</Y><Width>104</Width><SpacingWidth>0</SpacingWidth><DescendantWidth>0</DescendantWidth><Height>72</Height></GUILayoutItem><GUILayoutItem><Name>Sequence_87</Name><X>2744</X><Y>2864</Y><Width>120</Width><SpacingWidth>120</SpacingWidth><DescendantWidth>0</DescendantWidth><Height>96</Height></GUILayoutItem><GUILayoutItem><Name>Log_Empty_Material_OR_Serial_Number_Event</Name><X>2752</X><Y>2880</Y><Width>104</Width><SpacingWidth>0</SpacingWidth><DescendantWidth>0</DescendantWidth><Height>72</Height></GUILayoutItem><GUILayoutItem><Name>Sequence_88</Name><X>440</X><Y>2728</Y><Width>120</Width><SpacingWidth>120</SpacingWidth><DescendantWidth>120</DescendantWidth><Height>96</Height></GUILayoutItem><GUILayoutItem><Name>Check_HD_or_BLK_Line</Name><X>448</X><Y>2744</Y><Width>104</Width><SpacingWidth>0</SpacingWidth><DescendantWidth>0</DescendantWidth><Height>72</Height></GUILayoutItem><GUILayoutItem><Name>Sequence_89</Name><X>8</X><Y>1640</Y><Width>120</Width><SpacingWidth>120</SpacingWidth><DescendantWidth>0</DescendantWidth><Height>96</Height></GUILayoutItem><GUILayoutItem><Name>Sequence_90</Name><X>4184</X><Y>1504</Y><Width>120</Width><SpacingWidth>696</SpacingWidth><DescendantWidth>696</DescendantWidth><Height>96</Height></GUILayoutItem><GUILayoutItem><Name>Assign_NC_Message</Name><X>4192</X><Y>1520</Y><Width>104</Width><SpacingWidth>0</SpacingWidth><DescendantWidth>0</DescendantWidth><Height>72</Height></GUILayoutItem><GUILayoutItem><Name>Sequence_91</Name><X>2240</X><Y>3000</Y><Width>120</Width><SpacingWidth>552</SpacingWidth><DescendantWidth>552</DescendantWidth><Height>96</Height></GUILayoutItem><GUILayoutItem><Name>Location_Check_Enabled</Name><X>2248</X><Y>3016</Y><Width>104</Width><SpacingWidth>0</SpacingWidth><DescendantWidth>0</DescendantWidth><Height>72</Height></GUILayoutItem><GUILayoutItem><Name>Sequence_92</Name><X>2384</X><Y>3136</Y><Width>120</Width><SpacingWidth>264</SpacingWidth><DescendantWidth>264</DescendantWidth><Height>96</Height></GUILayoutItem><GUILayoutItem><Name>Check_For_Validations_1</Name><X>2392</X><Y>3152</Y><Width>104</Width><SpacingWidth>0</SpacingWidth><DescendantWidth>0</DescendantWidth><Height>72</Height></GUILayoutItem><GUILayoutItem><Name>Sequence_93</Name><X>2456</X><Y>3272</Y><Width>120</Width><SpacingWidth>120</SpacingWidth><DescendantWidth>0</DescendantWidth><Height>96</Height></GUILayoutItem><GUILayoutItem><Name>Set_NC_Flag_And_Message_4</Name><X>2464</X><Y>3288</Y><Width>104</Width><SpacingWidth>0</SpacingWidth><DescendantWidth>0</DescendantWidth><Height>72</Height></GUILayoutItem><GUILayoutItem><Name>Sequence_94</Name><X>2312</X><Y>3272</Y><Width>120</Width><SpacingWidth>120</SpacingWidth><DescendantWidth>0</DescendantWidth><Height>96</Height></GUILayoutItem></Layout><Actions><ContextItem><Name>Condition_FindBOM</Name><Description/><MinRange>0</MinRange><MaxRange>0</MaxRange><Value xsi:type="ConditionalAction"><Output>false</Output><InputCount>2</InputCount><LogicalAnd>true</LogicalAnd><Input1>false</Input1><Input2>false</Input2></Value><ReadOnly>false</ReadOnly><AlertXMLAssigned>false</AlertXMLAssigned></ContextItem><ContextItem><Name>Conditional_NoComponent</Name><Description/><MinRange>0</MinRange><MaxRange>0</MaxRange><Value xsi:type="ConditionalAction"><Output>false</Output><InputCount>1</InputCount><LogicalAnd>false</LogicalAnd><Input1>false</Input1></Value><ReadOnly>false</ReadOnly><AlertXMLAssigned>false</AlertXMLAssigned></ContextItem><ContextItem><Name>GetCustomFieldsForMaterial</Name><Description/><MinRange>0</MinRange><MaxRange>0</MaxRange><Value xsi:type="IlluminatorSQLQueryObject"><Format>text/xml</Format><Timeout>60</Timeout><QueryTemplate>3CComponent/QueryTemplates/GetCustomFieldsForMaterialQry</QueryTemplate><Results><ReferenceDocumentSource/>&lt;?xml version="1.0" encoding="UTF-8"?&gt;&lt;Rowsets CachedTime="" DateCreated="2018-12-26T11:30:36" EndDate="2018-12-26T11:30:36" StartDate="2018-12-26T10:30:36" Version="15.1 SP5 Patch 15 (03-May-2018)"&gt;&lt;Rowset&gt;&lt;Columns&gt;&lt;Column Description="RULE" MaxRange="1" MinRange="0" Name="RULE" SQLDataType="-9" SourceColumn="RULE"/&gt;&lt;Column Description="VALUE" MaxRange="1" MinRange="0" Name="VALUE" SQLDataType="-9" SourceColumn="VALUE"/&gt;&lt;/Columns&gt;&lt;/Rowset&gt;&lt;/Rowsets&gt;</Results><TagList/><QueryEndDate>2018-11-14T10:18:16</QueryEndDate><QueryStartDate>2018-11-14T10:18:16</QueryStartDate><SQLTransaction/><ResultsAsString/><QueryParameters/></Value><SchemaURI/><SchemaElement/><ValidateXMLOnExecution>1</ValidateXMLOnExecution><ReadOnly>false</ReadOnly><AlertXMLAssigned>false</AlertXMLAssigned></ContextItem><ContextItem><Name>Assign_ComponentRef</Name><Description/><MinRange>0</MinRange><MaxRange>0</MaxRange><Value xsi:type="Assignment"/><ReadOnly>false</ReadOnly><AlertXMLAssigned>false</AlertXMLAssigned></ContextItem><ContextItem><Name>AssignRule</Name><Description/><MinRange>0</MinRange><MaxRange>0</MaxRange><Value xsi:type="Assignment"/><ReadOnly>false</ReadOnly><AlertXMLAssigned>false</AlertXMLAssigned></ContextItem><ContextItem><Name>String_List_To_XML_Parser_0</Name><Description/><MinRange>0</MinRange><MaxRange>0</MaxRange><Value xsi:type="StringListToXmlConverter"><Input/><TrimWhitespace>false</TrimWhitespace><Delimiter>,</Delimiter><StripQuotes>true</StripQuotes></Value><ReadOnly>false</ReadOnly><AlertXMLAssigned>false</AlertXMLAssigned></ContextItem><ContextItem><Name>Repeat_On_ERP_Serial_Number_Calculation_Rules</Name><Description/><MinRange>0</MinRange><MaxRange>0</MaxRange><Value xsi:type="RepeaterAction"><Output><ReferenceDocumentSource/></Output><Break>false</Break><ItemCount>0</ItemCount><CurrentItem>0</CurrentItem><Source>#String_List_To_XML_Parser_0.Output#{/Rowsets/Rowset/Row}</Source><Item><ReferenceDocumentSource/></Item></Value><SchemaURI/><SchemaElement/><ValidateXMLOnExecution>1</ValidateXMLOnExecution><SchemaURI/><SchemaElement/><ValidateXMLOnExecution>1</ValidateXMLOnExecution><ReadOnly>false</ReadOnly><AlertXMLAssigned>false</AlertXMLAssigned></ContextItem><ContextItem><Name>Assignment_ERP_Serial_Number</Name><Description/><MinRange>0</MinRange><MaxRange>0</MaxRange><Value xsi:type="Assignment"/><ReadOnly>false</ReadOnly><AlertXMLAssigned>false</AlertXMLAssigned></ContextItem><ContextItem><Name>String_List_To_XML_Parser_1</Name><Description/><MinRange>0</MinRange><MaxRange>0</MaxRange><Value xsi:type="StringListToXmlConverter"><Input/><TrimWhitespace>false</TrimWhitespace><Delimiter>,</Delimiter><StripQuotes>true</StripQuotes></Value><ReadOnly>false</ReadOnly><AlertXMLAssigned>false</AlertXMLAssigned></ContextItem><ContextItem><Name>Repeat_On_Material_Calculation_Rules</Name><Description/><MinRange>0</MinRange><MaxRange>0</MaxRange><Value xsi:type="RepeaterAction"><Output><ReferenceDocumentSource/>&lt;?xml version="1.0" encoding="UTF-8"?&gt;&lt;Row&gt;&#13;
            &lt;Item&gt;XXX&lt;/Item&gt;&#13;
        &lt;/Row&gt;</Output><Break>false</Break><ItemCount>0</ItemCount><CurrentItem>0</CurrentItem><Source>String_List_To_XML_Parser_1.Output{/Rowsets/Rowset/Row}</Source><Item><ReferenceDocumentSource/>&lt;?xml version="1.0" encoding="UTF-8"?&gt;&lt;Row&gt;&#13;
            &lt;Item&gt;XXX&lt;/Item&gt;&#13;
        &lt;/Row&gt;</Item></Value><SchemaURI/><SchemaElement/><ValidateXMLOnExecution>1</ValidateXMLOnExecution><SchemaURI/><SchemaElement/><ValidateXMLOnExecution>1</ValidateXMLOnExecution><ReadOnly>false</ReadOnly><AlertXMLAssigned>false</AlertXMLAssigned></ContextItem><ContextItem><Name>Assignment_Material_Serial_Number</Name><Description/><MinRange>0</MinRange><MaxRange>0</MaxRange><Value xsi:type="Assignment"/><ReadOnly>false</ReadOnly><AlertXMLAssigned>false</AlertXMLAssigned></ContextItem><ContextItem><Name>FindBOMBySFC</Name><Description/><MinRange>0</MinRange><MaxRange>0</MaxRange><Value xsi:type="IlluminatorSQLQueryObject"><Format>text/xml</Format><Timeout>60</Timeout><QueryTemplate>3CComponent/QueryTemplates/FindBomBySFCQry</QueryTemplate><Results><ReferenceDocumentSource/>&lt;?xml version="1.0" encoding="UTF-8"?&gt;&lt;Rowsets CachedTime="" DateCreated="2018-12-26T10:52:54" EndDate="2018-12-26T10:52:54" StartDate="2018-12-26T09:52:54" Version="15.1 SP5 Patch 15 (03-May-2018)"&gt;&lt;Rowset&gt;&lt;Columns&gt;&lt;Column Description="HANDLE" MaxRange="1" MinRange="0" Name="HANDLE" SQLDataType="-9" SourceColumn="HANDLE"/&gt;&lt;Column Description="CHANGE_STAMP" MaxRange="1" MinRange="0" Name="CHANGE_STAMP" SQLDataType="2" SourceColumn="CHANGE_STAMP"/&gt;&lt;Column Description="SFC_BO" MaxRange="1" MinRange="0" Name="SFC_BO" SQLDataType="-9" SourceColumn="SFC_BO"/&gt;&lt;Column Description="BOM_BO" MaxRange="1" MinRange="0" Name="BOM_BO" SQLDataType="-9" SourceColumn="BOM_BO"/&gt;&lt;Column Description="PREV_SITE" MaxRange="1" MinRange="0" Name="PREV_SITE" SQLDataType="-9" SourceColumn="PREV_SITE"/&gt;&lt;Column Description="ORIGINAL_TRANSFER_KEY" MaxRange="1" MinRange="0" Name="ORIGINAL_TRANSFER_KEY" SQLDataType="-9" SourceColumn="ORIGINAL_TRANSFER_KEY"/&gt;&lt;Column Description="MODIFIED_DATE_TIME" MaxRange="1" MinRange="0" Name="MODIFIED_DATE_TIME" SQLDataType="93" SourceColumn="MODIFIED_DATE_TIME"/&gt;&lt;Column Description="CREATED_DATE_TIME" MaxRange="1" MinRange="0" Name="CREATED_DATE_TIME" SQLDataType="93" SourceColumn="CREATED_DATE_TIME"/&gt;&lt;Column Description="PARTITION_DATE" MaxRange="1" MinRange="0" Name="PARTITION_DATE" SQLDataType="93" SourceColumn="PARTITION_DATE"/&gt;&lt;/Columns&gt;&lt;Row&gt;&lt;HANDLE&gt;SFCBOMBO:SFCBO:1020,180103Z0004306PTA&lt;/HANDLE&gt;&lt;CHANGE_STAMP&gt;0&lt;/CHANGE_STAMP&gt;&lt;SFC_BO&gt;SFCBO:1020,180103Z0004306PTA&lt;/SFC_BO&gt;&lt;BOM_BO&gt;BOMBO:1020,1014246-J6P36L084BA-1-NAN,H,A-1&lt;/BOM_BO&gt;&lt;PREV_SITE&gt;---&lt;/PREV_SITE&gt;&lt;ORIGINAL_TRANSFER_KEY&gt;---&lt;/ORIGINAL_TRANSFER_KEY&gt;&lt;MODIFIED_DATE_TIME&gt;TimeUnavailable&lt;/MODIFIED_DATE_TIME&gt;&lt;CREATED_DATE_TIME&gt;TimeUnavailable&lt;/CREATED_DATE_TIME&gt;&lt;PARTITION_DATE&gt;2018-01-03T09:40:30&lt;/PARTITION_DATE&gt;&lt;/Row&gt;&lt;/Rowset&gt;&lt;/Rowsets&gt;</Results><TagList/><QueryEndDate>2018-11-15T09:37:05</QueryEndDate><QueryStartDate>2018-11-15T09:37:05</QueryStartDate><SQLTransaction/><ResultsAsString/><QueryParameters/></Value><SchemaURI/><SchemaElement/><ValidateXMLOnExecution>1</ValidateXMLOnExecution><ReadOnly>false</ReadOnly><AlertXMLAssigned>false</AlertXMLAssigned></ContextItem><ContextItem><Name>GetBomComponentByOperation</Name><Description/><MinRange>0</MinRange><MaxRange>0</MaxRange><Value xsi:type="IlluminatorSQLQueryObject"><Format>text/xml</Format><Timeout>60</Timeout><QueryTemplate>3CComponent/QueryTemplates/FindBomComponentByOperationQry</QueryTemplate><Results><ReferenceDocumentSource/>&lt;?xml version="1.0" encoding="UTF-8"?&gt;&lt;Rowsets CachedTime="" DateCreated="2018-12-26T11:30:13" EndDate="2018-12-26T11:30:13" StartDate="2018-12-26T10:30:13" Version="15.1 SP5 Patch 15 (03-May-2018)"&gt;&lt;Rowset&gt;&lt;Columns&gt;&lt;Column Description="HANDLE" MaxRange="1" MinRange="0" Name="HANDLE" SQLDataType="-9" SourceColumn="HANDLE"/&gt;&lt;Column Description="ASSY_DATA_TYPE_BO" MaxRange="1" MinRange="0" Name="ASSY_DATA_TYPE_BO" SQLDataType="-9" SourceColumn="ASSY_DATA_TYPE_BO"/&gt;&lt;/Columns&gt;&lt;Row&gt;&lt;HANDLE&gt;ItemBO:1020,J6P36L074AB,A&lt;/HANDLE&gt;&lt;ASSY_DATA_TYPE_BO&gt;DataTypeBO:1020,ASSEMBLY,ERP_SERIAL_NUMBER&lt;/ASSY_DATA_TYPE_BO&gt;&lt;/Row&gt;&lt;/Rowset&gt;&lt;/Rowsets&gt;</Results><TagList/><QueryEndDate>2018-11-15T09:54:19</QueryEndDate><QueryStartDate>2018-11-15T09:54:19</QueryStartDate><SQLTransaction/><ResultsAsString/><QueryParameters/></Value><SchemaURI/><SchemaElement/><ValidateXMLOnExecution>1</ValidateXMLOnExecution><ReadOnly>false</ReadOnly><AlertXMLAssigned>false</AlertXMLAssigned></ContextItem><ContextItem><Name>CheckComponentAssemblyQry</Name><Description/><MinRange>0</MinRange><MaxRange>0</MaxRange><Value xsi:type="IlluminatorSQLQueryObject"><Format>text/xml</Format><Timeout>60</Timeout><QueryTemplate>3CComponent/QueryTemplates/CheckComponentAssemblyQry</QueryTemplate><Results><ReferenceDocumentSource/>&lt;?xml version="1.0" encoding="UTF-8"?&gt;&lt;Rowsets CachedTime="" DateCreated="2019-01-08T07:48:46" EndDate="2019-01-08T07:48:46" StartDate="2019-01-08T06:48:46" Version="15.1 SP5 Patch 15 (03-May-2018)"&gt;&lt;Rowset&gt;&lt;Columns&gt;&lt;Column Description="SFC_BOM_BO" MaxRange="1" MinRange="0" Name="SFC_BOM_BO" SQLDataType="-9" SourceColumn="SFC_BOM_BO"/&gt;&lt;Column Description="SFC_ASSY_BO" MaxRange="1" MinRange="0" Name="SFC_ASSY_BO" SQLDataType="-9" SourceColumn="SFC_ASSY_BO"/&gt;&lt;/Columns&gt;&lt;Row&gt;&lt;SFC_BOM_BO&gt;SFCBOMBO:SFCBO:1020,190120W0454204DTD&lt;/SFC_BOM_BO&gt;&lt;SFC_ASSY_BO&gt;SFCAssyBO:SFCBOMBO:SFCBO:1020,190120W0454204DTD,1,ItemBO:1020,G4D36L074EH,A&lt;/SFC_ASSY_BO&gt;&lt;/Row&gt;&lt;/Rowset&gt;&lt;/Rowsets&gt;</Results><TagList/><QueryEndDate>2018-11-16T12:45:19</QueryEndDate><QueryStartDate>2018-11-16T12:45:19</QueryStartDate><SQLTransaction/><ResultsAsString/><QueryParameters/></Value><SchemaURI/><SchemaElement/><ValidateXMLOnExecution>1</ValidateXMLOnExecution><ReadOnly>false</ReadOnly><AlertXMLAssigned>false</AlertXMLAssigned></ContextItem><ContextItem><Name>CheckIfComponentAssembled</Name><Description/><MinRange>0</MinRange><MaxRange>0</MaxRange><Value xsi:type="ConditionalAction"><Output>false</Output><InputCount>2</InputCount><LogicalAnd>true</LogicalAnd><Input1>false</Input1><Input2>false</Input2></Value><ReadOnly>false</ReadOnly><AlertXMLAssigned>false</AlertXMLAssigned></ContextItem><ContextItem><Name>Set_NC_Flag_And_Message_1</Name><Description/><MinRange>0</MinRange><MaxRange>0</MaxRange><Value xsi:type="Assignment"/><ReadOnly>false</ReadOnly><AlertXMLAssigned>false</AlertXMLAssigned></ContextItem><ContextItem><Name>Conditional_CustomFIeldQry</Name><Description/><MinRange>0</MinRange><MaxRange>0</MaxRange><Value xsi:type="ConditionalAction"><Output>false</Output><InputCount>2</InputCount><LogicalAnd>true</LogicalAnd><Input1>false</Input1><Input2>false</Input2></Value><ReadOnly>false</ReadOnly><AlertXMLAssigned>false</AlertXMLAssigned></ContextItem><ContextItem><Name>Event_Logger_GetCustomFieldsForMaterial</Name><Description/><MinRange>0</MinRange><MaxRange>0</MaxRange><Value xsi:type="EventLogger"><Message/><Source>UserEvent</Source><EventType>ERROR</EventType></Value><ReadOnly>false</ReadOnly><AlertXMLAssigned>false</AlertXMLAssigned></ContextItem><ContextItem><Name>Event_Logger_GetBomComponentByOperation_</Name><Description/><MinRange>0</MinRange><MaxRange>0</MaxRange><Value xsi:type="EventLogger"><Message/><Source>UserEvent</Source><EventType>ERROR</EventType></Value><ReadOnly>false</ReadOnly><AlertXMLAssigned>false</AlertXMLAssigned></ContextItem><ContextItem><Name>CheckLine</Name><Description/><MinRange>0</MinRange><MaxRange>0</MaxRange><Value xsi:type="ConditionalAction"><Output>false</Output><InputCount>1</InputCount><LogicalAnd>false</LogicalAnd><Input1>false</Input1></Value><ReadOnly>false</ReadOnly><AlertXMLAssigned>false</AlertXMLAssigned></ContextItem><ContextItem><Name>Head_Or_Block_SFC</Name><Description/><MinRange>0</MinRange><MaxRange>0</MaxRange><Value xsi:type="Assignment"/><ReadOnly>false</ReadOnly><AlertXMLAssigned>false</AlertXMLAssigned></ContextItem><ContextItem><Name>GetFullSFCFromReducedSFCQuery</Name><Description/><MinRange>0</MinRange><MaxRange>0</MaxRange><Value xsi:type="IlluminatorSQLQueryObject"><Format>text/xml</Format><Timeout>60</Timeout><QueryTemplate>3CComponent/QueryTemplates/GetFullSFCFromReducedSFCQry</QueryTemplate><Results><ReferenceDocumentSource/>&lt;?xml version="1.0" encoding="UTF-8"?&gt;&lt;Rowsets CachedTime="" DateCreated="2019-01-04T10:46:19" EndDate="2019-01-04T10:46:19" StartDate="2019-01-04T09:46:19" Version="15.1 SP5 Patch 15 (03-May-2018)"&gt;&lt;Rowset&gt;&lt;Columns&gt;&lt;Column Description="PARA_CONTEXT_GBO" MaxRange="1" MinRange="0" Name="PARA_CONTEXT_GBO" SQLDataType="-9" SourceColumn="PARA_CONTEXT_GBO"/&gt;&lt;/Columns&gt;&lt;Row&gt;&lt;PARA_CONTEXT_GBO&gt;SFCBO:1020,1801100188AC1&lt;/PARA_CONTEXT_GBO&gt;&lt;/Row&gt;&lt;/Rowset&gt;&lt;/Rowsets&gt;</Results><TagList/><QueryEndDate>2018-11-27T07:09:49</QueryEndDate><QueryStartDate>2018-11-27T07:09:49</QueryStartDate><SQLTransaction/><ResultsAsString/><QueryParameters/></Value><SchemaURI/><SchemaElement/><ValidateXMLOnExecution>1</ValidateXMLOnExecution><ReadOnly>false</ReadOnly><AlertXMLAssigned>false</AlertXMLAssigned></ContextItem><ContextItem><Name>Crank_SFC</Name><Description/><MinRange>0</MinRange><MaxRange>0</MaxRange><Value xsi:type="Assignment"/><ReadOnly>false</ReadOnly><AlertXMLAssigned>false</AlertXMLAssigned></ContextItem><ContextItem><Name>CheckOpenNCQuery</Name><Description/><MinRange>0</MinRange><MaxRange>0</MaxRange><Value xsi:type="IlluminatorSQLQueryObject"><Format>text/xml</Format><Timeout>60</Timeout><QueryTemplate>3CComponent/QueryTemplates/CheckOpenNCQuery</QueryTemplate><Results><ReferenceDocumentSource/>&lt;?xml version="1.0" encoding="UTF-8"?&gt;&lt;Rowsets CachedTime="" DateCreated="2018-12-27T13:15:01" EndDate="2018-12-27T13:15:01" StartDate="2018-12-27T12:15:01" Version="15.1 SP5 Patch 15 (03-May-2018)"&gt;&lt;Rowset&gt;&lt;Columns&gt;&lt;Column Description="NC_CODE_BO" MaxRange="1" MinRange="0" Name="NC_CODE_BO" SQLDataType="-9" SourceColumn="NC_CODE_BO"/&gt;&lt;Column Description="OPERATION_BO" MaxRange="1" MinRange="0" Name="OPERATION_BO" SQLDataType="-9" SourceColumn="OPERATION_BO"/&gt;&lt;Column Description="RESOURCE_BO" MaxRange="1" MinRange="0" Name="RESOURCE_BO" SQLDataType="-9" SourceColumn="RESOURCE_BO"/&gt;&lt;Column Description="HANDLE" MaxRange="1" MinRange="0" Name="HANDLE" SQLDataType="-9" SourceColumn="HANDLE"/&gt;&lt;/Columns&gt;&lt;/Rowset&gt;&lt;/Rowsets&gt;</Results><TagList/><QueryEndDate>2018-11-27T10:21:41</QueryEndDate><QueryStartDate>2018-11-27T10:21:41</QueryStartDate><SQLTransaction/><ResultsAsString/><QueryParameters/></Value><SchemaURI/><SchemaElement/><ValidateXMLOnExecution>1</ValidateXMLOnExecution><ReadOnly>false</ReadOnly><AlertXMLAssigned>false</AlertXMLAssigned></ContextItem><ContextItem><Name>CheckOpenNC</Name><Description/><MinRange>0</MinRange><MaxRange>0</MaxRange><Value xsi:type="ConditionalAction"><Output>false</Output><InputCount>1</InputCount><LogicalAnd>false</LogicalAnd><Input1>false</Input1></Value><ReadOnly>false</ReadOnly><AlertXMLAssigned>false</AlertXMLAssigned></ContextItem><ContextItem><Name>Set_NC_Flag_And_Message_2</Name><Description/><MinRange>0</MinRange><MaxRange>0</MaxRange><Value xsi:type="Assignment"/><ReadOnly>false</ReadOnly><AlertXMLAssigned>false</AlertXMLAssigned></ContextItem><ContextItem><Name>CheckNcFlag</Name><Description/><MinRange>0</MinRange><MaxRange>0</MaxRange><Value xsi:type="ConditionalAction"><Output>false</Output><InputCount>1</InputCount><LogicalAnd>false</LogicalAnd><Input1>false</Input1></Value><ReadOnly>false</ReadOnly><AlertXMLAssigned>false</AlertXMLAssigned></ContextItem><ContextItem><Name>CheckIf_IncidentNumberGenerated</Name><Description/><MinRange>0</MinRange><MaxRange>0</MaxRange><Value xsi:type="ConditionalAction"><Output>false</Output><InputCount>2</InputCount><LogicalAnd>true</LogicalAnd><Input1>false</Input1><Input2>false</Input2></Value><ReadOnly>false</ReadOnly><AlertXMLAssigned>false</AlertXMLAssigned></ContextItem><ContextItem><Name>Event_Logger_generateIncidentNumberFail</Name><Description/><MinRange>0</MinRange><MaxRange>0</MaxRange><Value xsi:type="EventLogger"><Message/><Source>UserEvent</Source><EventType>ERROR</EventType></Value><ReadOnly>false</ReadOnly><AlertXMLAssigned>false</AlertXMLAssigned></ContextItem><ContextItem><Name>Catch_generateIncidentNumberFail</Name><Description/><MinRange>0</MinRange><MaxRange>0</MaxRange><Value xsi:type="CatchAction"/><ReadOnly>false</ReadOnly><AlertXMLAssigned>false</AlertXMLAssigned></ContextItem><ContextItem><Name>Event_Logger_generateIncidentNumberFail_1</Name><Description/><MinRange>0</MinRange><MaxRange>0</MaxRange><Value xsi:type="EventLogger"><Message/><Source>UserEvent</Source><EventType>ERROR</EventType></Value><ReadOnly>false</ReadOnly><AlertXMLAssigned>false</AlertXMLAssigned></ContextItem><ContextItem><Name>readOperation</Name><Description/><MinRange>0</MinRange><MaxRange>0</MaxRange><Value xsi:type="SAPMEPAPIInterface"><Request><ReferenceDocumentSource/>&lt;?xml version="1.0" encoding="UTF-8"?&gt;&lt;common:serviceInvocationRequests xmlns:common="http://www.sap.com/me/common" xmlns:ns4="http://www.sap.com/me/document" xmlns:productdefinition="http://www.sap.com/me/productdefinition"&gt;&#13;
  &lt;common:serviceInvocationRequest&gt;&#13;
    &lt;moduleId&gt;com.sap.me.productdefinition&lt;/moduleId&gt;&#13;
    &lt;serviceName&gt;OperationConfigurationService&lt;/serviceName&gt;&#13;
    &lt;methodName&gt;readOperation&lt;/methodName&gt;&#13;
    &lt;requests xmlns:xsi="http://www.w3.org/2001/XMLSchema-instance" xsi:type="common:ObjectReference"&gt;&#13;
      &lt;ref&gt;&#13;
        &lt;reference type=""/&gt;&#13;
      &lt;/ref&gt;&#13;
    &lt;/requests&gt;&#13;
  &lt;/common:serviceInvocationRequest&gt;&#13;
&lt;/common:serviceInvocationRequests&gt;</Request><Response><ReferenceDocumentSource/>&lt;?xml version="1.0" encoding="UTF-8"?&gt;&lt;common:serviceInvocationResponses xmlns:common="http://www.sap.com/me/common" xmlns:ns4="http://www.sap.com/me/document" xmlns:productdefinition="http://www.sap.com/me/productdefinition"&gt;&#13;
  &lt;serviceInvocationResponse&gt;&#13;
    &lt;common:serviceMethodId&gt;com.sap.me.productdefinition$OperationConfigurationService#readOperation&lt;/common:serviceMethodId&gt;&#13;
    &lt;responses xmlns:xsi="http://www.w3.org/2001/XMLSchema-instance" xsi:type="productdefinition:OperationFullConfiguration"&gt;&#13;
      &lt;productdefinition:ref&gt;string value&lt;/productdefinition:ref&gt;&#13;
      &lt;productdefinition:operation&gt;string value&lt;/productdefinition:operation&gt;&#13;
      &lt;common:revision&gt;string value&lt;/common:revision&gt;&#13;
      &lt;common:description&gt;string value&lt;/common:description&gt;&#13;
      &lt;productdefinition:operationType&gt;NORMAL&lt;/productdefinition:operationType&gt;&#13;
      &lt;productdefinition:maxLoop&gt;10&lt;/productdefinition:maxLoop&gt;&#13;
      &lt;productdefinition:reportingStep&gt;string value&lt;/productdefinition:reportingStep&gt;&#13;
      &lt;productdefinition:specialInstruction&gt;string value&lt;/productdefinition:specialInstruction&gt;&#13;
      &lt;productdefinition:requiredTimeInProcess&gt;10&lt;/productdefinition:requiredTimeInProcess&gt;&#13;
      &lt;productdefinition:controlKeyRef&gt;string value&lt;/productdefinition:controlKeyRef&gt;&#13;
      &lt;common:currentRevision&gt;false&lt;/common:currentRevision&gt;&#13;
      &lt;productdefinition:statusRef&gt;string value&lt;/productdefinition:statusRef&gt;&#13;
      &lt;productdefinition:resourceTypeRef&gt;string value&lt;/productdefinition:resourceTypeRef&gt;&#13;
      &lt;productdefinition:defaultResourceRef&gt;string value&lt;/productdefinition:defaultResourceRef&gt;&#13;
      &lt;productdefinition:ncRef&gt;string value&lt;/productdefinition:ncRef&gt;&#13;
      &lt;productdefinition:defaultNCCodeRef&gt;string value&lt;/productdefinition:defaultNCCodeRef&gt;&#13;
      &lt;productdefinition:workCenterRef&gt;string value&lt;/productdefinition:workCenterRef&gt;&#13;
      &lt;productdefinition:reportingCenterRef&gt;string value&lt;/productdefinition:reportingCenterRef&gt;&#13;
      &lt;productdefinition:erpWorkCenterRef&gt;string value&lt;/productdefinition:erpWorkCenterRef&gt;&#13;
      &lt;productdefinition:customData&gt;&#13;
        &lt;name&gt;string value&lt;/name&gt;&#13;
        &lt;value xmlns:xs="http://www.w3.org/2001/XMLSchema" xsi:type="xs:string"&gt;string object value&lt;/value&gt;&#13;
      &lt;/productdefinition:customData&gt;&#13;
      &lt;modifiedDateTime&gt;2014-07-29T08:07:10.918+01:00&lt;/modifiedDateTime&gt;&#13;
    &lt;/responses&gt;&#13;
  &lt;/serviceInvocationResponse&gt;&#13;
&lt;/common:serviceInvocationResponses&gt;</Response><CredentialAlias/><SelectedModule>com.sap.me.productdefinition</SelectedModule><SelectedService>OperationConfigurationService</SelectedService><SelectedMethod>readOperation</SelectedMethod><Site/><MEUser/></Value><SchemaURI/><SchemaElement/><ValidateXMLOnExecution>1</ValidateXMLOnExecution><SchemaURI/><SchemaElement/><ValidateXMLOnExecution>1</ValidateXMLOnExecution><ReadOnly>false</ReadOnly><AlertXMLAssigned>false</AlertXMLAssigned></ContextItem><ContextItem><Name>Conditional_readOperation</Name><Description/><MinRange>0</MinRange><MaxRange>0</MaxRange><Value xsi:type="ConditionalAction"><Output>false</Output><InputCount>2</InputCount><LogicalAnd>true</LogicalAnd><Input1>false</Input1><Input2>false</Input2></Value><ReadOnly>false</ReadOnly><AlertXMLAssigned>false</AlertXMLAssigned></ContextItem><ContextItem><Name>Event_Logger_readOperationFail</Name><Description/><MinRange>0</MinRange><MaxRange>0</MaxRange><Value xsi:type="EventLogger"><Message/><Source>UserEvent</Source><EventType>ERROR</EventType></Value><ReadOnly>false</ReadOnly><AlertXMLAssigned>false</AlertXMLAssigned></ContextItem><ContextItem><Name>Event_Logger_Catch_readOperationFail</Name><Description/><MinRange>0</MinRange><MaxRange>0</MaxRange><Value xsi:type="EventLogger"><Message/><Source>UserEvent</Source><EventType>ERROR</EventType></Value><ReadOnly>false</ReadOnly><AlertXMLAssigned>false</AlertXMLAssigned></ContextItem><ContextItem><Name>Catch_readOperationFail</Name><Description/><MinRange>0</MinRange><MaxRange>0</MaxRange><Value xsi:type="CatchAction"/><ReadOnly>false</ReadOnly><AlertXMLAssigned>false</AlertXMLAssigned></ContextItem><ContextItem><Name>CreateNC</Name><Description/><MinRange>0</MinRange><MaxRange>0</MaxRange><Value xsi:type="SAPMEPAPIInterface"><Request><ReferenceDocumentSource/>&lt;?xml version="1.0" encoding="UTF-8"?&gt;&lt;common:serviceInvocationRequests xmlns:common="http://www.sap.com/me/common" xmlns:nonconformance="http://www.sap.com/me/nonconformance"&gt;&#13;
  &lt;common:serviceInvocationRequest&gt;&#13;
    &lt;moduleId&gt;com.sap.me.nonconformance&lt;/moduleId&gt;&#13;
    &lt;serviceName&gt;NCProductionService&lt;/serviceName&gt;&#13;
    &lt;methodName&gt;createNC&lt;/methodName&gt;&#13;
    &lt;requests xmlns:xsi="http://www.w3.org/2001/XMLSchema-instance" xsi:type="nonconformance:CreateNCRequest"&gt;&#13;
      &lt;nonconformance:ncCodeRef&gt;&#13;
        &lt;reference type="NC_CODE"&gt;&#13;
          &lt;ncCode/&gt;&#13;
        &lt;/reference&gt;&#13;
      &lt;/nonconformance:ncCodeRef&gt;&#13;
      &lt;nonconformance:incidentNumberRef&gt;&#13;
        &lt;reference type="INCIDENT_NUMBER"&gt;&#13;
          &lt;incidentNumber/&gt;&#13;
        &lt;/reference&gt;&#13;
      &lt;/nonconformance:incidentNumberRef&gt;&#13;
      &lt;nonconformance:batchIncidentNum&gt;&#13;
        &lt;!--string value--&gt;&#13;
      &lt;/nonconformance:batchIncidentNum&gt;&#13;
      &lt;nonconformance:assemblyIncidentNum&gt;&#13;
        &lt;!--string value--&gt;&#13;
      &lt;/nonconformance:assemblyIncidentNum&gt;&#13;
      &lt;nonconformance:prodCtx&gt;&#13;
        &lt;nonconformance:stepIdentifier&gt;&#13;
          &lt;nonconformance:operationId&gt;&#13;
            &lt;!--string value--&gt;&#13;
          &lt;/nonconformance:operationId&gt;&#13;
          &lt;nonconformance:stepId&gt;&#13;
            &lt;!--string value--&gt;&#13;
          &lt;/nonconformance:stepId&gt;&#13;
        &lt;/nonconformance:stepIdentifier&gt;&#13;
        &lt;nonconformance:resourceRef&gt;&#13;
          &lt;reference type="RESRCE"&gt;&#13;
            &lt;resource/&gt;&#13;
          &lt;/reference&gt;&#13;
        &lt;/nonconformance:resourceRef&gt;&#13;
        &lt;nonconformance:workCenterRef&gt;&#13;
          &lt;reference type="WORK_CENTER"&gt;&#13;
            &lt;workCenter/&gt;&#13;
          &lt;/reference&gt;&#13;
        &lt;/nonconformance:workCenterRef&gt;&#13;
        &lt;nonconformance:workstationRef&gt;&#13;
          &lt;reference type="WORKSTATION"&gt;&#13;
            &lt;workstation/&gt;&#13;
            &lt;workstationType/&gt;&#13;
          &lt;/reference&gt;&#13;
        &lt;/nonconformance:workstationRef&gt;&#13;
      &lt;/nonconformance:prodCtx&gt;&#13;
      &lt;nonconformance:componentSFCRef&gt;&#13;
        &lt;reference type=""/&gt;&#13;
      &lt;/nonconformance:componentSFCRef&gt;&#13;
      &lt;nonconformance:components&gt;&#13;
        &lt;nonconformance:refDes&gt;&#13;
          &lt;!--string value--&gt;&#13;
        &lt;/nonconformance:refDes&gt;&#13;
        &lt;nonconformance:componentRef&gt;&#13;
          &lt;reference type="ITEM"&gt;&#13;
            &lt;item/&gt;&#13;
            &lt;revision/&gt;&#13;
          &lt;/reference&gt;&#13;
        &lt;/nonconformance:componentRef&gt;&#13;
        &lt;nonconformance:assemblyRefs&gt;&#13;
          &lt;!--string value--&gt;&#13;
        &lt;/nonconformance:assemblyRefs&gt;&#13;
        &lt;nonconformance:removedAssemblyRefs&gt;&#13;
          &lt;!--string value--&gt;&#13;
        &lt;/nonconformance:removedAssemblyRefs&gt;&#13;
      &lt;/nonconformance:components&gt;&#13;
      &lt;nonconformance:inventoryRef&gt;&#13;
        &lt;reference type="INVENTORY"&gt;&#13;
          &lt;inventoryId/&gt;&#13;
        &lt;/reference&gt;&#13;
      &lt;/nonconformance:inventoryRef&gt;&#13;
      &lt;nonconformance:location&gt;&#13;
        &lt;!--string value--&gt;&#13;
      &lt;/nonconformance:location&gt;&#13;
      &lt;nonconformance:failureId&gt;&#13;
        &lt;!--string value--&gt;&#13;
      &lt;/nonconformance:failureId&gt;&#13;
      &lt;nonconformance:defectCount&gt;&#13;
        &lt;!--10--&gt;&#13;
      &lt;/nonconformance:defectCount&gt;&#13;
      &lt;nonconformance:rootCauseOperRef&gt;&#13;
        &lt;reference type=""/&gt;&#13;
      &lt;/nonconformance:rootCauseOperRef&gt;&#13;
      &lt;nonconformance:comments&gt;&#13;
        &lt;!--string value--&gt;&#13;
      &lt;/nonconformance:comments&gt;&#13;
      &lt;nonconformance:incidentDateTime&gt;&#13;
        &lt;!--2014-04-04T12:13:00.349+01:00--&gt;&#13;
      &lt;/nonconformance:incidentDateTime&gt;&#13;
      &lt;nonconformance:dateTime&gt;&#13;
        &lt;!--2014-04-04T12:13:00.346+01:00--&gt;&#13;
      &lt;/nonconformance:dateTime&gt;&#13;
      &lt;nonconformance:customValues&gt;&#13;
        &lt;nonconformance:fieldName&gt;&#13;
          &lt;!--string value--&gt;&#13;
        &lt;/nonconformance:fieldName&gt;&#13;
        &lt;nonconformance:value&gt;&#13;
          &lt;!--string value--&gt;&#13;
        &lt;/nonconformance:value&gt;&#13;
      &lt;/nonconformance:customValues&gt;&#13;
      &lt;nonconformance:activity&gt;&#13;
        &lt;!--string value--&gt;&#13;
      &lt;/nonconformance:activity&gt;&#13;
      &lt;nonconformance:sfcRef&gt;&#13;
        &lt;reference type="SFC"&gt;&#13;
          &lt;sfc/&gt;&#13;
        &lt;/reference&gt;&#13;
      &lt;/nonconformance:sfcRef&gt;&#13;
      &lt;nonconformance:qty&gt;&#13;
        &lt;!--10--&gt;&#13;
      &lt;/nonconformance:qty&gt;&#13;
      &lt;nonconformance:partialSfcQtyAllowed&gt;&#13;
        &lt;!--false--&gt;&#13;
      &lt;/nonconformance:partialSfcQtyAllowed&gt;&#13;
      &lt;nonconformance:parentNCRef&gt;&#13;
        &lt;reference type=""/&gt;&#13;
      &lt;/nonconformance:parentNCRef&gt;&#13;
      &lt;nonconformance:validateNCCodeOperation&gt;&#13;
        &lt;!--false--&gt;&#13;
      &lt;/nonconformance:validateNCCodeOperation&gt;&#13;
      &lt;nonconformance:checkForAssembledComponents&gt;&#13;
        &lt;!--false--&gt;&#13;
      &lt;/nonconformance:checkForAssembledComponents&gt;&#13;
    &lt;/requests&gt;&#13;
  &lt;/common:serviceInvocationRequest&gt;&#13;
&lt;/common:serviceInvocationRequests&gt;</Request><Response><ReferenceDocumentSource/>&lt;?xml version="1.0" encoding="UTF-8"?&gt;&lt;common:serviceInvocationResponses xmlns:common="http://www.sap.com/me/common" xmlns:nonconformance="http://www.sap.com/me/nonconformance"&gt;&#13;
  &lt;serviceInvocationResponse&gt;&#13;
    &lt;common:serviceMethodId&gt;com.sap.me.nonconformance$NCProductionService#createNC&lt;/common:serviceMethodId&gt;&#13;
    &lt;responses xmlns:xsi="http://www.w3.org/2001/XMLSchema-instance" xsi:type="nonconformance:CreateNCResponse"&gt;&#13;
      &lt;nonconformance:ncRef&gt;string value&lt;/nonconformance:ncRef&gt;&#13;
      &lt;nonconformance:batchIncidentNum&gt;string value&lt;/nonconformance:batchIncidentNum&gt;&#13;
      &lt;nonconformance:assemblyIncidentNum&gt;string value&lt;/nonconformance:assemblyIncidentNum&gt;&#13;
      &lt;nonconformance:componentSFCCopies&gt;&#13;
        &lt;nonconformance:sfcRef&gt;string value&lt;/nonconformance:sfcRef&gt;&#13;
      &lt;/nonconformance:componentSFCCopies&gt;&#13;
      &lt;nonconformance:removedAfterComponentSFCCopy&gt;false&lt;/nonconformance:removedAfterComponentSFCCopy&gt;&#13;
      &lt;nonconformance:specialInstructions&gt;string value&lt;/nonconformance:specialInstructions&gt;&#13;
    &lt;/responses&gt;&#13;
  &lt;/serviceInvocationResponse&gt;&#13;
&lt;/common:serviceInvocationResponses&gt;</Response><CredentialAlias/><SelectedModule>com.sap.me.nonconformance</SelectedModule><SelectedService>NCProductionService</SelectedService><SelectedMethod>createNC</SelectedMethod><Site/><MEUser/></Value><SchemaURI/><SchemaElement/><ValidateXMLOnExecution>1</ValidateXMLOnExecution><SchemaURI/><SchemaElement/><ValidateXMLOnExecution>1</ValidateXMLOnExecution><ReadOnly>false</ReadOnly><AlertXMLAssigned>false</AlertXMLAssigned></ContextItem><ContextItem><Name>Catch_CreateNC</Name><Description/><MinRange>0</MinRange><MaxRange>0</MaxRange><Value xsi:type="CatchAction"/><ReadOnly>false</ReadOnly><AlertXMLAssigned>false</AlertXMLAssigned></ContextItem><ContextItem><Name>Event_Logger_CreateNC_Exception</Name><Description/><MinRange>0</MinRange><MaxRange>0</MaxRange><Value xsi:type="EventLogger"><Message/><Source>UserEvent</Source><EventType>ERROR</EventType></Value><ReadOnly>false</ReadOnly><AlertXMLAssigned>false</AlertXMLAssigned></ContextItem><ContextItem><Name>generateIncidentNumber</Name><Description/><MinRange>0</MinRange><MaxRange>0</MaxRange><Value xsi:type="SAPMEPAPIInterface"><Request><ReferenceDocumentSource/>&lt;?xml version="1.0" encoding="UTF-8"?&gt;&lt;common:serviceInvocationRequests xmlns:common="http://www.sap.com/me/common" xmlns:nonconformance="http://www.sap.com/me/nonconformance"&gt;&#13;
  &lt;common:serviceInvocationRequest&gt;&#13;
    &lt;moduleId&gt;com.sap.me.nonconformance&lt;/moduleId&gt;&#13;
    &lt;serviceName&gt;IncidentNumberService&lt;/serviceName&gt;&#13;
    &lt;methodName&gt;generateIncidentNumber&lt;/methodName&gt;&#13;
    &lt;requests xmlns:xsi="http://www.w3.org/2001/XMLSchema-instance" xsi:type="common:VoidType"/&gt;&#13;
  &lt;/common:serviceInvocationRequest&gt;&#13;
&lt;/common:serviceInvocationRequests&gt;</Request><Response><ReferenceDocumentSource/>&lt;?xml version="1.0" encoding="UTF-8"?&gt;&lt;common:serviceInvocationResponses xmlns:common="http://www.sap.com/me/common" xmlns:nonconformance="http://www.sap.com/me/nonconformance"&gt;&#13;
  &lt;serviceInvocationResponse&gt;&#13;
    &lt;common:serviceMethodId&gt;com.sap.me.nonconformance$IncidentNumberService#generateIncidentNumber&lt;/common:serviceMethodId&gt;&#13;
    &lt;responses xmlns:xsi="http://www.w3.org/2001/XMLSchema-instance" xsi:type="nonconformance:IncidentNumberKeyData"&gt;&#13;
      &lt;nonconformance:ref&gt;string value&lt;/nonconformance:ref&gt;&#13;
      &lt;nonconformance:incidentNumber&gt;string value&lt;/nonconformance:incidentNumber&gt;&#13;
    &lt;/responses&gt;&#13;
  &lt;/serviceInvocationResponse&gt;&#13;
&lt;/common:serviceInvocationResponses&gt;</Response><CredentialAlias/><SelectedModule>com.sap.me.nonconformance</SelectedModule><SelectedService>IncidentNumberService</SelectedService><SelectedMethod>generateIncidentNumber</SelectedMethod><Site/><MEUser/></Value><SchemaURI/><SchemaElement/><ValidateXMLOnExecution>1</ValidateXMLOnExecution><SchemaURI/><SchemaElement/><ValidateXMLOnExecution>1</ValidateXMLOnExecution><ReadOnly>false</ReadOnly><AlertXMLAssigned>false</AlertXMLAssigned></ContextItem><ContextItem><Name>Catch_CheckIfComponentAssembled</Name><Description/><MinRange>0</MinRange><MaxRange>0</MaxRange><Value xsi:type="CatchAction"/><ReadOnly>false</ReadOnly><AlertXMLAssigned>false</AlertXMLAssigned></ContextItem><ContextItem><Name>Event_Logger_CheckIfComponenetAssembledToEngine</Name><Description/><MinRange>0</MinRange><MaxRange>0</MaxRange><Value xsi:type="EventLogger"><Message/><Source>UserEvent</Source><EventType>ERROR</EventType></Value><ReadOnly>false</ReadOnly><AlertXMLAssigned>false</AlertXMLAssigned></ContextItem><ContextItem><Name>Catch_Find_Bom_By_SFC_Exception</Name><Description/><MinRange>0</MinRange><MaxRange>0</MaxRange><Value xsi:type="CatchAction"/><ReadOnly>false</ReadOnly><AlertXMLAssigned>false</AlertXMLAssigned></ContextItem><ContextItem><Name>Log_find_BOM_By_SFC_Exception</Name><Description/><MinRange>0</MinRange><MaxRange>0</MaxRange><Value xsi:type="EventLogger"><Message/><Source>UserEvent</Source><EventType>ERROR</EventType></Value><ReadOnly>false</ReadOnly><AlertXMLAssigned>false</AlertXMLAssigned></ContextItem><ContextItem><Name>Catch_GetBomComponentByOperation</Name><Description/><MinRange>0</MinRange><MaxRange>0</MaxRange><Value xsi:type="CatchAction"/><ReadOnly>false</ReadOnly><AlertXMLAssigned>false</AlertXMLAssigned></ContextItem><ContextItem><Name>Event_Logger_GetBomComponentByOperation</Name><Description/><MinRange>0</MinRange><MaxRange>0</MaxRange><Value xsi:type="EventLogger"><Message/><Source>UserEvent</Source><EventType>ERROR</EventType></Value><ReadOnly>false</ReadOnly><AlertXMLAssigned>false</AlertXMLAssigned></ContextItem><ContextItem><Name>Log_Bom_Not_Found_Error</Name><Description/><MinRange>0</MinRange><MaxRange>0</MaxRange><Value xsi:type="EventLogger"><Message/><Source>UserEvent</Source><EventType>ERROR</EventType></Value><ReadOnly>false</ReadOnly><AlertXMLAssigned>false</AlertXMLAssigned></ContextItem><ContextItem><Name>Catch_GetCustomFieldsForMaterial</Name><Description/><MinRange>0</MinRange><MaxRange>0</MaxRange><Value xsi:type="CatchAction"/><ReadOnly>false</ReadOnly><AlertXMLAssigned>false</AlertXMLAssigned></ContextItem><ContextItem><Name>Event_Logger_Get_CustomFieldsForMaterial</Name><Description/><MinRange>0</MinRange><MaxRange>0</MaxRange><Value xsi:type="EventLogger"><Message/><Source>UserEvent</Source><EventType>ERROR</EventType></Value><ReadOnly>false</ReadOnly><AlertXMLAssigned>false</AlertXMLAssigned></ContextItem><ContextItem><Name>Catch_GetFullSFCFromReducedSFCQuery_Exception</Name><Description/><MinRange>0</MinRange><MaxRange>0</MaxRange><Value xsi:type="CatchAction"/><ReadOnly>false</ReadOnly><AlertXMLAssigned>false</AlertXMLAssigned></ContextItem><ContextItem><Name>Log_GetFullSFCFromReducedSFCQuery_Exception</Name><Description/><MinRange>0</MinRange><MaxRange>0</MaxRange><Value xsi:type="EventLogger"><Message/><Source>UserEvent</Source><EventType>ERROR</EventType></Value><ReadOnly>false</ReadOnly><AlertXMLAssigned>false</AlertXMLAssigned></ContextItem><ContextItem><Name>Catch_Check_Open_Query_Exception</Name><Description/><MinRange>0</MinRange><MaxRange>0</MaxRange><Value xsi:type="CatchAction"/><ReadOnly>false</ReadOnly><AlertXMLAssigned>false</AlertXMLAssigned></ContextItem><ContextItem><Name>Log_CheckOpenNCQuery_Exception</Name><Description/><MinRange>0</MinRange><MaxRange>0</MaxRange><Value xsi:type="EventLogger"><Message/><Source>UserEvent</Source><EventType>ERROR</EventType></Value><ReadOnly>false</ReadOnly><AlertXMLAssigned>false</AlertXMLAssigned></ContextItem><ContextItem><Name>resolveOperation</Name><Description/><MinRange>0</MinRange><MaxRange>0</MaxRange><Value xsi:type="SAPMEPAPIInterface"><Request><ReferenceDocumentSource/>&lt;?xml version="1.0" encoding="UTF-8"?&gt;&lt;common:serviceInvocationRequests xmlns:common="http://www.sap.com/me/common" xmlns:document="http://www.sap.com/me/document" xmlns:productdefinition="http://www.sap.com/me/productdefinition"&gt;&#13;
  &lt;common:serviceInvocationRequest&gt;&#13;
    &lt;moduleId&gt;com.sap.me.productdefinition&lt;/moduleId&gt;&#13;
    &lt;serviceName&gt;OperationConfigurationService&lt;/serviceName&gt;&#13;
    &lt;methodName&gt;resolveOperationRef&lt;/methodName&gt;&#13;
    &lt;requests xmlns:xsi="http://www.w3.org/2001/XMLSchema-instance" xsi:type="productdefinition:OperationSearchRequest"&gt;&#13;
      &lt;productdefinition:operation&gt;&#13;
        &lt;!--string value--&gt;&#13;
      &lt;/productdefinition:operation&gt;&#13;
      &lt;common:revision&gt;&#13;
        &lt;!--string value--&gt;&#13;
      &lt;/common:revision&gt;&#13;
    &lt;/requests&gt;&#13;
  &lt;/common:serviceInvocationRequest&gt;&#13;
&lt;/common:serviceInvocationRequests&gt;</Request><Response><ReferenceDocumentSource/>&lt;?xml version="1.0" encoding="UTF-8"?&gt;&lt;common:serviceInvocationResponses xmlns:common="http://www.sap.com/me/common" xmlns:document="http://www.sap.com/me/document" xmlns:productdefinition="http://www.sap.com/me/productdefinition"&gt;&#13;
  &lt;serviceInvocationResponse&gt;&#13;
    &lt;common:serviceMethodId&gt;com.sap.me.productdefinition$OperationConfigurationService#resolveOperationRef&lt;/common:serviceMethodId&gt;&#13;
    &lt;responses xmlns:xsi="http://www.w3.org/2001/XMLSchema-instance" xsi:type="productdefinition:OperationExtendedConfiguration"&gt;&#13;
      &lt;productdefinition:ref&gt;string value&lt;/productdefinition:ref&gt;&#13;
      &lt;productdefinition:operation&gt;string value&lt;/productdefinition:operation&gt;&#13;
      &lt;common:revision&gt;string value&lt;/common:revision&gt;&#13;
      &lt;common:description&gt;string value&lt;/common:description&gt;&#13;
      &lt;productdefinition:operationType&gt;NORMAL&lt;/productdefinition:operationType&gt;&#13;
      &lt;productdefinition:maxLoop&gt;10&lt;/productdefinition:maxLoop&gt;&#13;
      &lt;productdefinition:reportingStep&gt;string value&lt;/productdefinition:reportingStep&gt;&#13;
      &lt;productdefinition:specialInstruction&gt;string value&lt;/productdefinition:specialInstruction&gt;&#13;
      &lt;productdefinition:requiredTimeInProcess&gt;10&lt;/productdefinition:requiredTimeInProcess&gt;&#13;
      &lt;productdefinition:controlKeyRef&gt;@ReferenceType(ERP_CONTROL_KEY)&lt;/productdefinition:controlKeyRef&gt;&#13;
      &lt;common:currentRevision&gt;false&lt;/common:currentRevision&gt;&#13;
      &lt;productdefinition:statusRef&gt;string value&lt;/productdefinition:statusRef&gt;&#13;
    &lt;/responses&gt;&#13;
  &lt;/serviceInvocationResponse&gt;&#13;
&lt;/common:serviceInvocationResponses&gt;</Response><CredentialAlias>SAPMEINT_ME_AUTH</CredentialAlias><SelectedModule>com.sap.me.productdefinition</SelectedModule><SelectedService>OperationConfigurationService</SelectedService><SelectedMethod>resolveOperationRef</SelectedMethod><Site>1020</Site><MEUser/></Value><SchemaURI/><SchemaElement/><ValidateXMLOnExecution>1</ValidateXMLOnExecution><SchemaURI/><SchemaElement/><ValidateXMLOnExecution>1</ValidateXMLOnExecution><ReadOnly>false</ReadOnly><AlertXMLAssigned>false</AlertXMLAssigned></ContextItem><ContextItem><Name>Assign_Initial_values</Name><Description/><MinRange>0</MinRange><MaxRange>0</MaxRange><Value xsi:type="Assignment"/><ReadOnly>false</ReadOnly><AlertXMLAssigned>false</AlertXMLAssigned></ContextItem><ContextItem><Name>Event_Logger_MissingParameters</Name><Description/><MinRange>0</MinRange><MaxRange>0</MaxRange><Value xsi:type="EventLogger"><Message/><Source>UserEvent</Source><EventType>ERROR</EventType></Value><ReadOnly>false</ReadOnly><AlertXMLAssigned>false</AlertXMLAssigned></ContextItem><ContextItem><Name>Check_Input_Parameters</Name><Description/><MinRange>0</MinRange><MaxRange>0</MaxRange><Value xsi:type="ConditionalAction"><Output>false</Output><InputCount>4</InputCount><LogicalAnd>true</LogicalAnd><Input1>false</Input1><Input2>false</Input2><Input3>false</Input3><Input4>false</Input4></Value><ReadOnly>false</ReadOnly><AlertXMLAssigned>false</AlertXMLAssigned></ContextItem><ContextItem><Name>Catch_resolvedOperation_Exception</Name><Description/><MinRange>0</MinRange><MaxRange>0</MaxRange><Value xsi:type="CatchAction"/><ReadOnly>false</ReadOnly><AlertXMLAssigned>false</AlertXMLAssigned></ContextItem><ContextItem><Name>Log_Resolved_Operation_Exception</Name><Description/><MinRange>0</MinRange><MaxRange>0</MaxRange><Value xsi:type="EventLogger"><Message/><Source>UserEvent</Source><EventType>ERROR</EventType></Value><ReadOnly>false</ReadOnly><AlertXMLAssigned>false</AlertXMLAssigned></ContextItem><ContextItem><Name>Assign_Resolved_Operation</Name><Description/><MinRange>0</MinRange><MaxRange>0</MaxRange><Value xsi:type="Assignment"/><ReadOnly>false</ReadOnly><AlertXMLAssigned>false</AlertXMLAssigned></ContextItem><ContextItem><Name>FindOperationCustomDataQry</Name><Description/><MinRange>0</MinRange><MaxRange>0</MaxRange><Value xsi:type="IlluminatorSQLQueryObject"><Format>text/xml</Format><Timeout>60</Timeout><QueryTemplate>3CComponent/QueryTemplates/FindOperationCustomDataQry</QueryTemplate><Results><ReferenceDocumentSource/>&lt;?xml version="1.0" encoding="UTF-8"?&gt;&lt;Rowsets CachedTime="" DateCreated="2018-12-26T14:29:37" EndDate="2018-12-26T14:29:37" StartDate="2018-12-26T13:29:37" Version="15.1 SP5 Patch 15 (03-May-2018)"&gt;&lt;Rowset&gt;&lt;Columns&gt;&lt;Column Description="HANDLE" MaxRange="1" MinRange="0" Name="HANDLE" SQLDataType="-9" SourceColumn="HANDLE"/&gt;&lt;Column Description="ATTRIBUTE" MaxRange="1" MinRange="0" Name="ATTRIBUTE" SQLDataType="-9" SourceColumn="ATTRIBUTE"/&gt;&lt;Column Description="VALUE" MaxRange="1" MinRange="0" Name="VALUE" SQLDataType="-9" SourceColumn="VALUE"/&gt;&lt;Column Description="CREATED_DATE_TIME" MaxRange="1" MinRange="0" Name="CREATED_DATE_TIME" SQLDataType="93" SourceColumn="CREATED_DATE_TIME"/&gt;&lt;Column Description="MODIFIED_DATE_TIME" MaxRange="1" MinRange="0" Name="MODIFIED_DATE_TIME" SQLDataType="93" SourceColumn="MODIFIED_DATE_TIME"/&gt;&lt;/Columns&gt;&lt;Row&gt;&lt;HANDLE&gt;OperationBO:1020,1060-10000980,A&lt;/HANDLE&gt;&lt;ATTRIBUTE&gt;Z_JLR_3C_COMPONENT_ASSY_STN&lt;/ATTRIBUTE&gt;&lt;VALUE&gt;true&lt;/VALUE&gt;&lt;CREATED_DATE_TIME&gt;TimeUnavailable&lt;/CREATED_DATE_TIME&gt;&lt;MODIFIED_DATE_TIME&gt;TimeUnavailable&lt;/MODIFIED_DATE_TIME&gt;&lt;/Row&gt;&lt;Row&gt;&lt;HANDLE&gt;OperationBO:1020,1060-10000980,A&lt;/HANDLE&gt;&lt;ATTRIBUTE&gt;Z_JLR_3C_COMPONENT_NC&lt;/ATTRIBUTE&gt;&lt;VALUE&gt;FAIL_3C_COMP&lt;/VALUE&gt;&lt;CREATED_DATE_TIME&gt;TimeUnavailable&lt;/CREATED_DATE_TIME&gt;&lt;MODIFIED_DATE_TIME&gt;TimeUnavailable&lt;/MODIFIED_DATE_TIME&gt;&lt;/Row&gt;&lt;Row&gt;&lt;HANDLE&gt;OperationBO:1020,1060-10000980,A&lt;/HANDLE&gt;&lt;ATTRIBUTE&gt;Z_JLR_3C_COMPONENT_TYPE&lt;/ATTRIBUTE&gt;&lt;VALUE&gt;Crank&lt;/VALUE&gt;&lt;CREATED_DATE_TIME&gt;TimeUnavailable&lt;/CREATED_DATE_TIME&gt;&lt;MODIFIED_DATE_TIME&gt;TimeUnavailable&lt;/MODIFIED_DATE_TIME&gt;&lt;/Row&gt;&lt;/Rowset&gt;&lt;/Rowsets&gt;</Results><TagList/><QueryEndDate>2018-12-26T14:15:46</QueryEndDate><QueryStartDate>2018-12-26T14:15:46</QueryStartDate><SQLTransaction/><ResultsAsString/><QueryParameters/></Value><SchemaURI/><SchemaElement/><ValidateXMLOnExecution>1</ValidateXMLOnExecution><ReadOnly>false</ReadOnly><AlertXMLAssigned>false</AlertXMLAssigned></ContextItem><ContextItem><Name>Catch_FindOperationCustomDataQry_Exception</Name><Description/><MinRange>0</MinRange><MaxRange>0</MaxRange><Value xsi:type="CatchAction"/><ReadOnly>false</ReadOnly><AlertXMLAssigned>false</AlertXMLAssigned></ContextItem><ContextItem><Name>Log_FindOperationCustomDataQry_Exception</Name><Description/><MinRange>0</MinRange><MaxRange>0</MaxRange><Value xsi:type="EventLogger"><Message/><Source>UserEvent</Source><EventType>ERROR</EventType></Value><ReadOnly>false</ReadOnly><AlertXMLAssigned>false</AlertXMLAssigned></ContextItem><ContextItem><Name>Assign_Operation_Custom_Data_values</Name><Description/><MinRange>0</MinRange><MaxRange>0</MaxRange><Value xsi:type="Assignment"/><ReadOnly>false</ReadOnly><AlertXMLAssigned>false</AlertXMLAssigned></ContextItem><ContextItem><Name>Check_If_3C_Component_Assy_Station</Name><Description/><MinRange>0</MinRange><MaxRange>0</MaxRange><Value xsi:type="ConditionalAction"><Output>false</Output><InputCount>3</InputCount><LogicalAnd>true</LogicalAnd><Input1>false</Input1><Input2>false</Input2><Input3>false</Input3></Value><ReadOnly>false</ReadOnly><AlertXMLAssigned>false</AlertXMLAssigned></ContextItem><ContextItem><Name>Check_ResolveOperation_Result</Name><Description/><MinRange>0</MinRange><MaxRange>0</MaxRange><Value xsi:type="ConditionalAction"><Output>false</Output><InputCount>1</InputCount><LogicalAnd>false</LogicalAnd><Input1>false</Input1></Value><ReadOnly>false</ReadOnly><AlertXMLAssigned>false</AlertXMLAssigned></ContextItem><ContextItem><Name>Log_Empty_operation_Result</Name><Description/><MinRange>0</MinRange><MaxRange>0</MaxRange><Value xsi:type="EventLogger"><Message/><Source>UserEvent</Source><EventType>ERROR</EventType></Value><ReadOnly>false</ReadOnly><AlertXMLAssigned>false</AlertXMLAssigned></ContextItem><ContextItem><Name>Assign_Material_ERPSrNo</Name><Description/><MinRange>0</MinRange><MaxRange>0</MaxRange><Value xsi:type="Assignment"/><ReadOnly>false</ReadOnly><AlertXMLAssigned>false</AlertXMLAssigned></ContextItem><ContextItem><Name>Check_If_Crank_SFC_Found</Name><Description/><MinRange>0</MinRange><MaxRange>0</MaxRange><Value xsi:type="ConditionalAction"><Output>false</Output><InputCount>1</InputCount><LogicalAnd>false</LogicalAnd><Input1>false</Input1></Value><ReadOnly>false</ReadOnly><AlertXMLAssigned>false</AlertXMLAssigned></ContextItem><ContextItem><Name>Check_NC_Material_Serial_Number</Name><Description/><MinRange>0</MinRange><MaxRange>0</MaxRange><Value xsi:type="ConditionalAction"><Output>false</Output><InputCount>1</InputCount><LogicalAnd>false</LogicalAnd><Input1>false</Input1></Value><ReadOnly>false</ReadOnly><AlertXMLAssigned>false</AlertXMLAssigned></ContextItem><ContextItem><Name>FindSFCDataQry</Name><Description/><MinRange>0</MinRange><MaxRange>0</MaxRange><Value xsi:type="IlluminatorSQLQueryObject"><Format>text/xml</Format><Timeout>60</Timeout><QueryTemplate>3CComponent/QueryTemplates/FindSFCDataQry</QueryTemplate><Results><ReferenceDocumentSource/>&lt;?xml version="1.0" encoding="UTF-8"?&gt;&lt;Rowsets CachedTime="" DateCreated="2019-01-10T13:27:15" EndDate="2019-01-10T13:27:15" StartDate="2019-01-10T12:27:15" Version="15.1 SP5 Patch 15 (03-May-2018)"&gt;&lt;Rowset&gt;&lt;Columns&gt;&lt;Column Description="MATERIAL" MaxRange="1" MinRange="0" Name="MATERIAL" SQLDataType="-9" SourceColumn="MATERIAL"/&gt;&lt;/Columns&gt;&lt;Row&gt;&lt;MATERIAL&gt;,H4P36300CC,&lt;/MATERIAL&gt;&lt;/Row&gt;&lt;/Rowset&gt;&lt;/Rowsets&gt;</Results><TagList/><QueryEndDate>2019-01-10T12:30:06</QueryEndDate><QueryStartDate>2019-01-10T12:30:06</QueryStartDate><SQLTransaction/><ResultsAsString/><QueryParameters/></Value><SchemaURI/><SchemaElement/><ValidateXMLOnExecution>1</ValidateXMLOnExecution><ReadOnly>false</ReadOnly><AlertXMLAssigned>false</AlertXMLAssigned></ContextItem><ContextItem><Name>Catch_FindSFCDataQry_Exception</Name><Description/><MinRange>0</MinRange><MaxRange>0</MaxRange><Value xsi:type="CatchAction"/><ReadOnly>false</ReadOnly><AlertXMLAssigned>false</AlertXMLAssigned></ContextItem><ContextItem><Name>Log_FindSFCDataQry_Exception</Name><Description/><MinRange>0</MinRange><MaxRange>0</MaxRange><Value xsi:type="EventLogger"><Message/><Source>UserEvent</Source><EventType>ERROR</EventType></Value><ReadOnly>false</ReadOnly><AlertXMLAssigned>false</AlertXMLAssigned></ContextItem><ContextItem><Name>Check_If_Material_Found</Name><Description/><MinRange>0</MinRange><MaxRange>0</MaxRange><Value xsi:type="ConditionalAction"><Output>false</Output><InputCount>1</InputCount><LogicalAnd>false</LogicalAnd><Input1>false</Input1></Value><ReadOnly>false</ReadOnly><AlertXMLAssigned>false</AlertXMLAssigned></ContextItem><ContextItem><Name>Log_Material_Not_Found_Event</Name><Description/><MinRange>0</MinRange><MaxRange>0</MaxRange><Value xsi:type="EventLogger"><Message/><Source>UserEvent</Source><EventType>ERROR</EventType></Value><ReadOnly>false</ReadOnly><AlertXMLAssigned>false</AlertXMLAssigned></ContextItem><ContextItem><Name>Get_Crank_material</Name><Description/><MinRange>0</MinRange><MaxRange>0</MaxRange><Value xsi:type="Assignment"/><ReadOnly>false</ReadOnly><AlertXMLAssigned>false</AlertXMLAssigned></ContextItem><ContextItem><Name>Call_BAPI</Name><Description/><MinRange>0</MinRange><MaxRange>0</MaxRange><Value xsi:type="SAPJCOInterface"><Request><ReferenceDocumentSource/>&lt;?xml version="1.0" encoding="UTF-8"?&gt;&lt;ZBAPI_SN_READ_EQBS&gt;&lt;INPUT&gt;&lt;LINE/&gt;&lt;MATNR/&gt;&lt;SERNR/&gt;&lt;WERKS/&gt;&lt;/INPUT&gt;&lt;/ZBAPI_SN_READ_EQBS&gt;</Request><Response><ReferenceDocumentSource/>&lt;?xml version="1.0" encoding="UTF-8"?&gt;&lt;ZBAPI_SN_READ_EQBS&gt;&lt;OUTPUT&gt;&lt;GR_STATUS/&gt;&lt;LOC_STATUS/&gt;&lt;STOCK_TYPE_STATUS/&gt;&lt;/OUTPUT&gt;&lt;/ZBAPI_SN_READ_EQBS&gt;</Response><SAPRFC>ZBAPI_SN_READ_EQBS</SAPRFC><ExecuteFunction>true</ExecuteFunction><AutoCommit>false</AutoCommit><ConnPropAlias>xMII_SAP_JCO</ConnPropAlias><CredentialAlias>SAPMEINT_ALE</CredentialAlias><SAPServerName>prs74962.portsmouth.jlrint.com</SAPServerName><SAPClient>123</SAPClient><SAPSystemNumber>00</SAPSystemNumber><SAPUserName/><SAPPassword/><Language>EN</Language><SAPSSO2Ticket/><ConnectionTimeout>0</ConnectionTimeout><PoolConnections>false</PoolConnections><ConnectionPoolSize>25</ConnectionPoolSize><UseLogonGroup>false</UseLogonGroup><LogonGroup/><R3Name/><RecreateFunction>true</RecreateFunction><AllowMultipleRows>true</AllowMultipleRows><IgnoreResponse>false</IgnoreResponse><OverrideLanguage>false</OverrideLanguage><DaysRetention>0</DaysRetention><MaxRetryCount>0</MaxRetryCount><RetryInterval>0</RetryInterval><ProcessingMode>1</ProcessingMode><Filter/><DataBufferComment/><RetryImmediately>false</RetryImmediately></Value><SchemaURI/><SchemaElement/><ValidateXMLOnExecution>1</ValidateXMLOnExecution><SchemaURI/><SchemaElement/><ValidateXMLOnExecution>1</ValidateXMLOnExecution><ReadOnly>false</ReadOnly><AlertXMLAssigned>false</AlertXMLAssigned></ContextItem><ContextItem><Name>Catch_BAPI_Exception</Name><Description/><MinRange>0</MinRange><MaxRange>0</MaxRange><Value xsi:type="CatchAction"/><ReadOnly>false</ReadOnly><AlertXMLAssigned>false</AlertXMLAssigned></ContextItem><ContextItem><Name>Log_BAPI_Exception</Name><Description/><MinRange>0</MinRange><MaxRange>0</MaxRange><Value xsi:type="EventLogger"><Message/><Source>UserEvent</Source><EventType>ERROR</EventType></Value><ReadOnly>false</ReadOnly><AlertXMLAssigned>false</AlertXMLAssigned></ContextItem><ContextItem><Name>Check_For_Validations</Name><Description/><MinRange>0</MinRange><MaxRange>0</MaxRange><Value xsi:type="ConditionalAction"><Output>false</Output><InputCount>3</InputCount><LogicalAnd>true</LogicalAnd><Input1>false</Input1><Input2>false</Input2><Input3>false</Input3></Value><ReadOnly>false</ReadOnly><AlertXMLAssigned>false</AlertXMLAssigned></ContextItem><ContextItem><Name>Set_NC_Flag_And_Message</Name><Description/><MinRange>0</MinRange><MaxRange>0</MaxRange><Value xsi:type="Assignment"/><ReadOnly>false</ReadOnly><AlertXMLAssigned>false</AlertXMLAssigned></ContextItem><ContextItem><Name>Reset_Material_Value</Name><Description/><MinRange>0</MinRange><MaxRange>0</MaxRange><Value xsi:type="Assignment"/><ReadOnly>false</ReadOnly><AlertXMLAssigned>false</AlertXMLAssigned></ContextItem><ContextItem><Name>Check_Component_SFC</Name><Description/><MinRange>0</MinRange><MaxRange>0</MaxRange><Value xsi:type="ConditionalAction"><Output>false</Output><InputCount>1</InputCount><LogicalAnd>false</LogicalAnd><Input1>false</Input1></Value><ReadOnly>false</ReadOnly><AlertXMLAssigned>false</AlertXMLAssigned></ContextItem><ContextItem><Name>Log_Empty_Material_OR_Serial_Number_Event</Name><Description/><MinRange>0</MinRange><MaxRange>0</MaxRange><Value xsi:type="EventLogger"><Message/><Source>UserEvent</Source><EventType>ERROR</EventType></Value><ReadOnly>false</ReadOnly><AlertXMLAssigned>false</AlertXMLAssigned></ContextItem><ContextItem><Name>Check_HD_or_BLK_Line</Name><Description/><MinRange>0</MinRange><MaxRange>0</MaxRange><Value xsi:type="ConditionalAction"><Output>false</Output><InputCount>2</InputCount><LogicalAnd>false</LogicalAnd><Input1>false</Input1><Input2>false</Input2></Value><ReadOnly>false</ReadOnly><AlertXMLAssigned>false</AlertXMLAssigned></ContextItem><ContextItem><Name>Assign_NC_Message</Name><Description/><MinRange>0</MinRange><MaxRange>0</MaxRange><Value xsi:type="Assignment"/><ReadOnly>false</ReadOnly><AlertXMLAssigned>false</AlertXMLAssigned></ContextItem><ContextItem><Name>Location_Check_Enabled</Name><Description/><MinRange>0</MinRange><MaxRange>0</MaxRange><Value xsi:type="ConditionalAction"><Output>false</Output><InputCount>1</InputCount><LogicalAnd>false</LogicalAnd><Input1>false</Input1></Value><ReadOnly>false</ReadOnly><AlertXMLAssigned>false</AlertXMLAssigned></ContextItem><ContextItem><Name>Check_For_Validations_1</Name><Description/><MinRange>0</MinRange><MaxRange>0</MaxRange><Value xsi:type="ConditionalAction"><Output>false</Output><InputCount>2</InputCount><LogicalAnd>true</LogicalAnd><Input1>false</Input1><Input2>false</Input2></Value><ReadOnly>false</ReadOnly><AlertXMLAssigned>false</AlertXMLAssigned></ContextItem><ContextItem><Name>Set_NC_Flag_And_Message_4</Name><Description/><MinRange>0</MinRange><MaxRange>0</MaxRange><Value xsi:type="Assignment"/><ReadOnly>false</ReadOnly><AlertXMLAssigned>false</AlertXMLAssigned></ContextItem></Actions><ReaderRoles>SAP_XMII_Super_Administrator,SAP_XMII_Administrator,SAP_XMII_Developer,SAP_XMII_User</ReaderRoles><Steps><Step xsi:type="ActionSequence"><Name>Sequence_33</Name><Description/><Steps><Step xsi:type="Conditional"><Name>Sequence_43</Name><Description/><Steps><Step xsi:type="ActionSequence"><Name>Sequence_34</Name><Description/><Steps><Step xsi:type="ActionSequence"><Name>Sequence_11</Name><Description/><Steps><Step xsi:type="Conditional"><Name>Sequence_73</Name><Description/><Steps><Step xsi:type="ActionSequence"><Name>Sequence_1</Name><Description/><Steps><Step xsi:type="ActionSequence"><Name>Sequence_66</Name><Description/><Steps><Step xsi:type="ActionSequence"><Name>Sequence_67</Name><Description/><Steps><Step xsi:type="Conditional"><Name>Sequence_70</Name><Description/><Steps><Step xsi:type="ActionSequence"><Name>Sequence</Name><Description/><Steps><Step xsi:type="ActionSequence"><Name>Sequence_0</Name><Description/><Steps><Step xsi:type="Conditional"><Name>Sequence_5</Name><Description/><Steps><Step xsi:type="ActionSequence"><Name>Sequence_89</Name><Description/><Steps/><Actions/></Step><Step xsi:type="ActionSequence"><Name>Sequence_31</Name><Description/><Steps/><Actions><Action><Name>Set_NC_Flag_And_Message_1</Name><Description> </Description><IncomingLinks/><OutgoingLinks><Assign xsi:type="Assign"><Name/><Description/><To>Local.LogNCFlag</To><From>true</From></Assign><Assign xsi:type="Assign"><Name/><Description/><To>Local.duplicateAssemblyMsg</To><From>"Already assembled to Engine -"&amp;stringreplace(CheckComponentAssemblyQry.Results{/Rowsets/Rowset/Row/SFC_BOM_BO},"SFCBOMBO:SFCBO:"&amp;Local.Site&amp;",","")</From></Assign></OutgoingLinks></Action></Actions></Step><Step xsi:type="ActionSequence"><Name>Sequence_3</Name><Description/><Steps><Step xsi:type="Conditional"><Name>Sequence_6</Name><Description/><Steps><Step xsi:type="ActionSequence"><Name>Sequence_16</Name><Description/><Steps><Step xsi:type="Conditional"><Name>Sequence_10</Name><Description/><Steps><Step xsi:type="ActionSequence"><Name>Sequence_2</Name><Description/><Steps><Step xsi:type="ActionSequence"><Name>Sequence_9</Name><Description/><Steps><Step xsi:type="Conditional"><Name>Sequence_35</Name><Description/><Steps><Step xsi:type="ActionSequence"><Name>Sequence_12</Name><Description/><Steps><Step xsi:type="ActionSequence"><Name>Sequence_18</Name><Description/><Steps><Step xsi:type="Repeater"><Name>Sequence_17</Name><Description/><Steps><Step xsi:type="ActionSequence"><Name>Sequence_15</Name><Description/><Steps/><Actions><Action><Name>Assignment_ERP_Serial_Number</Name><Description> </Description><IncomingLinks/><OutgoingLinks><Assign xsi:type="Assign"><Name/><Description/><To>Local.numberlist</To><From>stringtolist(Repeat_On_ERP_Serial_Number_Calculation_Rules.Output{/Row/Item},"-")</From></Assign><Assign xsi:type="Assign"><Name/><Description/><To>Transaction.ERP_Sr_No</To><From>Transaction.ERP_Sr_No&amp;stringpart(Transaction.ComponentSerialNo, Local.numberlist{0}, Local.numberlist{1})</From></Assign></OutgoingLinks></Action></Actions></Step></Steps><Actions><Action><Name>Repeat_On_ERP_Serial_Number_Calculation_Rules</Name><Description> </Description><IncomingLinks/><OutgoingLinks/></Action></Actions></Step></Steps><Actions><Action><Name>String_List_To_XML_Parser_0</Name><Description> </Description><IncomingLinks><Assign xsi:type="Assign"><Name/><Description/><To>String_List_To_XML_Parser_0.Input</To><From>Local.ERP_SR_RULE</From></Assign><Assign xsi:type="Assign"><Name/><Description/><To>String_List_To_XML_Parser_0.Delimiter</To><From>";"</From></Assign></IncomingLinks><OutgoingLinks/></Action></Actions></Step><Step xsi:type="Conditional"><Name>Sequence_88</Name><Description/><Steps><Step xsi:type="ActionSequence"><Name>Sequence_21</Name><Description/><Steps><Step xsi:type="Repeater"><Name>Sequence_22</Name><Description/><Steps><Step xsi:type="ActionSequence"><Name>Sequence_23</Name><Description/><Steps/><Actions><Action><Name>Assignment_Material_Serial_Number</Name><Description> </Description><IncomingLinks/><OutgoingLinks><Assign xsi:type="Assign"><Name/><Description/><To>Local.numberlist</To><From>stringtolist(Repeat_On_Material_Calculation_Rules.Output{/Row/Item},"-")</From></Assign><Assign xsi:type="Assign"><Name/><Description/><To>Transaction.Material</To><From>Transaction.Material&amp;stringpart(Transaction.ComponentSerialNo, Local.numberlist{0}, Local.numberlist{1})</From></Assign></OutgoingLinks></Action></Actions></Step></Steps><Actions><Action><Name>Repeat_On_Material_Calculation_Rules</Name><Description> </Description><IncomingLinks/><OutgoingLinks/></Action></Actions></Step></Steps><Actions><Action><Name>String_List_To_XML_Parser_1</Name><Description> </Description><IncomingLinks><Assign xsi:type="Assign"><Name/><Description/><To>String_List_To_XML_Parser_1.Input</To><From>Local.MAT_CAL_RULE</From></Assign><Assign xsi:type="Assign"><Name/><Description/><To>String_List_To_XML_Parser_1.Delimiter</To><From>";"</From></Assign></IncomingLinks><OutgoingLinks/></Action></Actions></Step></Steps><Actions><Action><Name>Check_HD_or_BLK_Line</Name><Description> </Description><IncomingLinks><Assign xsi:type="Assign"><Name/><Description/><To>Check_HD_or_BLK_Line.Input1</To><From>(stringupper(stringtrim(Local.3C_Component_Type))=="HEAD")</From></Assign><Assign xsi:type="Assign"><Name/><Description/><To>Check_HD_or_BLK_Line.Input2</To><From>stringupper(stringtrim(Local.3C_Component_Type))=="BLOCK"</From></Assign></IncomingLinks><OutgoingLinks/></Action></Actions></Step><Step xsi:type="ActionSequence"><Name>Sequence_75</Name><Description/><Steps/><Actions><Action><Name>Assign_Material_ERPSrNo</Name><Description> </Description><IncomingLinks/><OutgoingLinks><Assign xsi:type="Assign"><Name/><Description/><To>Transaction.Material</To><From>stringtrim(stringreplaceall(Transaction.Material, " ", ""))</From></Assign><Assign xsi:type="Assign"><Name/><Description/><To>Transaction.ERP_Sr_No</To><From>stringreplaceall(Transaction.ERP_Sr_No, " ", "")</From></Assign></OutgoingLinks></Action></Actions></Step><Step xsi:type="Conditional"><Name>Sequence_37</Name><Description/><Steps><Step xsi:type="ActionSequence"><Name>Sequence_85</Name><Description/><Steps><Step xsi:type="ActionSequence"><Name>Sequence_38</Name><Description/><Steps><Step xsi:type="Conditional"><Name>Sequence_71</Name><Description/><Steps><Step xsi:type="ActionSequence"><Name>Sequence_40</Name><Description/><Steps><Step xsi:type="ActionSequence"><Name>Sequence_55</Name><Description/><Steps><Step xsi:type="Conditional"><Name>Sequence_56</Name><Description/><Steps><Step xsi:type="ActionSequence"><Name>Sequence_78</Name><Description/><Steps/><Actions><Action><Name>Get_Crank_material</Name><Description> </Description><IncomingLinks/><OutgoingLinks><Assign xsi:type="Assign"><Name/><Description/><To>Transaction.Material</To><From>stringreplace(FindSFCDataQry.Results{/Rowsets/Rowset/Row/MATERIAL}, ",", "")</From></Assign></OutgoingLinks></Action></Actions></Step><Step xsi:type="ActionSequence"><Name>Sequence_79</Name><Description/><Steps/><Actions><Action><Name>Log_Material_Not_Found_Event</Name><Description> </Description><IncomingLinks><Assign xsi:type="Assign"><Name/><Description/><To>Log_Material_Not_Found_Event.Message</To><From>"Error. "&amp;Local.TrxName&amp;", Check_If_Material_Found, Error Message: Material not found for sfc:"&amp;Local.componentSFC</From></Assign></IncomingLinks><OutgoingLinks/></Action></Actions></Step></Steps><Actions><Action><Name>Check_If_Material_Found</Name><Description> </Description><IncomingLinks><Assign xsi:type="Assign"><Name/><Description/><To>Check_If_Material_Found.Input1</To><From>FindSFCDataQry.Results{/Rowsets/Rowset/Row/MATERIAL}!=""</From></Assign></IncomingLinks><OutgoingLinks/></Action></Actions></Step><Step xsi:type="Catch"><Name>Sequence_57</Name><Description/><Steps><Step xsi:type="ActionSequence"><Name>Sequence_77</Name><Description/><Steps/><Actions><Action><Name>Log_FindSFCDataQry_Exception</Name><Description> </Description><IncomingLinks><Assign xsi:type="Assign"><Name/><Description/><To>Log_FindSFCDataQry_Exception.Message</To><From>"Error. "&amp;Local.TrxName&amp;", FindSFCDataQry, Error Message: "&amp;FindSFCDataQry.LastErrorMessage</From></Assign></IncomingLinks><OutgoingLinks/></Action></Actions></Step></Steps><Actions><Action><Name>Catch_FindSFCDataQry_Exception</Name><Description>Catches an exception</Description><IncomingLinks/><OutgoingLinks/></Action></Actions></Step></Steps><Actions><Action><Name>FindSFCDataQry</Name><Description>SQL Query</Description><IncomingLinks><Assign xsi:type="Assign"><Name/><Description/><To>FindSFCDataQry.Param.1</To><From>Local.componentSFC</From></Assign></IncomingLinks><OutgoingLinks/></Action></Actions></Step></Steps><Actions><Action><Name>Crank_SFC</Name><Description> </Description><IncomingLinks/><OutgoingLinks><Assign xsi:type="Assign"><Name/><Description/><To>Local.componentSFC</To><From>GetFullSFCFromReducedSFCQuery.Results{/Rowsets/Rowset/Row/PARA_CONTEXT_GBO}</From></Assign></OutgoingLinks></Action></Actions></Step><Step xsi:type="ActionSequence"><Name>Sequence_76</Name><Description/><Steps/><Actions/></Step></Steps><Actions><Action><Name>Check_If_Crank_SFC_Found</Name><Description> </Description><IncomingLinks><Assign xsi:type="Assign"><Name/><Description/><To>Check_If_Crank_SFC_Found.Input1</To><From>GetFullSFCFromReducedSFCQuery.Results{/Rowsets/Rowset/Row/PARA_CONTEXT_GBO}!=""</From></Assign></IncomingLinks><OutgoingLinks/></Action></Actions></Step><Step xsi:type="Catch"><Name>Sequence_20</Name><Description/><Steps><Step xsi:type="ActionSequence"><Name>Sequence_27</Name><Description/><Steps/><Actions><Action><Name>Log_GetFullSFCFromReducedSFCQuery_Exception</Name><Description> </Description><IncomingLinks><Assign xsi:type="Assign"><Name/><Description/><To>Log_GetFullSFCFromReducedSFCQuery_Exception.Message</To><From>"Error. "&amp;Local.TrxName&amp;",GetFullSFCFromReducedSFCQuery , Error Message:"&amp;GetFullSFCFromReducedSFCQuery.LastErrorMessage</From></Assign></IncomingLinks><OutgoingLinks/></Action></Actions></Step></Steps><Actions><Action><Name>Catch_GetFullSFCFromReducedSFCQuery_Exception</Name><Description>Catches an exception</Description><IncomingLinks/><OutgoingLinks/></Action></Actions></Step></Steps><Actions><Action><Name>GetFullSFCFromReducedSFCQuery</Name><Description>SQL Query</Description><IncomingLinks><Assign xsi:type="Assign"><Name/><Description/><To>GetFullSFCFromReducedSFCQuery.Param.1</To><From>Transaction.ERP_Sr_No</From></Assign></IncomingLinks><OutgoingLinks/></Action></Actions></Step></Steps><Actions><Action><Name>Reset_Material_Value</Name><Description> </Description><IncomingLinks/><OutgoingLinks><Assign xsi:type="Assign"><Name/><Description/><To>Transaction.Material</To><From>""</From></Assign></OutgoingLinks></Action></Actions></Step><Step xsi:type="ActionSequence"><Name>Sequence_39</Name><Description/><Steps/><Actions><Action><Name>Head_Or_Block_SFC</Name><Description> </Description><IncomingLinks/><OutgoingLinks><Assign xsi:type="Assign"><Name/><Description/><To>Local.componentSFC</To><From>"SFCBO:"&amp;Local.Site&amp;","&amp;Transaction.ComponentSerialNo</From></Assign></OutgoingLinks></Action></Actions></Step></Steps><Actions><Action><Name>CheckLine</Name><Description> </Description><IncomingLinks><Assign xsi:type="Assign"><Name/><Description/><To>CheckLine.Input1</To><From>stringupper(stringtrim(Local.3C_Component_Type))=="CRANK"</From></Assign></IncomingLinks><OutgoingLinks/></Action></Actions></Step><Step xsi:type="Conditional"><Name>Sequence_86</Name><Description/><Steps><Step xsi:type="ActionSequence"><Name>Sequence_41</Name><Description/><Steps><Step xsi:type="Conditional"><Name>Sequence_42</Name><Description/><Steps><Step xsi:type="ActionSequence"><Name>Call_BAPI_To_Get_More_Details</Name><Description/><Steps/><Actions/></Step><Step xsi:type="ActionSequence"><Name>Sequence_44</Name><Description/><Steps/><Actions><Action><Name>Set_NC_Flag_And_Message_2</Name><Description> </Description><IncomingLinks/><OutgoingLinks><Assign xsi:type="Assign"><Name/><Description/><To>Local.LogNCFlag</To><From>true</From></Assign><Assign xsi:type="Assign"><Name/><Description/><To>Local.openNCMsg</To><From>" Open NC"</From></Assign></OutgoingLinks></Action></Actions></Step></Steps><Actions><Action><Name>CheckOpenNC</Name><Description> </Description><IncomingLinks><Assign xsi:type="Assign"><Name/><Description/><To>CheckOpenNC.Input1</To><From>CheckOpenNCQuery.Results{/Rowsets/Rowset/Row/NC_CODE_BO}==""</From></Assign></IncomingLinks><OutgoingLinks/></Action></Actions></Step><Step xsi:type="Catch"><Name>Sequence_29</Name><Description/><Steps><Step xsi:type="ActionSequence"><Name>Sequence_30</Name><Description/><Steps/><Actions><Action><Name>Log_CheckOpenNCQuery_Exception</Name><Description> </Description><IncomingLinks><Assign xsi:type="Assign"><Name/><Description/><To>Log_CheckOpenNCQuery_Exception.Message</To><From>"Error. "&amp;Local.TrxName&amp;", CheckOpenNCQuery, Error Message: "&amp;CheckOpenNCQuery.LastErrorMessage</From></Assign></IncomingLinks><OutgoingLinks/></Action></Actions></Step></Steps><Actions><Action><Name>Catch_Check_Open_Query_Exception</Name><Description>Catches an exception</Description><IncomingLinks/><OutgoingLinks/></Action></Actions></Step></Steps><Actions><Action><Name>CheckOpenNCQuery</Name><Description>SQL Query</Description><IncomingLinks><Assign xsi:type="Assign"><Name/><Description/><To>CheckOpenNCQuery.Param.1</To><From>Local.componentSFC</From></Assign></IncomingLinks><OutgoingLinks/></Action></Actions></Step></Steps><Actions><Action><Name>Check_Component_SFC</Name><Description> </Description><IncomingLinks><Assign xsi:type="Assign"><Name/><Description/><To>Check_Component_SFC.Input1</To><From>Local.componentSFC!=""</From></Assign></IncomingLinks><OutgoingLinks/></Action></Actions></Step><Step xsi:type="Conditional"><Name>Sequence_49</Name><Description/><Steps><Step xsi:type="ActionSequence"><Name>Sequence_54</Name><Description/><Steps><Step xsi:type="Conditional"><Name>Sequence_91</Name><Description/><Steps><Step xsi:type="Conditional"><Name>Sequence_80</Name><Description/><Steps><Step xsi:type="ActionSequence"><Name>Sequence_83</Name><Description/><Steps/><Actions/></Step><Step xsi:type="ActionSequence"><Name>Sequence_84</Name><Description/><Steps/><Actions><Action><Name>Set_NC_Flag_And_Message</Name><Description> </Description><IncomingLinks/><OutgoingLinks><Assign xsi:type="Assign"><Name/><Description/><To>Local.LogNCFlag</To><From>true</From></Assign><Assign xsi:type="Assign"><Name/><Description/><To>Local.GR_Validation_Fail_Msg</To><From>stringif(Call_BAPI.Response{/ZBAPI_SN_READ_EQBS/OUTPUT/GR_STATUS}!="OK", " ECC-No GR","")</From></Assign><Assign xsi:type="Assign"><Name/><Description/><To>Local.Location_Validation_Fail_Msg</To><From>stringif(Call_BAPI.Response{/ZBAPI_SN_READ_EQBS/OUTPUT/LOC_STATUS}!="OK", "ECC-Incorrect Location","")</From></Assign><Assign xsi:type="Assign"><Name/><Description/><To>Local.Stock_Validation_Fail_Msg</To><From>stringif(Call_BAPI.Response{/ZBAPI_SN_READ_EQBS/OUTPUT/STOCK_TYPE_STATUS}!="OK", "ECC-Incorrect Stock Type","")</From></Assign></OutgoingLinks></Action></Actions></Step></Steps><Actions><Action><Name>Check_For_Validations</Name><Description> </Description><IncomingLinks><Assign xsi:type="Assign"><Name/><Description/><To>Check_For_Validations.Input1</To><From>Call_BAPI.Response{/ZBAPI_SN_READ_EQBS/OUTPUT/GR_STATUS}=="OK"</From></Assign><Assign xsi:type="Assign"><Name/><Description/><To>Check_For_Validations.Input2</To><From>Call_BAPI.Response{/ZBAPI_SN_READ_EQBS/OUTPUT/LOC_STATUS}=="OK"</From></Assign><Assign xsi:type="Assign"><Name/><Description/><To>Check_For_Validations.Input3</To><From>Call_BAPI.Response{/ZBAPI_SN_READ_EQBS/OUTPUT/STOCK_TYPE_STATUS}=="OK"</From></Assign></IncomingLinks><OutgoingLinks/></Action></Actions></Step><Step xsi:type="Conditional"><Name>Sequence_92</Name><Description/><Steps><Step xsi:type="ActionSequence"><Name>Sequence_94</Name><Description/><Steps/><Actions/></Step><Step xsi:type="ActionSequence"><Name>Sequence_93</Name><Description/><Steps/><Actions><Action><Name>Set_NC_Flag_And_Message_4</Name><Description> </Description><IncomingLinks/><OutgoingLinks><Assign xsi:type="Assign"><Name/><Description/><To>Local.LogNCFlag</To><From>true</From></Assign><Assign xsi:type="Assign"><Name/><Description/><To>Local.GR_Validation_Fail_Msg</To><From>stringif(Call_BAPI.Response{/ZBAPI_SN_READ_EQBS/OUTPUT/GR_STATUS}!="OK", "ECC-No GR","")</From></Assign><Assign xsi:type="Assign"><Name/><Description/><To>Local.Stock_Validation_Fail_Msg</To><From>stringif(Call_BAPI.Response{/ZBAPI_SN_READ_EQBS/OUTPUT/STOCK_TYPE_STATUS}!="OK", "ECC-Incorrect Stock Type","")</From></Assign></OutgoingLinks></Action></Actions></Step></Steps><Actions><Action><Name>Check_For_Validations_1</Name><Description> </Description><IncomingLinks><Assign xsi:type="Assign"><Name/><Description/><To>Check_For_Validations_1.Input1</To><From>Call_BAPI.Response{/ZBAPI_SN_READ_EQBS/OUTPUT/GR_STATUS}=="OK"</From></Assign><Assign xsi:type="Assign"><Name/><Description/><To>Check_For_Validations_1.Input2</To><From>Call_BAPI.Response{/ZBAPI_SN_READ_EQBS/OUTPUT/STOCK_TYPE_STATUS}=="OK"</From></Assign></IncomingLinks><OutgoingLinks/></Action></Actions></Step></Steps><Actions><Action><Name>Location_Check_Enabled</Name><Description> </Description><IncomingLinks><Assign xsi:type="Assign"><Name/><Description/><To>Location_Check_Enabled.Input1</To><From>stringlower(Local.3C_Location_Check)=="true"</From></Assign></IncomingLinks><OutgoingLinks/></Action></Actions></Step><Step xsi:type="Catch"><Name>Sequence_81</Name><Description/><Steps><Step xsi:type="ActionSequence"><Name>Sequence_82</Name><Description/><Steps/><Actions><Action><Name>Log_BAPI_Exception</Name><Description> </Description><IncomingLinks><Assign xsi:type="Assign"><Name/><Description/><To>Log_BAPI_Exception.Message</To><From>"Error. "&amp;Local.TrxName&amp;",Call_BAPI, Error Message: "&amp;Call_BAPI.LastErrorMessage</From></Assign></IncomingLinks><OutgoingLinks/></Action></Actions></Step></Steps><Actions><Action><Name>Catch_BAPI_Exception</Name><Description>Catches an exception</Description><IncomingLinks/><OutgoingLinks/></Action></Actions></Step></Steps><Actions><Action><Name>Call_BAPI</Name><Description> </Description><IncomingLinks><Assign xsi:type="Assign"><Name/><Description/><To>Call_BAPI.Request{/ZBAPI_SN_READ_EQBS/INPUT/LINE}</To><From>Transaction.line</From></Assign><Assign xsi:type="Assign"><Name/><Description/><To>Call_BAPI.Request{/ZBAPI_SN_READ_EQBS/INPUT/MATNR}</To><From>Transaction.Material</From></Assign><Assign xsi:type="Assign"><Name/><Description/><To>Call_BAPI.Request{/ZBAPI_SN_READ_EQBS/INPUT/SERNR}</To><From>Transaction.ERP_Sr_No</From></Assign><Assign xsi:type="Assign"><Name/><Description/><To>Call_BAPI.Request{/ZBAPI_SN_READ_EQBS/INPUT/WERKS}</To><From>Local.Site</From></Assign></IncomingLinks><OutgoingLinks/></Action></Actions></Step><Step xsi:type="ActionSequence"><Name>Sequence_87</Name><Description/><Steps/><Actions><Action><Name>Log_Empty_Material_OR_Serial_Number_Event</Name><Description> </Description><IncomingLinks><Assign xsi:type="Assign"><Name/><Description/><To>Log_Empty_Material_OR_Serial_Number_Event.Message</To><From>"Error. "&amp;Local.TrxName&amp;", Check_NC_Material_Serial_Number, Error Message: "&amp;stringif(Transaction.Material=="","Material not found for component :"&amp;Transaction.ComponentSerialNo, stringif(Transaction.ERP_Sr_No=="", "ERP Serial not found for component :"&amp;Transaction.ComponentSerialNo,"Already  logged NC against Engine SFC :"&amp;Transaction.SFC))</From></Assign></IncomingLinks><OutgoingLinks/></Action></Actions></Step></Steps><Actions><Action><Name>Check_NC_Material_Serial_Number</Name><Description> </Description><IncomingLinks><Assign xsi:type="Assign"><Name/><Description/><To>Check_NC_Material_Serial_Number.Input1</To><From>(Transaction.Material!="")&amp;&amp;(Transaction.ERP_Sr_No!="")</From></Assign></IncomingLinks><OutgoingLinks/></Action></Actions></Step></Steps><Actions><Action><Name>AssignRule</Name><Description> </Description><IncomingLinks/><OutgoingLinks><Assign xsi:type="Assign"><Name/><Description/><To>Local.ERP_SR_RULE</To><From>stringtrim(GetCustomFieldsForMaterial.Results{/Rowsets/Rowset/Row[ATTRIBUTE='Z_JLR_ERP_SN_RULE']/VALUE})</From></Assign><Assign xsi:type="Assign"><Name/><Description/><To>Local.MAT_CAL_RULE</To><From>stringtrim(GetCustomFieldsForMaterial.Results{/Rowsets/Rowset/Row[ATTRIBUTE='Z_JLR_MATNUM_RULE']/VALUE})</From></Assign></OutgoingLinks></Action></Actions></Step><Step xsi:type="ActionSequence"><Name>Sequence_36</Name><Description/><Steps/><Actions><Action><Name>Event_Logger_GetCustomFieldsForMaterial</Name><Description> </Description><IncomingLinks><Assign xsi:type="Assign"><Name/><Description/><To>Event_Logger_GetCustomFieldsForMaterial.Message</To><From>"Error. "&amp;Local.TrxName&amp;", Conditional_CustomFIeldQry, Error in fetching ERP and Material Rule for Material :"&amp;Local.ComponentRef</From></Assign></IncomingLinks><OutgoingLinks/></Action></Actions></Step></Steps><Actions><Action><Name>Conditional_CustomFIeldQry</Name><Description> </Description><IncomingLinks><Assign xsi:type="Assign"><Name/><Description/><To>Conditional_CustomFIeldQry.Input2</To><From>GetCustomFieldsForMaterial.Results{/Rowsets/Rowset/Row[ATTRIBUTE='Z_JLR_ERP_SN_RULE']/VALUE}!=""</From></Assign><Assign xsi:type="Assign"><Name/><Description/><To>Conditional_CustomFIeldQry.Input1</To><From>GetCustomFieldsForMaterial.Results{/Rowsets/Rowset/Row[ATTRIBUTE='Z_JLR_MATNUM_RULE']/VALUE}!=""</From></Assign></IncomingLinks><OutgoingLinks/></Action></Actions></Step><Step xsi:type="Catch"><Name>Sequence_26</Name><Description/><Steps><Step xsi:type="ActionSequence"><Name>Sequence_28</Name><Description/><Steps/><Actions><Action><Name>Event_Logger_Get_CustomFieldsForMaterial</Name><Description> </Description><IncomingLinks><Assign xsi:type="Assign"><Name/><Description/><To>Event_Logger_Get_CustomFieldsForMaterial.Message</To><From>"Error. "&amp;Local.TrxName&amp;",GetCustomFieldsForMaterial, Error in fetching ERP and Material Rule for material: "&amp;Local.ComponentRef</From></Assign></IncomingLinks><OutgoingLinks/></Action></Actions></Step></Steps><Actions><Action><Name>Catch_GetCustomFieldsForMaterial</Name><Description>Catches an exception</Description><IncomingLinks/><OutgoingLinks/></Action></Actions></Step></Steps><Actions><Action><Name>GetCustomFieldsForMaterial</Name><Description>SQL Query</Description><IncomingLinks><Assign xsi:type="Assign"><Name/><Description/><To>GetCustomFieldsForMaterial.Param.1</To><From>Local.ComponentRef</From></Assign></IncomingLinks><OutgoingLinks/></Action></Actions></Step></Steps><Actions><Action><Name>Assign_ComponentRef</Name><Description> </Description><IncomingLinks/><OutgoingLinks><Assign xsi:type="Assign"><Name/><Description/><To>Local.ComponentRef</To><From>GetBomComponentByOperation.Results{/Rowsets/Rowset/Row/HANDLE}</From></Assign></OutgoingLinks></Action></Actions></Step><Step xsi:type="ActionSequence"><Name>Sequence_25</Name><Description/><Steps/><Actions><Action><Name>Event_Logger_GetBomComponentByOperation_</Name><Description> </Description><IncomingLinks><Assign xsi:type="Assign"><Name/><Description/><To>Event_Logger_GetBomComponentByOperation_.Message</To><From>"Error. "&amp;Local.TrxName&amp;", Conditional_NoComponent,  Error Message: No data component found for operation "&amp;Transaction.Operation&amp;" in BOM:"&amp;FindBOMBySFC.Results{/Rowsets/Rowset/Row/BOM_BO}</From></Assign></IncomingLinks><OutgoingLinks/></Action></Actions></Step></Steps><Actions><Action><Name>Conditional_NoComponent</Name><Description> </Description><IncomingLinks><Assign xsi:type="Assign"><Name/><Description/><To>Conditional_NoComponent.Input1</To><From>GetBomComponentByOperation.Results{count(/Rowsets/Rowset/Row/HANDLE)}&gt;0
</From></Assign></IncomingLinks><OutgoingLinks/></Action></Actions></Step><Step xsi:type="Catch"><Name>Sequence_19</Name><Description/><Steps><Step xsi:type="ActionSequence"><Name>Sequence_24</Name><Description/><Steps/><Actions><Action><Name>Event_Logger_GetBomComponentByOperation</Name><Description> </Description><IncomingLinks><Assign xsi:type="Assign"><Name/><Description/><To>Event_Logger_GetBomComponentByOperation.Message</To><From>"Error. "&amp;Local.TrxName&amp;", GetBomComponentByOperation, Error Message: Error in fetching Component by Operation."</From></Assign></IncomingLinks><OutgoingLinks/></Action></Actions></Step></Steps><Actions><Action><Name>Catch_GetBomComponentByOperation</Name><Description>Catches an exception</Description><IncomingLinks/><OutgoingLinks/></Action></Actions></Step></Steps><Actions><Action><Name>GetBomComponentByOperation</Name><Description>SQL Query</Description><IncomingLinks><Assign xsi:type="Assign"><Name/><Description/><To>GetBomComponentByOperation.Param.1</To><From>FindBOMBySFC.Results{/Rowsets/Rowset/Row/BOM_BO}</From></Assign><Assign xsi:type="Assign"><Name/><Description/><To>GetBomComponentByOperation.Param.2</To><From>Local.OperationRef</From></Assign><Assign xsi:type="Assign"><Name/><Description/><To>GetBomComponentByOperation.Param.3</To><From>"DataTypeBO:"&amp;Local.Site&amp;",ASSEMBLY,ERP_SERIAL_NUMBER"</From></Assign></IncomingLinks><OutgoingLinks/></Action></Actions></Step><Step xsi:type="ActionSequence"><Name>Sequence_13</Name><Description/><Steps/><Actions><Action><Name>Log_Bom_Not_Found_Error</Name><Description> </Description><IncomingLinks><Assign xsi:type="Assign"><Name/><Description/><To>Log_Bom_Not_Found_Error.Message</To><From>"Error. "&amp;Local.TrxName&amp;", Condition_FindBOM, Error Message: No BOM found for SFC :"&amp;Transaction.SFC</From></Assign></IncomingLinks><OutgoingLinks/></Action></Actions></Step></Steps><Actions><Action><Name>Condition_FindBOM</Name><Description> </Description><IncomingLinks><Assign xsi:type="Assign"><Name/><Description/><To>Condition_FindBOM.Input1</To><From>FindBOMBySFC.Success</From></Assign><Assign xsi:type="Assign"><Name/><Description/><To>Condition_FindBOM.Input2</To><From>FindBOMBySFC.Results{/Rowsets/Rowset/Row/BOM_BO}!=""</From></Assign></IncomingLinks><OutgoingLinks/></Action></Actions></Step><Step xsi:type="Catch"><Name>Sequence_14</Name><Description/><Steps><Step xsi:type="ActionSequence"><Name>Sequence_45</Name><Description/><Steps/><Actions><Action><Name>Log_find_BOM_By_SFC_Exception</Name><Description> </Description><IncomingLinks><Assign xsi:type="Assign"><Name/><Description/><To>Log_find_BOM_By_SFC_Exception.Message</To><From>"Error. "&amp;Local.TrxName&amp;", FindBOMBySFC, Exception while calling query - FindBOMBySFC. Error Message: "&amp;FindBOMBySFC.LastErrorMessage</From></Assign></IncomingLinks><OutgoingLinks/></Action></Actions></Step></Steps><Actions><Action><Name>Catch_Find_Bom_By_SFC_Exception</Name><Description>Catches an exception</Description><IncomingLinks/><OutgoingLinks/></Action></Actions></Step></Steps><Actions><Action><Name>FindBOMBySFC</Name><Description>SQL Query</Description><IncomingLinks><Assign xsi:type="Assign"><Name/><Description/><To>FindBOMBySFC.Param.1</To><From>Local.SFCRef</From></Assign></IncomingLinks><OutgoingLinks/></Action></Actions></Step></Steps><Actions><Action><Name>CheckIfComponentAssembled</Name><Description> </Description><IncomingLinks><Assign xsi:type="Assign"><Name/><Description/><To>CheckIfComponentAssembled.Input1</To><From>CheckComponentAssemblyQry.Success</From></Assign><Assign xsi:type="Assign"><Name/><Description/><To>CheckIfComponentAssembled.Input2</To><From>CheckComponentAssemblyQry.Results{/Rowsets/Rowset/Row/SFC_ASSY_BO}==""</From></Assign></IncomingLinks><OutgoingLinks/></Action></Actions></Step><Step xsi:type="Catch"><Name>Sequence_8</Name><Description/><Steps><Step xsi:type="ActionSequence"><Name>Sequence_32</Name><Description/><Steps/><Actions><Action><Name>Event_Logger_CheckIfComponenetAssembledToEngine</Name><Description> </Description><IncomingLinks><Assign xsi:type="Assign"><Name/><Description/><To>Event_Logger_CheckIfComponenetAssembledToEngine.Message</To><From>"Error.  "&amp;Local.TrxName&amp;", CheckComponentAssemblyQry, Exception while calling Query - CheckComponentAssemblyQry. Error Message: "&amp;CheckComponentAssemblyQry.LastErrorMessage</From></Assign></IncomingLinks><OutgoingLinks/></Action></Actions></Step></Steps><Actions><Action><Name>Catch_CheckIfComponentAssembled</Name><Description>Catches an exception</Description><IncomingLinks/><OutgoingLinks/></Action></Actions></Step></Steps><Actions><Action><Name>CheckComponentAssemblyQry</Name><Description>SQL Query</Description><IncomingLinks><Assign xsi:type="Assign"><Name/><Description/><To>CheckComponentAssemblyQry.Param.1</To><From>Transaction.ComponentSerialNo</From></Assign><Assign xsi:type="Assign"><Name/><Description/><To>CheckComponentAssemblyQry.Param.2</To><From>"SFCBOMBO:SFCBO:"&amp;Local.Site&amp;","&amp;Transaction.SFC</From></Assign></IncomingLinks><OutgoingLinks/></Action></Actions></Step><Step xsi:type="Conditional"><Name>Sequence_46</Name><Description/><Steps><Step xsi:type="ActionSequence"><Name>Sequence_90</Name><Description/><Steps><Step xsi:type="ActionSequence"><Name>Sequence_47</Name><Description/><Steps><Step xsi:type="Conditional"><Name>Sequence_48</Name><Description/><Steps><Step xsi:type="ActionSequence"><Name>Sequence_53</Name><Description/><Steps><Step xsi:type="Conditional"><Name>Sequence_58</Name><Description/><Steps><Step xsi:type="ActionSequence"><Name>Sequence_59</Name><Description/><Steps><Step xsi:type="Catch"><Name>Sequence_63</Name><Description/><Steps><Step xsi:type="ActionSequence"><Name>Sequence_64</Name><Description/><Steps/><Actions><Action><Name>Event_Logger_CreateNC_Exception</Name><Description> </Description><IncomingLinks><Assign xsi:type="Assign"><Name/><Description/><To>Event_Logger_CreateNC_Exception.Message</To><From>"Error 40302. "&amp;Local.TrxName&amp;",CreateNC , SFC  - "&amp;Transaction.SFC&amp;"API Message:"&amp;CreateNC.Message&amp;"Catch Message:"&amp;Catch_CreateNC.Message</From></Assign></IncomingLinks><OutgoingLinks/></Action></Actions></Step></Steps><Actions><Action><Name>Catch_CreateNC</Name><Description>Catches an exception</Description><IncomingLinks/><OutgoingLinks/></Action></Actions></Step></Steps><Actions><Action><Name>CreateNC</Name><Description>SAPME PAPI Interface</Description><IncomingLinks><Assign xsi:type="Assign"><Name/><Description/><To>CreateNC.Site</To><From>Local.Site</From></Assign><Assign xsi:type="Assign"><Name/><Description/><To>CreateNC.CredentialAlias</To><From>Local.CredentialAlias</From></Assign><Assign xsi:type="Assign"><Name/><Description/><To>CreateNC.Request{/common:serviceInvocationRequests/common:serviceInvocationRequest/requests/nonconformance:sfcRef}</To><From>"SFCBO:"&amp;Local.Site&amp;","&amp;Transaction.SFC</From></Assign><Assign xsi:type="Assign"><Name/><Description/><To>CreateNC.Request{/common:serviceInvocationRequests/common:serviceInvocationRequest/requests/nonconformance:ncCodeRef}</To><From>"NCCodeBO:"&amp;Local.Site&amp;","&amp;Local.3C_NC_Code</From></Assign><Assign xsi:type="Assign"><Name/><Description/><To>CreateNC.Request{/common:serviceInvocationRequests/common:serviceInvocationRequest/requests/nonconformance:prodCtx/nonconformance:stepIdentifier/nonconformance:operationId}</To><From>Transaction.Operation</From></Assign><Assign xsi:type="Assign"><Name/><Description/><To>CreateNC.Request{/common:serviceInvocationRequests/common:serviceInvocationRequest/requests/nonconformance:incidentNumberRef}</To><From>generateIncidentNumber.Response{/common:serviceInvocationResponses/serviceInvocationResponse/responses/nonconformance:ref}</From></Assign><Assign xsi:type="Assign"><Name/><Description/><To>CreateNC.Request{/common:serviceInvocationRequests/common:serviceInvocationRequest/requests/nonconformance:prodCtx/nonconformance:resourceRef}</To><From>"ResourceBO:"&amp;Local.Site&amp;","&amp;Transaction.Resource</From></Assign><Assign xsi:type="Assign"><Name/><Description/><To>CreateNC.Request{/common:serviceInvocationRequests/common:serviceInvocationRequest/requests/nonconformance:prodCtx/nonconformance:workCenterRef}</To><From>readOperation.Response{/common:serviceInvocationResponses/serviceInvocationResponse/responses/productdefinition:reportingCenterRef}</From></Assign><Assign xsi:type="Assign"><Name/><Description/><To>CreateNC.Request{/common:serviceInvocationRequests/common:serviceInvocationRequest/requests/nonconformance:comments}</To><From>Local.NCMessage</From></Assign></IncomingLinks><OutgoingLinks/></Action></Actions></Step><Step xsi:type="ActionSequence"><Name>Sequence_60</Name><Description/><Steps/><Actions><Action><Name>Event_Logger_readOperationFail</Name><Description> </Description><IncomingLinks><Assign xsi:type="Assign"><Name/><Description/><To>Event_Logger_readOperationFail.Message</To><From>stringif(Conditional_readOperation.Input1==1,"Error 40310:"&amp;Local.TrxName&amp;",readOperation.Work Center Ref response is blank","Error 40302:"&amp;Local.TrxName&amp;",readOperation.API Message:"&amp;readOperation.Message)</From></Assign></IncomingLinks><OutgoingLinks/></Action></Actions></Step><Step xsi:type="Catch"><Name>Sequence_61</Name><Description/><Steps><Step xsi:type="ActionSequence"><Name>Sequence_62</Name><Description/><Steps/><Actions><Action><Name>Event_Logger_Catch_readOperationFail</Name><Description> </Description><IncomingLinks><Assign xsi:type="Assign"><Name/><Description/><To>Event_Logger_Catch_readOperationFail.Message</To><From>"Error 40302:"&amp;Local.TrxName&amp;",readOperation.API Message:"&amp;readOperation.Message&amp;"Catch Message:"&amp;Catch_readOperationFail.Message</From></Assign></IncomingLinks><OutgoingLinks/></Action></Actions></Step></Steps><Actions><Action><Name>Catch_readOperationFail</Name><Description>Catches an exception</Description><IncomingLinks/><OutgoingLinks/></Action></Actions></Step></Steps><Actions><Action><Name>Conditional_readOperation</Name><Description> </Description><IncomingLinks><Assign xsi:type="Assign"><Name/><Description/><To>Conditional_readOperation.Input1</To><From>readOperation.Success</From></Assign><Assign xsi:type="Assign"><Name/><Description/><To>Conditional_readOperation.Input2</To><From>readOperation.Response{/common:serviceInvocationResponses/serviceInvocationResponse/responses/productdefinition:reportingCenterRef}!=""</From></Assign></IncomingLinks><OutgoingLinks/></Action></Actions></Step></Steps><Actions><Action><Name>readOperation</Name><Description>SAPME PAPI Interface</Description><IncomingLinks><Assign xsi:type="Assign"><Name/><Description/><To>readOperation.Site</To><From>Local.Site</From></Assign><Assign xsi:type="Assign"><Name/><Description/><To>readOperation.CredentialAlias</To><From>Local.CredentialAlias</From></Assign><Assign xsi:type="Assign"><Name/><Description/><To>readOperation.Request{/common:serviceInvocationRequests/common:serviceInvocationRequest/requests/ref}</To><From>Local.resolvedOperation</From></Assign></IncomingLinks><OutgoingLinks/></Action></Actions></Step><Step xsi:type="ActionSequence"><Name>Sequence_50</Name><Description/><Steps/><Actions><Action><Name>Event_Logger_generateIncidentNumberFail</Name><Description> </Description><IncomingLinks><Assign xsi:type="Assign"><Name/><Description/><To>Event_Logger_generateIncidentNumberFail.Message</To><From>stringif(CheckIf_IncidentNumberGenerated.Input1==1,"Error 40310:"&amp;Local.TrxName&amp;",generateIncidentNumber.Incident Number response is blank","Error 40302:"&amp;Local.TrxName&amp;",generateIncidentNumber.API Message:"&amp;generateIncidentNumber.Message)</From></Assign></IncomingLinks><OutgoingLinks/></Action></Actions></Step><Step xsi:type="Catch"><Name>Sequence_51</Name><Description/><Steps><Step xsi:type="ActionSequence"><Name>Sequence_52</Name><Description/><Steps/><Actions><Action><Name>Event_Logger_generateIncidentNumberFail_1</Name><Description> </Description><IncomingLinks><Assign xsi:type="Assign"><Name/><Description/><To>Event_Logger_generateIncidentNumberFail_1.Message</To><From>stringif(CheckIf_IncidentNumberGenerated.Input1==1,"Error 40310:"&amp;Local.TrxName&amp;", generateIncidentNumber, generateIncidentNumber.Incident Number response is blank","Error 40302:"&amp;Local.TrxName&amp;",generateIncidentNumber.API Message:"&amp;generateIncidentNumber.Message)</From></Assign></IncomingLinks><OutgoingLinks/></Action></Actions></Step></Steps><Actions><Action><Name>Catch_generateIncidentNumberFail</Name><Description>Catches an exception</Description><IncomingLinks/><OutgoingLinks/></Action></Actions></Step></Steps><Actions><Action><Name>CheckIf_IncidentNumberGenerated</Name><Description> </Description><IncomingLinks><Assign xsi:type="Assign"><Name/><Description/><To>CheckIf_IncidentNumberGenerated.Input1</To><From>generateIncidentNumber.Success</From></Assign><Assign xsi:type="Assign"><Name/><Description/><To>CheckIf_IncidentNumberGenerated.Input2</To><From>generateIncidentNumber.Response{/common:serviceInvocationResponses/serviceInvocationResponse/responses/nonconformance:ref}!=""</From></Assign></IncomingLinks><OutgoingLinks/></Action></Actions></Step></Steps><Actions><Action><Name>generateIncidentNumber</Name><Description>SAPME PAPI Interface</Description><IncomingLinks><Assign xsi:type="Assign"><Name/><Description/><To>generateIncidentNumber.Site</To><From>Local.Site</From></Assign><Assign xsi:type="Assign"><Name/><Description/><To>generateIncidentNumber.CredentialAlias</To><From>Local.CredentialAlias</From></Assign></IncomingLinks><OutgoingLinks/></Action></Actions></Step></Steps><Actions><Action><Name>Assign_NC_Message</Name><Description> </Description><IncomingLinks/><OutgoingLinks><Assign xsi:type="Assign"><Name/><Description/><To>Local.NCMessage</To><From>stringreplace(("Component SFC :"&amp;stringpart(Local.componentSFC, stringindexof(Local.componentSFC, ",")+1, (stringlength(Local.componentSFC)-stringindexof(Local.componentSFC, ",")))&amp;", Component Type:"&amp;stringupper(Local.3C_Component_Type)&amp;", Serial Number:"&amp;Transaction.ERP_Sr_No&amp;", Material:"&amp;Transaction.Material&amp;", Issue : "&amp;stringif(Local.duplicateAssemblyMsg=="","",Local.duplicateAssemblyMsg&amp;",")&amp;stringif(Local.openNCMsg=="","",Local.openNCMsg&amp;",")&amp;stringif(Local.GR_Validation_Fail_Msg=="","",Local.GR_Validation_Fail_Msg&amp;",")&amp;stringif(Local.Stock_Validation_Fail_Msg=="","",Local.Stock_Validation_Fail_Msg&amp;",")&amp;stringif(Local.Location_Validation_Fail_Msg=="","",Local.Location_Validation_Fail_Msg))&amp;".",",.",".")</From></Assign></OutgoingLinks></Action></Actions></Step></Steps><Actions><Action><Name>CheckNcFlag</Name><Description> </Description><IncomingLinks><Assign xsi:type="Assign"><Name/><Description/><To>CheckNcFlag.Input1</To><From>(Local.LogNCFlag)</From></Assign></IncomingLinks><OutgoingLinks/></Action></Actions></Step></Steps><Actions/></Step><Step xsi:type="ActionSequence"><Name>Sequence_72</Name><Description/><Steps/><Actions/></Step></Steps><Actions><Action><Name>Check_If_3C_Component_Assy_Station</Name><Description> </Description><IncomingLinks><Assign xsi:type="Assign"><Name/><Description/><To>Check_If_3C_Component_Assy_Station.Input1</To><From>stringlower(stringtrim(Local.3C_Component_Assy_Stn))=="true"</From></Assign><Assign xsi:type="Assign"><Name/><Description/><To>Check_If_3C_Component_Assy_Station.Input2</To><From>Local.3C_Component_Type!=""</From></Assign><Assign xsi:type="Assign"><Name/><Description/><To>Check_If_3C_Component_Assy_Station.Input3</To><From>Local.3C_NC_Code!=""</From></Assign></IncomingLinks><OutgoingLinks/></Action></Actions></Step></Steps><Actions><Action><Name>Assign_Operation_Custom_Data_values</Name><Description> </Description><IncomingLinks/><OutgoingLinks><Assign xsi:type="Assign"><Name/><Description/><To>Local.3C_Component_Assy_Stn</To><From>stringtrim(FindOperationCustomDataQry.Results{/Rowsets/Rowset/Row[ATTRIBUTE='Z_JLR_3C_COMPONENT_ASSY_STN']/VALUE})</From></Assign><Assign xsi:type="Assign"><Name/><Description/><To>Local.3C_Component_Type</To><From>stringtrim(FindOperationCustomDataQry.Results{/Rowsets/Rowset/Row[ATTRIBUTE='Z_JLR_3C_COMPONENT_TYPE']/VALUE})</From></Assign><Assign xsi:type="Assign"><Name/><Description/><To>Local.3C_NC_Code</To><From>stringtrim(FindOperationCustomDataQry.Results{/Rowsets/Rowset/Row[ATTRIBUTE='Z_JLR_3C_COMPONENT_NC']/VALUE})</From></Assign><Assign xsi:type="Assign"><Name/><Description/><To>Local.3C_Location_Check</To><From>stringtrim(FindOperationCustomDataQry.Results{/Rowsets/Rowset/Row[ATTRIBUTE='Z_JLR_3C_LOC_CHECK']/VALUE})</From></Assign></OutgoingLinks></Action></Actions></Step><Step xsi:type="Catch"><Name>Sequence_68</Name><Description/><Steps><Step xsi:type="ActionSequence"><Name>Sequence_69</Name><Description/><Steps/><Actions><Action><Name>Log_FindOperationCustomDataQry_Exception</Name><Description> </Description><IncomingLinks><Assign xsi:type="Assign"><Name/><Description/><To>Log_FindOperationCustomDataQry_Exception.Message</To><From>"Error. "&amp;Local.TrxName&amp;", FindOperationCustomDataQry,  Exception occurred while calling Query - FindOperationCustomDataQry. Error Message: "&amp;FindOperationCustomDataQry.LastErrorMessage</From></Assign></IncomingLinks><OutgoingLinks/></Action></Actions></Step></Steps><Actions><Action><Name>Catch_FindOperationCustomDataQry_Exception</Name><Description>Catches an exception</Description><IncomingLinks/><OutgoingLinks/></Action></Actions></Step></Steps><Actions><Action><Name>FindOperationCustomDataQry</Name><Description>SQL Query</Description><IncomingLinks><Assign xsi:type="Assign"><Name/><Description/><To>FindOperationCustomDataQry.Param.1</To><From>Local.resolvedOperation</From></Assign></IncomingLinks><OutgoingLinks/></Action></Actions></Step></Steps><Actions><Action><Name>Assign_Resolved_Operation</Name><Description> </Description><IncomingLinks/><OutgoingLinks><Assign xsi:type="Assign"><Name/><Description/><To>Local.resolvedOperation</To><From>resolveOperation.Response{/common:serviceInvocationResponses/serviceInvocationResponse/responses/productdefinition:ref}</From></Assign></OutgoingLinks></Action></Actions></Step><Step xsi:type="ActionSequence"><Name>Sequence_74</Name><Description/><Steps/><Actions><Action><Name>Log_Empty_operation_Result</Name><Description> </Description><IncomingLinks><Assign xsi:type="Assign"><Name/><Description/><To>Log_Empty_operation_Result.Message</To><From>"Error. "&amp;Local.TrxName&amp;", Check_ResolveOperation_Result, Error Message: Resoved Operation not found for input :"&amp;Transaction.Operation</From></Assign></IncomingLinks><OutgoingLinks/></Action></Actions></Step></Steps><Actions><Action><Name>Check_ResolveOperation_Result</Name><Description> </Description><IncomingLinks><Assign xsi:type="Assign"><Name/><Description/><To>Check_ResolveOperation_Result.Input1</To><From>resolveOperation.Response{/common:serviceInvocationResponses/serviceInvocationResponse/responses/productdefinition:ref}!=""</From></Assign></IncomingLinks><OutgoingLinks/></Action></Actions></Step><Step xsi:type="Catch"><Name>Sequence_4</Name><Description/><Steps><Step xsi:type="ActionSequence"><Name>Sequence_7</Name><Description/><Steps/><Actions><Action><Name>Log_Resolved_Operation_Exception</Name><Description> </Description><IncomingLinks><Assign xsi:type="Assign"><Name/><Description/><To>Log_Resolved_Operation_Exception.Message</To><From>"Error. "&amp;Local.TrxName&amp;", resolveOperation,   Exception while calling resolveOperation method. Error Message: "&amp;resolveOperation.Message</From></Assign></IncomingLinks><OutgoingLinks/></Action></Actions></Step></Steps><Actions><Action><Name>Catch_resolvedOperation_Exception</Name><Description>Catches an exception</Description><IncomingLinks/><OutgoingLinks/></Action></Actions></Step></Steps><Actions><Action><Name>resolveOperation</Name><Description>SAPME PAPI Interface</Description><IncomingLinks><Assign xsi:type="Assign"><Name/><Description/><To>resolveOperation.Site</To><From>Local.Site</From></Assign><Assign xsi:type="Assign"><Name/><Description/><To>resolveOperation.CredentialAlias</To><From>Local.CredentialAlias</From></Assign><Assign xsi:type="Assign"><Name/><Description/><To>resolveOperation.Request{/common:serviceInvocationRequests/common:serviceInvocationRequest/requests/productdefinition:operation}</To><From>Transaction.Operation</From></Assign></IncomingLinks><OutgoingLinks/></Action></Actions></Step></Steps><Actions><Action><Name>Assign_Initial_values</Name><Description> </Description><IncomingLinks/><OutgoingLinks><Assign xsi:type="Assign"><Name/><Description/><To>Local.CredentialAlias</To><From>Persistent.SAP_ME_CredentialAlias</From></Assign><Assign xsi:type="Assign"><Name/><Description/><To>Local.Site</To><From>Persistent.SAPME_Site</From></Assign><Assign xsi:type="Assign"><Name/><Description/><To>Local.OperationRef</To><From>"OperationBO:"&amp;Local.Site&amp;","&amp;stringtrim(Transaction.Operation)&amp;",#"</From></Assign><Assign xsi:type="Assign"><Name/><Description/><To>Local.SFCRef</To><From>"SFCBO:"&amp;Local.Site&amp;","&amp;stringtrim(Transaction.SFC)</From></Assign></OutgoingLinks></Action></Actions></Step><Step xsi:type="ActionSequence"><Name>Sequence_65</Name><Description/><Steps/><Actions><Action><Name>Event_Logger_MissingParameters</Name><Description> </Description><IncomingLinks><Assign xsi:type="Assign"><Name/><Description/><To>Event_Logger_MissingParameters.Message</To><From>"Error. "&amp;Local.TrxName&amp;", Check_Input_Parameters , Error Message : Input Parameters are missing for 3C Component validation."</From></Assign></IncomingLinks><OutgoingLinks/></Action></Actions></Step></Steps><Actions><Action><Name>Check_Input_Parameters</Name><Description> Facility ID, Part ID, Supcompart ID</Description><IncomingLinks><Assign xsi:type="Assign"><Name/><Description/><To>Check_Input_Parameters.Input1</To><From>Transaction.Operation!=""</From></Assign><Assign xsi:type="Assign"><Name/><Description/><To>Check_Input_Parameters.Input2</To><From>Transaction.SFC!=""</From></Assign><Assign xsi:type="Assign"><Name/><Description/><To>Check_Input_Parameters.Input3</To><From>Transaction.ComponentSerialNo!=""</From></Assign><Assign xsi:type="Assign"><Name/><Description/><To>Check_Input_Parameters.Input4</To><From>Transaction.line!=""</From></Assign></IncomingLinks><OutgoingLinks/></Action></Actions></Step></Steps><Actions/></Step></Steps></Transaction>