<?xml version="1.0" encoding="UTF-8" standalone="no"?><Transaction xmlns:xsd="http://www.w3.org/2001/XMLSchema" xmlns:xsi="http://www.w3.org/2001/XMLSchema-instance" Version="15.1.5.15"><TransactionAttributes><ContextItem><Name>Description</Name><Description>Transaction Description</Description><MinRange>0</MinRange><MaxRange>0</MaxRange><Value xsi:type="string"/><ReadOnly>true</ReadOnly><AlertXMLAssigned>false</AlertXMLAssigned></ContextItem><ContextItem><Name>Comments</Name><Description>User Comments</Description><MinRange>0</MinRange><MaxRange>0</MaxRange><Value xsi:type="string"/><ReadOnly>true</ReadOnly><AlertXMLAssigned>false</AlertXMLAssigned></ContextItem><ContextItem><Name>CreatedBy</Name><Description>Created By</Description><MinRange>0</MinRange><MaxRange>0</MaxRange><Value xsi:type="string">jshukla</Value><ReadOnly>true</ReadOnly><AlertXMLAssigned>false</AlertXMLAssigned></ContextItem><ContextItem><Name>CreationDate</Name><Description>Creation Date</Description><MinRange>0</MinRange><MaxRange>0</MaxRange><Value xsi:type="dateTime">2023-11-02T07:32:52</Value><ReadOnly>true</ReadOnly><AlertXMLAssigned>false</AlertXMLAssigned></ContextItem><ContextItem><Name>Category</Name><Description>Transaction Category</Description><MinRange>0</MinRange><MaxRange>0</MaxRange><Value xsi:type="string"/><ReadOnly>true</ReadOnly><AlertXMLAssigned>false</AlertXMLAssigned></ContextItem><ContextItem><Name>Status</Name><Description>Deployment Status</Description><MinRange>0</MinRange><MaxRange>0</MaxRange><Value xsi:type="string">DEVELOPMENT</Value><ReadOnly>true</ReadOnly><AlertXMLAssigned>false</AlertXMLAssigned></ContextItem><ContextItem><Name>LegacyProcessingMode</Name><Description>Support the pre MII 12.1 Transaction Engine.</Description><MinRange>0</MinRange><MaxRange>0</MaxRange><Value xsi:type="boolean">0</Value><ReadOnly>true</ReadOnly><AlertXMLAssigned>false</AlertXMLAssigned></ContextItem><ContextItem><Name>AutoAppendBlankNamespaces</Name><Description>AutoAppendBlankNamespaces</Description><MinRange>0</MinRange><MaxRange>0</MaxRange><Value xsi:type="boolean">1</Value><ReadOnly>true</ReadOnly><AlertXMLAssigned>false</AlertXMLAssigned></ContextItem><ContextItem><Name>ThrowOnLinkError</Name><Description>Throws an exception when a link error occures</Description><MinRange>0</MinRange><MaxRange>0</MaxRange><Value xsi:type="boolean">0</Value><ReadOnly>true</ReadOnly><AlertXMLAssigned>false</AlertXMLAssigned></ContextItem><ContextItem><Name>ThrowOnActionError</Name><Description>Throws an exception when an action error occurs</Description><MinRange>0</MinRange><MaxRange>0</MaxRange><Value xsi:type="boolean">1</Value><ReadOnly>true</ReadOnly><AlertXMLAssigned>false</AlertXMLAssigned></ContextItem><ContextItem><Name>FormatXMLOnConversion</Name><Description>By default XML will be formatted when assigned from XML data type to String data type. This behaviour can be changed with this flag.</Description><MinRange>0</MinRange><MaxRange>0</MaxRange><Value xsi:type="boolean">1</Value><ReadOnly>true</ReadOnly><AlertXMLAssigned>false</AlertXMLAssigned></ContextItem><ContextItem><Name>LastEditedBy</Name><Description>Last Edited By</Description><MinRange>0</MinRange><MaxRange>0</MaxRange><Value xsi:type="xsd:string">vvenka15</Value><ReadOnly>true</ReadOnly><AlertXMLAssigned>false</AlertXMLAssigned></ContextItem><ContextItem><Name>LastEditedDate</Name><Description>Last Edited Date</Description><MinRange>0</MinRange><MaxRange>0</MaxRange><Value xsi:type="xsd:dateTime">2024-03-26T07:01:45</Value><ReadOnly>true</ReadOnly><AlertXMLAssigned>false</AlertXMLAssigned></ContextItem></TransactionAttributes><Name>ProductionSupport/Venky/Manualtraceabilty/TRANSACTIONS/HeadPair_Assembly</Name><Version>243</Version><WriterRoles>SAP_XMII_Super_Administrator,SAP_XMII_Administrator,SAP_XMII_Developer</WriterRoles><Context><ContextItem><Name>EventLoggerFlag</Name><Description/><MinRange>0</MinRange><MaxRange>0</MaxRange><Value xsi:type="boolean">1</Value><ReadOnly>false</ReadOnly><AlertXMLAssigned>false</AlertXMLAssigned></ContextItem><ContextItem><Name>InputXML</Name><Description/><MinRange>0</MinRange><MaxRange>0</MaxRange><Value xsi:type="xml"><ReferenceDocumentSource/></Value><SchemaURI/><SchemaElement/><ValidateXMLOnExecution>1</ValidateXMLOnExecution><ReadOnly>false</ReadOnly><AlertXMLAssigned>false</AlertXMLAssigned></ContextItem><ContextItem><Name>Outputxml</Name><Description/><MinRange>0</MinRange><MaxRange>0</MaxRange><Value xsi:type="xml"><ReferenceDocumentSource/>&lt;?xml version="1.0" encoding="UTF-8"?&gt;&lt;xml&gt;&#13;
&lt;success/&gt;&#13;
&lt;message/&gt;&#13;
&lt;plc_com/&gt;&#13;
&lt;/xml&gt;</Value><SchemaURI/><SchemaElement/><ValidateXMLOnExecution>1</ValidateXMLOnExecution><ReadOnly>false</ReadOnly><AlertXMLAssigned>false</AlertXMLAssigned></ContextItem></Context><Local><ContextItem><Name>AssemblyType</Name><Description/><MinRange>0</MinRange><MaxRange>0</MaxRange><Value xsi:type="string"/><ReadOnly>false</ReadOnly><AlertXMLAssigned>false</AlertXMLAssigned></ContextItem><ContextItem><Name>AssemblyXML</Name><Description/><MinRange>0</MinRange><MaxRange>0</MaxRange><Value xsi:type="xml"><ReferenceDocumentSource/>&lt;?xml version="1.0" encoding="UTF-8"?&gt;&lt;NotificationMessage&gt;&#13;
  &lt;Header&gt;&#13;
    &lt;Name&gt;Assembly&lt;/Name&gt;&#13;
    &lt;Description/&gt;&#13;
    &lt;Destination&gt;Traceability&lt;/Destination&gt;&#13;
    &lt;CreatedDate&gt;2023-12-13T12:58:19&lt;/CreatedDate&gt;&#13;
    &lt;ID&gt;7200eac8-d06d-4253-ba03-f83d13c03db6&lt;/ID&gt;&#13;
    &lt;Status&gt;Created&lt;/Status&gt;&#13;
  &lt;/Header&gt;&#13;
  &lt;Body&gt;&#13;
    &lt;Values&gt;&#13;
      &lt;tagid quality="None" timeStamp="0001-01-01T00:00:00.0000000" type="xsd:string"/&gt;&#13;
      &lt;assemblytype quality="None" timeStamp="0001-01-01T00:00:00.0000000" type="xsd:string"/&gt;&#13;
      &lt;telegramtyp quality="None" timeStamp="0001-01-01T00:00:00.0000000" type="xsd:string"/&gt;&#13;
      &lt;plccom quality="None" timeStamp="0001-01-01T00:00:00.0000000" type="xsd:string"/&gt;&#13;
      &lt;facilityid quality="None" timeStamp="0001-01-01T00:00:00.0000000" type="xsd:string"/&gt;&#13;
      &lt;plctimestamp quality="None" timeStamp="0001-01-01T00:00:00.0000000" type="xsd:string"/&gt;&#13;
      &lt;partid quality="None" timeStamp="0001-01-01T00:00:00.0000000" type="xsd:string"/&gt;&#13;
      &lt;supcompartid quality="None" timeStamp="0001-01-01T00:00:00.0000000" type="xsd:string"/&gt;&#13;
      &lt;pcoserver quality="None" timeStamp="0001-01-01T00:00:00.0000000" type="xsd:string"/&gt;&#13;
      &lt;site quality="None" timeStamp="0001-01-01T00:00:00.0000000" type="xsd:string"/&gt;&#13;
    &lt;/Values&gt;&#13;
  &lt;/Body&gt;&#13;
  &lt;Faults/&gt;&#13;
&lt;/NotificationMessage&gt;</Value><SchemaURI/><SchemaElement/><ValidateXMLOnExecution>1</ValidateXMLOnExecution><ReadOnly>false</ReadOnly><AlertXMLAssigned>false</AlertXMLAssigned></ContextItem><ContextItem><Name>CustomDataName</Name><Description/><MinRange>0</MinRange><MaxRange>0</MaxRange><Value xsi:type="string">INMO</Value><ReadOnly>false</ReadOnly><AlertXMLAssigned>false</AlertXMLAssigned></ContextItem><ContextItem><Name>CustomDataXML</Name><Description/><MinRange>0</MinRange><MaxRange>0</MaxRange><Value xsi:type="xml"><ReferenceDocumentSource/></Value><SchemaURI/><SchemaElement/><ValidateXMLOnExecution>1</ValidateXMLOnExecution><ReadOnly>false</ReadOnly><AlertXMLAssigned>false</AlertXMLAssigned></ContextItem><ContextItem><Name>EngineNumber</Name><Description/><MinRange>0</MinRange><MaxRange>0</MaxRange><Value xsi:type="string"/><ReadOnly>false</ReadOnly><AlertXMLAssigned>false</AlertXMLAssigned></ContextItem><ContextItem><Name>EngineNumber_SFCHandle</Name><Description/><MinRange>0</MinRange><MaxRange>0</MaxRange><Value xsi:type="string"/><ReadOnly>false</ReadOnly><AlertXMLAssigned>false</AlertXMLAssigned></ContextItem><ContextItem><Name>FacilityId</Name><Description/><MinRange>0</MinRange><MaxRange>0</MaxRange><Value xsi:type="string"/><ReadOnly>false</ReadOnly><AlertXMLAssigned>false</AlertXMLAssigned></ContextItem><ContextItem><Name>Head1</Name><Description/><MinRange>0</MinRange><MaxRange>0</MaxRange><Value xsi:type="string"/><ReadOnly>false</ReadOnly><AlertXMLAssigned>false</AlertXMLAssigned></ContextItem><ContextItem><Name>Head1_SFCHandle</Name><Description/><MinRange>0</MinRange><MaxRange>0</MaxRange><Value xsi:type="string"/><ReadOnly>false</ReadOnly><AlertXMLAssigned>false</AlertXMLAssigned></ContextItem><ContextItem><Name>Head2</Name><Description/><MinRange>0</MinRange><MaxRange>0</MaxRange><Value xsi:type="string"/><ReadOnly>false</ReadOnly><AlertXMLAssigned>false</AlertXMLAssigned></ContextItem><ContextItem><Name>Head2_SFCHandle</Name><Description/><MinRange>0</MinRange><MaxRange>0</MaxRange><Value xsi:type="string"/><ReadOnly>false</ReadOnly><AlertXMLAssigned>false</AlertXMLAssigned></ContextItem><ContextItem><Name>HeaderID</Name><Description/><MinRange>0</MinRange><MaxRange>0</MaxRange><Value xsi:type="string"/><ReadOnly>false</ReadOnly><AlertXMLAssigned>false</AlertXMLAssigned></ContextItem><ContextItem><Name>inPcoServer</Name><Description/><MinRange>0</MinRange><MaxRange>0</MaxRange><Value xsi:type="string"/><ReadOnly>false</ReadOnly><AlertXMLAssigned>false</AlertXMLAssigned></ContextItem><ContextItem><Name>ObjectAlias_CustomData</Name><Description/><MinRange>0</MinRange><MaxRange>0</MaxRange><Value xsi:type="string">SFC</Value><ReadOnly>false</ReadOnly><AlertXMLAssigned>false</AlertXMLAssigned></ContextItem><ContextItem><Name>PLC_WB</Name><Description/><MinRange>0</MinRange><MaxRange>0</MaxRange><Value xsi:type="string"/><ReadOnly>false</ReadOnly><AlertXMLAssigned>false</AlertXMLAssigned></ContextItem><ContextItem><Name>SFC_Status</Name><Description/><MinRange>0</MinRange><MaxRange>0</MaxRange><Value xsi:type="string"/><ReadOnly>false</ReadOnly><AlertXMLAssigned>false</AlertXMLAssigned></ContextItem><ContextItem><Name>TagID</Name><Description/><MinRange>0</MinRange><MaxRange>0</MaxRange><Value xsi:type="string"/><ReadOnly>false</ReadOnly><AlertXMLAssigned>false</AlertXMLAssigned></ContextItem><ContextItem><Name>Trblshoot_XML</Name><Description/><MinRange>0</MinRange><MaxRange>0</MaxRange><Value xsi:type="xml"><ReferenceDocumentSource/>&lt;?xml version="1.0" encoding="UTF-8"?&gt;&lt;NotificationMessage&gt;&#13;
&lt;Header&gt;&lt;Name&gt;HEAD_PAIR_ASSEMBLY&lt;/Name&gt;&#13;
&lt;Description/&gt;&lt;Destination&gt;Head_PAIR_ASSEMBLY&lt;/Destination&gt;&lt;CreatedDate&gt;2023-10-09T11:38:57&lt;/CreatedDate&gt;&lt;ID&gt;c956b02e-6713-4639-91b8-ee013f13cdc5&lt;/ID&gt;&lt;Status&gt;Created&lt;/Status&gt;&lt;/Header&gt;&#13;
&lt;Body&gt;&lt;Values&gt;&#13;
&lt;partid/&gt;&#13;
&lt;supcompartid/&gt;&#13;
&lt;subcompartid/&gt;&#13;
&lt;facilityid/&gt;&#13;
&lt;plctimestamp/&gt;&#13;
&lt;ipaddress/&gt;&#13;
&lt;pcoserver/&gt;&#13;
&lt;cyclecount/&gt;&#13;
&lt;platen/&gt;&#13;
&lt;plccom/&gt;&#13;
&lt;telegramtyp/&gt;&#13;
&lt;/Values&gt;&lt;/Body&gt;&lt;/NotificationMessage&gt;</Value><SchemaURI/><SchemaElement/><ValidateXMLOnExecution>1</ValidateXMLOnExecution><ReadOnly>false</ReadOnly><AlertXMLAssigned>false</AlertXMLAssigned></ContextItem><ContextItem><Name>TrxName</Name><Description/><MinRange>0</MinRange><MaxRange>0</MaxRange><Value xsi:type="string">NC11/TRACEABILITY/TRANSACTIONS/ASSEMBLY_HEADS/HeadPair_Assembly</Value><ReadOnly>false</ReadOnly><AlertXMLAssigned>false</AlertXMLAssigned></ContextItem></Local><Layout><GUILayoutItem><Name>Trx to assemble the pair of heads to NC11 engine after sanity checks</Name><X>1160</X><Y>8</Y><Width>120</Width><SpacingWidth>2424</SpacingWidth><DescendantWidth>2424</DescendantWidth><Height>96</Height></GUILayoutItem><GUILayoutItem><Name>Sequence_13</Name><X>8</X><Y>280</Y><Width>120</Width><SpacingWidth>120</SpacingWidth><DescendantWidth>120</DescendantWidth><Height>96</Height></GUILayoutItem><GUILayoutItem><Name>Assignment_localXML</Name><X>16</X><Y>296</Y><Width>104</Width><SpacingWidth>0</SpacingWidth><DescendantWidth>0</DescendantWidth><Height>72</Height></GUILayoutItem><GUILayoutItem><Name>Sequence_11</Name><X>8</X><Y>416</Y><Width>120</Width><SpacingWidth>120</SpacingWidth><DescendantWidth>120</DescendantWidth><Height>96</Height></GUILayoutItem><GUILayoutItem><Name>TraceabilityInputDataTrx_0</Name><X>16</X><Y>432</Y><Width>104</Width><SpacingWidth>0</SpacingWidth><DescendantWidth>0</DescendantWidth><Height>72</Height></GUILayoutItem><GUILayoutItem><Name>Sequence_44</Name><X>8</X><Y>552</Y><Width>120</Width><SpacingWidth>120</SpacingWidth><DescendantWidth>120</DescendantWidth><Height>96</Height></GUILayoutItem><GUILayoutItem><Name>Catch_Transaction_Call_TraceabilityInputDataTrx_Fail</Name><X>16</X><Y>568</Y><Width>104</Width><SpacingWidth>0</SpacingWidth><DescendantWidth>0</DescendantWidth><Height>72</Height></GUILayoutItem><GUILayoutItem><Name>Sequence_59</Name><X>8</X><Y>688</Y><Width>120</Width><SpacingWidth>120</SpacingWidth><DescendantWidth>120</DescendantWidth><Height>96</Height></GUILayoutItem><GUILayoutItem><Name>Event_Logger_Transaction_Call_TraceabilityInputDataTrx_Fail</Name><X>16</X><Y>704</Y><Width>104</Width><SpacingWidth>0</SpacingWidth><DescendantWidth>0</DescendantWidth><Height>72</Height></GUILayoutItem><GUILayoutItem><Name>Troubleshooting</Name><X>8</X><Y>144</Y><Width>120</Width><SpacingWidth>120</SpacingWidth><DescendantWidth>120</DescendantWidth><Height>96</Height></GUILayoutItem><GUILayoutItem><Name>Conditional_Event_Logger_Testing</Name><X>16</X><Y>160</Y><Width>104</Width><SpacingWidth>0</SpacingWidth><DescendantWidth>0</DescendantWidth><Height>72</Height></GUILayoutItem><GUILayoutItem><Name>Check if XML tags not empty</Name><X>1088</X><Y>280</Y><Width>120</Width><SpacingWidth>1992</SpacingWidth><DescendantWidth>1992</DescendantWidth><Height>96</Height></GUILayoutItem><GUILayoutItem><Name>Conditional_CheckInputXML</Name><X>1096</X><Y>296</Y><Width>104</Width><SpacingWidth>0</SpacingWidth><DescendantWidth>0</DescendantWidth><Height>72</Height></GUILayoutItem><GUILayoutItem><Name>Log error</Name><X>2024</X><Y>552</Y><Width>120</Width><SpacingWidth>120</SpacingWidth><DescendantWidth>0</DescendantWidth><Height>96</Height></GUILayoutItem><GUILayoutItem><Name>Event_Logger_Input_Failure</Name><X>2032</X><Y>568</Y><Width>104</Width><SpacingWidth>0</SpacingWidth><DescendantWidth>0</DescendantWidth><Height>72</Height></GUILayoutItem><GUILayoutItem><Name>Sequence_4</Name><X>1016</X><Y>416</Y><Width>120</Width><SpacingWidth>1848</SpacingWidth><DescendantWidth>1848</DescendantWidth><Height>96</Height></GUILayoutItem><GUILayoutItem><Name>Conditional_CheckForDuplicateHeads</Name><X>1024</X><Y>432</Y><Width>104</Width><SpacingWidth>0</SpacingWidth><DescendantWidth>0</DescendantWidth><Height>72</Height></GUILayoutItem><GUILayoutItem><Name>Log error - Same Heads</Name><X>1880</X><Y>688</Y><Width>120</Width><SpacingWidth>120</SpacingWidth><DescendantWidth>0</DescendantWidth><Height>96</Height></GUILayoutItem><GUILayoutItem><Name>Event_Logger_DuplicateSFC</Name><X>1888</X><Y>704</Y><Width>104</Width><SpacingWidth>0</SpacingWidth><DescendantWidth>0</DescendantWidth><Height>72</Height></GUILayoutItem><GUILayoutItem><Name>.</Name><X>944</X><Y>552</Y><Width>120</Width><SpacingWidth>1704</SpacingWidth><DescendantWidth>1704</DescendantWidth><Height>96</Height></GUILayoutItem><GUILayoutItem><Name>Check if head2 Exist</Name><X>296</X><Y>688</Y><Width>120</Width><SpacingWidth>120</SpacingWidth><DescendantWidth>120</DescendantWidth><Height>96</Height></GUILayoutItem><GUILayoutItem><Name>Check_PLC_WB_Value_0</Name><X>304</X><Y>704</Y><Width>104</Width><SpacingWidth>0</SpacingWidth><DescendantWidth>0</DescendantWidth><Height>72</Height></GUILayoutItem><GUILayoutItem><Name>Sequence_14</Name><X>728</X><Y>960</Y><Width>120</Width><SpacingWidth>120</SpacingWidth><DescendantWidth>0</DescendantWidth><Height>96</Height></GUILayoutItem><GUILayoutItem><Name>Sequence_15</Name><X>872</X><Y>960</Y><Width>120</Width><SpacingWidth>120</SpacingWidth><DescendantWidth>120</DescendantWidth><Height>96</Height></GUILayoutItem><GUILayoutItem><Name>Assignment_PLC_WB_4</Name><X>736</X><Y>976</Y><Width>104</Width><SpacingWidth>0</SpacingWidth><DescendantWidth>0</DescendantWidth><Height>72</Height></GUILayoutItem><GUILayoutItem><Name>Assignment_PLC_WB_5</Name><X>880</X><Y>976</Y><Width>104</Width><SpacingWidth>0</SpacingWidth><DescendantWidth>0</DescendantWidth><Height>72</Height></GUILayoutItem><GUILayoutItem><Name>Log Error- Heads are not a pair</Name><X>872</X><Y>1096</Y><Width>120</Width><SpacingWidth>120</SpacingWidth><DescendantWidth>0</DescendantWidth><Height>96</Height></GUILayoutItem><GUILayoutItem><Name>Event_Logger_Heads_not_pair</Name><X>880</X><Y>1112</Y><Width>104</Width><SpacingWidth>0</SpacingWidth><DescendantWidth>0</DescendantWidth><Height>72</Height></GUILayoutItem><GUILayoutItem><Name>Sequence_33</Name><X>1880</X><Y>552</Y><Width>120</Width><SpacingWidth>120</SpacingWidth><DescendantWidth>120</DescendantWidth><Height>96</Height></GUILayoutItem><GUILayoutItem><Name>Assignment_PLC_WB_9</Name><X>1888</X><Y>568</Y><Width>104</Width><SpacingWidth>0</SpacingWidth><DescendantWidth>0</DescendantWidth><Height>72</Height></GUILayoutItem><GUILayoutItem><Name>Sequence_34</Name><X>2024</X><Y>416</Y><Width>120</Width><SpacingWidth>120</SpacingWidth><DescendantWidth>120</DescendantWidth><Height>96</Height></GUILayoutItem><GUILayoutItem><Name>Assignment_PLC_WB_12</Name><X>2032</X><Y>432</Y><Width>104</Width><SpacingWidth>0</SpacingWidth><DescendantWidth>0</DescendantWidth><Height>72</Height></GUILayoutItem><GUILayoutItem><Name>Assemble Heads to Engine</Name><X>1376</X><Y>688</Y><Width>120</Width><SpacingWidth>840</SpacingWidth><DescendantWidth>840</DescendantWidth><Height>96</Height></GUILayoutItem><GUILayoutItem><Name>Assemble Head1</Name><X>1160</X><Y>1096</Y><Width>120</Width><SpacingWidth>408</SpacingWidth><DescendantWidth>408</DescendantWidth><Height>96</Height></GUILayoutItem><GUILayoutItem><Name>trxTraceability_0</Name><X>1168</X><Y>1112</Y><Width>104</Width><SpacingWidth>0</SpacingWidth><DescendantWidth>0</DescendantWidth><Height>72</Height></GUILayoutItem><GUILayoutItem><Name>Assemble Head2</Name><X>1592</X><Y>1096</Y><Width>120</Width><SpacingWidth>408</SpacingWidth><DescendantWidth>408</DescendantWidth><Height>96</Height></GUILayoutItem><GUILayoutItem><Name>trxTraceability_1</Name><X>1600</X><Y>1112</Y><Width>104</Width><SpacingWidth>0</SpacingWidth><DescendantWidth>0</DescendantWidth><Height>72</Height></GUILayoutItem><GUILayoutItem><Name>Sequence_5</Name><X>1592</X><Y>824</Y><Width>120</Width><SpacingWidth>408</SpacingWidth><DescendantWidth>408</DescendantWidth><Height>96</Height></GUILayoutItem><GUILayoutItem><Name>Check_PLC_WB_Value_4</Name><X>1600</X><Y>840</Y><Width>104</Width><SpacingWidth>0</SpacingWidth><DescendantWidth>0</DescendantWidth><Height>72</Height></GUILayoutItem><GUILayoutItem><Name>Sequence_50</Name><X>1088</X><Y>1232</Y><Width>120</Width><SpacingWidth>264</SpacingWidth><DescendantWidth>264</DescendantWidth><Height>96</Height></GUILayoutItem><GUILayoutItem><Name>Conditional_0</Name><X>1096</X><Y>1248</Y><Width>104</Width><SpacingWidth>0</SpacingWidth><DescendantWidth>0</DescendantWidth><Height>72</Height></GUILayoutItem><GUILayoutItem><Name>Sequence_28</Name><X>1160</X><Y>1368</Y><Width>120</Width><SpacingWidth>120</SpacingWidth><DescendantWidth>120</DescendantWidth><Height>96</Height></GUILayoutItem><GUILayoutItem><Name>Assignment_PLC_WB_26</Name><X>1168</X><Y>1384</Y><Width>104</Width><SpacingWidth>0</SpacingWidth><DescendantWidth>0</DescendantWidth><Height>72</Height></GUILayoutItem><GUILayoutItem><Name>Sequence_90</Name><X>1160</X><Y>1504</Y><Width>120</Width><SpacingWidth>120</SpacingWidth><DescendantWidth>0</DescendantWidth><Height>96</Height></GUILayoutItem><GUILayoutItem><Name>Event_Logger_Assembly_Fail_0</Name><X>1168</X><Y>1520</Y><Width>104</Width><SpacingWidth>0</SpacingWidth><DescendantWidth>0</DescendantWidth><Height>72</Height></GUILayoutItem><GUILayoutItem><Name>Sequence_93</Name><X>1520</X><Y>1232</Y><Width>120</Width><SpacingWidth>264</SpacingWidth><DescendantWidth>264</DescendantWidth><Height>96</Height></GUILayoutItem><GUILayoutItem><Name>Conditional_1</Name><X>1528</X><Y>1248</Y><Width>104</Width><SpacingWidth>0</SpacingWidth><DescendantWidth>0</DescendantWidth><Height>72</Height></GUILayoutItem><GUILayoutItem><Name>Sequence_94</Name><X>1448</X><Y>1368</Y><Width>120</Width><SpacingWidth>120</SpacingWidth><DescendantWidth>120</DescendantWidth><Height>96</Height></GUILayoutItem><GUILayoutItem><Name>Assignment_PLC_WB_27</Name><X>1456</X><Y>1384</Y><Width>104</Width><SpacingWidth>0</SpacingWidth><DescendantWidth>0</DescendantWidth><Height>72</Height></GUILayoutItem><GUILayoutItem><Name>Sequence_95</Name><X>1592</X><Y>1368</Y><Width>120</Width><SpacingWidth>120</SpacingWidth><DescendantWidth>120</DescendantWidth><Height>96</Height></GUILayoutItem><GUILayoutItem><Name>Assignment_PLC_WB_28</Name><X>1600</X><Y>1384</Y><Width>104</Width><SpacingWidth>0</SpacingWidth><DescendantWidth>0</DescendantWidth><Height>72</Height></GUILayoutItem><GUILayoutItem><Name>Sequence_96</Name><X>1592</X><Y>1504</Y><Width>120</Width><SpacingWidth>120</SpacingWidth><DescendantWidth>0</DescendantWidth><Height>96</Height></GUILayoutItem><GUILayoutItem><Name>Event_Logger_Assembly_Fail_2</Name><X>1600</X><Y>1520</Y><Width>104</Width><SpacingWidth>0</SpacingWidth><DescendantWidth>0</DescendantWidth><Height>72</Height></GUILayoutItem><GUILayoutItem><Name>Sequence_87</Name><X>1160</X><Y>824</Y><Width>120</Width><SpacingWidth>408</SpacingWidth><DescendantWidth>408</DescendantWidth><Height>96</Height></GUILayoutItem><GUILayoutItem><Name>Check_PLC_WB_Value_5</Name><X>1168</X><Y>840</Y><Width>104</Width><SpacingWidth>0</SpacingWidth><DescendantWidth>0</DescendantWidth><Height>72</Height></GUILayoutItem><GUILayoutItem><Name>Sequence_88</Name><X>800</X><Y>688</Y><Width>120</Width><SpacingWidth>264</SpacingWidth><DescendantWidth>264</DescendantWidth><Height>96</Height></GUILayoutItem><GUILayoutItem><Name>Check_PLC_WB_Value_6</Name><X>808</X><Y>704</Y><Width>104</Width><SpacingWidth>0</SpacingWidth><DescendantWidth>0</DescendantWidth><Height>72</Height></GUILayoutItem><GUILayoutItem><Name>Sequence_104</Name><X>1160</X><Y>960</Y><Width>120</Width><SpacingWidth>408</SpacingWidth><DescendantWidth>408</DescendantWidth><Height>96</Height></GUILayoutItem><GUILayoutItem><Name>Assignment_AssemblyTrx_0</Name><X>1168</X><Y>976</Y><Width>104</Width><SpacingWidth>0</SpacingWidth><DescendantWidth>0</DescendantWidth><Height>72</Height></GUILayoutItem><GUILayoutItem><Name>Sequence_113</Name><X>1592</X><Y>960</Y><Width>120</Width><SpacingWidth>408</SpacingWidth><DescendantWidth>408</DescendantWidth><Height>96</Height></GUILayoutItem><GUILayoutItem><Name>Assignment_AssemblyTrx_1</Name><X>1600</X><Y>976</Y><Width>104</Width><SpacingWidth>0</SpacingWidth><DescendantWidth>0</DescendantWidth><Height>72</Height></GUILayoutItem><GUILayoutItem><Name>Sequence_105</Name><X>1016</X><Y>1368</Y><Width>120</Width><SpacingWidth>120</SpacingWidth><DescendantWidth>120</DescendantWidth><Height>96</Height></GUILayoutItem><GUILayoutItem><Name>trxAssembleSubAssyCompToMainSFC_0</Name><X>1024</X><Y>1384</Y><Width>104</Width><SpacingWidth>0</SpacingWidth><DescendantWidth>0</DescendantWidth><Height>72</Height></GUILayoutItem><GUILayoutItem><Name>Sequence_106</Name><X>1448</X><Y>1504</Y><Width>120</Width><SpacingWidth>120</SpacingWidth><DescendantWidth>120</DescendantWidth><Height>96</Height></GUILayoutItem><GUILayoutItem><Name>trxAssembleSubAssyCompToMainSFC_1</Name><X>1456</X><Y>1520</Y><Width>104</Width><SpacingWidth>0</SpacingWidth><DescendantWidth>0</DescendantWidth><Height>72</Height></GUILayoutItem><GUILayoutItem><Name>Catch_assembly_fail_0</Name><X>1304</X><Y>1232</Y><Width>120</Width><SpacingWidth>120</SpacingWidth><DescendantWidth>120</DescendantWidth><Height>96</Height></GUILayoutItem><GUILayoutItem><Name>Catch_10</Name><X>1312</X><Y>1248</Y><Width>104</Width><SpacingWidth>0</SpacingWidth><DescendantWidth>0</DescendantWidth><Height>72</Height></GUILayoutItem><GUILayoutItem><Name>Sequence_91</Name><X>1304</X><Y>1368</Y><Width>120</Width><SpacingWidth>120</SpacingWidth><DescendantWidth>120</DescendantWidth><Height>96</Height></GUILayoutItem><GUILayoutItem><Name>Event_Logger_Assembly_Fail_1</Name><X>1312</X><Y>1384</Y><Width>104</Width><SpacingWidth>0</SpacingWidth><DescendantWidth>0</DescendantWidth><Height>72</Height></GUILayoutItem><GUILayoutItem><Name>Catch_assembly_fail_1</Name><X>1736</X><Y>1232</Y><Width>120</Width><SpacingWidth>120</SpacingWidth><DescendantWidth>120</DescendantWidth><Height>96</Height></GUILayoutItem><GUILayoutItem><Name>Catch_11</Name><X>1744</X><Y>1248</Y><Width>104</Width><SpacingWidth>0</SpacingWidth><DescendantWidth>0</DescendantWidth><Height>72</Height></GUILayoutItem><GUILayoutItem><Name>Sequence_97</Name><X>1736</X><Y>1368</Y><Width>120</Width><SpacingWidth>120</SpacingWidth><DescendantWidth>120</DescendantWidth><Height>96</Height></GUILayoutItem><GUILayoutItem><Name>Event_Logger_Assembly_Fail_3</Name><X>1744</X><Y>1384</Y><Width>104</Width><SpacingWidth>0</SpacingWidth><DescendantWidth>0</DescendantWidth><Height>72</Height></GUILayoutItem><GUILayoutItem><Name>Catch_assembly_fail_2</Name><X>1016</X><Y>1504</Y><Width>120</Width><SpacingWidth>120</SpacingWidth><DescendantWidth>120</DescendantWidth><Height>96</Height></GUILayoutItem><GUILayoutItem><Name>Catch_12</Name><X>1024</X><Y>1520</Y><Width>104</Width><SpacingWidth>0</SpacingWidth><DescendantWidth>0</DescendantWidth><Height>72</Height></GUILayoutItem><GUILayoutItem><Name>Sequence_107</Name><X>1016</X><Y>1640</Y><Width>120</Width><SpacingWidth>120</SpacingWidth><DescendantWidth>120</DescendantWidth><Height>96</Height></GUILayoutItem><GUILayoutItem><Name>Event_Logger_Assembly_Fail_4</Name><X>1024</X><Y>1656</Y><Width>104</Width><SpacingWidth>0</SpacingWidth><DescendantWidth>0</DescendantWidth><Height>72</Height></GUILayoutItem><GUILayoutItem><Name>Catch_assembly_fail_3</Name><X>1448</X><Y>1640</Y><Width>120</Width><SpacingWidth>120</SpacingWidth><DescendantWidth>120</DescendantWidth><Height>96</Height></GUILayoutItem><GUILayoutItem><Name>Catch_13</Name><X>1456</X><Y>1656</Y><Width>104</Width><SpacingWidth>0</SpacingWidth><DescendantWidth>0</DescendantWidth><Height>72</Height></GUILayoutItem><GUILayoutItem><Name>Sequence_108</Name><X>1448</X><Y>1776</Y><Width>120</Width><SpacingWidth>120</SpacingWidth><DescendantWidth>120</DescendantWidth><Height>96</Height></GUILayoutItem><GUILayoutItem><Name>Event_Logger_Assembly_Fail_5</Name><X>1456</X><Y>1792</Y><Width>104</Width><SpacingWidth>0</SpacingWidth><DescendantWidth>0</DescendantWidth><Height>72</Height></GUILayoutItem><GUILayoutItem><Name>WB PLCCOM</Name><X>2240</X><Y>144</Y><Width>120</Width><SpacingWidth>264</SpacingWidth><DescendantWidth>264</DescendantWidth><Height>96</Height></GUILayoutItem><GUILayoutItem><Name>Sequence_37</Name><X>2168</X><Y>280</Y><Width>120</Width><SpacingWidth>120</SpacingWidth><DescendantWidth>120</DescendantWidth><Height>96</Height></GUILayoutItem><GUILayoutItem><Name>TraceabilityWBDataTrx_0</Name><X>2176</X><Y>296</Y><Width>104</Width><SpacingWidth>0</SpacingWidth><DescendantWidth>0</DescendantWidth><Height>72</Height></GUILayoutItem><GUILayoutItem><Name>Sequence_38</Name><X>2168</X><Y>416</Y><Width>120</Width><SpacingWidth>120</SpacingWidth><DescendantWidth>120</DescendantWidth><Height>96</Height></GUILayoutItem><GUILayoutItem><Name>Catch_5</Name><X>2176</X><Y>432</Y><Width>104</Width><SpacingWidth>0</SpacingWidth><DescendantWidth>0</DescendantWidth><Height>72</Height></GUILayoutItem><GUILayoutItem><Name>Sequence_39</Name><X>2168</X><Y>552</Y><Width>120</Width><SpacingWidth>120</SpacingWidth><DescendantWidth>120</DescendantWidth><Height>96</Height></GUILayoutItem><GUILayoutItem><Name>Event_Logger_Transaction_Call_TraceabilityWBDataTrx_Fail_0</Name><X>2176</X><Y>568</Y><Width>104</Width><SpacingWidth>0</SpacingWidth><DescendantWidth>0</DescendantWidth><Height>72</Height></GUILayoutItem><GUILayoutItem><Name>Assign local variables</Name><X>1088</X><Y>144</Y><Width>120</Width><SpacingWidth>1992</SpacingWidth><DescendantWidth>1992</DescendantWidth><Height>96</Height></GUILayoutItem><GUILayoutItem><Name>Assignment_LocalVariables</Name><X>1096</X><Y>160</Y><Width>104</Width><SpacingWidth>0</SpacingWidth><DescendantWidth>0</DescendantWidth><Height>72</Height></GUILayoutItem><GUILayoutItem><Name>Check id head1 exist</Name><X>152</X><Y>688</Y><Width>120</Width><SpacingWidth>120</SpacingWidth><DescendantWidth>120</DescendantWidth><Height>96</Height></GUILayoutItem><GUILayoutItem><Name>HeadValidation_0</Name><X>160</X><Y>704</Y><Width>104</Width><SpacingWidth>0</SpacingWidth><DescendantWidth>0</DescendantWidth><Height>72</Height></GUILayoutItem><GUILayoutItem><Name>Sequence_1</Name><X>152</X><Y>824</Y><Width>120</Width><SpacingWidth>120</SpacingWidth><DescendantWidth>120</DescendantWidth><Height>96</Height></GUILayoutItem><GUILayoutItem><Name>Catch_0</Name><X>160</X><Y>840</Y><Width>104</Width><SpacingWidth>0</SpacingWidth><DescendantWidth>0</DescendantWidth><Height>72</Height></GUILayoutItem><GUILayoutItem><Name>Sequence_6</Name><X>152</X><Y>960</Y><Width>120</Width><SpacingWidth>120</SpacingWidth><DescendantWidth>120</DescendantWidth><Height>96</Height></GUILayoutItem><GUILayoutItem><Name>Event_Logger_HeadValidation_0</Name><X>160</X><Y>976</Y><Width>104</Width><SpacingWidth>0</SpacingWidth><DescendantWidth>0</DescendantWidth><Height>72</Height></GUILayoutItem><GUILayoutItem><Name>Sequence_8</Name><X>152</X><Y>1096</Y><Width>120</Width><SpacingWidth>120</SpacingWidth><DescendantWidth>0</DescendantWidth><Height>96</Height></GUILayoutItem><GUILayoutItem><Name>Assignment_PLC_WB_8</Name><X>160</X><Y>1112</Y><Width>104</Width><SpacingWidth>0</SpacingWidth><DescendantWidth>0</DescendantWidth><Height>72</Height></GUILayoutItem><GUILayoutItem><Name>..</Name><X>296</X><Y>824</Y><Width>120</Width><SpacingWidth>120</SpacingWidth><DescendantWidth>120</DescendantWidth><Height>96</Height></GUILayoutItem><GUILayoutItem><Name>HeadValidation_1</Name><X>304</X><Y>840</Y><Width>104</Width><SpacingWidth>0</SpacingWidth><DescendantWidth>0</DescendantWidth><Height>72</Height></GUILayoutItem><GUILayoutItem><Name>Sequence_2</Name><X>296</X><Y>960</Y><Width>120</Width><SpacingWidth>120</SpacingWidth><DescendantWidth>120</DescendantWidth><Height>96</Height></GUILayoutItem><GUILayoutItem><Name>Catch_1</Name><X>304</X><Y>976</Y><Width>104</Width><SpacingWidth>0</SpacingWidth><DescendantWidth>0</DescendantWidth><Height>72</Height></GUILayoutItem><GUILayoutItem><Name>Sequence_9</Name><X>296</X><Y>1096</Y><Width>120</Width><SpacingWidth>120</SpacingWidth><DescendantWidth>120</DescendantWidth><Height>96</Height></GUILayoutItem><GUILayoutItem><Name>Event_Logger_HeadValidation_1</Name><X>304</X><Y>1112</Y><Width>104</Width><SpacingWidth>0</SpacingWidth><DescendantWidth>0</DescendantWidth><Height>72</Height></GUILayoutItem><GUILayoutItem><Name>Sequence_29</Name><X>296</X><Y>1232</Y><Width>120</Width><SpacingWidth>120</SpacingWidth><DescendantWidth>0</DescendantWidth><Height>96</Height></GUILayoutItem><GUILayoutItem><Name>Assignment_PLC_WB_13</Name><X>304</X><Y>1248</Y><Width>104</Width><SpacingWidth>0</SpacingWidth><DescendantWidth>0</DescendantWidth><Height>72</Height></GUILayoutItem><GUILayoutItem><Name>Sequence_30</Name><X>1016</X><Y>1776</Y><Width>120</Width><SpacingWidth>120</SpacingWidth><DescendantWidth>0</DescendantWidth><Height>96</Height></GUILayoutItem><GUILayoutItem><Name>Assignment_PLC_WB_14</Name><X>1024</X><Y>1792</Y><Width>104</Width><SpacingWidth>0</SpacingWidth><DescendantWidth>0</DescendantWidth><Height>72</Height></GUILayoutItem><GUILayoutItem><Name>Sequence_31</Name><X>1448</X><Y>1912</Y><Width>120</Width><SpacingWidth>120</SpacingWidth><DescendantWidth>0</DescendantWidth><Height>96</Height></GUILayoutItem><GUILayoutItem><Name>Assignment_PLC_WB_15</Name><X>1456</X><Y>1928</Y><Width>104</Width><SpacingWidth>0</SpacingWidth><DescendantWidth>0</DescendantWidth><Height>72</Height></GUILayoutItem><GUILayoutItem><Name>Sequence_32</Name><X>1736</X><Y>1504</Y><Width>120</Width><SpacingWidth>120</SpacingWidth><DescendantWidth>0</DescendantWidth><Height>96</Height></GUILayoutItem><GUILayoutItem><Name>Assignment_PLC_WB_16</Name><X>1744</X><Y>1520</Y><Width>104</Width><SpacingWidth>0</SpacingWidth><DescendantWidth>0</DescendantWidth><Height>72</Height></GUILayoutItem><GUILayoutItem><Name>Sequence_42</Name><X>1304</X><Y>1504</Y><Width>120</Width><SpacingWidth>120</SpacingWidth><DescendantWidth>0</DescendantWidth><Height>96</Height></GUILayoutItem><GUILayoutItem><Name>Assignment_PLC_WB_17</Name><X>1312</X><Y>1520</Y><Width>104</Width><SpacingWidth>0</SpacingWidth><DescendantWidth>0</DescendantWidth><Height>72</Height></GUILayoutItem><GUILayoutItem><Name>Sequence_16</Name><X>512</X><Y>688</Y><Width>120</Width><SpacingWidth>264</SpacingWidth><DescendantWidth>264</DescendantWidth><Height>96</Height></GUILayoutItem><GUILayoutItem><Name>Check_PLC_WB_Value_1</Name><X>520</X><Y>704</Y><Width>104</Width><SpacingWidth>0</SpacingWidth><DescendantWidth>0</DescendantWidth><Height>72</Height></GUILayoutItem><GUILayoutItem><Name>Read Custom Data</Name><X>512</X><Y>824</Y><Width>120</Width><SpacingWidth>264</SpacingWidth><DescendantWidth>264</DescendantWidth><Height>96</Height></GUILayoutItem><GUILayoutItem><Name>read custom data for Head1</Name><X>440</X><Y>960</Y><Width>120</Width><SpacingWidth>120</SpacingWidth><DescendantWidth>120</DescendantWidth><Height>96</Height></GUILayoutItem><GUILayoutItem><Name>SAPME_PAPI_Read_CustomData_0</Name><X>448</X><Y>976</Y><Width>104</Width><SpacingWidth>0</SpacingWidth><DescendantWidth>0</DescendantWidth><Height>72</Height></GUILayoutItem><GUILayoutItem><Name>Catch_readCustomData_0</Name><X>440</X><Y>1096</Y><Width>120</Width><SpacingWidth>120</SpacingWidth><DescendantWidth>120</DescendantWidth><Height>96</Height></GUILayoutItem><GUILayoutItem><Name>Catch_2</Name><X>448</X><Y>1112</Y><Width>104</Width><SpacingWidth>0</SpacingWidth><DescendantWidth>0</DescendantWidth><Height>72</Height></GUILayoutItem><GUILayoutItem><Name>Sequence_10</Name><X>440</X><Y>1232</Y><Width>120</Width><SpacingWidth>120</SpacingWidth><DescendantWidth>120</DescendantWidth><Height>96</Height></GUILayoutItem><GUILayoutItem><Name>Event_Logger_Papi_fail_readCustomData_0</Name><X>448</X><Y>1248</Y><Width>104</Width><SpacingWidth>0</SpacingWidth><DescendantWidth>0</DescendantWidth><Height>72</Height></GUILayoutItem><GUILayoutItem><Name>read custom data for Head2</Name><X>584</X><Y>1096</Y><Width>120</Width><SpacingWidth>120</SpacingWidth><DescendantWidth>120</DescendantWidth><Height>96</Height></GUILayoutItem><GUILayoutItem><Name>SAPME_PAPI_Read_CustomData_1</Name><X>592</X><Y>1112</Y><Width>104</Width><SpacingWidth>0</SpacingWidth><DescendantWidth>0</DescendantWidth><Height>72</Height></GUILayoutItem><GUILayoutItem><Name>Catch_readCustomData_1</Name><X>584</X><Y>1232</Y><Width>120</Width><SpacingWidth>120</SpacingWidth><DescendantWidth>120</DescendantWidth><Height>96</Height></GUILayoutItem><GUILayoutItem><Name>Catch_3</Name><X>592</X><Y>1248</Y><Width>104</Width><SpacingWidth>0</SpacingWidth><DescendantWidth>0</DescendantWidth><Height>72</Height></GUILayoutItem><GUILayoutItem><Name>Sequence_12</Name><X>584</X><Y>1368</Y><Width>120</Width><SpacingWidth>120</SpacingWidth><DescendantWidth>120</DescendantWidth><Height>96</Height></GUILayoutItem><GUILayoutItem><Name>Event_Logger_Papi_fail_readCustomData_1</Name><X>592</X><Y>1384</Y><Width>104</Width><SpacingWidth>0</SpacingWidth><DescendantWidth>0</DescendantWidth><Height>72</Height></GUILayoutItem><GUILayoutItem><Name>Sequence_0</Name><X>584</X><Y>960</Y><Width>120</Width><SpacingWidth>120</SpacingWidth><DescendantWidth>120</DescendantWidth><Height>96</Height></GUILayoutItem><GUILayoutItem><Name>Check_PLC_WB_Value_2</Name><X>592</X><Y>976</Y><Width>104</Width><SpacingWidth>0</SpacingWidth><DescendantWidth>0</DescendantWidth><Height>72</Height></GUILayoutItem><GUILayoutItem><Name>Sequence_43</Name><X>440</X><Y>1368</Y><Width>120</Width><SpacingWidth>120</SpacingWidth><DescendantWidth>0</DescendantWidth><Height>96</Height></GUILayoutItem><GUILayoutItem><Name>Assignment_PLC_WB_18</Name><X>448</X><Y>1384</Y><Width>104</Width><SpacingWidth>0</SpacingWidth><DescendantWidth>0</DescendantWidth><Height>72</Height></GUILayoutItem><GUILayoutItem><Name>Sequence_45</Name><X>584</X><Y>1504</Y><Width>120</Width><SpacingWidth>120</SpacingWidth><DescendantWidth>0</DescendantWidth><Height>96</Height></GUILayoutItem><GUILayoutItem><Name>Assignment_PLC_WB_19</Name><X>592</X><Y>1520</Y><Width>104</Width><SpacingWidth>0</SpacingWidth><DescendantWidth>0</DescendantWidth><Height>72</Height></GUILayoutItem><GUILayoutItem><Name>Match Custom Data</Name><X>800</X><Y>824</Y><Width>120</Width><SpacingWidth>264</SpacingWidth><DescendantWidth>264</DescendantWidth><Height>96</Height></GUILayoutItem><GUILayoutItem><Name>Check_PLC_WB_Value_and_Match_CustomData</Name><X>808</X><Y>840</Y><Width>104</Width><SpacingWidth>0</SpacingWidth><DescendantWidth>0</DescendantWidth><Height>72</Height></GUILayoutItem><GUILayoutItem><Name>Sequence_3</Name><X>8</X><Y>824</Y><Width>120</Width><SpacingWidth>120</SpacingWidth><DescendantWidth>0</DescendantWidth><Height>96</Height></GUILayoutItem><GUILayoutItem><Name>Assign_failtracealityTrx</Name><X>16</X><Y>840</Y><Width>104</Width><SpacingWidth>0</SpacingWidth><DescendantWidth>0</DescendantWidth><Height>72</Height></GUILayoutItem><GUILayoutItem><Name>Sequence_7</Name><X>2312</X><Y>280</Y><Width>120</Width><SpacingWidth>120</SpacingWidth><DescendantWidth>0</DescendantWidth><Height>96</Height></GUILayoutItem><GUILayoutItem><Name>Sequence_17</Name><X>2168</X><Y>688</Y><Width>120</Width><SpacingWidth>120</SpacingWidth><DescendantWidth>0</DescendantWidth><Height>96</Height></GUILayoutItem><GUILayoutItem><Name>Assign_failmsg</Name><X>2176</X><Y>704</Y><Width>104</Width><SpacingWidth>0</SpacingWidth><DescendantWidth>0</DescendantWidth><Height>72</Height></GUILayoutItem><GUILayoutItem><Name>Assign_Output</Name><X>2320</X><Y>296</Y><Width>104</Width><SpacingWidth>0</SpacingWidth><DescendantWidth>0</DescendantWidth><Height>72</Height></GUILayoutItem></Layout><Actions><ContextItem><Name>Assignment_localXML</Name><Description/><MinRange>0</MinRange><MaxRange>0</MaxRange><Value xsi:type="Assignment"/><ReadOnly>false</ReadOnly><AlertXMLAssigned>false</AlertXMLAssigned></ContextItem><ContextItem><Name>TraceabilityInputDataTrx_0</Name><Description/><MinRange>0</MinRange><MaxRange>0</MaxRange><Value xsi:type="TransactionCall"><ResetState>false</ResetState><TransactionName>Troubleshooting/Traceability/TraceabilityInputDataTrx</TransactionName><Async>false</Async><Persist>INHERIT</Persist><LogLevel>INHERIT</LogLevel><LogType>INHERIT</LogType><StoreTransactionOutput>false</StoreTransactionOutput><Expiration>-1</Expiration><Site/><InputXml><ReferenceDocumentSource/></InputXml><TroubleshootTraceabilityFlag>true</TroubleshootTraceabilityFlag></Value><SchemaURI/><SchemaElement/><ValidateXMLOnExecution>1</ValidateXMLOnExecution><ReadOnly>false</ReadOnly><AlertXMLAssigned>false</AlertXMLAssigned></ContextItem><ContextItem><Name>Catch_Transaction_Call_TraceabilityInputDataTrx_Fail</Name><Description/><MinRange>0</MinRange><MaxRange>0</MaxRange><Value xsi:type="CatchAction"/><ReadOnly>false</ReadOnly><AlertXMLAssigned>false</AlertXMLAssigned></ContextItem><ContextItem><Name>Event_Logger_Transaction_Call_TraceabilityInputDataTrx_Fail</Name><Description/><MinRange>0</MinRange><MaxRange>0</MaxRange><Value xsi:type="EventLogger"><Message/><Source>UserEvent</Source><EventType>ERROR</EventType></Value><ReadOnly>false</ReadOnly><AlertXMLAssigned>false</AlertXMLAssigned></ContextItem><ContextItem><Name>Conditional_Event_Logger_Testing</Name><Description/><MinRange>0</MinRange><MaxRange>0</MaxRange><Value xsi:type="ConditionalAction"><Output>false</Output><InputCount>2</InputCount><LogicalAnd>true</LogicalAnd><Input1>false</Input1><Input2>false</Input2></Value><ReadOnly>false</ReadOnly><AlertXMLAssigned>false</AlertXMLAssigned></ContextItem><ContextItem><Name>Conditional_CheckInputXML</Name><Description/><MinRange>0</MinRange><MaxRange>0</MaxRange><Value xsi:type="ConditionalAction"><Output>false</Output><InputCount>4</InputCount><LogicalAnd>true</LogicalAnd><Input1>false</Input1><Input2>false</Input2><Input3>false</Input3><Input4>false</Input4></Value><ReadOnly>false</ReadOnly><AlertXMLAssigned>false</AlertXMLAssigned></ContextItem><ContextItem><Name>Event_Logger_Input_Failure</Name><Description/><MinRange>0</MinRange><MaxRange>0</MaxRange><Value xsi:type="EventLogger"><Message/><Source>UserEvent</Source><EventType>ERROR</EventType></Value><ReadOnly>false</ReadOnly><AlertXMLAssigned>false</AlertXMLAssigned></ContextItem><ContextItem><Name>Conditional_CheckForDuplicateHeads</Name><Description/><MinRange>0</MinRange><MaxRange>0</MaxRange><Value xsi:type="ConditionalAction"><Output>false</Output><InputCount>1</InputCount><LogicalAnd>true</LogicalAnd><Input1>false</Input1></Value><ReadOnly>false</ReadOnly><AlertXMLAssigned>false</AlertXMLAssigned></ContextItem><ContextItem><Name>Event_Logger_DuplicateSFC</Name><Description/><MinRange>0</MinRange><MaxRange>0</MaxRange><Value xsi:type="EventLogger"><Message/><Source>UserEvent</Source><EventType>ERROR</EventType></Value><ReadOnly>false</ReadOnly><AlertXMLAssigned>false</AlertXMLAssigned></ContextItem><ContextItem><Name>Check_PLC_WB_Value_0</Name><Description/><MinRange>0</MinRange><MaxRange>0</MaxRange><Value xsi:type="ConditionalAction"><Output>false</Output><InputCount>1</InputCount><LogicalAnd>false</LogicalAnd><Input1>false</Input1></Value><ReadOnly>false</ReadOnly><AlertXMLAssigned>false</AlertXMLAssigned></ContextItem><ContextItem><Name>Assignment_PLC_WB_4</Name><Description/><MinRange>0</MinRange><MaxRange>0</MaxRange><Value xsi:type="Assignment"/><ReadOnly>false</ReadOnly><AlertXMLAssigned>false</AlertXMLAssigned></ContextItem><ContextItem><Name>Assignment_PLC_WB_5</Name><Description/><MinRange>0</MinRange><MaxRange>0</MaxRange><Value xsi:type="Assignment"/><ReadOnly>false</ReadOnly><AlertXMLAssigned>false</AlertXMLAssigned></ContextItem><ContextItem><Name>Event_Logger_Heads_not_pair</Name><Description/><MinRange>0</MinRange><MaxRange>0</MaxRange><Value xsi:type="EventLogger"><Message/><Source>UserEvent</Source><EventType>ERROR</EventType></Value><ReadOnly>false</ReadOnly><AlertXMLAssigned>false</AlertXMLAssigned></ContextItem><ContextItem><Name>Assignment_PLC_WB_9</Name><Description/><MinRange>0</MinRange><MaxRange>0</MaxRange><Value xsi:type="Assignment"/><ReadOnly>false</ReadOnly><AlertXMLAssigned>false</AlertXMLAssigned></ContextItem><ContextItem><Name>Assignment_PLC_WB_12</Name><Description/><MinRange>0</MinRange><MaxRange>0</MaxRange><Value xsi:type="Assignment"/><ReadOnly>false</ReadOnly><AlertXMLAssigned>false</AlertXMLAssigned></ContextItem><ContextItem><Name>trxTraceability_0</Name><Description/><MinRange>0</MinRange><MaxRange>0</MaxRange><Value xsi:type="TransactionCall"><ResetState>false</ResetState><TransactionName>ProductionSupport/Venky/Manualtraceabilty/TRANSACTIONS/trxTraceability</TransactionName><Async>false</Async><Persist>INHERIT</Persist><LogLevel>INHERIT</LogLevel><LogType>INHERIT</LogType><StoreTransactionOutput>false</StoreTransactionOutput><Expiration>-1</Expiration><inNotificationXml><ReferenceDocumentSource/>&lt;?xml version="1.0" encoding="UTF-8"?&gt;&lt;NotificationMessage&gt;&#13;
    &lt;Header&gt;&#13;
        &lt;Name&gt;SOT_TRACEABILITY&lt;/Name&gt;&#13;
        &lt;Description/&gt;&#13;
        &lt;Destination&gt;PCOMonitoring&lt;/Destination&gt;&#13;
        &lt;CreatedDate&gt;2024-03-15T10:11:09&lt;/CreatedDate&gt;&#13;
        &lt;ID&gt;65e4ddb5-f3cb-4191-af31-3d42a8997001&lt;/ID&gt;&#13;
        &lt;Status&gt;Created&lt;/Status&gt;&#13;
    &lt;/Header&gt;&#13;
    &lt;Body&gt;&#13;
        &lt;Values&gt;&#13;
            &lt;assemblytype quality="None" timeStamp="0001-01-01T00:00:00.0000000" type="xsd:string"&gt;SERIALISED_PURCHASED&lt;/assemblytype&gt;&#13;
            &lt;facilityid quality="None" timeStamp="0001-01-01T00:00:00.0000000" type="xsd:string"&gt;&lt;![CDATA[9630]]&gt;&lt;/facilityid&gt;&#13;
            &lt;site quality="None" timeStamp="0001-01-01T00:00:00.0000000" type="xsd:string"&gt;1020&lt;/site&gt;&#13;
            &lt;partid quality="None" timeStamp="0001-01-01T00:00:00.0000000" type="xsd:string"&gt;10204259&lt;/partid&gt;&#13;
            &lt;supcompartid quality="None" timeStamp="0001-01-01T00:00:00.0000000" type="xsd:string"&gt;984614212345678180324073&lt;/supcompartid&gt;&#13;
            &lt;pcoserver quality="None" timeStamp="0001-01-01T00:00:00.0000000" type="xsd:string"&gt;&lt;![CDATA[NC11_ASY2]]&gt;&lt;/pcoserver&gt;&#13;
            &lt;tagid quality="None" timeStamp="0001-01-01T00:00:00.0000000" type="xsd:string"&gt;&lt;![CDATA[NC11_OP1030_T_9713.OP1030.9713-T]]&gt;&lt;/tagid&gt;&#13;
            &lt;plctimestamp quality="None" timeStamp="0001-01-01T00:00:00.0000000" type="xsd:string"&gt;&lt;![CDATA[33443]]&gt;&lt;/plctimestamp&gt;&#13;
        &lt;/Values&gt;&#13;
    &lt;/Body&gt;&#13;
    &lt;Faults/&gt;&#13;
&lt;/NotificationMessage&gt;</inNotificationXml><outputXml><ReferenceDocumentSource/>&lt;?xml version="1.0" encoding="UTF-8"?&gt;&lt;xml&gt;&#13;
&lt;success/&gt;&#13;
&lt;message/&gt;&#13;
&lt;plc_com/&gt;&#13;
&lt;/xml&gt;</outputXml><EventLoggerFlag>false</EventLoggerFlag></Value><SchemaURI/><SchemaElement/><ValidateXMLOnExecution>1</ValidateXMLOnExecution><SchemaURI/><SchemaElement/><ValidateXMLOnExecution>1</ValidateXMLOnExecution><ReadOnly>false</ReadOnly><AlertXMLAssigned>false</AlertXMLAssigned></ContextItem><ContextItem><Name>trxTraceability_1</Name><Description/><MinRange>0</MinRange><MaxRange>0</MaxRange><Value xsi:type="TransactionCall"><ResetState>false</ResetState><TransactionName>NC11/TRACEABILITY/TRANSACTIONS/ASSEMBLY_HEADS/trxTraceability</TransactionName><Async>false</Async><Persist>INHERIT</Persist><LogLevel>INHERIT</LogLevel><LogType>INHERIT</LogType><StoreTransactionOutput>false</StoreTransactionOutput><Expiration>-1</Expiration><inNotificationXml><ReferenceDocumentSource/>&lt;?xml version="1.0" encoding="UTF-8"?&gt;&lt;NotificationMessage&gt;&#13;
&lt;Header&gt;&#13;
        &lt;Name/&gt;&#13;
&lt;Description/&gt;&#13;
        &lt;Destination/&gt;&#13;
        &lt;CreatedDate/&gt;&#13;
        &lt;ID/&gt;&#13;
        &lt;Status&gt;Created&lt;/Status&gt;&#13;
    &lt;/Header&gt;&#13;
&lt;Body&gt;&#13;
        &lt;Values&gt;&#13;
&lt;facilityid/&gt;&#13;
&lt;pcoserver/&gt;&#13;
&lt;tagid/&gt;&#13;
&lt;partid/&gt;&#13;
&lt;supcompartid/&gt;&#13;
&lt;plctimestamp/&gt;&#13;
&lt;assemblytype/&gt;&#13;
&lt;/Values&gt;&#13;
    &lt;/Body&gt;&#13;
&lt;/NotificationMessage&gt;</inNotificationXml><outputXml><ReferenceDocumentSource/>&lt;?xml version="1.0" encoding="UTF-8"?&gt;&lt;xml&gt;&#13;
&lt;success/&gt;&#13;
&lt;message/&gt;&#13;
&lt;plc_com/&gt;&#13;
&lt;/xml&gt;</outputXml></Value><SchemaURI/><SchemaElement/><ValidateXMLOnExecution>1</ValidateXMLOnExecution><SchemaURI/><SchemaElement/><ValidateXMLOnExecution>1</ValidateXMLOnExecution><ReadOnly>false</ReadOnly><AlertXMLAssigned>false</AlertXMLAssigned></ContextItem><ContextItem><Name>Check_PLC_WB_Value_4</Name><Description/><MinRange>0</MinRange><MaxRange>0</MaxRange><Value xsi:type="ConditionalAction"><Output>false</Output><InputCount>1</InputCount><LogicalAnd>false</LogicalAnd><Input1>false</Input1></Value><ReadOnly>false</ReadOnly><AlertXMLAssigned>false</AlertXMLAssigned></ContextItem><ContextItem><Name>Conditional_0</Name><Description/><MinRange>0</MinRange><MaxRange>0</MaxRange><Value xsi:type="ConditionalAction"><Output>false</Output><InputCount>2</InputCount><LogicalAnd>true</LogicalAnd><Input1>false</Input1><Input2>false</Input2></Value><ReadOnly>false</ReadOnly><AlertXMLAssigned>false</AlertXMLAssigned></ContextItem><ContextItem><Name>Assignment_PLC_WB_26</Name><Description/><MinRange>0</MinRange><MaxRange>0</MaxRange><Value xsi:type="Assignment"/><ReadOnly>false</ReadOnly><AlertXMLAssigned>false</AlertXMLAssigned></ContextItem><ContextItem><Name>Event_Logger_Assembly_Fail_0</Name><Description/><MinRange>0</MinRange><MaxRange>0</MaxRange><Value xsi:type="EventLogger"><Message/><Source>UserEvent</Source><EventType>ERROR</EventType></Value><ReadOnly>false</ReadOnly><AlertXMLAssigned>false</AlertXMLAssigned></ContextItem><ContextItem><Name>Conditional_1</Name><Description/><MinRange>0</MinRange><MaxRange>0</MaxRange><Value xsi:type="ConditionalAction"><Output>false</Output><InputCount>2</InputCount><LogicalAnd>true</LogicalAnd><Input1>false</Input1><Input2>false</Input2></Value><ReadOnly>false</ReadOnly><AlertXMLAssigned>false</AlertXMLAssigned></ContextItem><ContextItem><Name>Assignment_PLC_WB_27</Name><Description/><MinRange>0</MinRange><MaxRange>0</MaxRange><Value xsi:type="Assignment"/><ReadOnly>false</ReadOnly><AlertXMLAssigned>false</AlertXMLAssigned></ContextItem><ContextItem><Name>Assignment_PLC_WB_28</Name><Description/><MinRange>0</MinRange><MaxRange>0</MaxRange><Value xsi:type="Assignment"/><ReadOnly>false</ReadOnly><AlertXMLAssigned>false</AlertXMLAssigned></ContextItem><ContextItem><Name>Event_Logger_Assembly_Fail_2</Name><Description/><MinRange>0</MinRange><MaxRange>0</MaxRange><Value xsi:type="EventLogger"><Message/><Source>UserEvent</Source><EventType>ERROR</EventType></Value><ReadOnly>false</ReadOnly><AlertXMLAssigned>false</AlertXMLAssigned></ContextItem><ContextItem><Name>Check_PLC_WB_Value_5</Name><Description/><MinRange>0</MinRange><MaxRange>0</MaxRange><Value xsi:type="ConditionalAction"><Output>false</Output><InputCount>1</InputCount><LogicalAnd>false</LogicalAnd><Input1>false</Input1></Value><ReadOnly>false</ReadOnly><AlertXMLAssigned>false</AlertXMLAssigned></ContextItem><ContextItem><Name>Check_PLC_WB_Value_6</Name><Description/><MinRange>0</MinRange><MaxRange>0</MaxRange><Value xsi:type="ConditionalAction"><Output>false</Output><InputCount>1</InputCount><LogicalAnd>false</LogicalAnd><Input1>false</Input1></Value><ReadOnly>false</ReadOnly><AlertXMLAssigned>false</AlertXMLAssigned></ContextItem><ContextItem><Name>Assignment_AssemblyTrx_0</Name><Description/><MinRange>0</MinRange><MaxRange>0</MaxRange><Value xsi:type="Assignment"/><ReadOnly>false</ReadOnly><AlertXMLAssigned>false</AlertXMLAssigned></ContextItem><ContextItem><Name>Assignment_AssemblyTrx_1</Name><Description/><MinRange>0</MinRange><MaxRange>0</MaxRange><Value xsi:type="Assignment"/><ReadOnly>false</ReadOnly><AlertXMLAssigned>false</AlertXMLAssigned></ContextItem><ContextItem><Name>trxAssembleSubAssyCompToMainSFC_0</Name><Description/><MinRange>0</MinRange><MaxRange>0</MaxRange><Value xsi:type="TransactionCall"><ResetState>false</ResetState><TransactionName>NC11/TRACEABILITY/TRANSACTIONS/trxAssembleSubAssyCompToMainSFC</TransactionName><Async>false</Async><Persist>INHERIT</Persist><LogLevel>INHERIT</LogLevel><LogType>INHERIT</LogType><StoreTransactionOutput>false</StoreTransactionOutput><Expiration>-1</Expiration><FacilityID/><SFC/><SubAssyComponent/></Value><ReadOnly>false</ReadOnly><AlertXMLAssigned>false</AlertXMLAssigned></ContextItem><ContextItem><Name>trxAssembleSubAssyCompToMainSFC_1</Name><Description/><MinRange>0</MinRange><MaxRange>0</MaxRange><Value xsi:type="TransactionCall"><ResetState>false</ResetState><TransactionName>NC11/TRACEABILITY/TRANSACTIONS/trxAssembleSubAssyCompToMainSFC</TransactionName><Async>false</Async><Persist>INHERIT</Persist><LogLevel>INHERIT</LogLevel><LogType>INHERIT</LogType><StoreTransactionOutput>false</StoreTransactionOutput><Expiration>-1</Expiration><FacilityID/><SFC/><SubAssyComponent/></Value><ReadOnly>false</ReadOnly><AlertXMLAssigned>false</AlertXMLAssigned></ContextItem><ContextItem><Name>Catch_10</Name><Description/><MinRange>0</MinRange><MaxRange>0</MaxRange><Value xsi:type="CatchAction"/><ReadOnly>false</ReadOnly><AlertXMLAssigned>false</AlertXMLAssigned></ContextItem><ContextItem><Name>Event_Logger_Assembly_Fail_1</Name><Description/><MinRange>0</MinRange><MaxRange>0</MaxRange><Value xsi:type="EventLogger"><Message/><Source>UserEvent</Source><EventType>ERROR</EventType></Value><ReadOnly>false</ReadOnly><AlertXMLAssigned>false</AlertXMLAssigned></ContextItem><ContextItem><Name>Catch_11</Name><Description/><MinRange>0</MinRange><MaxRange>0</MaxRange><Value xsi:type="CatchAction"/><ReadOnly>false</ReadOnly><AlertXMLAssigned>false</AlertXMLAssigned></ContextItem><ContextItem><Name>Event_Logger_Assembly_Fail_3</Name><Description/><MinRange>0</MinRange><MaxRange>0</MaxRange><Value xsi:type="EventLogger"><Message/><Source>UserEvent</Source><EventType>ERROR</EventType></Value><ReadOnly>false</ReadOnly><AlertXMLAssigned>false</AlertXMLAssigned></ContextItem><ContextItem><Name>Catch_12</Name><Description/><MinRange>0</MinRange><MaxRange>0</MaxRange><Value xsi:type="CatchAction"/><ReadOnly>false</ReadOnly><AlertXMLAssigned>false</AlertXMLAssigned></ContextItem><ContextItem><Name>Event_Logger_Assembly_Fail_4</Name><Description/><MinRange>0</MinRange><MaxRange>0</MaxRange><Value xsi:type="EventLogger"><Message/><Source>UserEvent</Source><EventType>ERROR</EventType></Value><ReadOnly>false</ReadOnly><AlertXMLAssigned>false</AlertXMLAssigned></ContextItem><ContextItem><Name>Catch_13</Name><Description/><MinRange>0</MinRange><MaxRange>0</MaxRange><Value xsi:type="CatchAction"/><ReadOnly>false</ReadOnly><AlertXMLAssigned>false</AlertXMLAssigned></ContextItem><ContextItem><Name>Event_Logger_Assembly_Fail_5</Name><Description/><MinRange>0</MinRange><MaxRange>0</MaxRange><Value xsi:type="EventLogger"><Message/><Source>UserEvent</Source><EventType>ERROR</EventType></Value><ReadOnly>false</ReadOnly><AlertXMLAssigned>false</AlertXMLAssigned></ContextItem><ContextItem><Name>TraceabilityWBDataTrx_0</Name><Description/><MinRange>0</MinRange><MaxRange>0</MaxRange><Value xsi:type="TransactionCall"><ResetState>true</ResetState><TransactionName>Troubleshooting/Traceability/TraceabilityWBDataTrx</TransactionName><Async>false</Async><Persist>INHERIT</Persist><LogLevel>INHERIT</LogLevel><LogType>INHERIT</LogType><StoreTransactionOutput>false</StoreTransactionOutput><Expiration>-1</Expiration><TroubleshootTraceabilityFlag>true</TroubleshootTraceabilityFlag><TRBL_HANDLE/><PLCCOM_WB_VAL/></Value><ReadOnly>false</ReadOnly><AlertXMLAssigned>false</AlertXMLAssigned></ContextItem><ContextItem><Name>Catch_5</Name><Description/><MinRange>0</MinRange><MaxRange>0</MaxRange><Value xsi:type="CatchAction"/><ReadOnly>false</ReadOnly><AlertXMLAssigned>false</AlertXMLAssigned></ContextItem><ContextItem><Name>Event_Logger_Transaction_Call_TraceabilityWBDataTrx_Fail_0</Name><Description/><MinRange>0</MinRange><MaxRange>0</MaxRange><Value xsi:type="EventLogger"><Message/><Source>UserEvent</Source><EventType>ERROR</EventType></Value><ReadOnly>false</ReadOnly><AlertXMLAssigned>false</AlertXMLAssigned></ContextItem><ContextItem><Name>Assignment_LocalVariables</Name><Description/><MinRange>0</MinRange><MaxRange>0</MaxRange><Value xsi:type="Assignment"/><ReadOnly>false</ReadOnly><AlertXMLAssigned>false</AlertXMLAssigned></ContextItem><ContextItem><Name>HeadValidation_0</Name><Description/><MinRange>0</MinRange><MaxRange>0</MaxRange><Value xsi:type="TransactionCall"><ResetState>false</ResetState><TransactionName>NC11/TRACEABILITY/TRANSACTIONS/ASSEMBLY_HEADS/HeadValidation</TransactionName><Async>false</Async><Persist>INHERIT</Persist><LogLevel>INHERIT</LogLevel><LogType>INHERIT</LogType><StoreTransactionOutput>false</StoreTransactionOutput><Expiration>-1</Expiration><inSFC/><inSFCHandle/><inObjectAlias_CustomData/></Value><ReadOnly>false</ReadOnly><AlertXMLAssigned>false</AlertXMLAssigned></ContextItem><ContextItem><Name>Catch_0</Name><Description/><MinRange>0</MinRange><MaxRange>0</MaxRange><Value xsi:type="CatchAction"/><ReadOnly>false</ReadOnly><AlertXMLAssigned>false</AlertXMLAssigned></ContextItem><ContextItem><Name>Event_Logger_HeadValidation_0</Name><Description/><MinRange>0</MinRange><MaxRange>0</MaxRange><Value xsi:type="EventLogger"><Message/><Source>UserEvent</Source><EventType>INFO</EventType></Value><ReadOnly>false</ReadOnly><AlertXMLAssigned>false</AlertXMLAssigned></ContextItem><ContextItem><Name>Assignment_PLC_WB_8</Name><Description/><MinRange>0</MinRange><MaxRange>0</MaxRange><Value xsi:type="Assignment"/><ReadOnly>false</ReadOnly><AlertXMLAssigned>false</AlertXMLAssigned></ContextItem><ContextItem><Name>HeadValidation_1</Name><Description/><MinRange>0</MinRange><MaxRange>0</MaxRange><Value xsi:type="TransactionCall"><ResetState>false</ResetState><TransactionName>NC11/TRACEABILITY/TRANSACTIONS/ASSEMBLY_HEADS/HeadValidation</TransactionName><Async>false</Async><Persist>INHERIT</Persist><LogLevel>INHERIT</LogLevel><LogType>INHERIT</LogType><StoreTransactionOutput>false</StoreTransactionOutput><Expiration>-1</Expiration><inSFC/><inSFCHandle/><inObjectAlias_CustomData/></Value><ReadOnly>false</ReadOnly><AlertXMLAssigned>false</AlertXMLAssigned></ContextItem><ContextItem><Name>Catch_1</Name><Description/><MinRange>0</MinRange><MaxRange>0</MaxRange><Value xsi:type="CatchAction"/><ReadOnly>false</ReadOnly><AlertXMLAssigned>false</AlertXMLAssigned></ContextItem><ContextItem><Name>Event_Logger_HeadValidation_1</Name><Description/><MinRange>0</MinRange><MaxRange>0</MaxRange><Value xsi:type="EventLogger"><Message/><Source>UserEvent</Source><EventType>INFO</EventType></Value><ReadOnly>false</ReadOnly><AlertXMLAssigned>false</AlertXMLAssigned></ContextItem><ContextItem><Name>Assignment_PLC_WB_13</Name><Description/><MinRange>0</MinRange><MaxRange>0</MaxRange><Value xsi:type="Assignment"/><ReadOnly>false</ReadOnly><AlertXMLAssigned>false</AlertXMLAssigned></ContextItem><ContextItem><Name>Assignment_PLC_WB_14</Name><Description/><MinRange>0</MinRange><MaxRange>0</MaxRange><Value xsi:type="Assignment"/><ReadOnly>false</ReadOnly><AlertXMLAssigned>false</AlertXMLAssigned></ContextItem><ContextItem><Name>Assignment_PLC_WB_15</Name><Description/><MinRange>0</MinRange><MaxRange>0</MaxRange><Value xsi:type="Assignment"/><ReadOnly>false</ReadOnly><AlertXMLAssigned>false</AlertXMLAssigned></ContextItem><ContextItem><Name>Assignment_PLC_WB_16</Name><Description/><MinRange>0</MinRange><MaxRange>0</MaxRange><Value xsi:type="Assignment"/><ReadOnly>false</ReadOnly><AlertXMLAssigned>false</AlertXMLAssigned></ContextItem><ContextItem><Name>Assignment_PLC_WB_17</Name><Description/><MinRange>0</MinRange><MaxRange>0</MaxRange><Value xsi:type="Assignment"/><ReadOnly>false</ReadOnly><AlertXMLAssigned>false</AlertXMLAssigned></ContextItem><ContextItem><Name>Check_PLC_WB_Value_1</Name><Description/><MinRange>0</MinRange><MaxRange>0</MaxRange><Value xsi:type="ConditionalAction"><Output>false</Output><InputCount>1</InputCount><LogicalAnd>false</LogicalAnd><Input1>false</Input1></Value><ReadOnly>false</ReadOnly><AlertXMLAssigned>false</AlertXMLAssigned></ContextItem><ContextItem><Name>SAPME_PAPI_Read_CustomData_0</Name><Description/><MinRange>0</MinRange><MaxRange>0</MaxRange><Value xsi:type="SAPMEPAPIInterface"><Request><ReferenceDocumentSource/>&lt;?xml version="1.0" encoding="UTF-8"?&gt;&lt;common:serviceInvocationRequests xmlns:common="http://www.sap.com/me/common" xmlns:customdata="http://www.sap.com/me/customdata"&gt;&#13;
  &lt;common:serviceInvocationRequest&gt;&#13;
    &lt;moduleId&gt;com.sap.me.customdata&lt;/moduleId&gt;&#13;
    &lt;serviceName&gt;CustomDataService&lt;/serviceName&gt;&#13;
    &lt;methodName&gt;readCustomDataForObject&lt;/methodName&gt;&#13;
    &lt;requests xmlns:xsi="http://www.w3.org/2001/XMLSchema-instance" xsi:type="customdata:ReadCustomDataRequest"&gt;&#13;
      &lt;ref&gt;&#13;
        &lt;reference type=""/&gt;&#13;
      &lt;/ref&gt;&#13;
      &lt;objectAlias&gt;&#13;
        &lt;!--string value--&gt;&#13;
      &lt;/objectAlias&gt;&#13;
    &lt;/requests&gt;&#13;
  &lt;/common:serviceInvocationRequest&gt;&#13;
&lt;/common:serviceInvocationRequests&gt;</Request><Response><ReferenceDocumentSource/>&lt;?xml version="1.0" encoding="UTF-8"?&gt;&lt;common:serviceInvocationResponses xmlns:common="http://www.sap.com/me/common" xmlns:customdata="http://www.sap.com/me/customdata"&gt;&#13;
  &lt;serviceInvocationResponse&gt;&#13;
    &lt;common:serviceMethodId&gt;com.sap.me.customdata$CustomDataService#readCustomDataForObject&lt;/common:serviceMethodId&gt;&#13;
    &lt;responses xmlns:xsi="http://www.w3.org/2001/XMLSchema-instance" xsi:type="common:CustomValue"&gt;&#13;
      &lt;name&gt;string value&lt;/name&gt;&#13;
      &lt;value xmlns:xs="http://www.w3.org/2001/XMLSchema" xsi:type="xs:string"&gt;string object value&lt;/value&gt;&#13;
    &lt;/responses&gt;&#13;
  &lt;/serviceInvocationResponse&gt;&#13;
&lt;/common:serviceInvocationResponses&gt;</Response><CredentialAlias/><SelectedModule>com.sap.me.customdata</SelectedModule><SelectedService>CustomDataService</SelectedService><SelectedMethod>readCustomDataForObject</SelectedMethod><Site/><MEUser/></Value><SchemaURI/><SchemaElement/><ValidateXMLOnExecution>1</ValidateXMLOnExecution><SchemaURI/><SchemaElement/><ValidateXMLOnExecution>1</ValidateXMLOnExecution><ReadOnly>false</ReadOnly><AlertXMLAssigned>false</AlertXMLAssigned></ContextItem><ContextItem><Name>Catch_2</Name><Description/><MinRange>0</MinRange><MaxRange>0</MaxRange><Value xsi:type="CatchAction"/><ReadOnly>false</ReadOnly><AlertXMLAssigned>false</AlertXMLAssigned></ContextItem><ContextItem><Name>Event_Logger_Papi_fail_readCustomData_0</Name><Description/><MinRange>0</MinRange><MaxRange>0</MaxRange><Value xsi:type="EventLogger"><Message/><Source>UserEvent</Source><EventType>ERROR</EventType></Value><ReadOnly>false</ReadOnly><AlertXMLAssigned>false</AlertXMLAssigned></ContextItem><ContextItem><Name>SAPME_PAPI_Read_CustomData_1</Name><Description/><MinRange>0</MinRange><MaxRange>0</MaxRange><Value xsi:type="SAPMEPAPIInterface"><Request><ReferenceDocumentSource/>&lt;?xml version="1.0" encoding="UTF-8"?&gt;&lt;common:serviceInvocationRequests xmlns:common="http://www.sap.com/me/common" xmlns:customdata="http://www.sap.com/me/customdata"&gt;&#13;
  &lt;common:serviceInvocationRequest&gt;&#13;
    &lt;moduleId&gt;com.sap.me.customdata&lt;/moduleId&gt;&#13;
    &lt;serviceName&gt;CustomDataService&lt;/serviceName&gt;&#13;
    &lt;methodName&gt;readCustomDataForObject&lt;/methodName&gt;&#13;
    &lt;requests xmlns:xsi="http://www.w3.org/2001/XMLSchema-instance" xsi:type="customdata:ReadCustomDataRequest"&gt;&#13;
      &lt;ref&gt;&#13;
        &lt;reference type=""/&gt;&#13;
      &lt;/ref&gt;&#13;
      &lt;objectAlias&gt;&#13;
        &lt;!--string value--&gt;&#13;
      &lt;/objectAlias&gt;&#13;
    &lt;/requests&gt;&#13;
  &lt;/common:serviceInvocationRequest&gt;&#13;
&lt;/common:serviceInvocationRequests&gt;</Request><Response><ReferenceDocumentSource/>&lt;?xml version="1.0" encoding="UTF-8"?&gt;&lt;common:serviceInvocationResponses xmlns:common="http://www.sap.com/me/common" xmlns:customdata="http://www.sap.com/me/customdata"&gt;&#13;
  &lt;serviceInvocationResponse&gt;&#13;
    &lt;common:serviceMethodId&gt;com.sap.me.customdata$CustomDataService#readCustomDataForObject&lt;/common:serviceMethodId&gt;&#13;
    &lt;responses xmlns:xsi="http://www.w3.org/2001/XMLSchema-instance" xsi:type="common:CustomValue"&gt;&#13;
      &lt;name&gt;string value&lt;/name&gt;&#13;
      &lt;value xmlns:xs="http://www.w3.org/2001/XMLSchema" xsi:type="xs:string"&gt;string object value&lt;/value&gt;&#13;
    &lt;/responses&gt;&#13;
  &lt;/serviceInvocationResponse&gt;&#13;
&lt;/common:serviceInvocationResponses&gt;</Response><CredentialAlias/><SelectedModule>com.sap.me.customdata</SelectedModule><SelectedService>CustomDataService</SelectedService><SelectedMethod>readCustomDataForObject</SelectedMethod><Site/><MEUser/></Value><SchemaURI/><SchemaElement/><ValidateXMLOnExecution>1</ValidateXMLOnExecution><SchemaURI/><SchemaElement/><ValidateXMLOnExecution>1</ValidateXMLOnExecution><ReadOnly>false</ReadOnly><AlertXMLAssigned>false</AlertXMLAssigned></ContextItem><ContextItem><Name>Catch_3</Name><Description/><MinRange>0</MinRange><MaxRange>0</MaxRange><Value xsi:type="CatchAction"/><ReadOnly>false</ReadOnly><AlertXMLAssigned>false</AlertXMLAssigned></ContextItem><ContextItem><Name>Event_Logger_Papi_fail_readCustomData_1</Name><Description/><MinRange>0</MinRange><MaxRange>0</MaxRange><Value xsi:type="EventLogger"><Message/><Source>UserEvent</Source><EventType>ERROR</EventType></Value><ReadOnly>false</ReadOnly><AlertXMLAssigned>false</AlertXMLAssigned></ContextItem><ContextItem><Name>Check_PLC_WB_Value_2</Name><Description/><MinRange>0</MinRange><MaxRange>0</MaxRange><Value xsi:type="ConditionalAction"><Output>false</Output><InputCount>1</InputCount><LogicalAnd>false</LogicalAnd><Input1>false</Input1></Value><ReadOnly>false</ReadOnly><AlertXMLAssigned>false</AlertXMLAssigned></ContextItem><ContextItem><Name>Assignment_PLC_WB_18</Name><Description/><MinRange>0</MinRange><MaxRange>0</MaxRange><Value xsi:type="Assignment"/><ReadOnly>false</ReadOnly><AlertXMLAssigned>false</AlertXMLAssigned></ContextItem><ContextItem><Name>Assignment_PLC_WB_19</Name><Description/><MinRange>0</MinRange><MaxRange>0</MaxRange><Value xsi:type="Assignment"/><ReadOnly>false</ReadOnly><AlertXMLAssigned>false</AlertXMLAssigned></ContextItem><ContextItem><Name>Check_PLC_WB_Value_and_Match_CustomData</Name><Description/><MinRange>0</MinRange><MaxRange>0</MaxRange><Value xsi:type="ConditionalAction"><Output>false</Output><InputCount>3</InputCount><LogicalAnd>true</LogicalAnd><Input1>false</Input1><Input2>false</Input2><Input3>false</Input3></Value><ReadOnly>false</ReadOnly><AlertXMLAssigned>false</AlertXMLAssigned></ContextItem><ContextItem><Name>Assign_failtracealityTrx</Name><Description/><MinRange>0</MinRange><MaxRange>0</MaxRange><Value xsi:type="Assignment"/><ReadOnly>false</ReadOnly><AlertXMLAssigned>false</AlertXMLAssigned></ContextItem><ContextItem><Name>Assign_failmsg</Name><Description/><MinRange>0</MinRange><MaxRange>0</MaxRange><Value xsi:type="Assignment"/><ReadOnly>false</ReadOnly><AlertXMLAssigned>false</AlertXMLAssigned></ContextItem><ContextItem><Name>Assign_Output</Name><Description/><MinRange>0</MinRange><MaxRange>0</MaxRange><Value xsi:type="Assignment"/><ReadOnly>false</ReadOnly><AlertXMLAssigned>false</AlertXMLAssigned></ContextItem></Actions><ReaderRoles>SAP_XMII_Super_Administrator,SAP_XMII_Administrator,SAP_XMII_Developer,SAP_XMII_User</ReaderRoles><Steps><Step xsi:type="ActionSequence"><Name>Trx to assemble the pair of heads to NC11 engine after sanity checks</Name><Description/><Steps><Step xsi:type="Conditional"><Name>Troubleshooting</Name><Description/><Steps><Step xsi:type="ActionSequence"><Name>Sequence_13</Name><Description/><Steps><Step xsi:type="ActionSequence"><Name>Sequence_11</Name><Description/><Steps><Step xsi:type="Catch"><Name>Sequence_44</Name><Description/><Steps><Step xsi:type="ActionSequence"><Name>Sequence_59</Name><Description/><Steps><Step xsi:type="ActionSequence"><Name>Sequence_3</Name><Description/><Steps/><Actions><Action><Name>Assign_failtracealityTrx</Name><Description> </Description><IncomingLinks/><OutgoingLinks><Assign xsi:type="Assign"><Name/><Description/><To>Transaction.Outputxml{/xml/message}</To><From>"Error: "&amp;Local.TrxName&amp;"."&amp;TraceabilityInputDataTrx_0.TransactionName&amp;"call Failed. Message:"&amp;TraceabilityInputDataTrx_0.LastErrorMessage</From></Assign><Assign xsi:type="Assign"><Name/><Description/><To>Transaction.Outputxml{/xml/success}</To><From>"E"</From></Assign></OutgoingLinks></Action></Actions></Step></Steps><Actions><Action><Name>Event_Logger_Transaction_Call_TraceabilityInputDataTrx_Fail</Name><Description> </Description><IncomingLinks><Assign xsi:type="Assign"><Name/><Description/><To>Event_Logger_Transaction_Call_TraceabilityInputDataTrx_Fail.Message</To><From>"Error: "&amp;Local.TrxName&amp;"."&amp;TraceabilityInputDataTrx_0.TransactionName&amp;"call Failed. Message:"&amp;TraceabilityInputDataTrx_0.LastErrorMessage</From></Assign></IncomingLinks><OutgoingLinks/></Action></Actions></Step></Steps><Actions><Action><Name>Catch_Transaction_Call_TraceabilityInputDataTrx_Fail</Name><Description>Catches an exception</Description><IncomingLinks/><OutgoingLinks/></Action></Actions></Step></Steps><Actions><Action><Name>TraceabilityInputDataTrx_0</Name><Description> </Description><IncomingLinks><Assign xsi:type="Assign"><Name/><Description/><To>TraceabilityInputDataTrx_0.InputXml</To><From>Local.Trblshoot_XML</From></Assign><Assign xsi:type="Assign"><Name/><Description/><To>TraceabilityInputDataTrx_0.Site</To><From>Persistent.SAPME_Site</From></Assign></IncomingLinks><OutgoingLinks/></Action></Actions></Step></Steps><Actions><Action><Name>Assignment_localXML</Name><Description> </Description><IncomingLinks/><OutgoingLinks><Assign xsi:type="Assign"><Name/><Description/><To>Local.Trblshoot_XML{/NotificationMessage/Body/Values/partid}</To><From>stringtrim(Transaction.InputXML{/NotificationMessage/Body/Values/partid})</From></Assign><Assign xsi:type="Assign"><Name/><Description/><To>Local.Trblshoot_XML{/NotificationMessage/Body/Values/supcompartid}</To><From>stringtrim(Transaction.InputXML{/NotificationMessage/Body/Values/supcompartid2})</From></Assign><Assign xsi:type="Assign"><Name/><Description/><To>Local.Trblshoot_XML{/NotificationMessage/Body/Values/subcompartid}</To><From>stringtrim(Transaction.InputXML{/NotificationMessage/Body/Values/supcompartid1})</From></Assign><Assign xsi:type="Assign"><Name/><Description/><To>Local.Trblshoot_XML{/NotificationMessage/Body/Values/facilityid}</To><From>stringtrim(Transaction.InputXML{/NotificationMessage/Body/Values/facilityid})</From></Assign><Assign xsi:type="Assign"><Name/><Description/><To>Local.Trblshoot_XML{/NotificationMessage/Body/Values/telegramtyp}</To><From>stringtrim(Transaction.InputXML{/NotificationMessage/Body/Values/telegramtyp})</From></Assign><Assign xsi:type="Assign"><Name/><Description/><To>Local.Trblshoot_XML{/NotificationMessage/Body/Values/plccom}</To><From>stringtrim(Transaction.InputXML{/NotificationMessage/Body/Values/plccom})</From></Assign><Assign xsi:type="Assign"><Name/><Description/><To>Local.Trblshoot_XML{/NotificationMessage/Header/ID}</To><From>stringtrim(Transaction.InputXML{/NotificationMessage/Header/ID})</From></Assign><Assign xsi:type="Assign"><Name/><Description/><To>Local.Trblshoot_XML{/NotificationMessage/Header/Name}</To><From>stringtrim(Transaction.InputXML{/NotificationMessage/Header/Name})</From></Assign><Assign xsi:type="Assign"><Name/><Description/><To>Local.Trblshoot_XML{/NotificationMessage/Body/Values/pcoserver}</To><From>stringtrim(Transaction.InputXML{/NotificationMessage/Body/Values/pcoserver})</From></Assign><Assign xsi:type="Assign"><Name/><Description/><To>Local.Trblshoot_XML{/NotificationMessage/Body/Values/plctimestamp}</To><From>stringtrim(Transaction.InputXML{/NotificationMessage/Body/Values/plctimestamp})</From></Assign></OutgoingLinks></Action></Actions></Step></Steps><Actions><Action><Name>Conditional_Event_Logger_Testing</Name><Description> </Description><IncomingLinks><Assign xsi:type="Assign"><Name/><Description/><To>Conditional_Event_Logger_Testing.Input1</To><From>Globals.GlobalEventLoggerFlag==1</From></Assign><Assign xsi:type="Assign"><Name/><Description/><To>Conditional_Event_Logger_Testing.Input2</To><From>Transaction.EventLoggerFlag==1</From></Assign></IncomingLinks><OutgoingLinks/></Action></Actions></Step><Step xsi:type="ActionSequence"><Name>Assign local variables</Name><Description/><Steps><Step xsi:type="Conditional"><Name>Check if XML tags not empty</Name><Description/><Steps><Step xsi:type="Conditional"><Name>Sequence_4</Name><Description/><Steps><Step xsi:type="ActionSequence"><Name>.</Name><Description/><Steps><Step xsi:type="ActionSequence"><Name>Check id head1 exist</Name><Description/><Steps><Step xsi:type="Catch"><Name>Sequence_1</Name><Description/><Steps><Step xsi:type="ActionSequence"><Name>Sequence_6</Name><Description/><Steps><Step xsi:type="ActionSequence"><Name>Sequence_8</Name><Description/><Steps/><Actions><Action><Name>Assignment_PLC_WB_8</Name><Description> </Description><IncomingLinks/><OutgoingLinks><Assign xsi:type="Assign"><Name/><Description/><To>Local.PLC_WB</To><From>4</From></Assign><Assign xsi:type="Assign"><Name/><Description/><To>Transaction.Outputxml{/xml/message}</To><From>"Error in Trx "&amp;HeadValidation_0.TransactionName&amp;", Message: "&amp;HeadValidation_0.LastErrorMessage</From></Assign><Assign xsi:type="Assign"><Name/><Description/><To>Transaction.Outputxml{/xml/success}</To><From>"E"</From></Assign></OutgoingLinks></Action></Actions></Step></Steps><Actions><Action><Name>Event_Logger_HeadValidation_0</Name><Description> </Description><IncomingLinks><Assign xsi:type="Assign"><Name/><Description/><To>Event_Logger_HeadValidation_0.Message</To><From>"Error in Trx "&amp;HeadValidation_0.TransactionName&amp;", Message: "&amp;HeadValidation_0.LastErrorMessage</From></Assign></IncomingLinks><OutgoingLinks/></Action></Actions></Step></Steps><Actions><Action><Name>Catch_0</Name><Description>Catches an exception</Description><IncomingLinks/><OutgoingLinks/></Action></Actions></Step></Steps><Actions><Action><Name>HeadValidation_0</Name><Description> </Description><IncomingLinks><Assign xsi:type="Assign"><Name/><Description/><To>HeadValidation_0.inSFC</To><From>Local.Head1</From></Assign><Assign xsi:type="Assign"><Name/><Description/><To>HeadValidation_0.inSFCHandle</To><From>Local.Head1_SFCHandle</From></Assign><Assign xsi:type="Assign"><Name/><Description/><To>HeadValidation_0.inObjectAlias_CustomData</To><From>Local.ObjectAlias_CustomData</From></Assign></IncomingLinks><OutgoingLinks><Assign xsi:type="Assign"><Name/><Description/><To>Local.PLC_WB</To><From>HeadValidation_0.out_PLC_WB</From></Assign></OutgoingLinks></Action></Actions></Step><Step xsi:type="Conditional"><Name>Check if head2 Exist</Name><Description/><Steps><Step xsi:type="ActionSequence"><Name>..</Name><Description/><Steps><Step xsi:type="Catch"><Name>Sequence_2</Name><Description/><Steps><Step xsi:type="ActionSequence"><Name>Sequence_9</Name><Description/><Steps><Step xsi:type="ActionSequence"><Name>Sequence_29</Name><Description/><Steps/><Actions><Action><Name>Assignment_PLC_WB_13</Name><Description> </Description><IncomingLinks/><OutgoingLinks><Assign xsi:type="Assign"><Name/><Description/><To>Local.PLC_WB</To><From>4</From></Assign><Assign xsi:type="Assign"><Name/><Description/><To>Transaction.Outputxml{/xml/message}</To><From>"Error in Trx "&amp;HeadValidation_1.TransactionName&amp;", Message: "&amp;HeadValidation_1.LastErrorMessage</From></Assign><Assign xsi:type="Assign"><Name/><Description/><To>Transaction.Outputxml{/xml/success}</To><From>"E"</From></Assign></OutgoingLinks></Action></Actions></Step></Steps><Actions><Action><Name>Event_Logger_HeadValidation_1</Name><Description> </Description><IncomingLinks><Assign xsi:type="Assign"><Name/><Description/><To>Event_Logger_HeadValidation_1.Message</To><From>"Error in Trx "&amp;HeadValidation_1.TransactionName&amp;", Message: "&amp;HeadValidation_1.LastErrorMessage</From></Assign></IncomingLinks><OutgoingLinks/></Action></Actions></Step></Steps><Actions><Action><Name>Catch_1</Name><Description>Catches an exception</Description><IncomingLinks/><OutgoingLinks/></Action></Actions></Step></Steps><Actions><Action><Name>HeadValidation_1</Name><Description> </Description><IncomingLinks><Assign xsi:type="Assign"><Name/><Description/><To>HeadValidation_1.inSFC</To><From>Local.Head2</From></Assign><Assign xsi:type="Assign"><Name/><Description/><To>HeadValidation_1.inSFCHandle</To><From>Local.Head2_SFCHandle</From></Assign><Assign xsi:type="Assign"><Name/><Description/><To>HeadValidation_1.inObjectAlias_CustomData</To><From>Local.ObjectAlias_CustomData</From></Assign></IncomingLinks><OutgoingLinks><Assign xsi:type="Assign"><Name/><Description/><To>Local.PLC_WB</To><From>HeadValidation_1.out_PLC_WB</From></Assign></OutgoingLinks></Action></Actions></Step></Steps><Actions><Action><Name>Check_PLC_WB_Value_0</Name><Description> </Description><IncomingLinks><Assign xsi:type="Assign"><Name/><Description/><To>Check_PLC_WB_Value_0.Input1</To><From>Local.PLC_WB==0</From></Assign></IncomingLinks><OutgoingLinks/></Action></Actions></Step><Step xsi:type="Conditional"><Name>Sequence_16</Name><Description/><Steps><Step xsi:type="ActionSequence"><Name>Read Custom Data</Name><Description/><Steps><Step xsi:type="ActionSequence"><Name>read custom data for Head1</Name><Description/><Steps><Step xsi:type="Catch"><Name>Catch_readCustomData_0</Name><Description/><Steps><Step xsi:type="ActionSequence"><Name>Sequence_10</Name><Description/><Steps><Step xsi:type="ActionSequence"><Name>Sequence_43</Name><Description/><Steps/><Actions><Action><Name>Assignment_PLC_WB_18</Name><Description> </Description><IncomingLinks/><OutgoingLinks><Assign xsi:type="Assign"><Name/><Description/><To>Local.PLC_WB</To><From>4</From></Assign><Assign xsi:type="Assign"><Name/><Description/><To>Transaction.Outputxml{/xml/message}</To><From>"Error in Trx "&amp;Local.TrxName&amp;",readCustomDataForObject_0 PAPI Message:"&amp;SAPME_PAPI_Read_CustomData_0.Message</From></Assign><Assign xsi:type="Assign"><Name/><Description/><To>Transaction.Outputxml{/xml/success}</To><From>"E"</From></Assign></OutgoingLinks></Action></Actions></Step></Steps><Actions><Action><Name>Event_Logger_Papi_fail_readCustomData_0</Name><Description> </Description><IncomingLinks><Assign xsi:type="Assign"><Name/><Description/><To>Event_Logger_Papi_fail_readCustomData_0.Message</To><From>"Error in Trx "&amp;Local.TrxName&amp;",readCustomDataForObject_0 PAPI Message:"&amp;SAPME_PAPI_Read_CustomData_0.Message</From></Assign></IncomingLinks><OutgoingLinks/></Action></Actions></Step></Steps><Actions><Action><Name>Catch_2</Name><Description>Catches an exception</Description><IncomingLinks/><OutgoingLinks/></Action></Actions></Step></Steps><Actions><Action><Name>SAPME_PAPI_Read_CustomData_0</Name><Description>SAPME PAPI Interface</Description><IncomingLinks><Assign xsi:type="Assign"><Name/><Description/><To>SAPME_PAPI_Read_CustomData_0.Request{/common:serviceInvocationRequests/common:serviceInvocationRequest/requests/ref}</To><From>Local.Head1_SFCHandle</From></Assign><Assign xsi:type="Assign"><Name/><Description/><To>SAPME_PAPI_Read_CustomData_0.Request{/common:serviceInvocationRequests/common:serviceInvocationRequest/requests/objectAlias}</To><From>Local.ObjectAlias_CustomData</From></Assign><Assign xsi:type="Assign"><Name/><Description/><To>SAPME_PAPI_Read_CustomData_0.Site</To><From>Persistent.SAPME_Site</From></Assign><Assign xsi:type="Assign"><Name/><Description/><To>SAPME_PAPI_Read_CustomData_0.CredentialAlias</To><From>Persistent.SAP_ME_CredentialAlias</From></Assign></IncomingLinks><OutgoingLinks/></Action></Actions></Step><Step xsi:type="Conditional"><Name>Sequence_0</Name><Description/><Steps><Step xsi:type="ActionSequence"><Name>read custom data for Head2</Name><Description/><Steps><Step xsi:type="Catch"><Name>Catch_readCustomData_1</Name><Description/><Steps><Step xsi:type="ActionSequence"><Name>Sequence_12</Name><Description/><Steps><Step xsi:type="ActionSequence"><Name>Sequence_45</Name><Description/><Steps/><Actions><Action><Name>Assignment_PLC_WB_19</Name><Description> </Description><IncomingLinks/><OutgoingLinks><Assign xsi:type="Assign"><Name/><Description/><To>Local.PLC_WB</To><From>4</From></Assign><Assign xsi:type="Assign"><Name/><Description/><To>Transaction.Outputxml{/xml/message}</To><From>"Error in Trx "&amp;Local.TrxName&amp;",readCustomDataForObject_1 PAPI Message:"&amp;SAPME_PAPI_Read_CustomData_1.Message</From></Assign><Assign xsi:type="Assign"><Name/><Description/><To>Transaction.Outputxml{/xml/success}</To><From>"E"</From></Assign></OutgoingLinks></Action></Actions></Step></Steps><Actions><Action><Name>Event_Logger_Papi_fail_readCustomData_1</Name><Description> </Description><IncomingLinks><Assign xsi:type="Assign"><Name/><Description/><To>Event_Logger_Papi_fail_readCustomData_1.Message</To><From>"Error in Trx "&amp;Local.TrxName&amp;",readCustomDataForObject_1 PAPI Message:"&amp;SAPME_PAPI_Read_CustomData_1.Message</From></Assign></IncomingLinks><OutgoingLinks/></Action></Actions></Step></Steps><Actions><Action><Name>Catch_3</Name><Description>Catches an exception</Description><IncomingLinks/><OutgoingLinks/></Action></Actions></Step></Steps><Actions><Action><Name>SAPME_PAPI_Read_CustomData_1</Name><Description>SAPME PAPI Interface</Description><IncomingLinks><Assign xsi:type="Assign"><Name/><Description/><To>SAPME_PAPI_Read_CustomData_1.Request{/common:serviceInvocationRequests/common:serviceInvocationRequest/requests/ref}</To><From>Local.Head2_SFCHandle</From></Assign><Assign xsi:type="Assign"><Name/><Description/><To>SAPME_PAPI_Read_CustomData_1.Request{/common:serviceInvocationRequests/common:serviceInvocationRequest/requests/objectAlias}</To><From>Local.ObjectAlias_CustomData</From></Assign><Assign xsi:type="Assign"><Name/><Description/><To>SAPME_PAPI_Read_CustomData_1.Site</To><From>Persistent.SAPME_Site</From></Assign><Assign xsi:type="Assign"><Name/><Description/><To>SAPME_PAPI_Read_CustomData_1.CredentialAlias</To><From>Persistent.SAP_ME_CredentialAlias</From></Assign></IncomingLinks><OutgoingLinks/></Action></Actions></Step></Steps><Actions><Action><Name>Check_PLC_WB_Value_2</Name><Description> </Description><IncomingLinks><Assign xsi:type="Assign"><Name/><Description/><To>Check_PLC_WB_Value_2.Input1</To><From>Local.PLC_WB==0</From></Assign></IncomingLinks><OutgoingLinks/></Action></Actions></Step></Steps><Actions/></Step></Steps><Actions><Action><Name>Check_PLC_WB_Value_1</Name><Description> </Description><IncomingLinks><Assign xsi:type="Assign"><Name/><Description/><To>Check_PLC_WB_Value_1.Input1</To><From>Local.PLC_WB==0</From></Assign></IncomingLinks><OutgoingLinks/></Action></Actions></Step><Step xsi:type="Conditional"><Name>Sequence_88</Name><Description/><Steps><Step xsi:type="Conditional"><Name>Match Custom Data</Name><Description/><Steps><Step xsi:type="ActionSequence"><Name>Sequence_14</Name><Description/><Steps/><Actions><Action><Name>Assignment_PLC_WB_4</Name><Description> </Description><IncomingLinks/><OutgoingLinks><Assign xsi:type="Assign"><Name/><Description/><To>Local.PLC_WB</To><From>0</From></Assign></OutgoingLinks></Action></Actions></Step><Step xsi:type="ActionSequence"><Name>Sequence_15</Name><Description/><Steps><Step xsi:type="ActionSequence"><Name>Log Error- Heads are not a pair</Name><Description/><Steps/><Actions><Action><Name>Event_Logger_Heads_not_pair</Name><Description> </Description><IncomingLinks><Assign xsi:type="Assign"><Name/><Description/><To>Event_Logger_Heads_not_pair.Message</To><From>"Head1: "&amp;Local.Head1&amp;" and Head2: "&amp;Local.Head2&amp;" are not a pair."</From></Assign></IncomingLinks><OutgoingLinks/></Action></Actions></Step></Steps><Actions><Action><Name>Assignment_PLC_WB_5</Name><Description> </Description><IncomingLinks/><OutgoingLinks><Assign xsi:type="Assign"><Name/><Description/><To>Local.PLC_WB</To><From>44</From></Assign><Assign xsi:type="Assign"><Name/><Description/><To>Transaction.Outputxml{/xml/message}</To><From>"Head1: "&amp;Local.Head1&amp;" and Head2: "&amp;Local.Head2&amp;" are not a pair."</From></Assign><Assign xsi:type="Assign"><Name/><Description/><To>Transaction.Outputxml{/xml/success}</To><From>"E"</From></Assign></OutgoingLinks></Action></Actions></Step></Steps><Actions><Action><Name>Check_PLC_WB_Value_and_Match_CustomData</Name><Description> </Description><IncomingLinks><Assign xsi:type="Assign"><Name/><Description/><To>Check_PLC_WB_Value_and_Match_CustomData.Input1</To><From>(SAPME_PAPI_Read_CustomData_1.Response{/common:serviceInvocationResponses/serviceInvocationResponse/responses[name='#Local.CustomDataName#']/name}!="") 
or (SAPME_PAPI_Read_CustomData_0.Response{/common:serviceInvocationResponses/serviceInvocationResponse/responses[name='#Local.CustomDataName#']/name}!="")
or
(SAPME_PAPI_Read_CustomData_1.Response{/common:serviceInvocationResponses/serviceInvocationResponse/responses[name='#Local.CustomDataName#']/value}!="")
or
(SAPME_PAPI_Read_CustomData_0.Response{/common:serviceInvocationResponses/serviceInvocationResponse/responses[name='#Local.CustomDataName#']/value}!="")</From></Assign><Assign xsi:type="Assign"><Name/><Description/><To>Check_PLC_WB_Value_and_Match_CustomData.Input2</To><From>SAPME_PAPI_Read_CustomData_0.Response{/common:serviceInvocationResponses/serviceInvocationResponse/responses[name='#Local.CustomDataName#']/value}==SAPME_PAPI_Read_CustomData_1.Response{/common:serviceInvocationResponses/serviceInvocationResponse/responses[name='#Local.CustomDataName#']/value}</From></Assign><Assign xsi:type="Assign"><Name/><Description/><To>Check_PLC_WB_Value_and_Match_CustomData.Input3</To><From>SAPME_PAPI_Read_CustomData_1.Response{/common:serviceInvocationResponses/serviceInvocationResponse/responses[name='#Local.CustomDataName#']/name}==SAPME_PAPI_Read_CustomData_0.Response{/common:serviceInvocationResponses/serviceInvocationResponse/responses[name='#Local.CustomDataName#']/name}</From></Assign></IncomingLinks><OutgoingLinks/></Action></Actions></Step></Steps><Actions><Action><Name>Check_PLC_WB_Value_6</Name><Description> </Description><IncomingLinks><Assign xsi:type="Assign"><Name/><Description/><To>Check_PLC_WB_Value_6.Input1</To><From>Local.PLC_WB==0</From></Assign></IncomingLinks><OutgoingLinks/></Action></Actions></Step><Step xsi:type="ActionSequence"><Name>Assemble Heads to Engine</Name><Description/><Steps><Step xsi:type="Conditional"><Name>Sequence_87</Name><Description/><Steps><Step xsi:type="ActionSequence"><Name>Sequence_104</Name><Description/><Steps><Step xsi:type="ActionSequence"><Name>Assemble Head1</Name><Description/><Steps><Step xsi:type="Conditional"><Name>Sequence_50</Name><Description/><Steps><Step xsi:type="ActionSequence"><Name>Sequence_105</Name><Description/><Steps><Step xsi:type="Catch"><Name>Catch_assembly_fail_2</Name><Description/><Steps><Step xsi:type="ActionSequence"><Name>Sequence_107</Name><Description/><Steps><Step xsi:type="ActionSequence"><Name>Sequence_30</Name><Description/><Steps/><Actions><Action><Name>Assignment_PLC_WB_14</Name><Description> </Description><IncomingLinks/><OutgoingLinks><Assign xsi:type="Assign"><Name/><Description/><To>Local.PLC_WB</To><From>4</From></Assign><Assign xsi:type="Assign"><Name/><Description/><To>Transaction.Outputxml{/xml/message}</To><From>"Error in Trx "&amp;trxAssembleSubAssyCompToMainSFC_0.TransactionName&amp;",Error Message:"&amp;trxAssembleSubAssyCompToMainSFC_0.LastErrorMessage</From></Assign><Assign xsi:type="Assign"><Name/><Description/><To>Transaction.Outputxml{/xml/success}</To><From>"E"</From></Assign></OutgoingLinks></Action></Actions></Step></Steps><Actions><Action><Name>Event_Logger_Assembly_Fail_4</Name><Description> </Description><IncomingLinks><Assign xsi:type="Assign"><Name/><Description/><To>Event_Logger_Assembly_Fail_4.Message</To><From>"Error in Trx "&amp;trxAssembleSubAssyCompToMainSFC_0.TransactionName&amp;",Error Message:"&amp;trxAssembleSubAssyCompToMainSFC_0.LastErrorMessage</From></Assign></IncomingLinks><OutgoingLinks/></Action></Actions></Step></Steps><Actions><Action><Name>Catch_12</Name><Description>Catches an exception</Description><IncomingLinks/><OutgoingLinks/></Action></Actions></Step></Steps><Actions><Action><Name>trxAssembleSubAssyCompToMainSFC_0</Name><Description> </Description><IncomingLinks><Assign xsi:type="Assign"><Name/><Description/><To>trxAssembleSubAssyCompToMainSFC_0.SFC</To><From>Local.EngineNumber</From></Assign><Assign xsi:type="Assign"><Name/><Description/><To>trxAssembleSubAssyCompToMainSFC_0.FacilityID</To><From>Local.FacilityId</From></Assign><Assign xsi:type="Assign"><Name/><Description/><To>trxAssembleSubAssyCompToMainSFC_0.SubAssyComponent</To><From>Local.Head1</From></Assign></IncomingLinks><OutgoingLinks><Assign xsi:type="Assign"><Name/><Description/><To>Local.PLC_WB</To><From>trxAssembleSubAssyCompToMainSFC_0.PLCCOM</From></Assign></OutgoingLinks></Action></Actions></Step><Step xsi:type="ActionSequence"><Name>Sequence_28</Name><Description/><Steps><Step xsi:type="ActionSequence"><Name>Sequence_90</Name><Description/><Steps/><Actions><Action><Name>Event_Logger_Assembly_Fail_0</Name><Description> </Description><IncomingLinks><Assign xsi:type="Assign"><Name/><Description/><To>Event_Logger_Assembly_Fail_0.Message</To><From>"NC11 head sub-assembly for head "&amp;Local.Head1&amp;" failed. Error: "&amp;trxTraceability_0.outputXml{/xml/message}</From></Assign></IncomingLinks><OutgoingLinks/></Action></Actions></Step></Steps><Actions><Action><Name>Assignment_PLC_WB_26</Name><Description> </Description><IncomingLinks/><OutgoingLinks><Assign xsi:type="Assign"><Name/><Description/><To>Local.PLC_WB</To><From>trxTraceability_0.outputXml{/xml/plc_com}</From></Assign><Assign xsi:type="Assign"><Name/><Description/><To>Transaction.Outputxml{/xml/message}</To><From>"NC11 head sub-assembly for head "&amp;Local.Head1&amp;" failed. Error: "&amp;trxTraceability_0.outputXml{/xml/message}</From></Assign><Assign xsi:type="Assign"><Name/><Description/><To>Transaction.Outputxml{/xml/success}</To><From>"E"</From></Assign></OutgoingLinks></Action></Actions></Step></Steps><Actions><Action><Name>Conditional_0</Name><Description> </Description><IncomingLinks><Assign xsi:type="Assign"><Name/><Description/><To>Conditional_0.Input1</To><From>trxTraceability_0.Success</From></Assign><Assign xsi:type="Assign"><Name/><Description/><To>Conditional_0.Input2</To><From>trxTraceability_0.outputXml{/xml/plc_com}==0</From></Assign></IncomingLinks><OutgoingLinks/></Action></Actions></Step><Step xsi:type="Catch"><Name>Catch_assembly_fail_0</Name><Description/><Steps><Step xsi:type="ActionSequence"><Name>Sequence_91</Name><Description/><Steps><Step xsi:type="ActionSequence"><Name>Sequence_42</Name><Description/><Steps/><Actions><Action><Name>Assignment_PLC_WB_17</Name><Description> </Description><IncomingLinks/><OutgoingLinks><Assign xsi:type="Assign"><Name/><Description/><To>Local.PLC_WB</To><From>4</From></Assign></OutgoingLinks></Action></Actions></Step></Steps><Actions><Action><Name>Event_Logger_Assembly_Fail_1</Name><Description> </Description><IncomingLinks><Assign xsi:type="Assign"><Name/><Description/><To>Event_Logger_Assembly_Fail_1.Message</To><From>"Error in Trx "&amp;trxTraceability_0.TransactionName&amp;",Error Message:"&amp;trxTraceability_0.LastErrorMessage</From></Assign></IncomingLinks><OutgoingLinks/></Action></Actions></Step></Steps><Actions><Action><Name>Catch_10</Name><Description>Catches an exception</Description><IncomingLinks/><OutgoingLinks/></Action></Actions></Step></Steps><Actions><Action><Name>trxTraceability_0</Name><Description> </Description><IncomingLinks><Assign xsi:type="Assign"><Name/><Description/><To>trxTraceability_0.inNotificationXml{/NotificationMessage/Body/Values/facilityid}</To><From>Local.FacilityId</From></Assign><Assign xsi:type="Assign"><Name/><Description/><To>trxTraceability_0.inNotificationXml{/NotificationMessage/Body/Values/pcoserver}</To><From>Local.inPcoServer</From></Assign><Assign xsi:type="Assign"><Name/><Description/><To>trxTraceability_0.inNotificationXml{/NotificationMessage/Body/Values/tagid}</To><From>Local.TagID</From></Assign><Assign xsi:type="Assign"><Name/><Description/><To>trxTraceability_0.inNotificationXml{/NotificationMessage/Body/Values/partid}</To><From>Local.EngineNumber</From></Assign><Assign xsi:type="Assign"><Name/><Description/><To>trxTraceability_0.inNotificationXml{/NotificationMessage/Body/Values/supcompartid}</To><From>Local.Head1</From></Assign><Assign xsi:type="Assign"><Name/><Description/><To>trxTraceability_0.inNotificationXml{/NotificationMessage/Body/Values/assemblytype}</To><From>stringtrim(Transaction.InputXML{/NotificationMessage/Body/Values/assemblytype})</From></Assign></IncomingLinks><OutgoingLinks/></Action></Actions></Step></Steps><Actions><Action><Name>Assignment_AssemblyTrx_0</Name><Description> </Description><IncomingLinks/><OutgoingLinks><Assign xsi:type="Assign"><Name/><Description/><To>Local.AssemblyXML{/NotificationMessage/Body/Values/facilityid}</To><From>Local.FacilityId</From></Assign><Assign xsi:type="Assign"><Name/><Description/><To>Local.AssemblyXML{/NotificationMessage/Body/Values/partid}</To><From>Local.EngineNumber</From></Assign><Assign xsi:type="Assign"><Name/><Description/><To>Local.AssemblyXML{/NotificationMessage/Body/Values/supcompartid}</To><From>Local.Head1</From></Assign><Assign xsi:type="Assign"><Name/><Description/><To>Local.AssemblyXML{/NotificationMessage/Body/Values/site}</To><From>Persistent.SAPME_Site</From></Assign><Assign xsi:type="Assign"><Name/><Description/><To>Local.AssemblyXML{/NotificationMessage/Body/Values/pcoserver}</To><From>Local.inPcoServer</From></Assign></OutgoingLinks></Action></Actions></Step></Steps><Actions><Action><Name>Check_PLC_WB_Value_5</Name><Description> </Description><IncomingLinks><Assign xsi:type="Assign"><Name/><Description/><To>Check_PLC_WB_Value_5.Input1</To><From>Local.PLC_WB==0</From></Assign></IncomingLinks><OutgoingLinks/></Action></Actions></Step><Step xsi:type="Conditional"><Name>Sequence_5</Name><Description/><Steps><Step xsi:type="ActionSequence"><Name>Sequence_113</Name><Description/><Steps><Step xsi:type="ActionSequence"><Name>Assemble Head2</Name><Description/><Steps><Step xsi:type="Conditional"><Name>Sequence_93</Name><Description/><Steps><Step xsi:type="ActionSequence"><Name>Sequence_94</Name><Description/><Steps><Step xsi:type="ActionSequence"><Name>Sequence_106</Name><Description/><Steps><Step xsi:type="Catch"><Name>Catch_assembly_fail_3</Name><Description/><Steps><Step xsi:type="ActionSequence"><Name>Sequence_108</Name><Description/><Steps><Step xsi:type="ActionSequence"><Name>Sequence_31</Name><Description/><Steps/><Actions><Action><Name>Assignment_PLC_WB_15</Name><Description> </Description><IncomingLinks/><OutgoingLinks><Assign xsi:type="Assign"><Name/><Description/><To>Local.PLC_WB</To><From>4</From></Assign><Assign xsi:type="Assign"><Name/><Description/><To>Transaction.Outputxml{/xml/message}</To><From>"Error in Trx "&amp;trxAssembleSubAssyCompToMainSFC_1.TransactionName&amp;",Error Message:"&amp;trxAssembleSubAssyCompToMainSFC_1.LastErrorMessage</From></Assign><Assign xsi:type="Assign"><Name/><Description/><To>Transaction.Outputxml{/xml/success}</To><From>"E"</From></Assign></OutgoingLinks></Action></Actions></Step></Steps><Actions><Action><Name>Event_Logger_Assembly_Fail_5</Name><Description> </Description><IncomingLinks><Assign xsi:type="Assign"><Name/><Description/><To>Event_Logger_Assembly_Fail_5.Message</To><From>"Error in Trx "&amp;trxAssembleSubAssyCompToMainSFC_1.TransactionName&amp;",Error Message:"&amp;trxAssembleSubAssyCompToMainSFC_1.LastErrorMessage</From></Assign></IncomingLinks><OutgoingLinks/></Action></Actions></Step></Steps><Actions><Action><Name>Catch_13</Name><Description>Catches an exception</Description><IncomingLinks/><OutgoingLinks/></Action></Actions></Step></Steps><Actions><Action><Name>trxAssembleSubAssyCompToMainSFC_1</Name><Description> </Description><IncomingLinks><Assign xsi:type="Assign"><Name/><Description/><To>trxAssembleSubAssyCompToMainSFC_1.SFC</To><From>Local.EngineNumber</From></Assign><Assign xsi:type="Assign"><Name/><Description/><To>trxAssembleSubAssyCompToMainSFC_1.FacilityID</To><From>Local.FacilityId</From></Assign><Assign xsi:type="Assign"><Name/><Description/><To>trxAssembleSubAssyCompToMainSFC_1.SubAssyComponent</To><From>Local.Head2</From></Assign></IncomingLinks><OutgoingLinks><Assign xsi:type="Assign"><Name/><Description/><To>Local.PLC_WB</To><From>trxAssembleSubAssyCompToMainSFC_1.PLCCOM</From></Assign></OutgoingLinks></Action></Actions></Step></Steps><Actions><Action><Name>Assignment_PLC_WB_27</Name><Description> </Description><IncomingLinks/><OutgoingLinks><Assign xsi:type="Assign"><Name/><Description/><To>Local.PLC_WB</To><From>0</From></Assign></OutgoingLinks></Action></Actions></Step><Step xsi:type="ActionSequence"><Name>Sequence_95</Name><Description/><Steps><Step xsi:type="ActionSequence"><Name>Sequence_96</Name><Description/><Steps/><Actions><Action><Name>Event_Logger_Assembly_Fail_2</Name><Description> </Description><IncomingLinks><Assign xsi:type="Assign"><Name/><Description/><To>Event_Logger_Assembly_Fail_2.Message</To><From>"NC11 head sub-assembly for head "&amp;Local.Head2&amp;" failed. Error: "&amp;trxTraceability_1.outputXml{/xml/message}</From></Assign></IncomingLinks><OutgoingLinks/></Action></Actions></Step></Steps><Actions><Action><Name>Assignment_PLC_WB_28</Name><Description> </Description><IncomingLinks/><OutgoingLinks><Assign xsi:type="Assign"><Name/><Description/><To>Local.PLC_WB</To><From>trxTraceability_1.outputXml{/xml/plc_com}</From></Assign><Assign xsi:type="Assign"><Name/><Description/><To>Transaction.Outputxml{/xml/message}</To><From>"NC11 head sub-assembly for head "&amp;Local.Head2&amp;" failed. Error: "&amp;trxTraceability_1.outputXml{/xml/message}</From></Assign><Assign xsi:type="Assign"><Name/><Description/><To>Transaction.Outputxml{/xml/success}</To><From>"E"</From></Assign></OutgoingLinks></Action></Actions></Step></Steps><Actions><Action><Name>Conditional_1</Name><Description> </Description><IncomingLinks><Assign xsi:type="Assign"><Name/><Description/><To>Conditional_1.Input1</To><From>trxTraceability_1.Success</From></Assign><Assign xsi:type="Assign"><Name/><Description/><To>Conditional_1.Input2</To><From>trxTraceability_1.outputXml{/xml/plc_com}==0</From></Assign></IncomingLinks><OutgoingLinks/></Action></Actions></Step><Step xsi:type="Catch"><Name>Catch_assembly_fail_1</Name><Description/><Steps><Step xsi:type="ActionSequence"><Name>Sequence_97</Name><Description/><Steps><Step xsi:type="ActionSequence"><Name>Sequence_32</Name><Description/><Steps/><Actions><Action><Name>Assignment_PLC_WB_16</Name><Description> </Description><IncomingLinks/><OutgoingLinks><Assign xsi:type="Assign"><Name/><Description/><To>Local.PLC_WB</To><From>4</From></Assign><Assign xsi:type="Assign"><Name/><Description/><To>Transaction.Outputxml{/xml/message}</To><From>"Error in Trx "&amp;trxTraceability_1.TransactionName&amp;",Error Message:"&amp;trxTraceability_1.LastErrorMessage</From></Assign><Assign xsi:type="Assign"><Name/><Description/><To>Transaction.Outputxml{/xml/success}</To><From>"E"</From></Assign></OutgoingLinks></Action></Actions></Step></Steps><Actions><Action><Name>Event_Logger_Assembly_Fail_3</Name><Description> </Description><IncomingLinks><Assign xsi:type="Assign"><Name/><Description/><To>Event_Logger_Assembly_Fail_3.Message</To><From>"Error in Trx "&amp;trxTraceability_1.TransactionName&amp;",Error Message:"&amp;trxTraceability_1.LastErrorMessage</From></Assign></IncomingLinks><OutgoingLinks/></Action></Actions></Step></Steps><Actions><Action><Name>Catch_11</Name><Description>Catches an exception</Description><IncomingLinks/><OutgoingLinks/></Action></Actions></Step></Steps><Actions><Action><Name>trxTraceability_1</Name><Description> </Description><IncomingLinks><Assign xsi:type="Assign"><Name/><Description/><To>trxTraceability_1.inNotificationXml{/NotificationMessage/Body/Values/facilityid}</To><From>Local.FacilityId</From></Assign><Assign xsi:type="Assign"><Name/><Description/><To>trxTraceability_1.inNotificationXml{/NotificationMessage/Body/Values/pcoserver}</To><From>Local.inPcoServer</From></Assign><Assign xsi:type="Assign"><Name/><Description/><To>trxTraceability_1.inNotificationXml{/NotificationMessage/Body/Values/tagid}</To><From>Local.TagID</From></Assign><Assign xsi:type="Assign"><Name/><Description/><To>trxTraceability_1.inNotificationXml{/NotificationMessage/Body/Values/partid}</To><From>Local.EngineNumber</From></Assign><Assign xsi:type="Assign"><Name/><Description/><To>trxTraceability_1.inNotificationXml{/NotificationMessage/Body/Values/supcompartid}</To><From>Local.Head2</From></Assign><Assign xsi:type="Assign"><Name/><Description/><To>trxTraceability_1.inNotificationXml{/NotificationMessage/Body/Values/assemblytype}</To><From>stringtrim(Transaction.InputXML{/NotificationMessage/Body/Values/assemblytype})</From></Assign></IncomingLinks><OutgoingLinks/></Action></Actions></Step></Steps><Actions><Action><Name>Assignment_AssemblyTrx_1</Name><Description> </Description><IncomingLinks/><OutgoingLinks><Assign xsi:type="Assign"><Name/><Description/><To>Local.AssemblyXML{/NotificationMessage/Body/Values/facilityid}</To><From>Local.FacilityId</From></Assign><Assign xsi:type="Assign"><Name/><Description/><To>Local.AssemblyXML{/NotificationMessage/Body/Values/partid}</To><From>Local.EngineNumber</From></Assign><Assign xsi:type="Assign"><Name/><Description/><To>Local.AssemblyXML{/NotificationMessage/Body/Values/supcompartid}</To><From>Local.Head2</From></Assign><Assign xsi:type="Assign"><Name/><Description/><To>Local.AssemblyXML{/NotificationMessage/Body/Values/site}</To><From>Persistent.SAPME_Site</From></Assign><Assign xsi:type="Assign"><Name/><Description/><To>Local.AssemblyXML{/NotificationMessage/Body/Values/pcoserver}</To><From>Local.inPcoServer</From></Assign></OutgoingLinks></Action></Actions></Step></Steps><Actions><Action><Name>Check_PLC_WB_Value_4</Name><Description> </Description><IncomingLinks><Assign xsi:type="Assign"><Name/><Description/><To>Check_PLC_WB_Value_4.Input1</To><From>Local.PLC_WB==0</From></Assign></IncomingLinks><OutgoingLinks/></Action></Actions></Step></Steps><Actions/></Step></Steps><Actions/></Step><Step xsi:type="ActionSequence"><Name>Sequence_33</Name><Description/><Steps><Step xsi:type="ActionSequence"><Name>Log error - Same Heads</Name><Description/><Steps/><Actions><Action><Name>Event_Logger_DuplicateSFC</Name><Description> </Description><IncomingLinks><Assign xsi:type="Assign"><Name/><Description/><To>Event_Logger_DuplicateSFC.Message</To><From>"Error: Both the heads are same"</From></Assign></IncomingLinks><OutgoingLinks/></Action></Actions></Step></Steps><Actions><Action><Name>Assignment_PLC_WB_9</Name><Description> </Description><IncomingLinks/><OutgoingLinks><Assign xsi:type="Assign"><Name/><Description/><To>Local.PLC_WB</To><From>18</From></Assign><Assign xsi:type="Assign"><Name/><Description/><To>Transaction.Outputxml{/xml/message}</To><From>"Error: Both the heads are same"</From></Assign><Assign xsi:type="Assign"><Name/><Description/><To>Transaction.Outputxml{/xml/success}</To><From>"E"</From></Assign></OutgoingLinks></Action></Actions></Step></Steps><Actions><Action><Name>Conditional_CheckForDuplicateHeads</Name><Description> </Description><IncomingLinks><Assign xsi:type="Assign"><Name/><Description/><To>Conditional_CheckForDuplicateHeads.Input1</To><From>stringtrim(Transaction.InputXML{/NotificationMessage/Body/Values/supcompartid1}!=Transaction.InputXML{/NotificationMessage/Body/Values/supcompartid2})</From></Assign></IncomingLinks><OutgoingLinks/></Action></Actions></Step><Step xsi:type="ActionSequence"><Name>Sequence_34</Name><Description/><Steps><Step xsi:type="ActionSequence"><Name>Log error</Name><Description/><Steps/><Actions><Action><Name>Event_Logger_Input_Failure</Name><Description> </Description><IncomingLinks><Assign xsi:type="Assign"><Name/><Description/><To>Event_Logger_Input_Failure.Message</To><From>"Error: Input parmeters are missing."&amp;"\nBank A SFC: "&amp;Transaction.InputXML{/NotificationMessage/Body/Values/subcompartid1}&amp;"\n
Bank B SFC: " &amp;Transaction.InputXML{/NotificationMessage/Body/Values/subcompartid2}&amp;"\n
Engine SFC: " &amp;Transaction.InputXML{/NotificationMessage/Body/Values/partid}&amp;"\n
Facility Id: " &amp;Transaction.InputXML{/NotificationMessage/Body/Values/facilityid}</From></Assign></IncomingLinks><OutgoingLinks/></Action></Actions></Step></Steps><Actions><Action><Name>Assignment_PLC_WB_12</Name><Description> </Description><IncomingLinks/><OutgoingLinks><Assign xsi:type="Assign"><Name/><Description/><To>Local.PLC_WB</To><From>4</From></Assign><Assign xsi:type="Assign"><Name/><Description/><To>Transaction.Outputxml{/xml/message}</To><From>"Error: Input parmeters are missing."&amp;"\nBank A SFC: "&amp;Transaction.InputXML{/NotificationMessage/Body/Values/subcompartid1}&amp;"\n
Bank B SFC: " &amp;Transaction.InputXML{/NotificationMessage/Body/Values/subcompartid2}&amp;"\n
Engine SFC: " &amp;Transaction.InputXML{/NotificationMessage/Body/Values/partid}&amp;"\n
Facility Id: " &amp;Transaction.InputXML{/NotificationMessage/Body/Values/facilityid}</From></Assign><Assign xsi:type="Assign"><Name/><Description/><To>Transaction.Outputxml{/xml/success}</To><From>"E"</From></Assign></OutgoingLinks></Action></Actions></Step></Steps><Actions><Action><Name>Conditional_CheckInputXML</Name><Description> </Description><IncomingLinks><Assign xsi:type="Assign"><Name/><Description/><To>Conditional_CheckInputXML.Input1</To><From>stringtrim(Transaction.InputXML{/NotificationMessage/Body/Values/supcompartid1})!=""</From></Assign><Assign xsi:type="Assign"><Name/><Description/><To>Conditional_CheckInputXML.Input2</To><From>stringtrim(Transaction.InputXML{/NotificationMessage/Body/Values/supcompartid2})!=""</From></Assign><Assign xsi:type="Assign"><Name/><Description/><To>Conditional_CheckInputXML.Input3</To><From>stringtrim(Transaction.InputXML{/NotificationMessage/Body/Values/partid})!=""</From></Assign><Assign xsi:type="Assign"><Name/><Description/><To>Conditional_CheckInputXML.Input4</To><From>stringtrim(Transaction.InputXML{/NotificationMessage/Body/Values/facilityid})!=""</From></Assign></IncomingLinks><OutgoingLinks/></Action></Actions></Step></Steps><Actions><Action><Name>Assignment_LocalVariables</Name><Description> </Description><IncomingLinks/><OutgoingLinks><Assign xsi:type="Assign"><Name/><Description/><To>Local.FacilityId</To><From>stringtrim(Transaction.InputXML{/NotificationMessage/Body/Values/facilityid})</From></Assign><Assign xsi:type="Assign"><Name/><Description/><To>Local.HeaderID</To><From>stringtrim(Transaction.InputXML{/NotificationMessage/Header/ID})</From></Assign><Assign xsi:type="Assign"><Name/><Description/><To>Local.Head1</To><From>stringtrim(Transaction.InputXML{/NotificationMessage/Body/Values/supcompartid1})</From></Assign><Assign xsi:type="Assign"><Name/><Description/><To>Local.Head2</To><From>stringtrim(Transaction.InputXML{/NotificationMessage/Body/Values/supcompartid2})</From></Assign><Assign xsi:type="Assign"><Name/><Description/><To>Local.Head1_SFCHandle</To><From>"SFCBO:"&amp;Persistent.SAPME_Site&amp;","&amp;stringtrim(Transaction.InputXML{/NotificationMessage/Body/Values/supcompartid1})</From></Assign><Assign xsi:type="Assign"><Name/><Description/><To>Local.Head2_SFCHandle</To><From>"SFCBO:"&amp;Persistent.SAPME_Site&amp;","&amp;stringtrim(Transaction.InputXML{/NotificationMessage/Body/Values/supcompartid2})</From></Assign><Assign xsi:type="Assign"><Name/><Description/><To>Local.EngineNumber</To><From>stringtrim(Transaction.InputXML{/NotificationMessage/Body/Values/partid})</From></Assign><Assign xsi:type="Assign"><Name/><Description/><To>Local.EngineNumber_SFCHandle</To><From>"SFCBO:"&amp;Persistent.SAPME_Site&amp;","&amp;stringtrim(Transaction.InputXML{/NotificationMessage/Body/Values/partid})</From></Assign><Assign xsi:type="Assign"><Name/><Description/><To>Local.AssemblyType</To><From>stringtrim(Transaction.InputXML{/NotificationMessage/Body/Values/assemblytype})</From></Assign><Assign xsi:type="Assign"><Name/><Description/><To>Local.inPcoServer</To><From>stringtrim(Transaction.InputXML{/NotificationMessage/Body/Values/pcoserver})</From></Assign><Assign xsi:type="Assign"><Name/><Description/><To>Local.TagID</To><From>stringtrim(Transaction.InputXML{/NotificationMessage/Body/Values/tagid})</From></Assign></OutgoingLinks></Action></Actions></Step><Step xsi:type="ActionSequence"><Name>WB PLCCOM</Name><Description/><Steps><Step xsi:type="ActionSequence"><Name>Sequence_37</Name><Description/><Steps><Step xsi:type="Catch"><Name>Sequence_38</Name><Description/><Steps><Step xsi:type="ActionSequence"><Name>Sequence_39</Name><Description/><Steps><Step xsi:type="ActionSequence"><Name>Sequence_17</Name><Description/><Steps/><Actions><Action><Name>Assign_failmsg</Name><Description> </Description><IncomingLinks/><OutgoingLinks><Assign xsi:type="Assign"><Name/><Description/><To>Transaction.Outputxml{/xml/message}</To><From>"Error: "&amp;Local.TrxName&amp;"."&amp;TraceabilityWBDataTrx_1.TransactionName&amp;"call Failed. Message:"&amp;TraceabilityWBDataTrx_1.LastErrorMessage</From></Assign><Assign xsi:type="Assign"><Name/><Description/><To>Transaction.Outputxml{/xml/success}</To><From>"E"</From></Assign></OutgoingLinks></Action></Actions></Step></Steps><Actions><Action><Name>Event_Logger_Transaction_Call_TraceabilityWBDataTrx_Fail_0</Name><Description> </Description><IncomingLinks><Assign xsi:type="Assign"><Name/><Description/><To>Event_Logger_Transaction_Call_TraceabilityWBDataTrx_Fail_0.Message</To><From>"Error: "&amp;Local.TrxName&amp;"."&amp;TraceabilityWBDataTrx_1.TransactionName&amp;"call Failed. Message:"&amp;TraceabilityWBDataTrx_1.LastErrorMessage</From></Assign></IncomingLinks><OutgoingLinks/></Action></Actions></Step></Steps><Actions><Action><Name>Catch_5</Name><Description>Catches an exception</Description><IncomingLinks/><OutgoingLinks/></Action></Actions></Step></Steps><Actions><Action><Name>TraceabilityWBDataTrx_0</Name><Description> </Description><IncomingLinks><Assign xsi:type="Assign"><Name/><Description/><To>TraceabilityWBDataTrx_0.TRBL_HANDLE</To><From>"TrblTrcbltyBO:"&amp;Persistent.SAPME_Site&amp;","&amp;Local.FacilityId&amp;"_"&amp;Local.HeaderID</From></Assign><Assign xsi:type="Assign"><Name/><Description/><To>TraceabilityWBDataTrx_0.PLCCOM_WB_VAL</To><From>Local.PLC_WB</From></Assign></IncomingLinks><OutgoingLinks/></Action></Actions></Step><Step xsi:type="ActionSequence"><Name>Sequence_7</Name><Description/><Steps/><Actions><Action><Name>Assign_Output</Name><Description> 	</Description><IncomingLinks/><OutgoingLinks><Assign xsi:type="Assign"><Name/><Description/><To>Transaction.Outputxml{/xml/plc_com}</To><From>Local.PLC_WB</From></Assign></OutgoingLinks></Action></Actions></Step></Steps><Actions/></Step></Steps><Actions/></Step></Steps></Transaction>