<?xml version="1.0" encoding="UTF-8" standalone="no"?><Transaction xmlns:xsd="http://www.w3.org/2001/XMLSchema" xmlns:xsi="http://www.w3.org/2001/XMLSchema-instance" Version="15.1.5.15"><TransactionAttributes><ContextItem><Name>AutoAppendBlankNamespaces</Name><Description>AutoAppendBlankNamespaces</Description><MinRange>0</MinRange><MaxRange>0</MaxRange><Value xsi:type="boolean">1</Value><ReadOnly>true</ReadOnly><AlertXMLAssigned>false</AlertXMLAssigned></ContextItem><ContextItem><Name>Category</Name><Description>Transaction Category</Description><MinRange>0</MinRange><MaxRange>0</MaxRange><Value xsi:type="string"/><ReadOnly>true</ReadOnly><AlertXMLAssigned>false</AlertXMLAssigned></ContextItem><ContextItem><Name>Comments</Name><Description>User Comments</Description><MinRange>0</MinRange><MaxRange>0</MaxRange><Value xsi:type="string"/><ReadOnly>true</ReadOnly><AlertXMLAssigned>false</AlertXMLAssigned></ContextItem><ContextItem><Name>CreatedBy</Name><Description>Created By</Description><MinRange>0</MinRange><MaxRange>0</MaxRange><Value xsi:type="string">vvenka15</Value><ReadOnly>true</ReadOnly><AlertXMLAssigned>false</AlertXMLAssigned></ContextItem><ContextItem><Name>CreationDate</Name><Description>Creation Date</Description><MinRange>0</MinRange><MaxRange>0</MaxRange><Value xsi:type="dateTime">2024-04-02T11:03:11</Value><ReadOnly>true</ReadOnly><AlertXMLAssigned>false</AlertXMLAssigned></ContextItem><ContextItem><Name>Description</Name><Description>Transaction Description</Description><MinRange>0</MinRange><MaxRange>0</MaxRange><Value xsi:type="string"/><ReadOnly>true</ReadOnly><AlertXMLAssigned>false</AlertXMLAssigned></ContextItem><ContextItem><Name>FormatXMLOnConversion</Name><Description>By default XML will be formatted when assigned from XML data type to String data type. This behaviour can be changed with this flag.</Description><MinRange>0</MinRange><MaxRange>0</MaxRange><Value xsi:type="boolean">1</Value><ReadOnly>true</ReadOnly><AlertXMLAssigned>false</AlertXMLAssigned></ContextItem><ContextItem><Name>LastEditedBy</Name><Description>Last Edited By</Description><MinRange>0</MinRange><MaxRange>0</MaxRange><Value xsi:type="xsd:string">vvenka15</Value><ReadOnly>true</ReadOnly><AlertXMLAssigned>false</AlertXMLAssigned></ContextItem><ContextItem><Name>LastEditedDate</Name><Description>Last Edited Date</Description><MinRange>0</MinRange><MaxRange>0</MaxRange><Value xsi:type="xsd:dateTime">2024-04-04T14:14:12</Value><ReadOnly>true</ReadOnly><AlertXMLAssigned>false</AlertXMLAssigned></ContextItem><ContextItem><Name>LegacyProcessingMode</Name><Description>Support the pre MII 12.1 Transaction Engine.</Description><MinRange>0</MinRange><MaxRange>0</MaxRange><Value xsi:type="boolean">0</Value><ReadOnly>true</ReadOnly><AlertXMLAssigned>false</AlertXMLAssigned></ContextItem><ContextItem><Name>Status</Name><Description>Deployment Status</Description><MinRange>0</MinRange><MaxRange>0</MaxRange><Value xsi:type="string">DEVELOPMENT</Value><ReadOnly>true</ReadOnly><AlertXMLAssigned>false</AlertXMLAssigned></ContextItem><ContextItem><Name>ThrowOnActionError</Name><Description>Throws an exception when an action error occurs</Description><MinRange>0</MinRange><MaxRange>0</MaxRange><Value xsi:type="boolean">1</Value><ReadOnly>true</ReadOnly><AlertXMLAssigned>false</AlertXMLAssigned></ContextItem><ContextItem><Name>ThrowOnLinkError</Name><Description>Throws an exception when a link error occures</Description><MinRange>0</MinRange><MaxRange>0</MaxRange><Value xsi:type="boolean">0</Value><ReadOnly>true</ReadOnly><AlertXMLAssigned>false</AlertXMLAssigned></ContextItem></TransactionAttributes><Name>ProductionSupport/Venky/Manualtraceabilty/MainTransaction/MainManualAssemlbeTrx</Name><Version>45</Version><WriterRoles>SAP_XMII_Super_Administrator,SAP_XMII_Administrator,SAP_XMII_Developer</WriterRoles><Context><ContextItem><Name>Inputdata</Name><Description>Transaction input from screen </Description><MinRange>0</MinRange><MaxRange>0</MaxRange><Value xsi:type="string">{"station":"Quality","facilityId":"9715","SFC":"10204259","operation":"1030","M_BRSHELL1":"0112345678","M_BRSHELL2":"0212345678","M_BRSHELL3":"0312345678","M_BRSHELL4":"0412345678","M_BRSHELL5":"0512345678","M_BRSHELL6":"0612345678","M_BRSHELL7":"0712345678","M_BRSHELL8":"0812345678","M_BRSHELL9":"0912345678","M_BRSHELL10":"1012345678","PSELECT1":"31","PSELECT2":"41","PSELECT3":"41","PSELECT4":"42","PSELECT5":"42","PSELECT6":"37","PSELECT7":"47","PSELECT8":"45","PSELECT9":"45","PSELECT10":"47"}</Value><ReadOnly>false</ReadOnly><AlertXMLAssigned>false</AlertXMLAssigned></ContextItem><ContextItem><Name>output_XML</Name><Description>output message for screen</Description><MinRange>0</MinRange><MaxRange>0</MaxRange><Value xsi:type="xml"><ReferenceDocumentSource/>&lt;?xml version="1.0" encoding="UTF-8"?&gt;&lt;Item&gt;&#13;
    &lt;Message&gt;Quality&lt;/Message&gt;&#13;
    &lt;plc_com&gt;9718&lt;/plc_com&gt;&#13;
    &lt;Status&gt;10204259&lt;/Status&gt;&#13;
    &lt;/Item&gt;</Value><SchemaURI/><SchemaElement/><ValidateXMLOnExecution>1</ValidateXMLOnExecution><ReadOnly>true</ReadOnly><AlertXMLAssigned>false</AlertXMLAssigned></ContextItem></Context><Local><ContextItem><Name>InputXMl</Name><Description>Assign the json value to xml from json converter</Description><MinRange>0</MinRange><MaxRange>0</MaxRange><Value xsi:type="xml"><ReferenceDocumentSource/>&lt;?xml version="1.0" encoding="UTF-8"?&gt;&lt;root&gt;&#13;
    &lt;station&gt;Quality&lt;/station&gt;&#13;
    &lt;facilityId&gt;9718&lt;/facilityId&gt;&#13;
    &lt;SFC&gt;10204259&lt;/SFC&gt;&#13;
    &lt;Assemblytype&gt;SERIALISED_PURCHASED&lt;/Assemblytype&gt;&#13;
    &lt;operation&gt;1050&lt;/operation&gt;&#13;
    &lt;CRANKFLOAT&gt;1&lt;/CRANKFLOAT&gt;&#13;
&lt;/root&gt;</Value><SchemaURI/><SchemaElement/><ValidateXMLOnExecution>1</ValidateXMLOnExecution><ReadOnly>false</ReadOnly><AlertXMLAssigned>false</AlertXMLAssigned></ContextItem><ContextItem><Name>Maininput_xml</Name><Description/><MinRange>0</MinRange><MaxRange>0</MaxRange><Value xsi:type="xml"><ReferenceDocumentSource/></Value><SchemaURI/><SchemaElement/><ValidateXMLOnExecution>1</ValidateXMLOnExecution><ReadOnly>false</ReadOnly><AlertXMLAssigned>false</AlertXMLAssigned></ContextItem><ContextItem><Name>PCoserver</Name><Description/><MinRange>0</MinRange><MaxRange>0</MaxRange><Value xsi:type="string">NC11_ASY2</Value><ReadOnly>false</ReadOnly><AlertXMLAssigned>false</AlertXMLAssigned></ContextItem><ContextItem><Name>plc_com</Name><Description/><MinRange>0</MinRange><MaxRange>0</MaxRange><Value xsi:type="integer">0</Value><ReadOnly>false</ReadOnly><AlertXMLAssigned>false</AlertXMLAssigned></ContextItem><ContextItem><Name>Q_1030_9715</Name><Description>For station Quality 1030 facility id 9715 cor con rod bearing shell</Description><MinRange>0</MinRange><MaxRange>0</MaxRange><Value xsi:type="xml"><ReferenceDocumentSource/>&lt;?xml version="1.0" encoding="UTF-8"?&gt;&lt;NotificationMessage&gt;&#13;
  &lt;Header&gt;&#13;
    &lt;Name&gt;SOT_QUALITY&lt;/Name&gt;&#13;
    &lt;Description/&gt;&#13;
    &lt;Destination&gt;PCOMonitoring&lt;/Destination&gt;&#13;
    &lt;CreatedDate&gt;2024-04-02T06:35:30&lt;/CreatedDate&gt;&#13;
    &lt;ID&gt;843d2d1c-7030-4bb3-a2cb-ac73cad68671&lt;/ID&gt;&#13;
    &lt;Status&gt;Created&lt;/Status&gt;&#13;
  &lt;/Header&gt;&#13;
  &lt;Body&gt;&#13;
    &lt;Values&gt;&#13;
      &lt;pcoserver quality="None" timeStamp="0001-01-01T00:00:00.0000000" type="xsd:string"/&gt;&#13;
      &lt;tagid quality="None" timeStamp="0001-01-01T00:00:00.0000000" type="xsd:string"/&gt;&#13;
      &lt;partselcount quality="None" timeStamp="0001-01-01T00:00:00.0000000" type="xsd:string"/&gt;&#13;
      &lt;partid quality="None" timeStamp="0001-01-01T00:00:00.0000000" type="xsd:string"/&gt;&#13;
      &lt;facilityid quality="None" timeStamp="0001-01-01T00:00:00.0000000" type="xsd:string"/&gt;&#13;
      &lt;plctimestamp quality="None" timeStamp="0001-01-01T00:00:00.0000000" type="xsd:string"/&gt;&#13;
      &lt;procstat quality="None" timeStamp="0001-01-01T00:00:00.0000000" type="xsd:string"/&gt;&#13;
      &lt;partselect1 quality="None" timeStamp="0001-01-01T00:00:00.0000000" type="xsd:string"/&gt;&#13;
      &lt;site quality="None" timeStamp="0001-01-01T00:00:00.0000000" type="xsd:string"/&gt;&#13;
      &lt;plccom quality="None" timeStamp="0001-01-01T00:00:00.0000000" type="xsd:string"/&gt;&#13;
      &lt;partselect2 quality="None" timeStamp="0001-01-01T00:00:00.0000000" type="xsd:string"/&gt;&#13;
      &lt;partselect3 quality="None" timeStamp="0001-01-01T00:00:00.0000000" type="xsd:string"/&gt;&#13;
      &lt;partselect4 quality="None" timeStamp="0001-01-01T00:00:00.0000000" type="xsd:string"/&gt;&#13;
      &lt;partselect5 quality="None" timeStamp="0001-01-01T00:00:00.0000000" type="xsd:string"/&gt;&#13;
      &lt;partselect6 quality="None" timeStamp="0001-01-01T00:00:00.0000000" type="xsd:string"/&gt;&#13;
      &lt;partselect7 quality="None" timeStamp="0001-01-01T00:00:00.0000000" type="xsd:string"/&gt;&#13;
      &lt;partselect8 quality="None" timeStamp="0001-01-01T00:00:00.0000000" type="xsd:string"/&gt;&#13;
      &lt;partselect9 quality="None" timeStamp="0001-01-01T00:00:00.0000000" type="xsd:string"/&gt;&#13;
      &lt;partselect10 quality="None" timeStamp="0001-01-01T00:00:00.0000000" type="xsd:string"/&gt;&#13;
      &lt;main_bearingshell1 quality="None" timeStamp="0001-01-01T00:00:00.0000000" type="xsd:string"/&gt;&#13;
      &lt;main_bearingshell2 quality="None" timeStamp="0001-01-01T00:00:00.0000000" type="xsd:string"/&gt;&#13;
      &lt;main_bearingshell3 quality="None" timeStamp="0001-01-01T00:00:00.0000000" type="xsd:string"/&gt;&#13;
      &lt;main_bearingshell4 quality="None" timeStamp="0001-01-01T00:00:00.0000000" type="xsd:string"/&gt;&#13;
      &lt;main_bearingshell5 quality="None" timeStamp="0001-01-01T00:00:00.0000000" type="xsd:string"/&gt;&#13;
      &lt;main_bearingshell6 quality="None" timeStamp="0001-01-01T00:00:00.0000000" type="xsd:string"/&gt;&#13;
      &lt;main_bearingshell7 quality="None" timeStamp="0001-01-01T00:00:00.0000000" type="xsd:string"/&gt;&#13;
      &lt;main_bearingshell8 quality="None" timeStamp="0001-01-01T00:00:00.0000000" type="xsd:string"/&gt;&#13;
      &lt;main_bearingshell9 quality="None" timeStamp="0001-01-01T00:00:00.0000000" type="xsd:string"/&gt;&#13;
      &lt;main_bearingshell10 quality="None" timeStamp="0001-01-01T00:00:00.0000000" type="xsd:string"/&gt;&#13;
    &lt;/Values&gt;&#13;
  &lt;/Body&gt;&#13;
  &lt;Faults/&gt;&#13;
&lt;/NotificationMessage&gt;</Value><SchemaURI/><SchemaElement/><ValidateXMLOnExecution>1</ValidateXMLOnExecution><ReadOnly>false</ReadOnly><AlertXMLAssigned>false</AlertXMLAssigned></ContextItem><ContextItem><Name>Q_1050_9718</Name><Description>For Quality station 1050 for facility 9718</Description><MinRange>0</MinRange><MaxRange>0</MaxRange><Value xsi:type="xml"><ReferenceDocumentSource/>&lt;?xml version="1.0" encoding="UTF-8"?&gt;&lt;NotificationMessage&gt;&#13;
  &lt;Header&gt;&#13;
    &lt;Name&gt;SOT_QUALITY&lt;/Name&gt;&#13;
    &lt;Description/&gt;&#13;
    &lt;Destination&gt;PCOMonitoring&lt;/Destination&gt;&#13;
    &lt;CreatedDate&gt;2024-04-02T06:32:24&lt;/CreatedDate&gt;&#13;
    &lt;ID&gt;ee1f16b1-05f6-417e-8ee8-058b4ecb8325&lt;/ID&gt;&#13;
    &lt;Status&gt;Created&lt;/Status&gt;&#13;
  &lt;/Header&gt;&#13;
  &lt;Body&gt;&#13;
    &lt;Values&gt;&#13;
      &lt;pcoserver quality="None" timeStamp="0001-01-01T00:00:00.0000000" type="xsd:string"/&gt;&#13;
      &lt;tagid quality="None" timeStamp="0001-01-01T00:00:00.0000000" type="xsd:string"/&gt;&#13;
      &lt;partselcount quality="None" timeStamp="0001-01-01T00:00:00.0000000" type="xsd:string"/&gt;&#13;
      &lt;partid quality="None" timeStamp="0001-01-01T00:00:00.0000000" type="xsd:string"/&gt;&#13;
      &lt;facilityid quality="None" timeStamp="0001-01-01T00:00:00.0000000" type="xsd:string"/&gt;&#13;
      &lt;plctimestamp quality="None" timeStamp="0001-01-01T00:00:00.0000000" type="xsd:string"/&gt;&#13;
      &lt;procstat quality="None" timeStamp="0001-01-01T00:00:00.0000000" type="xsd:string"/&gt;&#13;
      &lt;crankfloat quality="None" timeStamp="0001-01-01T00:00:00.0000000" type="xsd:string"/&gt;&#13;
      &lt;site quality="None" timeStamp="0001-01-01T00:00:00.0000000" type="xsd:string"/&gt;&#13;
      &lt;plccom quality="None" timeStamp="0001-01-01T00:00:00.0000000" type="xsd:string"/&gt;&#13;
    &lt;/Values&gt;&#13;
  &lt;/Body&gt;&#13;
  &lt;Faults/&gt;&#13;
&lt;/NotificationMessage&gt;</Value><SchemaURI/><SchemaElement/><ValidateXMLOnExecution>1</ValidateXMLOnExecution><ReadOnly>false</ReadOnly><AlertXMLAssigned>false</AlertXMLAssigned></ContextItem><ContextItem><Name>Q_3030_9736</Name><Description>For satation 3030 and quality 9736</Description><MinRange>0</MinRange><MaxRange>0</MaxRange><Value xsi:type="xml"><ReferenceDocumentSource/>&lt;?xml version="1.0" encoding="UTF-8"?&gt;&lt;NotificationMessage&gt;&#13;
  &lt;Header&gt;&#13;
    &lt;Name&gt;SOT_QUALITY&lt;/Name&gt;&#13;
    &lt;Description/&gt;&#13;
    &lt;Destination&gt;qualityDB&lt;/Destination&gt;&#13;
    &lt;CreatedDate&gt;2024-04-02T06:38:39&lt;/CreatedDate&gt;&#13;
    &lt;ID&gt;7b65cf21-3dd0-410c-8ebd-2830ff486ed2&lt;/ID&gt;&#13;
    &lt;Status&gt;Created&lt;/Status&gt;&#13;
  &lt;/Header&gt;&#13;
  &lt;Body&gt;&#13;
    &lt;Values&gt;&#13;
      &lt;pcoserver quality="None" timeStamp="0001-01-01T00:00:00.0000000" type="xsd:string"/&gt;&#13;
      &lt;tagid quality="None" timeStamp="0001-01-01T00:00:00.0000000" type="xsd:string"/&gt;&#13;
      &lt;partselcount quality="None" timeStamp="0001-01-01T00:00:00.0000000" type="xsd:string"/&gt;&#13;
      &lt;partid quality="None" timeStamp="0001-01-01T00:00:00.0000000" type="xsd:string"/&gt;&#13;
      &lt;facilityid quality="None" timeStamp="0001-01-01T00:00:00.0000000" type="xsd:string"/&gt;&#13;
      &lt;plctimestamp quality="None" timeStamp="0001-01-01T00:00:00.0000000" type="xsd:string"/&gt;&#13;
      &lt;procstat quality="None" timeStamp="0001-01-01T00:00:00.0000000" type="xsd:string"/&gt;&#13;
      &lt;circlipwidth quality="None" timeStamp="0001-01-01T00:00:00.0000000" type="xsd:string"/&gt;&#13;
      &lt;site quality="None" timeStamp="0001-01-01T00:00:00.0000000" type="xsd:string"/&gt;&#13;
      &lt;plccom quality="None" timeStamp="0001-01-01T00:00:00.0000000" type="xsd:string"/&gt;&#13;
      &lt;gudegeonpin quality="None" timeStamp="0001-01-01T00:00:00.0000000" type="xsd:string"/&gt;&#13;
      &lt;conrod_bearingshell1 quality="None" timeStamp="0001-01-01T00:00:00.0000000" type="xsd:string"/&gt;&#13;
      &lt;conrod_bearingshell2 quality="None" timeStamp="0001-01-01T00:00:00.0000000" type="xsd:string"/&gt;&#13;
    &lt;/Values&gt;&#13;
  &lt;/Body&gt;&#13;
  &lt;Faults/&gt;&#13;
&lt;/NotificationMessage&gt;</Value><SchemaURI/><SchemaElement/><ValidateXMLOnExecution>1</ValidateXMLOnExecution><ReadOnly>false</ReadOnly><AlertXMLAssigned>false</AlertXMLAssigned></ContextItem><ContextItem><Name>Q_6030_9841</Name><Description>For quality station 6030 and facility id 9841</Description><MinRange>0</MinRange><MaxRange>0</MaxRange><Value xsi:type="xml"><ReferenceDocumentSource/>&lt;?xml version="1.0" encoding="UTF-8"?&gt;&lt;NotificationMessage&gt;&#13;
  &lt;Header&gt;&#13;
    &lt;Name&gt;SOT_QUALITY&lt;/Name&gt;&#13;
    &lt;Description/&gt;&#13;
    &lt;Destination&gt;PCOMonitoring&lt;/Destination&gt;&#13;
    &lt;CreatedDate&gt;2024-04-02T06:36:51&lt;/CreatedDate&gt;&#13;
    &lt;ID&gt;e6fa0da2-53dc-479d-a862-6b708e3f0141&lt;/ID&gt;&#13;
    &lt;Status&gt;Created&lt;/Status&gt;&#13;
  &lt;/Header&gt;&#13;
  &lt;Body&gt;&#13;
    &lt;Values&gt;&#13;
      &lt;pcoserver quality="None" timeStamp="0001-01-01T00:00:00.0000000" type="xsd:string"/&gt;&#13;
      &lt;tagid quality="None" timeStamp="0001-01-01T00:00:00.0000000" type="xsd:string"/&gt;&#13;
      &lt;partselcount quality="None" timeStamp="0001-01-01T00:00:00.0000000" type="xsd:string"/&gt;&#13;
      &lt;partid quality="None" timeStamp="0001-01-01T00:00:00.0000000" type="xsd:string"/&gt;&#13;
      &lt;facilityid quality="None" timeStamp="0001-01-01T00:00:00.0000000" type="xsd:string"/&gt;&#13;
      &lt;plctimestamp quality="None" timeStamp="0001-01-01T00:00:00.0000000" type="xsd:string"/&gt;&#13;
      &lt;procstat quality="None" timeStamp="0001-01-01T00:00:00.0000000" type="xsd:string"/&gt;&#13;
      &lt;site quality="None" timeStamp="0001-01-01T00:00:00.0000000" type="xsd:string"/&gt;&#13;
      &lt;plccom quality="None" timeStamp="0001-01-01T00:00:00.0000000" type="xsd:string"/&gt;&#13;
      &lt;engineoil quality="None" timeStamp="0001-01-01T00:00:00.0000000" type="xsd:string"/&gt;&#13;
    &lt;/Values&gt;&#13;
  &lt;/Body&gt;&#13;
  &lt;Faults/&gt;&#13;
&lt;/NotificationMessage&gt;</Value><SchemaURI/><SchemaElement/><ValidateXMLOnExecution>1</ValidateXMLOnExecution><ReadOnly>false</ReadOnly><AlertXMLAssigned>false</AlertXMLAssigned></ContextItem><ContextItem><Name>SOL_3030_9639</Name><Description>For station 3030 and the facility 9639 for create con rod and piston</Description><MinRange>0</MinRange><MaxRange>0</MaxRange><Value xsi:type="xml"><ReferenceDocumentSource/>&lt;?xml version="1.0" encoding="UTF-8"?&gt;&lt;NotificationMessage&gt;&#13;
  &lt;Header&gt;&#13;
    &lt;Name&gt;SOL_SUBASSEMBLY&lt;/Name&gt;&#13;
    &lt;Description/&gt;&#13;
    &lt;Destination&gt;SOL&lt;/Destination&gt;&#13;
    &lt;CreatedDate&gt;2024-04-02T10:52:37&lt;/CreatedDate&gt;&#13;
    &lt;ID&gt;d7d6e856-f774-40b1-b04a-f22243ab1cf7&lt;/ID&gt;&#13;
    &lt;Status&gt;Created&lt;/Status&gt;&#13;
  &lt;/Header&gt;&#13;
  &lt;Body&gt;&#13;
    &lt;Values&gt;&#13;
      &lt;site quality="None" timeStamp="0001-01-01T00:00:00.0000000" type="xsd:string"/&gt;&#13;
      &lt;partid quality="None" timeStamp="0001-01-01T00:00:00.0000000" type="xsd:string"/&gt;&#13;
      &lt;supcompartid quality="None" timeStamp="0001-01-01T00:00:00.0000000" type="xsd:string"/&gt;&#13;
      &lt;pcoserver quality="None" timeStamp="0001-01-01T00:00:00.0000000" type="xsd:string"/&gt;&#13;
      &lt;tagid quality="None" timeStamp="0001-01-01T00:00:00.0000000" type="xsd:string"/&gt;&#13;
      &lt;facilityid quality="None" timeStamp="0001-01-01T00:00:00.0000000" type="xsd:string"/&gt;&#13;
      &lt;plctimestamp quality="None" timeStamp="0001-01-01T00:00:00.0000000" type="xsd:string"/&gt;&#13;
      &lt;assemblyfacilityid quality="None" timeStamp="0001-01-01T00:00:00.0000000" type="xsd:string"/&gt;&#13;
      &lt;subcompartid quality="None" timeStamp="0001-01-01T00:00:00.0000000" type="xsd:string"/&gt;&#13;
    &lt;/Values&gt;&#13;
  &lt;/Body&gt;&#13;
  &lt;Faults/&gt;&#13;
&lt;/NotificationMessage&gt;</Value><SchemaURI/><SchemaElement/><ValidateXMLOnExecution>1</ValidateXMLOnExecution><ReadOnly>false</ReadOnly><AlertXMLAssigned>false</AlertXMLAssigned></ContextItem><ContextItem><Name>T_1130_9761</Name><Description>For station 1130 and facility Id 9761 input xml</Description><MinRange>0</MinRange><MaxRange>0</MaxRange><Value xsi:type="xml"><ReferenceDocumentSource/>&lt;?xml version="1.0" encoding="UTF-8"?&gt;&lt;NotificationMessage&gt;&#13;
  &lt;Header&gt;&#13;
    &lt;Name&gt;SOT_TRACEABILITY&lt;/Name&gt;&#13;
    &lt;Description/&gt;&#13;
    &lt;Destination&gt;SubassemblyToMain&lt;/Destination&gt;&#13;
    &lt;CreatedDate&gt;2024-04-02T10:19:57&lt;/CreatedDate&gt;&#13;
    &lt;ID&gt;dba2bedf-7549-4ad3-9195-239d3bfcbcfb&lt;/ID&gt;&#13;
    &lt;Status&gt;Created&lt;/Status&gt;&#13;
  &lt;/Header&gt;&#13;
  &lt;Body&gt;&#13;
    &lt;Values&gt;&#13;
      &lt;assemblytype quality="None" timeStamp="0001-01-01T00:00:00.0000000" type="xsd:string"/&gt;&#13;
      &lt;facilityid quality="None" timeStamp="0001-01-01T00:00:00.0000000" type="xsd:string"/&gt;&#13;
      &lt;site quality="None" timeStamp="0001-01-01T00:00:00.0000000" type="xsd:string"/&gt;&#13;
      &lt;partid quality="None" timeStamp="0001-01-01T00:00:00.0000000" type="xsd:string"/&gt;&#13;
      &lt;supcompartid1 quality="None" timeStamp="0001-01-01T00:00:00.0000000" type="xsd:string"/&gt;&#13;
      &lt;pcoserver quality="None" timeStamp="0001-01-01T00:00:00.0000000" type="xsd:string"/&gt;&#13;
      &lt;tagid quality="None" timeStamp="0001-01-01T00:00:00.0000000" type="xsd:string"/&gt;&#13;
      &lt;plctimestamp quality="None" timeStamp="0001-01-01T00:00:00.0000000" type="xsd:string"/&gt;&#13;
      &lt;supcompartid2 quality="None" timeStamp="0001-01-01T00:00:00.0000000" type="xsd:string"/&gt;&#13;
    &lt;/Values&gt;&#13;
  &lt;/Body&gt;&#13;
  &lt;Faults/&gt;&#13;
&lt;/NotificationMessage&gt;</Value><SchemaURI/><SchemaElement/><ValidateXMLOnExecution>1</ValidateXMLOnExecution><ReadOnly>false</ReadOnly><AlertXMLAssigned>false</AlertXMLAssigned></ContextItem><ContextItem><Name>T_Common_Xml</Name><Description>Xml for all common traceability transaction input xml</Description><MinRange>0</MinRange><MaxRange>0</MaxRange><Value xsi:type="xml"><ReferenceDocumentSource/>&lt;?xml version="1.0" encoding="UTF-8"?&gt;&lt;NotificationMessage&gt;&#13;
  &lt;Header&gt;&#13;
    &lt;Name&gt;SOT_TRACEABILITY&lt;/Name&gt;&#13;
    &lt;Description/&gt;&#13;
    &lt;Destination&gt;PCOMonitoring&lt;/Destination&gt;&#13;
    &lt;CreatedDate&gt;2024-04-02T10:16:12&lt;/CreatedDate&gt;&#13;
    &lt;ID&gt;8f89a79d-0e05-44b2-b40a-ef166c450b4a&lt;/ID&gt;&#13;
    &lt;Status&gt;Created&lt;/Status&gt;&#13;
  &lt;/Header&gt;&#13;
  &lt;Body&gt;&#13;
    &lt;Values&gt;&#13;
      &lt;assemblytype quality="None" timeStamp="0001-01-01T00:00:00.0000000" type="xsd:string"/&gt;&#13;
      &lt;facilityid quality="None" timeStamp="0001-01-01T00:00:00.0000000" type="xsd:string"/&gt;&#13;
      &lt;site quality="None" timeStamp="0001-01-01T00:00:00.0000000" type="xsd:string"/&gt;&#13;
      &lt;partid quality="None" timeStamp="0001-01-01T00:00:00.0000000" type="xsd:string"/&gt;&#13;
      &lt;supcompartid quality="None" timeStamp="0001-01-01T00:00:00.0000000" type="xsd:string"/&gt;&#13;
      &lt;pcoserver quality="None" timeStamp="0001-01-01T00:00:00.0000000" type="xsd:string"/&gt;&#13;
      &lt;tagid quality="None" timeStamp="0001-01-01T00:00:00.0000000" type="xsd:string"/&gt;&#13;
      &lt;plctimestamp quality="None" timeStamp="0001-01-01T00:00:00.0000000" type="xsd:string"/&gt;&#13;
    &lt;/Values&gt;&#13;
  &lt;/Body&gt;&#13;
  &lt;Faults/&gt;&#13;
&lt;/NotificationMessage&gt;</Value><SchemaURI/><SchemaElement/><ValidateXMLOnExecution>1</ValidateXMLOnExecution><ReadOnly>false</ReadOnly><AlertXMLAssigned>false</AlertXMLAssigned></ContextItem></Local><Layout><GUILayoutItem><Name>Manaul component assemble screen for build  xml document in traceabilty</Name><X>1088</X><Y>8</Y><Width>120</Width><SpacingWidth>2280</SpacingWidth><DescendantWidth>2280</DescendantWidth><Height>96</Height></GUILayoutItem><GUILayoutItem><Name>Sequence_0</Name><X>1016</X><Y>280</Y><Width>120</Width><SpacingWidth>2136</SpacingWidth><DescendantWidth>2136</DescendantWidth><Height>96</Height></GUILayoutItem><GUILayoutItem><Name>Sequence_1</Name><X>944</X><Y>416</Y><Width>120</Width><SpacingWidth>1992</SpacingWidth><DescendantWidth>1992</DescendantWidth><Height>96</Height></GUILayoutItem><GUILayoutItem><Name>Json_To_XML_Converter</Name><X>1024</X><Y>296</Y><Width>104</Width><SpacingWidth>0</SpacingWidth><DescendantWidth>0</DescendantWidth><Height>72</Height></GUILayoutItem><GUILayoutItem><Name>Assign_jsonxml_value</Name><X>952</X><Y>432</Y><Width>104</Width><SpacingWidth>0</SpacingWidth><DescendantWidth>0</DescendantWidth><Height>72</Height></GUILayoutItem><GUILayoutItem><Name>Sequence_3</Name><X>1088</X><Y>144</Y><Width>120</Width><SpacingWidth>2280</SpacingWidth><DescendantWidth>2280</DescendantWidth><Height>96</Height></GUILayoutItem><GUILayoutItem><Name>Document</Name><X>1096</X><Y>160</Y><Width>104</Width><SpacingWidth>0</SpacingWidth><DescendantWidth>0</DescendantWidth><Height>72</Height></GUILayoutItem><GUILayoutItem><Name>Sequence_2</Name><X>656</X><Y>824</Y><Width>120</Width><SpacingWidth>1416</SpacingWidth><DescendantWidth>1416</DescendantWidth><Height>96</Height></GUILayoutItem><GUILayoutItem><Name>Switch</Name><X>664</X><Y>840</Y><Width>104</Width><SpacingWidth>0</SpacingWidth><DescendantWidth>0</DescendantWidth><Height>72</Height></GUILayoutItem><GUILayoutItem><Name>Quality</Name><X>872</X><Y>960</Y><Width>120</Width><SpacingWidth>696</SpacingWidth><DescendantWidth>696</DescendantWidth><Height>96</Height></GUILayoutItem><GUILayoutItem><Name>Traceability</Name><X>224</X><Y>960</Y><Width>120</Width><SpacingWidth>552</SpacingWidth><DescendantWidth>552</DescendantWidth><Height>96</Height></GUILayoutItem><GUILayoutItem><Name>checkstation_1130_9761</Name><X>232</X><Y>976</Y><Width>104</Width><SpacingWidth>0</SpacingWidth><DescendantWidth>0</DescendantWidth><Height>72</Height></GUILayoutItem><GUILayoutItem><Name>Sequence_8</Name><X>8</X><Y>1096</Y><Width>120</Width><SpacingWidth>120</SpacingWidth><DescendantWidth>120</DescendantWidth><Height>96</Height></GUILayoutItem><GUILayoutItem><Name>Sequence_9</Name><X>296</X><Y>1368</Y><Width>120</Width><SpacingWidth>408</SpacingWidth><DescendantWidth>408</DescendantWidth><Height>96</Height></GUILayoutItem><GUILayoutItem><Name>checkstation_1030_1170_9714_9768_9769</Name><X>304</X><Y>1384</Y><Width>104</Width><SpacingWidth>0</SpacingWidth><DescendantWidth>0</DescendantWidth><Height>72</Height></GUILayoutItem><GUILayoutItem><Name>checkstation_1030_1170_Faility Id_9714_9768_9769</Name><X>152</X><Y>1504</Y><Width>120</Width><SpacingWidth>120</SpacingWidth><DescendantWidth>120</DescendantWidth><Height>96</Height></GUILayoutItem><GUILayoutItem><Name>Sequence_11</Name><X>368</X><Y>1504</Y><Width>120</Width><SpacingWidth>264</SpacingWidth><DescendantWidth>264</DescendantWidth><Height>96</Height></GUILayoutItem><GUILayoutItem><Name>checkstation_1020_9712</Name><X>376</X><Y>1520</Y><Width>104</Width><SpacingWidth>0</SpacingWidth><DescendantWidth>0</DescendantWidth><Height>72</Height></GUILayoutItem><GUILayoutItem><Name>statio_1020_F9712</Name><X>296</X><Y>1640</Y><Width>120</Width><SpacingWidth>120</SpacingWidth><DescendantWidth>120</DescendantWidth><Height>96</Height></GUILayoutItem><GUILayoutItem><Name>Sequence_13</Name><X>440</X><Y>1640</Y><Width>120</Width><SpacingWidth>120</SpacingWidth><DescendantWidth>120</DescendantWidth><Height>96</Height></GUILayoutItem><GUILayoutItem><Name>Assignvalue_1130_9761</Name><X>16</X><Y>1112</Y><Width>104</Width><SpacingWidth>0</SpacingWidth><DescendantWidth>0</DescendantWidth><Height>72</Height></GUILayoutItem><GUILayoutItem><Name>Sequence_10</Name><X>296</X><Y>1232</Y><Width>120</Width><SpacingWidth>408</SpacingWidth><DescendantWidth>408</DescendantWidth><Height>96</Height></GUILayoutItem><GUILayoutItem><Name>AssignValueforAllTraceablitudata</Name><X>304</X><Y>1248</Y><Width>104</Width><SpacingWidth>0</SpacingWidth><DescendantWidth>0</DescendantWidth><Height>72</Height></GUILayoutItem><GUILayoutItem><Name>Assign the value for all remaining all traceablity transaction input xml</Name><X>296</X><Y>1096</Y><Width>120</Width><SpacingWidth>408</SpacingWidth><DescendantWidth>408</DescendantWidth><Height>96</Height></GUILayoutItem><GUILayoutItem><Name>Sequence_5</Name><X>8</X><Y>1232</Y><Width>120</Width><SpacingWidth>120</SpacingWidth><DescendantWidth>120</DescendantWidth><Height>96</Height></GUILayoutItem><GUILayoutItem><Name>HeadPair_Assembly</Name><X>16</X><Y>1248</Y><Width>104</Width><SpacingWidth>0</SpacingWidth><DescendantWidth>0</DescendantWidth><Height>72</Height></GUILayoutItem><GUILayoutItem><Name>Sequence_14</Name><X>152</X><Y>1640</Y><Width>120</Width><SpacingWidth>120</SpacingWidth><DescendantWidth>120</DescendantWidth><Height>96</Height></GUILayoutItem><GUILayoutItem><Name>trxAssembleBlock</Name><X>304</X><Y>1656</Y><Width>104</Width><SpacingWidth>0</SpacingWidth><DescendantWidth>0</DescendantWidth><Height>72</Height></GUILayoutItem><GUILayoutItem><Name>MaterialBoxAssembly</Name><X>160</X><Y>1656</Y><Width>104</Width><SpacingWidth>0</SpacingWidth><DescendantWidth>0</DescendantWidth><Height>72</Height></GUILayoutItem><GUILayoutItem><Name>trxTraceability</Name><X>448</X><Y>1656</Y><Width>104</Width><SpacingWidth>0</SpacingWidth><DescendantWidth>0</DescendantWidth><Height>72</Height></GUILayoutItem><GUILayoutItem><Name>Sequence_12</Name><X>8</X><Y>1368</Y><Width>120</Width><SpacingWidth>120</SpacingWidth><DescendantWidth>120</DescendantWidth><Height>96</Height></GUILayoutItem><GUILayoutItem><Name>Catch_HeadpairAssembly</Name><X>16</X><Y>1384</Y><Width>104</Width><SpacingWidth>0</SpacingWidth><DescendantWidth>0</DescendantWidth><Height>72</Height></GUILayoutItem><GUILayoutItem><Name>Sequence_15</Name><X>8</X><Y>1504</Y><Width>120</Width><SpacingWidth>120</SpacingWidth><DescendantWidth>0</DescendantWidth><Height>96</Height></GUILayoutItem><GUILayoutItem><Name>log_headpairAssembly</Name><X>16</X><Y>1520</Y><Width>104</Width><SpacingWidth>0</SpacingWidth><DescendantWidth>0</DescendantWidth><Height>72</Height></GUILayoutItem><GUILayoutItem><Name>Sequence_16</Name><X>152</X><Y>1776</Y><Width>120</Width><SpacingWidth>120</SpacingWidth><DescendantWidth>120</DescendantWidth><Height>96</Height></GUILayoutItem><GUILayoutItem><Name>Catch_MaterialBoxAssembly</Name><X>160</X><Y>1792</Y><Width>104</Width><SpacingWidth>0</SpacingWidth><DescendantWidth>0</DescendantWidth><Height>72</Height></GUILayoutItem><GUILayoutItem><Name>Sequence_17</Name><X>152</X><Y>1912</Y><Width>120</Width><SpacingWidth>120</SpacingWidth><DescendantWidth>0</DescendantWidth><Height>96</Height></GUILayoutItem><GUILayoutItem><Name>log_MaterialAssembly</Name><X>160</X><Y>1928</Y><Width>104</Width><SpacingWidth>0</SpacingWidth><DescendantWidth>0</DescendantWidth><Height>72</Height></GUILayoutItem><GUILayoutItem><Name>Sequence_18</Name><X>296</X><Y>1776</Y><Width>120</Width><SpacingWidth>120</SpacingWidth><DescendantWidth>120</DescendantWidth><Height>96</Height></GUILayoutItem><GUILayoutItem><Name>Catch_Assemblyblock</Name><X>304</X><Y>1792</Y><Width>104</Width><SpacingWidth>0</SpacingWidth><DescendantWidth>0</DescendantWidth><Height>72</Height></GUILayoutItem><GUILayoutItem><Name>Sequence_19</Name><X>296</X><Y>1912</Y><Width>120</Width><SpacingWidth>120</SpacingWidth><DescendantWidth>0</DescendantWidth><Height>96</Height></GUILayoutItem><GUILayoutItem><Name>log_Assemblyblock</Name><X>304</X><Y>1928</Y><Width>104</Width><SpacingWidth>0</SpacingWidth><DescendantWidth>0</DescendantWidth><Height>72</Height></GUILayoutItem><GUILayoutItem><Name>Sequence_20</Name><X>440</X><Y>1776</Y><Width>120</Width><SpacingWidth>120</SpacingWidth><DescendantWidth>120</DescendantWidth><Height>96</Height></GUILayoutItem><GUILayoutItem><Name>Catch_trxTraceablity</Name><X>448</X><Y>1792</Y><Width>104</Width><SpacingWidth>0</SpacingWidth><DescendantWidth>0</DescendantWidth><Height>72</Height></GUILayoutItem><GUILayoutItem><Name>Sequence_21</Name><X>440</X><Y>1912</Y><Width>120</Width><SpacingWidth>120</SpacingWidth><DescendantWidth>0</DescendantWidth><Height>96</Height></GUILayoutItem><GUILayoutItem><Name>log_trxtraceability</Name><X>448</X><Y>1928</Y><Width>104</Width><SpacingWidth>0</SpacingWidth><DescendantWidth>0</DescendantWidth><Height>72</Height></GUILayoutItem><GUILayoutItem><Name>Sequence_4</Name><X>944</X><Y>552</Y><Width>120</Width><SpacingWidth>1992</SpacingWidth><DescendantWidth>1992</DescendantWidth><Height>96</Height></GUILayoutItem><GUILayoutItem><Name>Sequence_6</Name><X>944</X><Y>688</Y><Width>120</Width><SpacingWidth>1992</SpacingWidth><DescendantWidth>1992</DescendantWidth><Height>96</Height></GUILayoutItem><GUILayoutItem><Name>Sequence_7</Name><X>1664</X><Y>824</Y><Width>120</Width><SpacingWidth>552</SpacingWidth><DescendantWidth>552</DescendantWidth><Height>96</Height></GUILayoutItem><GUILayoutItem><Name>checkstation</Name><X>1672</X><Y>840</Y><Width>104</Width><SpacingWidth>0</SpacingWidth><DescendantWidth>0</DescendantWidth><Height>72</Height></GUILayoutItem><GUILayoutItem><Name>TraceabilitySql</Name><X>1520</X><Y>960</Y><Width>120</Width><SpacingWidth>264</SpacingWidth><DescendantWidth>264</DescendantWidth><Height>96</Height></GUILayoutItem><GUILayoutItem><Name>Sequence_23</Name><X>800</X><Y>1096</Y><Width>120</Width><SpacingWidth>552</SpacingWidth><DescendantWidth>552</DescendantWidth><Height>96</Height></GUILayoutItem><GUILayoutItem><Name>check1050_F9718</Name><X>808</X><Y>1112</Y><Width>104</Width><SpacingWidth>0</SpacingWidth><DescendantWidth>0</DescendantWidth><Height>72</Height></GUILayoutItem><GUILayoutItem><Name>1050_9718</Name><X>584</X><Y>1232</Y><Width>120</Width><SpacingWidth>120</SpacingWidth><DescendantWidth>0</DescendantWidth><Height>96</Height></GUILayoutItem><GUILayoutItem><Name>Station1050_F9718</Name><X>592</X><Y>1248</Y><Width>104</Width><SpacingWidth>0</SpacingWidth><DescendantWidth>0</DescendantWidth><Height>72</Height></GUILayoutItem><GUILayoutItem><Name>SOL</Name><X>1304</X><Y>960</Y><Width>120</Width><SpacingWidth>120</SpacingWidth><DescendantWidth>120</DescendantWidth><Height>96</Height></GUILayoutItem><GUILayoutItem><Name>SOL_STATION_3030_9639</Name><X>1312</X><Y>976</Y><Width>104</Width><SpacingWidth>0</SpacingWidth><DescendantWidth>0</DescendantWidth><Height>72</Height></GUILayoutItem><GUILayoutItem><Name>Sequence_27</Name><X>1304</X><Y>1096</Y><Width>120</Width><SpacingWidth>120</SpacingWidth><DescendantWidth>120</DescendantWidth><Height>96</Height></GUILayoutItem><GUILayoutItem><Name>trxSOLSubassembly</Name><X>1312</X><Y>1112</Y><Width>104</Width><SpacingWidth>0</SpacingWidth><DescendantWidth>0</DescendantWidth><Height>72</Height></GUILayoutItem><GUILayoutItem><Name>Sequence_28</Name><X>1304</X><Y>1232</Y><Width>120</Width><SpacingWidth>120</SpacingWidth><DescendantWidth>120</DescendantWidth><Height>96</Height></GUILayoutItem><GUILayoutItem><Name>Catch_trxSOLAssembly</Name><X>1312</X><Y>1248</Y><Width>104</Width><SpacingWidth>0</SpacingWidth><DescendantWidth>0</DescendantWidth><Height>72</Height></GUILayoutItem><GUILayoutItem><Name>Sequence_29</Name><X>1304</X><Y>1368</Y><Width>120</Width><SpacingWidth>120</SpacingWidth><DescendantWidth>0</DescendantWidth><Height>96</Height></GUILayoutItem><GUILayoutItem><Name>log_trxSOLAssembly</Name><X>1312</X><Y>1384</Y><Width>104</Width><SpacingWidth>0</SpacingWidth><DescendantWidth>0</DescendantWidth><Height>72</Height></GUILayoutItem><GUILayoutItem><Name>Quality_SQl</Name><X>1808</X><Y>960</Y><Width>120</Width><SpacingWidth>264</SpacingWidth><DescendantWidth>264</DescendantWidth><Height>96</Height></GUILayoutItem><GUILayoutItem><Name>TracbTrbldetailsValuesQry</Name><X>1528</X><Y>976</Y><Width>104</Width><SpacingWidth>0</SpacingWidth><DescendantWidth>0</DescendantWidth><Height>72</Height></GUILayoutItem><GUILayoutItem><Name>Sequence_22</Name><X>1448</X><Y>1096</Y><Width>120</Width><SpacingWidth>120</SpacingWidth><DescendantWidth>120</DescendantWidth><Height>96</Height></GUILayoutItem><GUILayoutItem><Name>Assign_sucessvalue</Name><X>1456</X><Y>1112</Y><Width>104</Width><SpacingWidth>0</SpacingWidth><DescendantWidth>0</DescendantWidth><Height>72</Height></GUILayoutItem><GUILayoutItem><Name>Sequence_26</Name><X>1592</X><Y>1096</Y><Width>120</Width><SpacingWidth>120</SpacingWidth><DescendantWidth>120</DescendantWidth><Height>96</Height></GUILayoutItem><GUILayoutItem><Name>Catch_Trbldeatils</Name><X>1600</X><Y>1112</Y><Width>104</Width><SpacingWidth>0</SpacingWidth><DescendantWidth>0</DescendantWidth><Height>72</Height></GUILayoutItem><GUILayoutItem><Name>Sequence_31</Name><X>1592</X><Y>1368</Y><Width>120</Width><SpacingWidth>120</SpacingWidth><DescendantWidth>0</DescendantWidth><Height>96</Height></GUILayoutItem><GUILayoutItem><Name>log_trbldetails</Name><X>1600</X><Y>1384</Y><Width>104</Width><SpacingWidth>0</SpacingWidth><DescendantWidth>0</DescendantWidth><Height>72</Height></GUILayoutItem><GUILayoutItem><Name>Sequence_32</Name><X>1448</X><Y>1368</Y><Width>120</Width><SpacingWidth>120</SpacingWidth><DescendantWidth>0</DescendantWidth><Height>96</Height></GUILayoutItem><GUILayoutItem><Name>Slog_trbldetails</Name><X>1456</X><Y>1384</Y><Width>104</Width><SpacingWidth>0</SpacingWidth><DescendantWidth>0</DescendantWidth><Height>72</Height></GUILayoutItem><GUILayoutItem><Name>Sequence_33</Name><X>2024</X><Y>552</Y><Width>120</Width><SpacingWidth>120</SpacingWidth><DescendantWidth>0</DescendantWidth><Height>96</Height></GUILayoutItem><GUILayoutItem><Name>Sequence_34</Name><X>2168</X><Y>280</Y><Width>120</Width><SpacingWidth>120</SpacingWidth><DescendantWidth>120</DescendantWidth><Height>96</Height></GUILayoutItem><GUILayoutItem><Name>Assign_output</Name><X>2176</X><Y>296</Y><Width>104</Width><SpacingWidth>0</SpacingWidth><DescendantWidth>0</DescendantWidth><Height>72</Height></GUILayoutItem><GUILayoutItem><Name>Sequence_35</Name><X>1448</X><Y>1232</Y><Width>120</Width><SpacingWidth>120</SpacingWidth><DescendantWidth>120</DescendantWidth><Height>96</Height></GUILayoutItem><GUILayoutItem><Name>Row</Name><X>1456</X><Y>1248</Y><Width>104</Width><SpacingWidth>0</SpacingWidth><DescendantWidth>0</DescendantWidth><Height>72</Height></GUILayoutItem><GUILayoutItem><Name>Sequence_36</Name><X>1592</X><Y>1232</Y><Width>120</Width><SpacingWidth>120</SpacingWidth><DescendantWidth>120</DescendantWidth><Height>96</Height></GUILayoutItem><GUILayoutItem><Name>ERow</Name><X>1600</X><Y>1248</Y><Width>104</Width><SpacingWidth>0</SpacingWidth><DescendantWidth>0</DescendantWidth><Height>72</Height></GUILayoutItem><GUILayoutItem><Name>Sequence_30</Name><X>2168</X><Y>416</Y><Width>120</Width><SpacingWidth>120</SpacingWidth><DescendantWidth>0</DescendantWidth><Height>96</Height></GUILayoutItem><GUILayoutItem><Name>Log_output</Name><X>2176</X><Y>432</Y><Width>104</Width><SpacingWidth>0</SpacingWidth><DescendantWidth>0</DescendantWidth><Height>72</Height></GUILayoutItem><GUILayoutItem><Name>JsonstatusRow</Name><X>2032</X><Y>568</Y><Width>104</Width><SpacingWidth>0</SpacingWidth><DescendantWidth>0</DescendantWidth><Height>72</Height></GUILayoutItem><GUILayoutItem><Name>Sequence_37</Name><X>2024</X><Y>416</Y><Width>120</Width><SpacingWidth>120</SpacingWidth><DescendantWidth>120</DescendantWidth><Height>96</Height></GUILayoutItem><GUILayoutItem><Name>Catch_Jsontoxmlconverter</Name><X>2032</X><Y>432</Y><Width>104</Width><SpacingWidth>0</SpacingWidth><DescendantWidth>0</DescendantWidth><Height>72</Height></GUILayoutItem><GUILayoutItem><Name>TrblSHtQualityAssyQry</Name><X>1816</X><Y>976</Y><Width>104</Width><SpacingWidth>0</SpacingWidth><DescendantWidth>0</DescendantWidth><Height>72</Height></GUILayoutItem><GUILayoutItem><Name>Sequence_38</Name><X>1736</X><Y>1232</Y><Width>120</Width><SpacingWidth>120</SpacingWidth><DescendantWidth>120</DescendantWidth><Height>96</Height></GUILayoutItem><GUILayoutItem><Name>Assign_Qsucessvalue</Name><X>1744</X><Y>1248</Y><Width>104</Width><SpacingWidth>0</SpacingWidth><DescendantWidth>0</DescendantWidth><Height>72</Height></GUILayoutItem><GUILayoutItem><Name>Sequence_39</Name><X>1736</X><Y>1368</Y><Width>120</Width><SpacingWidth>120</SpacingWidth><DescendantWidth>120</DescendantWidth><Height>96</Height></GUILayoutItem><GUILayoutItem><Name>QualitySuccessRow</Name><X>1744</X><Y>1384</Y><Width>104</Width><SpacingWidth>0</SpacingWidth><DescendantWidth>0</DescendantWidth><Height>72</Height></GUILayoutItem><GUILayoutItem><Name>Sequence_40</Name><X>1736</X><Y>1504</Y><Width>120</Width><SpacingWidth>120</SpacingWidth><DescendantWidth>0</DescendantWidth><Height>96</Height></GUILayoutItem><GUILayoutItem><Name>Qualitylog_trbldetails</Name><X>1744</X><Y>1520</Y><Width>104</Width><SpacingWidth>0</SpacingWidth><DescendantWidth>0</DescendantWidth><Height>72</Height></GUILayoutItem><GUILayoutItem><Name>Sequence_41</Name><X>1880</X><Y>1096</Y><Width>120</Width><SpacingWidth>120</SpacingWidth><DescendantWidth>120</DescendantWidth><Height>96</Height></GUILayoutItem><GUILayoutItem><Name>Catch_QualityQrydeatils</Name><X>1888</X><Y>1112</Y><Width>104</Width><SpacingWidth>0</SpacingWidth><DescendantWidth>0</DescendantWidth><Height>72</Height></GUILayoutItem><GUILayoutItem><Name>Sequence_42</Name><X>1880</X><Y>1232</Y><Width>120</Width><SpacingWidth>120</SpacingWidth><DescendantWidth>120</DescendantWidth><Height>96</Height></GUILayoutItem><GUILayoutItem><Name>QualityFailedRow</Name><X>1888</X><Y>1248</Y><Width>104</Width><SpacingWidth>0</SpacingWidth><DescendantWidth>0</DescendantWidth><Height>72</Height></GUILayoutItem><GUILayoutItem><Name>Sequence_43</Name><X>1880</X><Y>1368</Y><Width>120</Width><SpacingWidth>120</SpacingWidth><DescendantWidth>0</DescendantWidth><Height>96</Height></GUILayoutItem><GUILayoutItem><Name>Qualityfailedlog_trbldetails</Name><X>1888</X><Y>1384</Y><Width>104</Width><SpacingWidth>0</SpacingWidth><DescendantWidth>0</DescendantWidth><Height>72</Height></GUILayoutItem><GUILayoutItem><Name>Sequence_45</Name><X>1160</X><Y>1232</Y><Width>120</Width><SpacingWidth>120</SpacingWidth><DescendantWidth>120</DescendantWidth><Height>96</Height></GUILayoutItem><GUILayoutItem><Name>QualityAssemblyTrx</Name><X>1168</X><Y>1248</Y><Width>104</Width><SpacingWidth>0</SpacingWidth><DescendantWidth>0</DescendantWidth><Height>72</Height></GUILayoutItem><GUILayoutItem><Name>Sequence_46</Name><X>1160</X><Y>1368</Y><Width>120</Width><SpacingWidth>120</SpacingWidth><DescendantWidth>120</DescendantWidth><Height>96</Height></GUILayoutItem><GUILayoutItem><Name>Catch_trxQualityAssembly</Name><X>1168</X><Y>1384</Y><Width>104</Width><SpacingWidth>0</SpacingWidth><DescendantWidth>0</DescendantWidth><Height>72</Height></GUILayoutItem><GUILayoutItem><Name>Sequence_47</Name><X>1160</X><Y>1504</Y><Width>120</Width><SpacingWidth>120</SpacingWidth><DescendantWidth>0</DescendantWidth><Height>96</Height></GUILayoutItem><GUILayoutItem><Name>log_trxQualityAssembly</Name><X>1168</X><Y>1520</Y><Width>104</Width><SpacingWidth>0</SpacingWidth><DescendantWidth>0</DescendantWidth><Height>72</Height></GUILayoutItem><GUILayoutItem><Name>Sequence_25</Name><X>872</X><Y>1232</Y><Width>120</Width><SpacingWidth>408</SpacingWidth><DescendantWidth>408</DescendantWidth><Height>96</Height></GUILayoutItem><GUILayoutItem><Name>check3030_F9736</Name><X>880</X><Y>1248</Y><Width>104</Width><SpacingWidth>0</SpacingWidth><DescendantWidth>0</DescendantWidth><Height>72</Height></GUILayoutItem><GUILayoutItem><Name>3030</Name><X>728</X><Y>1368</Y><Width>120</Width><SpacingWidth>120</SpacingWidth><DescendantWidth>0</DescendantWidth><Height>96</Height></GUILayoutItem><GUILayoutItem><Name>QualityStation3030_F9736</Name><X>736</X><Y>1384</Y><Width>104</Width><SpacingWidth>0</SpacingWidth><DescendantWidth>0</DescendantWidth><Height>72</Height></GUILayoutItem><GUILayoutItem><Name>Sequence_48</Name><X>1160</X><Y>1096</Y><Width>120</Width><SpacingWidth>120</SpacingWidth><DescendantWidth>120</DescendantWidth><Height>96</Height></GUILayoutItem><GUILayoutItem><Name>Tracer_0</Name><X>1168</X><Y>1112</Y><Width>104</Width><SpacingWidth>0</SpacingWidth><DescendantWidth>0</DescendantWidth><Height>72</Height></GUILayoutItem><GUILayoutItem><Name>Sequence_49</Name><X>1736</X><Y>1096</Y><Width>120</Width><SpacingWidth>120</SpacingWidth><DescendantWidth>120</DescendantWidth><Height>96</Height></GUILayoutItem><GUILayoutItem><Name>Tracer_1</Name><X>1744</X><Y>1112</Y><Width>104</Width><SpacingWidth>0</SpacingWidth><DescendantWidth>0</DescendantWidth><Height>72</Height></GUILayoutItem><GUILayoutItem><Name>Sequence_50</Name><X>944</X><Y>1368</Y><Width>120</Width><SpacingWidth>264</SpacingWidth><DescendantWidth>264</DescendantWidth><Height>96</Height></GUILayoutItem><GUILayoutItem><Name>check6030_F9841</Name><X>952</X><Y>1384</Y><Width>104</Width><SpacingWidth>0</SpacingWidth><DescendantWidth>0</DescendantWidth><Height>72</Height></GUILayoutItem><GUILayoutItem><Name>6030</Name><X>872</X><Y>1504</Y><Width>120</Width><SpacingWidth>120</SpacingWidth><DescendantWidth>0</DescendantWidth><Height>96</Height></GUILayoutItem><GUILayoutItem><Name>1030_9715</Name><X>1016</X><Y>1504</Y><Width>120</Width><SpacingWidth>120</SpacingWidth><DescendantWidth>0</DescendantWidth><Height>96</Height></GUILayoutItem><GUILayoutItem><Name>fQualityStation6030_F9841</Name><X>880</X><Y>1520</Y><Width>104</Width><SpacingWidth>0</SpacingWidth><DescendantWidth>0</DescendantWidth><Height>72</Height></GUILayoutItem><GUILayoutItem><Name>QualityStation1030_F9715</Name><X>1024</X><Y>1520</Y><Width>104</Width><SpacingWidth>0</SpacingWidth><DescendantWidth>0</DescendantWidth><Height>72</Height></GUILayoutItem></Layout><Actions><ContextItem><Name>Json_To_XML_Converter</Name><Description/><MinRange>0</MinRange><MaxRange>0</MaxRange><Value xsi:type="JsonToXML"><LargeSizeJSONBox>false</LargeSizeJSONBox><Output><ReferenceDocumentSource/></Output><Json/></Value><SchemaURI/><SchemaElement/><ValidateXMLOnExecution>1</ValidateXMLOnExecution><ReadOnly>false</ReadOnly><AlertXMLAssigned>false</AlertXMLAssigned></ContextItem><ContextItem><Name>Assign_jsonxml_value</Name><Description/><MinRange>0</MinRange><MaxRange>0</MaxRange><Value xsi:type="Assignment"/><ReadOnly>false</ReadOnly><AlertXMLAssigned>false</AlertXMLAssigned></ContextItem><ContextItem><Name>Document</Name><Description/><MinRange>0</MinRange><MaxRange>0</MaxRange><Value xsi:type="IlluminatorDocument"><ColumnSpecifications><ContextItem><Name>Message</Name><Description/><MinRange>0</MinRange><MaxRange>1</MaxRange><Value xsi:type="string">STRING</Value><ReadOnly>false</ReadOnly><AlertXMLAssigned>false</AlertXMLAssigned></ContextItem><ContextItem><Name>plc_com</Name><Description/><MinRange>0</MinRange><MaxRange>1</MaxRange><Value xsi:type="string">STRING</Value><ReadOnly>false</ReadOnly><AlertXMLAssigned>false</AlertXMLAssigned></ContextItem><ContextItem><Name>Status</Name><Description/><MinRange>0</MinRange><MaxRange>1</MaxRange><Value xsi:type="string">STRING</Value><ReadOnly>false</ReadOnly><AlertXMLAssigned>false</AlertXMLAssigned></ContextItem></ColumnSpecifications><EndDate>2024-04-02T11:09:00</EndDate><StartDate>2024-04-02T11:09:00</StartDate><Output><ReferenceDocumentSource/>&lt;?xml version="1.0" encoding="UTF-8"?&gt;&lt;Rowsets DateCreated="2024-04-02T12:05:50" EndDate="2024-04-02T11:09:00" StartDate="2024-04-02T11:09:00" Version="15.1 SP5 Patch 15"&gt;&lt;Rowset&gt;&lt;Columns&gt;&lt;Column Description="" MaxRange="1" MinRange="0" Name="Message" SQLDataType="1" SourceColumn="Message"/&gt;&lt;Column Description="" MaxRange="1" MinRange="0" Name="plc_com" SQLDataType="1" SourceColumn="plc_com"/&gt;&lt;Column Description="" MaxRange="1" MinRange="0" Name="Status" SQLDataType="1" SourceColumn="Status"/&gt;&lt;/Columns&gt;&lt;Row&gt;&lt;Message&gt;STRING&lt;/Message&gt;&lt;plc_com&gt;STRING&lt;/plc_com&gt;&lt;Status&gt;STRING&lt;/Status&gt;&lt;/Row&gt;&lt;/Rowset&gt;&lt;/Rowsets&gt;</Output></Value><SchemaURI/><SchemaElement/><ValidateXMLOnExecution>1</ValidateXMLOnExecution><ReadOnly>false</ReadOnly><AlertXMLAssigned>false</AlertXMLAssigned></ContextItem><ContextItem><Name>Switch</Name><Description/><MinRange>0</MinRange><MaxRange>0</MaxRange><Value xsi:type="SwitcherAction"><InputValue/><MatchCount>3</MatchCount><MatchValue1/><MatchValue2/><MatchValue3/></Value><ReadOnly>false</ReadOnly><AlertXMLAssigned>false</AlertXMLAssigned></ContextItem><ContextItem><Name>checkstation_1130_9761</Name><Description/><MinRange>0</MinRange><MaxRange>0</MaxRange><Value xsi:type="ConditionalAction"><Output>false</Output><InputCount>1</InputCount><LogicalAnd>false</LogicalAnd><Input1>false</Input1></Value><ReadOnly>false</ReadOnly><AlertXMLAssigned>false</AlertXMLAssigned></ContextItem><ContextItem><Name>checkstation_1030_1170_9714_9768_9769</Name><Description/><MinRange>0</MinRange><MaxRange>0</MaxRange><Value xsi:type="ConditionalAction"><Output>false</Output><InputCount>1</InputCount><LogicalAnd>false</LogicalAnd><Input1>false</Input1></Value><ReadOnly>false</ReadOnly><AlertXMLAssigned>false</AlertXMLAssigned></ContextItem><ContextItem><Name>checkstation_1020_9712</Name><Description/><MinRange>0</MinRange><MaxRange>0</MaxRange><Value xsi:type="ConditionalAction"><Output>false</Output><InputCount>1</InputCount><LogicalAnd>false</LogicalAnd><Input1>false</Input1></Value><ReadOnly>false</ReadOnly><AlertXMLAssigned>false</AlertXMLAssigned></ContextItem><ContextItem><Name>Assignvalue_1130_9761</Name><Description/><MinRange>0</MinRange><MaxRange>0</MaxRange><Value xsi:type="Assignment"/><ReadOnly>false</ReadOnly><AlertXMLAssigned>false</AlertXMLAssigned></ContextItem><ContextItem><Name>AssignValueforAllTraceablitudata</Name><Description/><MinRange>0</MinRange><MaxRange>0</MaxRange><Value xsi:type="Assignment"/><ReadOnly>false</ReadOnly><AlertXMLAssigned>false</AlertXMLAssigned></ContextItem><ContextItem><Name>HeadPair_Assembly</Name><Description/><MinRange>0</MinRange><MaxRange>0</MaxRange><Value xsi:type="TransactionCall"><ResetState>false</ResetState><TransactionName>ProductionSupport/Venky/Manualtraceabilty/MainTransaction/Treaceability/HeadPair_Assembly</TransactionName><Async>false</Async><Persist>INHERIT</Persist><LogLevel>INHERIT</LogLevel><LogType>INHERIT</LogType><StoreTransactionOutput>false</StoreTransactionOutput><Expiration>-1</Expiration><InputXML><ReferenceDocumentSource/></InputXML><EventLoggerFlag>true</EventLoggerFlag></Value><SchemaURI/><SchemaElement/><ValidateXMLOnExecution>1</ValidateXMLOnExecution><ReadOnly>false</ReadOnly><AlertXMLAssigned>false</AlertXMLAssigned></ContextItem><ContextItem><Name>trxAssembleBlock</Name><Description/><MinRange>0</MinRange><MaxRange>0</MaxRange><Value xsi:type="TransactionCall"><ResetState>false</ResetState><TransactionName>ProductionSupport/Venky/Manualtraceabilty/MainTransaction/Treaceability/trxAssembleBlock</TransactionName><Async>false</Async><Persist>INHERIT</Persist><LogLevel>INHERIT</LogLevel><LogType>INHERIT</LogType><StoreTransactionOutput>false</StoreTransactionOutput><Expiration>-1</Expiration><EventLoggerFlag>true</EventLoggerFlag><InputXmlFromPco><ReferenceDocumentSource/></InputXmlFromPco></Value><SchemaURI/><SchemaElement/><ValidateXMLOnExecution>1</ValidateXMLOnExecution><ReadOnly>false</ReadOnly><AlertXMLAssigned>false</AlertXMLAssigned></ContextItem><ContextItem><Name>MaterialBoxAssembly</Name><Description/><MinRange>0</MinRange><MaxRange>0</MaxRange><Value xsi:type="TransactionCall"><ResetState>false</ResetState><TransactionName>ProductionSupport/Venky/Manualtraceabilty/MainTransaction/Treaceability/MaterialBoxAssembly</TransactionName><Async>false</Async><Persist>INHERIT</Persist><LogLevel>INHERIT</LogLevel><LogType>INHERIT</LogType><StoreTransactionOutput>false</StoreTransactionOutput><Expiration>-1</Expiration><Input_XML><ReferenceDocumentSource/></Input_XML><EventLoggerFlag>true</EventLoggerFlag></Value><SchemaURI/><SchemaElement/><ValidateXMLOnExecution>1</ValidateXMLOnExecution><ReadOnly>false</ReadOnly><AlertXMLAssigned>false</AlertXMLAssigned></ContextItem><ContextItem><Name>trxTraceability</Name><Description/><MinRange>0</MinRange><MaxRange>0</MaxRange><Value xsi:type="TransactionCall"><ResetState>false</ResetState><TransactionName>ProductionSupport/Venky/Manualtraceabilty/MainTransaction/Treaceability/trxTraceability</TransactionName><Async>false</Async><Persist>INHERIT</Persist><LogLevel>INHERIT</LogLevel><LogType>INHERIT</LogType><StoreTransactionOutput>false</StoreTransactionOutput><Expiration>-1</Expiration><inNotificationXml><ReferenceDocumentSource/>&lt;?xml version="1.0" encoding="UTF-8"?&gt;&lt;NotificationMessage&gt;&#13;
    &lt;Header&gt;&#13;
        &lt;Name&gt;SOT_TRACEABILITY&lt;/Name&gt;&#13;
        &lt;Description/&gt;&#13;
        &lt;Destination&gt;PCOMonitoring&lt;/Destination&gt;&#13;
        &lt;CreatedDate&gt;2024-03-15T10:11:09&lt;/CreatedDate&gt;&#13;
        &lt;ID&gt;65e4ddb5-f3cb-4191-af31-3d42a8997001&lt;/ID&gt;&#13;
        &lt;Status&gt;Created&lt;/Status&gt;&#13;
    &lt;/Header&gt;&#13;
    &lt;Body&gt;&#13;
        &lt;Values&gt;&#13;
            &lt;assemblytype quality="None" timeStamp="0001-01-01T00:00:00.0000000" type="xsd:string"&gt;SERIALISED_PURCHASED&lt;/assemblytype&gt;&#13;
            &lt;facilityid quality="None" timeStamp="0001-01-01T00:00:00.0000000" type="xsd:string"&gt;9759&lt;/facilityid&gt;&#13;
            &lt;site quality="None" timeStamp="0001-01-01T00:00:00.0000000" type="xsd:string"&gt;1020&lt;/site&gt;&#13;
            &lt;partid quality="None" timeStamp="0001-01-01T00:00:00.0000000" type="xsd:string"&gt;10204259&lt;/partid&gt;&#13;
            &lt;supcompartid quality="None" timeStamp="0001-01-01T00:00:00.0000000" type="xsd:string"&gt;2546716591234567829032024002&lt;/supcompartid&gt;&#13;
            &lt;pcoserver quality="None" timeStamp="0001-01-01T00:00:00.0000000" type="xsd:string"&gt;&lt;![CDATA[NC11_ASY2]]&gt;&lt;/pcoserver&gt;&#13;
            &lt;tagid quality="None" timeStamp="0001-01-01T00:00:00.0000000" type="xsd:string"&gt;&lt;![CDATA[NC11_OP1030_T_9713.OP1030.9713-T]]&gt;&lt;/tagid&gt;&#13;
            &lt;plctimestamp quality="None" timeStamp="0001-01-01T00:00:00.0000000" type="xsd:string"&gt;2024-03-29T12:47:35&lt;/plctimestamp&gt;&#13;
        &lt;/Values&gt;&#13;
    &lt;/Body&gt;&#13;
    &lt;Faults/&gt;&#13;
&lt;/NotificationMessage&gt;</inNotificationXml><outputXml><ReferenceDocumentSource/>&lt;?xml version="1.0" encoding="UTF-8"?&gt;&lt;xml&gt;&#13;
&lt;success/&gt;&#13;
&lt;message/&gt;&#13;
&lt;plc_com/&gt;&#13;
&lt;/xml&gt;</outputXml><EventLoggerFlag>false</EventLoggerFlag></Value><SchemaURI/><SchemaElement/><ValidateXMLOnExecution>1</ValidateXMLOnExecution><SchemaURI/><SchemaElement/><ValidateXMLOnExecution>1</ValidateXMLOnExecution><ReadOnly>false</ReadOnly><AlertXMLAssigned>false</AlertXMLAssigned></ContextItem><ContextItem><Name>Catch_HeadpairAssembly</Name><Description/><MinRange>0</MinRange><MaxRange>0</MaxRange><Value xsi:type="CatchAction"/><ReadOnly>false</ReadOnly><AlertXMLAssigned>false</AlertXMLAssigned></ContextItem><ContextItem><Name>log_headpairAssembly</Name><Description/><MinRange>0</MinRange><MaxRange>0</MaxRange><Value xsi:type="EventLogger"><Message/><Source>UserEvent</Source><EventType>INFO</EventType></Value><ReadOnly>false</ReadOnly><AlertXMLAssigned>false</AlertXMLAssigned></ContextItem><ContextItem><Name>Catch_MaterialBoxAssembly</Name><Description/><MinRange>0</MinRange><MaxRange>0</MaxRange><Value xsi:type="CatchAction"/><ReadOnly>false</ReadOnly><AlertXMLAssigned>false</AlertXMLAssigned></ContextItem><ContextItem><Name>log_MaterialAssembly</Name><Description/><MinRange>0</MinRange><MaxRange>0</MaxRange><Value xsi:type="EventLogger"><Message/><Source>UserEvent</Source><EventType>INFO</EventType></Value><ReadOnly>false</ReadOnly><AlertXMLAssigned>false</AlertXMLAssigned></ContextItem><ContextItem><Name>Catch_Assemblyblock</Name><Description/><MinRange>0</MinRange><MaxRange>0</MaxRange><Value xsi:type="CatchAction"/><ReadOnly>false</ReadOnly><AlertXMLAssigned>false</AlertXMLAssigned></ContextItem><ContextItem><Name>log_Assemblyblock</Name><Description/><MinRange>0</MinRange><MaxRange>0</MaxRange><Value xsi:type="EventLogger"><Message/><Source>UserEvent</Source><EventType>INFO</EventType></Value><ReadOnly>false</ReadOnly><AlertXMLAssigned>false</AlertXMLAssigned></ContextItem><ContextItem><Name>Catch_trxTraceablity</Name><Description/><MinRange>0</MinRange><MaxRange>0</MaxRange><Value xsi:type="CatchAction"/><ReadOnly>false</ReadOnly><AlertXMLAssigned>false</AlertXMLAssigned></ContextItem><ContextItem><Name>log_trxtraceability</Name><Description/><MinRange>0</MinRange><MaxRange>0</MaxRange><Value xsi:type="EventLogger"><Message/><Source>UserEvent</Source><EventType>INFO</EventType></Value><ReadOnly>false</ReadOnly><AlertXMLAssigned>false</AlertXMLAssigned></ContextItem><ContextItem><Name>checkstation</Name><Description/><MinRange>0</MinRange><MaxRange>0</MaxRange><Value xsi:type="ConditionalAction"><Output>false</Output><InputCount>1</InputCount><LogicalAnd>false</LogicalAnd><Input1>false</Input1></Value><ReadOnly>false</ReadOnly><AlertXMLAssigned>false</AlertXMLAssigned></ContextItem><ContextItem><Name>check1050_F9718</Name><Description/><MinRange>0</MinRange><MaxRange>0</MaxRange><Value xsi:type="ConditionalAction"><Output>false</Output><InputCount>1</InputCount><LogicalAnd>false</LogicalAnd><Input1>false</Input1></Value><ReadOnly>false</ReadOnly><AlertXMLAssigned>false</AlertXMLAssigned></ContextItem><ContextItem><Name>Station1050_F9718</Name><Description/><MinRange>0</MinRange><MaxRange>0</MaxRange><Value xsi:type="Assignment"/><ReadOnly>false</ReadOnly><AlertXMLAssigned>false</AlertXMLAssigned></ContextItem><ContextItem><Name>SOL_STATION_3030_9639</Name><Description/><MinRange>0</MinRange><MaxRange>0</MaxRange><Value xsi:type="Assignment"/><ReadOnly>false</ReadOnly><AlertXMLAssigned>false</AlertXMLAssigned></ContextItem><ContextItem><Name>trxSOLSubassembly</Name><Description/><MinRange>0</MinRange><MaxRange>0</MaxRange><Value xsi:type="TransactionCall"><ResetState>false</ResetState><TransactionName>ProductionSupport/Venky/Manualtraceabilty/MainTransaction/SOL/trxSOLSubassembly</TransactionName><Async>false</Async><Persist>INHERIT</Persist><LogLevel>INHERIT</LogLevel><LogType>INHERIT</LogType><StoreTransactionOutput>false</StoreTransactionOutput><Expiration>-1</Expiration><inNotificationXml><ReferenceDocumentSource/></inNotificationXml></Value><SchemaURI/><SchemaElement/><ValidateXMLOnExecution>1</ValidateXMLOnExecution><ReadOnly>false</ReadOnly><AlertXMLAssigned>false</AlertXMLAssigned></ContextItem><ContextItem><Name>Catch_trxSOLAssembly</Name><Description/><MinRange>0</MinRange><MaxRange>0</MaxRange><Value xsi:type="CatchAction"/><ReadOnly>false</ReadOnly><AlertXMLAssigned>false</AlertXMLAssigned></ContextItem><ContextItem><Name>log_trxSOLAssembly</Name><Description/><MinRange>0</MinRange><MaxRange>0</MaxRange><Value xsi:type="EventLogger"><Message/><Source>UserEvent</Source><EventType>INFO</EventType></Value><ReadOnly>false</ReadOnly><AlertXMLAssigned>false</AlertXMLAssigned></ContextItem><ContextItem><Name>TracbTrbldetailsValuesQry</Name><Description/><MinRange>0</MinRange><MaxRange>0</MaxRange><Value xsi:type="IlluminatorSQLQueryObject"><Format>text/xml</Format><Timeout>60</Timeout><TagList/><Results><ReferenceDocumentSource/>&lt;?xml version="1.0" encoding="UTF-8"?&gt;&lt;Rowsets CachedTime="" DateCreated="2024-04-02T12:03:06" EndDate="2024-04-02T12:03:06" StartDate="2024-04-02T11:03:06" Version="15.1 SP5 Patch 15 (03-May-2018)"&gt;&lt;Rowset&gt;&lt;Columns&gt;&lt;Column Description="PARTID" MaxRange="1" MinRange="0" Name="PARTID" SQLDataType="12" SourceColumn="PARTID"/&gt;&lt;Column Description="FACILITYID" MaxRange="1" MinRange="0" Name="FACILITYID" SQLDataType="12" SourceColumn="FACILITYID"/&gt;&lt;Column Description="PLCCOM_WB_VAL" MaxRange="1" MinRange="0" Name="PLCCOM_WB_VAL" SQLDataType="2" SourceColumn="PLCCOM_WB_VAL"/&gt;&lt;Column Description="PCO_CREATED_TIME" MaxRange="1" MinRange="0" Name="PCO_CREATED_TIME" SQLDataType="93" SourceColumn="PCO_CREATED_TIME"/&gt;&lt;Column Description="PLCCOM_WB_TS" MaxRange="1" MinRange="0" Name="PLCCOM_WB_TS" SQLDataType="93" SourceColumn="PLCCOM_WB_TS"/&gt;&lt;/Columns&gt;&lt;Row&gt;&lt;PARTID&gt;10204259&lt;/PARTID&gt;&lt;FACILITYID&gt;9712&lt;/FACILITYID&gt;&lt;PLCCOM_WB_VAL&gt;4&lt;/PLCCOM_WB_VAL&gt;&lt;PCO_CREATED_TIME&gt;2024-03-15T10:11:09&lt;/PCO_CREATED_TIME&gt;&lt;PLCCOM_WB_TS&gt;2024-04-02T08:29:24&lt;/PLCCOM_WB_TS&gt;&lt;/Row&gt;&lt;Row&gt;&lt;PARTID&gt;10204259&lt;/PARTID&gt;&lt;FACILITYID&gt;9712&lt;/FACILITYID&gt;&lt;PLCCOM_WB_VAL&gt;4&lt;/PLCCOM_WB_VAL&gt;&lt;PCO_CREATED_TIME&gt;2024-03-15T10:11:09&lt;/PCO_CREATED_TIME&gt;&lt;PLCCOM_WB_TS&gt;2024-04-02T08:29:24&lt;/PLCCOM_WB_TS&gt;&lt;/Row&gt;&lt;Row&gt;&lt;PARTID&gt;10204259&lt;/PARTID&gt;&lt;FACILITYID&gt;9712&lt;/FACILITYID&gt;&lt;PLCCOM_WB_VAL&gt;4&lt;/PLCCOM_WB_VAL&gt;&lt;PCO_CREATED_TIME&gt;2024-03-15T10:11:09&lt;/PCO_CREATED_TIME&gt;&lt;PLCCOM_WB_TS&gt;2024-04-02T08:29:24&lt;/PLCCOM_WB_TS&gt;&lt;/Row&gt;&lt;Row&gt;&lt;PARTID&gt;10204259&lt;/PARTID&gt;&lt;FACILITYID&gt;9712&lt;/FACILITYID&gt;&lt;PLCCOM_WB_VAL&gt;4&lt;/PLCCOM_WB_VAL&gt;&lt;PCO_CREATED_TIME&gt;2024-03-15T10:11:09&lt;/PCO_CREATED_TIME&gt;&lt;PLCCOM_WB_TS&gt;2024-04-02T08:29:24&lt;/PLCCOM_WB_TS&gt;&lt;/Row&gt;&lt;Row&gt;&lt;PARTID&gt;10204259&lt;/PARTID&gt;&lt;FACILITYID&gt;9712&lt;/FACILITYID&gt;&lt;PLCCOM_WB_VAL&gt;4&lt;/PLCCOM_WB_VAL&gt;&lt;PCO_CREATED_TIME&gt;2024-03-15T10:11:09&lt;/PCO_CREATED_TIME&gt;&lt;PLCCOM_WB_TS&gt;2024-04-02T08:29:24&lt;/PLCCOM_WB_TS&gt;&lt;/Row&gt;&lt;Row&gt;&lt;PARTID&gt;10204259&lt;/PARTID&gt;&lt;FACILITYID&gt;9712&lt;/FACILITYID&gt;&lt;PLCCOM_WB_VAL&gt;4&lt;/PLCCOM_WB_VAL&gt;&lt;PCO_CREATED_TIME&gt;2024-03-15T10:11:09&lt;/PCO_CREATED_TIME&gt;&lt;PLCCOM_WB_TS&gt;2024-04-02T08:29:24&lt;/PLCCOM_WB_TS&gt;&lt;/Row&gt;&lt;Row&gt;&lt;PARTID&gt;10204259&lt;/PARTID&gt;&lt;FACILITYID&gt;9712&lt;/FACILITYID&gt;&lt;PLCCOM_WB_VAL&gt;4&lt;/PLCCOM_WB_VAL&gt;&lt;PCO_CREATED_TIME&gt;2024-03-15T10:11:09&lt;/PCO_CREATED_TIME&gt;&lt;PLCCOM_WB_TS&gt;2024-04-02T08:29:24&lt;/PLCCOM_WB_TS&gt;&lt;/Row&gt;&lt;Row&gt;&lt;PARTID&gt;10204259&lt;/PARTID&gt;&lt;FACILITYID&gt;9712&lt;/FACILITYID&gt;&lt;PLCCOM_WB_VAL&gt;4&lt;/PLCCOM_WB_VAL&gt;&lt;PCO_CREATED_TIME&gt;2024-03-15T10:11:09&lt;/PCO_CREATED_TIME&gt;&lt;PLCCOM_WB_TS&gt;2024-04-02T08:29:24&lt;/PLCCOM_WB_TS&gt;&lt;/Row&gt;&lt;Row&gt;&lt;PARTID&gt;10204259&lt;/PARTID&gt;&lt;FACILITYID&gt;9712&lt;/FACILITYID&gt;&lt;PLCCOM_WB_VAL&gt;4&lt;/PLCCOM_WB_VAL&gt;&lt;PCO_CREATED_TIME&gt;2024-03-15T10:11:09&lt;/PCO_CREATED_TIME&gt;&lt;PLCCOM_WB_TS&gt;2024-04-02T08:29:24&lt;/PLCCOM_WB_TS&gt;&lt;/Row&gt;&lt;Row&gt;&lt;PARTID&gt;10204259&lt;/PARTID&gt;&lt;FACILITYID&gt;9712&lt;/FACILITYID&gt;&lt;PLCCOM_WB_VAL&gt;4&lt;/PLCCOM_WB_VAL&gt;&lt;PCO_CREATED_TIME&gt;2024-03-15T10:11:09&lt;/PCO_CREATED_TIME&gt;&lt;PLCCOM_WB_TS&gt;2024-04-02T08:29:24&lt;/PLCCOM_WB_TS&gt;&lt;/Row&gt;&lt;/Rowset&gt;&lt;/Rowsets&gt;</Results><QueryTemplate>ProductionSupport/Venky/Manualtraceabilty/Querytemplate/TracbTrbldetailsValuesQry</QueryTemplate><QueryEndDate>2024-04-02T12:03:06</QueryEndDate><QueryStartDate>2024-04-02T12:03:06</QueryStartDate><QueryParameters/><SQLTransaction/><ResultsAsString/></Value><SchemaURI/><SchemaElement/><ValidateXMLOnExecution>1</ValidateXMLOnExecution><ReadOnly>false</ReadOnly><AlertXMLAssigned>false</AlertXMLAssigned></ContextItem><ContextItem><Name>Assign_sucessvalue</Name><Description/><MinRange>0</MinRange><MaxRange>0</MaxRange><Value xsi:type="Assignment"/><ReadOnly>false</ReadOnly><AlertXMLAssigned>false</AlertXMLAssigned></ContextItem><ContextItem><Name>Catch_Trbldeatils</Name><Description/><MinRange>0</MinRange><MaxRange>0</MaxRange><Value xsi:type="CatchAction"/><ReadOnly>false</ReadOnly><AlertXMLAssigned>false</AlertXMLAssigned></ContextItem><ContextItem><Name>log_trbldetails</Name><Description/><MinRange>0</MinRange><MaxRange>0</MaxRange><Value xsi:type="EventLogger"><Message/><Source>UserEvent</Source><EventType>INFO</EventType></Value><ReadOnly>false</ReadOnly><AlertXMLAssigned>false</AlertXMLAssigned></ContextItem><ContextItem><Name>Slog_trbldetails</Name><Description/><MinRange>0</MinRange><MaxRange>0</MaxRange><Value xsi:type="EventLogger"><Message/><Source>UserEvent</Source><EventType>INFO</EventType></Value><ReadOnly>false</ReadOnly><AlertXMLAssigned>false</AlertXMLAssigned></ContextItem><ContextItem><Name>Assign_output</Name><Description/><MinRange>0</MinRange><MaxRange>0</MaxRange><Value xsi:type="Assignment"/><ReadOnly>false</ReadOnly><AlertXMLAssigned>false</AlertXMLAssigned></ContextItem><ContextItem><Name>Row</Name><Description/><MinRange>0</MinRange><MaxRange>0</MaxRange><Value xsi:type="IlluminatorRow"><IlluminatorDocument>Document.Output</IlluminatorDocument></Value><ReadOnly>false</ReadOnly><AlertXMLAssigned>false</AlertXMLAssigned></ContextItem><ContextItem><Name>ERow</Name><Description/><MinRange>0</MinRange><MaxRange>0</MaxRange><Value xsi:type="IlluminatorRow"><IlluminatorDocument>Document.Output</IlluminatorDocument></Value><ReadOnly>false</ReadOnly><AlertXMLAssigned>false</AlertXMLAssigned></ContextItem><ContextItem><Name>Log_output</Name><Description/><MinRange>0</MinRange><MaxRange>0</MaxRange><Value xsi:type="EventLogger"><Message/><Source>UserEvent</Source><EventType>INFO</EventType></Value><ReadOnly>false</ReadOnly><AlertXMLAssigned>false</AlertXMLAssigned></ContextItem><ContextItem><Name>JsonstatusRow</Name><Description/><MinRange>0</MinRange><MaxRange>0</MaxRange><Value xsi:type="IlluminatorRow"><IlluminatorDocument>Document.Output</IlluminatorDocument></Value><ReadOnly>false</ReadOnly><AlertXMLAssigned>false</AlertXMLAssigned></ContextItem><ContextItem><Name>Catch_Jsontoxmlconverter</Name><Description/><MinRange>0</MinRange><MaxRange>0</MaxRange><Value xsi:type="CatchAction"/><ReadOnly>false</ReadOnly><AlertXMLAssigned>false</AlertXMLAssigned></ContextItem><ContextItem><Name>TrblSHtQualityAssyQry</Name><Description/><MinRange>0</MinRange><MaxRange>0</MaxRange><Value xsi:type="IlluminatorSQLQueryObject"><Format>text/xml</Format><Timeout>60</Timeout><TagList/><Results><ReferenceDocumentSource/>&lt;?xml version="1.0" encoding="UTF-8"?&gt;&lt;Rowsets CachedTime="" DateCreated="2024-04-02T12:25:15" EndDate="2024-04-02T12:25:15" StartDate="2024-04-02T11:25:15" Version="15.1 SP5 Patch 15 (03-May-2018)"&gt;&lt;Rowset&gt;&lt;Columns&gt;&lt;Column Description="PARTID" MaxRange="1" MinRange="0" Name="PARTID" SQLDataType="12" SourceColumn="PARTID"/&gt;&lt;Column Description="FACILITYID" MaxRange="1" MinRange="0" Name="FACILITYID" SQLDataType="12" SourceColumn="FACILITYID"/&gt;&lt;Column Description="PLCCOM_WB_VAL" MaxRange="1" MinRange="0" Name="PLCCOM_WB_VAL" SQLDataType="2" SourceColumn="PLCCOM_WB_VAL"/&gt;&lt;Column Description="PLCCOM_WB_TS" MaxRange="1" MinRange="0" Name="PLCCOM_WB_TS" SQLDataType="93" SourceColumn="PLCCOM_WB_TS"/&gt;&lt;/Columns&gt;&lt;Row&gt;&lt;PARTID&gt;10204259&lt;/PARTID&gt;&lt;FACILITYID&gt;9718&lt;/FACILITYID&gt;&lt;PLCCOM_WB_VAL&gt;0&lt;/PLCCOM_WB_VAL&gt;&lt;PLCCOM_WB_TS&gt;2024-04-02T10:49:17&lt;/PLCCOM_WB_TS&gt;&lt;/Row&gt;&lt;Row&gt;&lt;PARTID&gt;10204259&lt;/PARTID&gt;&lt;FACILITYID&gt;9718&lt;/FACILITYID&gt;&lt;PLCCOM_WB_VAL&gt;0&lt;/PLCCOM_WB_VAL&gt;&lt;PLCCOM_WB_TS&gt;2024-04-02T10:49:17&lt;/PLCCOM_WB_TS&gt;&lt;/Row&gt;&lt;Row&gt;&lt;PARTID&gt;10204259&lt;/PARTID&gt;&lt;FACILITYID&gt;9718&lt;/FACILITYID&gt;&lt;PLCCOM_WB_VAL&gt;0&lt;/PLCCOM_WB_VAL&gt;&lt;PLCCOM_WB_TS&gt;2024-04-02T10:49:17&lt;/PLCCOM_WB_TS&gt;&lt;/Row&gt;&lt;Row&gt;&lt;PARTID&gt;10204259&lt;/PARTID&gt;&lt;FACILITYID&gt;9718&lt;/FACILITYID&gt;&lt;PLCCOM_WB_VAL&gt;0&lt;/PLCCOM_WB_VAL&gt;&lt;PLCCOM_WB_TS&gt;2024-04-02T10:49:17&lt;/PLCCOM_WB_TS&gt;&lt;/Row&gt;&lt;/Rowset&gt;&lt;/Rowsets&gt;</Results><QueryTemplate>ProductionSupport/Venky/Manualtraceabilty/Querytemplate/TrblSHtQualityAssyQry</QueryTemplate><QueryEndDate>2024-04-02T12:25:15</QueryEndDate><QueryStartDate>2024-04-02T12:25:15</QueryStartDate><QueryParameters/><SQLTransaction/><ResultsAsString/></Value><SchemaURI/><SchemaElement/><ValidateXMLOnExecution>1</ValidateXMLOnExecution><ReadOnly>false</ReadOnly><AlertXMLAssigned>false</AlertXMLAssigned></ContextItem><ContextItem><Name>Assign_Qsucessvalue</Name><Description/><MinRange>0</MinRange><MaxRange>0</MaxRange><Value xsi:type="Assignment"/><ReadOnly>false</ReadOnly><AlertXMLAssigned>false</AlertXMLAssigned></ContextItem><ContextItem><Name>QualitySuccessRow</Name><Description/><MinRange>0</MinRange><MaxRange>0</MaxRange><Value xsi:type="IlluminatorRow"><IlluminatorDocument>Document.Output</IlluminatorDocument></Value><ReadOnly>false</ReadOnly><AlertXMLAssigned>false</AlertXMLAssigned></ContextItem><ContextItem><Name>Qualitylog_trbldetails</Name><Description/><MinRange>0</MinRange><MaxRange>0</MaxRange><Value xsi:type="EventLogger"><Message/><Source>UserEvent</Source><EventType>INFO</EventType></Value><ReadOnly>false</ReadOnly><AlertXMLAssigned>false</AlertXMLAssigned></ContextItem><ContextItem><Name>Catch_QualityQrydeatils</Name><Description/><MinRange>0</MinRange><MaxRange>0</MaxRange><Value xsi:type="CatchAction"/><ReadOnly>false</ReadOnly><AlertXMLAssigned>false</AlertXMLAssigned></ContextItem><ContextItem><Name>QualityFailedRow</Name><Description/><MinRange>0</MinRange><MaxRange>0</MaxRange><Value xsi:type="IlluminatorRow"><IlluminatorDocument>Document.Output</IlluminatorDocument></Value><ReadOnly>false</ReadOnly><AlertXMLAssigned>false</AlertXMLAssigned></ContextItem><ContextItem><Name>Qualityfailedlog_trbldetails</Name><Description/><MinRange>0</MinRange><MaxRange>0</MaxRange><Value xsi:type="EventLogger"><Message/><Source>UserEvent</Source><EventType>INFO</EventType></Value><ReadOnly>false</ReadOnly><AlertXMLAssigned>false</AlertXMLAssigned></ContextItem><ContextItem><Name>QualityAssemblyTrx</Name><Description/><MinRange>0</MinRange><MaxRange>0</MaxRange><Value xsi:type="TransactionCall"><ResetState>false</ResetState><TransactionName>ProductionSupport/Venky/Manualtraceabilty/MainTransaction/Quality/QualityAssemblyTrx</TransactionName><Async>false</Async><Persist>INHERIT</Persist><LogLevel>INHERIT</LogLevel><LogType>INHERIT</LogType><StoreTransactionOutput>false</StoreTransactionOutput><Expiration>-1</Expiration><Input_XML><ReferenceDocumentSource/>&lt;?xml version="1.0" encoding="UTF-8"?&gt;&lt;NotificationMessage&gt;&#13;
  &lt;Header&gt;&#13;
    &lt;Name&gt;SOT_QUALITY&lt;/Name&gt;&#13;
    &lt;Description/&gt;&#13;
    &lt;Destination&gt;PCOMonitoring&lt;/Destination&gt;&#13;
    &lt;CreatedDate&gt;2024-04-02T06:35:30&lt;/CreatedDate&gt;&#13;
    &lt;ID&gt;843d2d1c-7030-4bb3-a2cb-ac73cad68671&lt;/ID&gt;&#13;
    &lt;Status&gt;Created&lt;/Status&gt;&#13;
  &lt;/Header&gt;&#13;
  &lt;Body&gt;&#13;
    &lt;Values&gt;&#13;
      &lt;pcoserver quality="None" timeStamp="0001-01-01T00:00:00.0000000" type="xsd:string"&gt;NC11_ASY2&lt;/pcoserver&gt;&#13;
      &lt;tagid quality="None" timeStamp="0001-01-01T00:00:00.0000000" type="xsd:string"&gt;NC11_OP1030_Q_9715.OP1030.9715-Q&lt;/tagid&gt;&#13;
      &lt;partselcount quality="None" timeStamp="0001-01-01T00:00:00.0000000" type="xsd:string"&gt;10&lt;/partselcount&gt;&#13;
      &lt;partid quality="None" timeStamp="0001-01-01T00:00:00.0000000" type="xsd:string"&gt;10204259&lt;/partid&gt;&#13;
      &lt;facilityid quality="None" timeStamp="0001-01-01T00:00:00.0000000" type="xsd:string"&gt;9715&lt;/facilityid&gt;&#13;
      &lt;plctimestamp quality="None" timeStamp="0001-01-01T00:00:00.0000000" type="xsd:string"&gt;2024-04-03T10:37:25&lt;/plctimestamp&gt;&#13;
      &lt;procstat quality="None" timeStamp="0001-01-01T00:00:00.0000000" type="xsd:string"/&gt;&#13;
      &lt;partselect1 quality="None" timeStamp="0001-01-01T00:00:00.0000000" type="xsd:string"&gt;31&lt;/partselect1&gt;&#13;
      &lt;site quality="None" timeStamp="0001-01-01T00:00:00.0000000" type="xsd:string"&gt;1020&lt;/site&gt;&#13;
      &lt;plccom quality="None" timeStamp="0001-01-01T00:00:00.0000000" type="xsd:string"&gt;0&lt;/plccom&gt;&#13;
      &lt;partselect2 quality="None" timeStamp="0001-01-01T00:00:00.0000000" type="xsd:string"&gt;41&lt;/partselect2&gt;&#13;
      &lt;partselect3 quality="None" timeStamp="0001-01-01T00:00:00.0000000" type="xsd:string"&gt;41&lt;/partselect3&gt;&#13;
      &lt;partselect4 quality="None" timeStamp="0001-01-01T00:00:00.0000000" type="xsd:string"&gt;42&lt;/partselect4&gt;&#13;
      &lt;partselect5 quality="None" timeStamp="0001-01-01T00:00:00.0000000" type="xsd:string"&gt;42&lt;/partselect5&gt;&#13;
      &lt;partselect6 quality="None" timeStamp="0001-01-01T00:00:00.0000000" type="xsd:string"&gt;37&lt;/partselect6&gt;&#13;
      &lt;partselect7 quality="None" timeStamp="0001-01-01T00:00:00.0000000" type="xsd:string"&gt;47&lt;/partselect7&gt;&#13;
      &lt;partselect8 quality="None" timeStamp="0001-01-01T00:00:00.0000000" type="xsd:string"&gt;45&lt;/partselect8&gt;&#13;
      &lt;partselect9 quality="None" timeStamp="0001-01-01T00:00:00.0000000" type="xsd:string"&gt;45&lt;/partselect9&gt;&#13;
      &lt;partselect10 quality="None" timeStamp="0001-01-01T00:00:00.0000000" type="xsd:string"&gt;47&lt;/partselect10&gt;&#13;
      &lt;main_bearingshell1 quality="None" timeStamp="0001-01-01T00:00:00.0000000" type="xsd:string"&gt;0112345678&lt;/main_bearingshell1&gt;&#13;
      &lt;main_bearingshell2 quality="None" timeStamp="0001-01-01T00:00:00.0000000" type="xsd:string"&gt;0212345678&lt;/main_bearingshell2&gt;&#13;
      &lt;main_bearingshell3 quality="None" timeStamp="0001-01-01T00:00:00.0000000" type="xsd:string"&gt;0312345678&lt;/main_bearingshell3&gt;&#13;
      &lt;main_bearingshell4 quality="None" timeStamp="0001-01-01T00:00:00.0000000" type="xsd:string"&gt;0412345678&lt;/main_bearingshell4&gt;&#13;
      &lt;main_bearingshell5 quality="None" timeStamp="0001-01-01T00:00:00.0000000" type="xsd:string"&gt;0512345678&lt;/main_bearingshell5&gt;&#13;
      &lt;main_bearingshell6 quality="None" timeStamp="0001-01-01T00:00:00.0000000" type="xsd:string"&gt;0612345678&lt;/main_bearingshell6&gt;&#13;
      &lt;main_bearingshell7 quality="None" timeStamp="0001-01-01T00:00:00.0000000" type="xsd:string"&gt;0712345678&lt;/main_bearingshell7&gt;&#13;
      &lt;main_bearingshell8 quality="None" timeStamp="0001-01-01T00:00:00.0000000" type="xsd:string"&gt;0812345678&lt;/main_bearingshell8&gt;&#13;
      &lt;main_bearingshell9 quality="None" timeStamp="0001-01-01T00:00:00.0000000" type="xsd:string"&gt;0912345678&lt;/main_bearingshell9&gt;&#13;
      &lt;main_bearingshell10 quality="None" timeStamp="0001-01-01T00:00:00.0000000" type="xsd:string"&gt;1012345678&lt;/main_bearingshell10&gt;&#13;
    &lt;/Values&gt;&#13;
  &lt;/Body&gt;&#13;
  &lt;Faults/&gt;&#13;
&lt;/NotificationMessage&gt;</Input_XML><EventLoggerFlag>false</EventLoggerFlag></Value><SchemaURI/><SchemaElement/><ValidateXMLOnExecution>1</ValidateXMLOnExecution><ReadOnly>false</ReadOnly><AlertXMLAssigned>false</AlertXMLAssigned></ContextItem><ContextItem><Name>Catch_trxQualityAssembly</Name><Description/><MinRange>0</MinRange><MaxRange>0</MaxRange><Value xsi:type="CatchAction"/><ReadOnly>false</ReadOnly><AlertXMLAssigned>false</AlertXMLAssigned></ContextItem><ContextItem><Name>log_trxQualityAssembly</Name><Description/><MinRange>0</MinRange><MaxRange>0</MaxRange><Value xsi:type="EventLogger"><Message/><Source>UserEvent</Source><EventType>INFO</EventType></Value><ReadOnly>false</ReadOnly><AlertXMLAssigned>false</AlertXMLAssigned></ContextItem><ContextItem><Name>check3030_F9736</Name><Description/><MinRange>0</MinRange><MaxRange>0</MaxRange><Value xsi:type="ConditionalAction"><Output>false</Output><InputCount>1</InputCount><LogicalAnd>false</LogicalAnd><Input1>false</Input1></Value><ReadOnly>false</ReadOnly><AlertXMLAssigned>false</AlertXMLAssigned></ContextItem><ContextItem><Name>QualityStation3030_F9736</Name><Description/><MinRange>0</MinRange><MaxRange>0</MaxRange><Value xsi:type="Assignment"/><ReadOnly>false</ReadOnly><AlertXMLAssigned>false</AlertXMLAssigned></ContextItem><ContextItem><Name>Tracer_0</Name><Description/><MinRange>0</MinRange><MaxRange>0</MaxRange><Value xsi:type="Tracer"><Message/><Level>INFO</Level></Value><ReadOnly>false</ReadOnly><AlertXMLAssigned>false</AlertXMLAssigned></ContextItem><ContextItem><Name>Tracer_1</Name><Description/><MinRange>0</MinRange><MaxRange>0</MaxRange><Value xsi:type="Tracer"><Message/><Level>INFO</Level></Value><ReadOnly>false</ReadOnly><AlertXMLAssigned>false</AlertXMLAssigned></ContextItem><ContextItem><Name>check6030_F9841</Name><Description/><MinRange>0</MinRange><MaxRange>0</MaxRange><Value xsi:type="ConditionalAction"><Output>false</Output><InputCount>1</InputCount><LogicalAnd>false</LogicalAnd><Input1>false</Input1></Value><ReadOnly>false</ReadOnly><AlertXMLAssigned>false</AlertXMLAssigned></ContextItem><ContextItem><Name>fQualityStation6030_F9841</Name><Description/><MinRange>0</MinRange><MaxRange>0</MaxRange><Value xsi:type="Assignment"/><ReadOnly>false</ReadOnly><AlertXMLAssigned>false</AlertXMLAssigned></ContextItem><ContextItem><Name>QualityStation1030_F9715</Name><Description/><MinRange>0</MinRange><MaxRange>0</MaxRange><Value xsi:type="Assignment"/><ReadOnly>false</ReadOnly><AlertXMLAssigned>false</AlertXMLAssigned></ContextItem></Actions><ReaderRoles>SAP_XMII_Super_Administrator,SAP_XMII_Administrator,SAP_XMII_Developer,SAP_XMII_User</ReaderRoles><Steps><Step xsi:type="ActionSequence"><Name>Manaul component assemble screen for build  xml document in traceabilty</Name><Description/><Steps><Step xsi:type="ActionSequence"><Name>Sequence_3</Name><Description/><Steps><Step xsi:type="ActionSequence"><Name>Sequence_0</Name><Description/><Steps><Step xsi:type="ActionSequence"><Name>Sequence_1</Name><Description/><Steps><Step xsi:type="ActionSequence"><Name>Sequence_4</Name><Description/><Steps><Step xsi:type="ActionSequence"><Name>Sequence_6</Name><Description/><Steps><Step xsi:type="Switcher"><Name>Sequence_2</Name><Description/><Steps><Step xsi:type="Conditional"><Name>Traceability</Name><Description/><Steps><Step xsi:type="ActionSequence"><Name>Sequence_8</Name><Description/><Steps><Step xsi:type="ActionSequence"><Name>Sequence_5</Name><Description/><Steps><Step xsi:type="Catch"><Name>Sequence_12</Name><Description/><Steps><Step xsi:type="ActionSequence"><Name>Sequence_15</Name><Description/><Steps/><Actions><Action><Name>log_headpairAssembly</Name><Description> </Description><IncomingLinks><Assign xsi:type="Assign"><Name/><Description/><To>log_headpairAssembly.Message</To><From>" Manual Consumption Head Pair assembly Trx"&amp;HeadPair_Assembly.LastErrorMessage&amp;crlf&amp;Catch_HeadpairAssembly.Message</From></Assign></IncomingLinks><OutgoingLinks/></Action></Actions></Step></Steps><Actions><Action><Name>Catch_HeadpairAssembly</Name><Description>Catches an exception</Description><IncomingLinks/><OutgoingLinks/></Action></Actions></Step></Steps><Actions><Action><Name>HeadPair_Assembly</Name><Description> </Description><IncomingLinks><Assign xsi:type="AssignXml"><Name/><Description/><To>HeadPair_Assembly.InputXML</To><From>Local.Maininput_xml</From></Assign></IncomingLinks><OutgoingLinks/></Action></Actions></Step></Steps><Actions><Action><Name>Assignvalue_1130_9761</Name><Description> </Description><IncomingLinks/><OutgoingLinks><Assign xsi:type="Assign"><Name/><Description/><To>Local.T_1130_9761{/NotificationMessage/Body/Values/facilityid}</To><From>Local.InputXMl{/root/facilityId}</From></Assign><Assign xsi:type="Assign"><Name/><Description/><To>Local.T_1130_9761{/NotificationMessage/Body/Values/partid}</To><From>Local.InputXMl{/root/SFC}</From></Assign><Assign xsi:type="Assign"><Name/><Description/><To>Local.T_1130_9761{/NotificationMessage/Body/Values/assemblytype}</To><From>Local.InputXMl{/root/Assemblytype}</From></Assign><Assign xsi:type="Assign"><Name/><Description/><To>Local.T_1130_9761{/NotificationMessage/Body/Values/site}</To><From>Persistent.SAPME_Site</From></Assign><Assign xsi:type="Assign"><Name/><Description/><To>Local.T_1130_9761{/NotificationMessage/Body/Values/tagid}</To><From>"NC11_OP"&amp;Local.InputXMl{/root/operation}&amp;"_T_"&amp;Local.InputXMl{/root/facilityId}&amp;".OP"&amp;Local.InputXMl{/root/operation}&amp;"."&amp;Local.InputXMl{/root/facilityId}&amp;"-T"</From></Assign><Assign xsi:type="Assign"><Name/><Description/><To>Local.T_1130_9761{/NotificationMessage/Body/Values/pcoserver}</To><From>Local.PCoserver</From></Assign><Assign xsi:type="Assign"><Name/><Description/><To>Local.T_1130_9761{/NotificationMessage/Body/Values/supcompartid1}</To><From>Local.InputXMl{/root/SUPCOMPARDID}</From></Assign><Assign xsi:type="Assign"><Name/><Description/><To>Local.T_1130_9761{/NotificationMessage/Body/Values/supcompartid2}</To><From>Local.InputXMl{/root/SUPCOMPARDID2}</From></Assign><Assign xsi:type="Assign"><Name/><Description/><To>Local.T_1130_9761{/NotificationMessage/Body/Values/plctimestamp}</To><From>datenow</From></Assign><Assign xsi:type="AssignXml"><Name/><Description/><To>Local.Maininput_xml</To><From>Local.T_1130_9761</From></Assign></OutgoingLinks></Action></Actions></Step><Step xsi:type="ActionSequence"><Name>Assign the value for all remaining all traceablity transaction input xml</Name><Description/><Steps><Step xsi:type="ActionSequence"><Name>Sequence_10</Name><Description/><Steps><Step xsi:type="Conditional"><Name>Sequence_9</Name><Description/><Steps><Step xsi:type="ActionSequence"><Name>checkstation_1030_1170_Faility Id_9714_9768_9769</Name><Description/><Steps><Step xsi:type="ActionSequence"><Name>Sequence_14</Name><Description/><Steps><Step xsi:type="Catch"><Name>Sequence_16</Name><Description/><Steps><Step xsi:type="ActionSequence"><Name>Sequence_17</Name><Description/><Steps/><Actions><Action><Name>log_MaterialAssembly</Name><Description> </Description><IncomingLinks><Assign xsi:type="Assign"><Name/><Description/><To>log_MaterialAssembly.Message</To><From>" Manual Consumption Material Box assembly Trx"&amp;MaterialBoxAssembly.LastErrorMessage&amp;crlfCatch_MaterialBoxAssembly.Message</From></Assign></IncomingLinks><OutgoingLinks/></Action></Actions></Step></Steps><Actions><Action><Name>Catch_MaterialBoxAssembly</Name><Description>Catches an exception</Description><IncomingLinks/><OutgoingLinks/></Action></Actions></Step></Steps><Actions><Action><Name>MaterialBoxAssembly</Name><Description> </Description><IncomingLinks><Assign xsi:type="AssignXml"><Name/><Description/><To>MaterialBoxAssembly.Input_XML</To><From>Local.Maininput_xml</From></Assign></IncomingLinks><OutgoingLinks/></Action></Actions></Step></Steps><Actions/></Step><Step xsi:type="Conditional"><Name>Sequence_11</Name><Description/><Steps><Step xsi:type="ActionSequence"><Name>statio_1020_F9712</Name><Description/><Steps><Step xsi:type="Catch"><Name>Sequence_18</Name><Description/><Steps><Step xsi:type="ActionSequence"><Name>Sequence_19</Name><Description/><Steps/><Actions><Action><Name>log_Assemblyblock</Name><Description> </Description><IncomingLinks><Assign xsi:type="Assign"><Name/><Description/><To>log_Assemblyblock.Message</To><From>" Manual Consumption  assembly block Trx"&amp;trxAssembleBlock.LastErrorMessage&amp;crlf&amp;Catch_Assemblyblock.Message</From></Assign></IncomingLinks><OutgoingLinks/></Action></Actions></Step></Steps><Actions><Action><Name>Catch_Assemblyblock</Name><Description>Catches an exception</Description><IncomingLinks/><OutgoingLinks/></Action></Actions></Step></Steps><Actions><Action><Name>trxAssembleBlock</Name><Description> </Description><IncomingLinks><Assign xsi:type="AssignXml"><Name/><Description/><To>trxAssembleBlock.InputXmlFromPco</To><From>Local.Maininput_xml</From></Assign></IncomingLinks><OutgoingLinks/></Action></Actions></Step><Step xsi:type="ActionSequence"><Name>Sequence_13</Name><Description/><Steps><Step xsi:type="Catch"><Name>Sequence_20</Name><Description/><Steps><Step xsi:type="ActionSequence"><Name>Sequence_21</Name><Description/><Steps/><Actions><Action><Name>log_trxtraceability</Name><Description> </Description><IncomingLinks><Assign xsi:type="Assign"><Name/><Description/><To>log_trxtraceability.Message</To><From>" Manual Consumption Traceability Trx"&amp;trxTraceability.LastErrorMessage&amp;Catch_trxTraceablity.Message</From></Assign></IncomingLinks><OutgoingLinks/></Action></Actions></Step></Steps><Actions><Action><Name>Catch_trxTraceablity</Name><Description>Catches an exception</Description><IncomingLinks/><OutgoingLinks/></Action></Actions></Step></Steps><Actions><Action><Name>trxTraceability</Name><Description> </Description><IncomingLinks><Assign xsi:type="AssignXml"><Name/><Description/><To>trxTraceability.inNotificationXml</To><From>Local.Maininput_xml</From></Assign></IncomingLinks><OutgoingLinks/></Action></Actions></Step></Steps><Actions><Action><Name>checkstation_1020_9712</Name><Description> </Description><IncomingLinks><Assign xsi:type="Assign"><Name/><Description/><To>checkstation_1020_9712.Input1</To><From>Local.InputXMl{/root/facilityId}=="9712"</From></Assign></IncomingLinks><OutgoingLinks/></Action></Actions></Step></Steps><Actions><Action><Name>checkstation_1030_1170_9714_9768_9769</Name><Description> </Description><IncomingLinks><Assign xsi:type="Assign"><Name/><Description/><To>checkstation_1030_1170_9714_9768_9769.Input1</To><From>(Local.InputXMl{/root/facilityId}=="9714") or (Local.InputXMl{/root/facilityId}=="9768") or (Local.InputXMl{/root/facilityId}=="9769")</From></Assign></IncomingLinks><OutgoingLinks/></Action></Actions></Step></Steps><Actions><Action><Name>AssignValueforAllTraceablitudata</Name><Description> </Description><IncomingLinks/><OutgoingLinks><Assign xsi:type="Assign"><Name/><Description/><To>Local.T_Common_Xml{/NotificationMessage/Body/Values/partid}</To><From>Local.InputXMl{/root/SFC}</From></Assign><Assign xsi:type="Assign"><Name/><Description/><To>Local.T_Common_Xml{/NotificationMessage/Body/Values/facilityid}</To><From>Local.InputXMl{/root/facilityId}</From></Assign><Assign xsi:type="Assign"><Name/><Description/><To>Local.T_Common_Xml{/NotificationMessage/Body/Values/supcompartid}</To><From>Local.InputXMl{/root/SUPCOMPARDID}</From></Assign><Assign xsi:type="Assign"><Name/><Description/><To>Local.T_Common_Xml{/NotificationMessage/Body/Values/site}</To><From>Persistent.SAPME_Site</From></Assign><Assign xsi:type="Assign"><Name/><Description/><To>Local.T_Common_Xml{/NotificationMessage/Body/Values/plctimestamp}</To><From>datenow</From></Assign><Assign xsi:type="Assign"><Name/><Description/><To>Local.T_Common_Xml{/NotificationMessage/Body/Values/tagid}</To><From>"NC11_OP"&amp;Local.InputXMl{/root/operation}&amp;"_T_"&amp;Local.InputXMl{/root/facilityId}&amp;".OP"&amp;Local.InputXMl{/root/operation}&amp;"."&amp;Local.InputXMl{/root/facilityId}&amp;"-T"</From></Assign><Assign xsi:type="Assign"><Name/><Description/><To>Local.T_Common_Xml{/NotificationMessage/Body/Values/pcoserver}</To><From>Local.PCoserver</From></Assign><Assign xsi:type="AssignXml"><Name/><Description/><To>Local.Maininput_xml</To><From>Local.T_Common_Xml</From></Assign></OutgoingLinks></Action></Actions></Step></Steps><Actions/></Step></Steps><Actions><Action><Name>checkstation_1130_9761</Name><Description> </Description><IncomingLinks><Assign xsi:type="Assign"><Name/><Description/><To>checkstation_1130_9761.Input1</To><From>Local.InputXMl{/root/facilityId}=="9761"</From></Assign></IncomingLinks><OutgoingLinks/></Action></Actions></Step><Step xsi:type="ActionSequence"><Name>Quality</Name><Description/><Steps><Step xsi:type="Conditional"><Name>Sequence_23</Name><Description/><Steps><Step xsi:type="ActionSequence"><Name>1050_9718</Name><Description/><Steps/><Actions><Action><Name>Station1050_F9718</Name><Description> </Description><IncomingLinks/><OutgoingLinks><Assign xsi:type="Assign"><Name/><Description/><To>Local.Q_1050_9718{/NotificationMessage/Body/Values/facilityid}</To><From>Local.InputXMl{/root/facilityId}</From></Assign><Assign xsi:type="Assign"><Name/><Description/><To>Local.Q_1050_9718{/NotificationMessage/Body/Values/crankfloat}</To><From>Local.InputXMl{/root/CRANKFLOAT}</From></Assign><Assign xsi:type="Assign"><Name/><Description/><To>Local.Q_1050_9718{/NotificationMessage/Body/Values/partid}</To><From>Local.InputXMl{/root/SFC}</From></Assign><Assign xsi:type="Assign"><Name/><Description/><To>Local.Q_1050_9718{/NotificationMessage/Body/Values/site}</To><From>Persistent.SAPME_Site</From></Assign><Assign xsi:type="Assign"><Name/><Description/><To>Local.Q_1050_9718{/NotificationMessage/Body/Values/plctimestamp}</To><From>datenow</From></Assign><Assign xsi:type="Assign"><Name/><Description/><To>Local.Q_1050_9718{/NotificationMessage/Body/Values/tagid}</To><From>"NC11_OP"&amp;Local.InputXMl{/root/operation}&amp;"_Q_"&amp;Local.InputXMl{/root/facilityId}&amp;".OP"&amp;Local.InputXMl{/root/operation}&amp;"."&amp;Local.InputXMl{/root/facilityId}&amp;"-Q"</From></Assign><Assign xsi:type="Assign"><Name/><Description/><To>Local.Q_1050_9718{/NotificationMessage/Body/Values/pcoserver}</To><From>Local.PCoserver</From></Assign><Assign xsi:type="Assign"><Name/><Description/><To>Local.Q_1050_9718{/NotificationMessage/Body/Values/plccom}</To><From>Local.plc_com</From></Assign><Assign xsi:type="AssignXml"><Name/><Description/><To>Local.Maininput_xml</To><From>Local.Q_1050_9718</From></Assign></OutgoingLinks></Action></Actions></Step><Step xsi:type="Conditional"><Name>Sequence_25</Name><Description/><Steps><Step xsi:type="ActionSequence"><Name>3030</Name><Description/><Steps/><Actions><Action><Name>QualityStation3030_F9736</Name><Description> </Description><IncomingLinks/><OutgoingLinks><Assign xsi:type="Assign"><Name/><Description/><To>Local.Q_3030_9736{/NotificationMessage/Body/Values/tagid}</To><From>"NC11_OP"&amp;Local.InputXMl{/root/operation}&amp;"_Q_"&amp;Local.InputXMl{/root/facilityId}&amp;".OP"&amp;Local.InputXMl{/root/operation}&amp;"."&amp;Local.InputXMl{/root/facilityId}&amp;"-Q"</From></Assign><Assign xsi:type="Assign"><Name/><Description/><To>Local.Q_3030_9736{/NotificationMessage/Body/Values/pcoserver}</To><From>Local.PCoserver</From></Assign><Assign xsi:type="Assign"><Name/><Description/><To>Local.Q_3030_9736{/NotificationMessage/Body/Values/partid}</To><From>Local.InputXMl{/root/SFC}</From></Assign><Assign xsi:type="Assign"><Name/><Description/><To>Local.Q_3030_9736{/NotificationMessage/Body/Values/facilityid}</To><From>Local.InputXMl{/root/facilityId}</From></Assign><Assign xsi:type="Assign"><Name/><Description/><To>Local.Q_3030_9736{/NotificationMessage/Body/Values/plctimestamp}</To><From>datenow</From></Assign><Assign xsi:type="Assign"><Name/><Description/><To>Local.Q_3030_9736{/NotificationMessage/Body/Values/site}</To><From>Persistent.SAPME_Site</From></Assign><Assign xsi:type="Assign"><Name/><Description/><To>Local.Q_3030_9736{/NotificationMessage/Body/Values/conrod_bearingshell1}</To><From>Local.InputXMl{/root/Q_CONROD_BEARINGSHELL1}</From></Assign><Assign xsi:type="Assign"><Name/><Description/><To>Local.Q_3030_9736{/NotificationMessage/Body/Values/conrod_bearingshell2}</To><From>Local.InputXMl{/root/Q_CONROD_BEARINGSHELL2}</From></Assign><Assign xsi:type="Assign"><Name/><Description/><To>Local.Q_3030_9736{/NotificationMessage/Body/Values/circlipwidth}</To><From>Local.InputXMl{/root/CIRCLIPWIDTH}</From></Assign><Assign xsi:type="Assign"><Name/><Description/><To>Local.Q_3030_9736{/NotificationMessage/Body/Values/gudegeonpin}</To><From>Local.InputXMl{/root/GUDGEONPIN}</From></Assign><Assign xsi:type="Assign"><Name/><Description/><To>Local.Q_3030_9736{/NotificationMessage/Body/Values/plccom}</To><From>Local.plc_com</From></Assign><Assign xsi:type="Assign"><Name/><Description/><To>Local.Q_3030_9736{/NotificationMessage/Body/Values/partselcount}</To><From>"0"</From></Assign><Assign xsi:type="AssignXml"><Name/><Description/><To>Local.Maininput_xml</To><From>Local.Q_3030_9736</From></Assign></OutgoingLinks></Action></Actions></Step><Step xsi:type="Conditional"><Name>Sequence_50</Name><Description/><Steps><Step xsi:type="ActionSequence"><Name>6030</Name><Description/><Steps/><Actions><Action><Name>fQualityStation6030_F9841</Name><Description> </Description><IncomingLinks/><OutgoingLinks><Assign xsi:type="Assign"><Name/><Description/><To>Local.Q_6030_9841{/NotificationMessage/Body/Values/partselcount}</To><From>"0"</From></Assign><Assign xsi:type="Assign"><Name/><Description/><To>Local.Q_6030_9841{/NotificationMessage/Body/Values/tagid}</To><From>"NC11_OP"&amp;Local.InputXMl{/root/operation}&amp;"_Q_"&amp;Local.InputXMl{/root/facilityId}&amp;".OP"&amp;Local.InputXMl{/root/operation}&amp;"."&amp;Local.InputXMl{/root/facilityId}&amp;"-Q"</From></Assign><Assign xsi:type="Assign"><Name/><Description/><To>Local.Q_6030_9841{/NotificationMessage/Body/Values/pcoserver}</To><From>Local.PCoserver</From></Assign><Assign xsi:type="Assign"><Name/><Description/><To>Local.Q_6030_9841{/NotificationMessage/Body/Values/partid}</To><From>Local.InputXMl{/root/SFC}</From></Assign><Assign xsi:type="Assign"><Name/><Description/><To>Local.Q_6030_9841{/NotificationMessage/Body/Values/facilityid}</To><From>Local.InputXMl{/root/facilityId}</From></Assign><Assign xsi:type="Assign"><Name/><Description/><To>Local.Q_6030_9841{/NotificationMessage/Body/Values/plctimestamp}</To><From>datenow</From></Assign><Assign xsi:type="Assign"><Name/><Description/><To>Local.Q_6030_9841{/NotificationMessage/Body/Values/site}</To><From>Persistent.SAPME_Site</From></Assign><Assign xsi:type="Assign"><Name/><Description/><To>Local.Q_6030_9841{/NotificationMessage/Body/Values/plccom}</To><From>Local.plc_com</From></Assign><Assign xsi:type="Assign"><Name/><Description/><To>Local.Q_6030_9841{/NotificationMessage/Body/Values/engineoil}</To><From>Local.InputXMl{/root/Q_ENGINE_OIL}</From></Assign><Assign xsi:type="AssignXml"><Name/><Description/><To>Local.Maininput_xml</To><From>Local.Q_6030_9841</From></Assign></OutgoingLinks></Action></Actions></Step><Step xsi:type="ActionSequence"><Name>1030_9715</Name><Description/><Steps/><Actions><Action><Name>QualityStation1030_F9715</Name><Description> </Description><IncomingLinks/><OutgoingLinks><Assign xsi:type="Assign"><Name/><Description/><To>Local.Q_1030_9715{/NotificationMessage/Body/Values/pcoserver}</To><From>Local.PCoserver</From></Assign><Assign xsi:type="Assign"><Name/><Description/><To>Local.Q_1030_9715{/NotificationMessage/Body/Values/tagid}</To><From>"NC11_OP"&amp;Local.InputXMl{/root/operation}&amp;"_Q_"&amp;Local.InputXMl{/root/facilityId}&amp;".OP"&amp;Local.InputXMl{/root/operation}&amp;"."&amp;Local.InputXMl{/root/facilityId}&amp;"-Q"</From></Assign><Assign xsi:type="Assign"><Name/><Description/><To>Local.Q_1030_9715{/NotificationMessage/Body/Values/partselcount}</To><From>"10"</From></Assign><Assign xsi:type="Assign"><Name/><Description/><To>Local.Q_1030_9715{/NotificationMessage/Body/Values/partid}</To><From>Local.InputXMl{/root/SFC}</From></Assign><Assign xsi:type="Assign"><Name/><Description/><To>Local.Q_1030_9715{/NotificationMessage/Body/Values/facilityid}</To><From>Local.InputXMl{/root/facilityId}</From></Assign><Assign xsi:type="Assign"><Name/><Description/><To>Local.Q_1030_9715{/NotificationMessage/Body/Values/plctimestamp}</To><From>datenow</From></Assign><Assign xsi:type="Assign"><Name/><Description/><To>Local.Q_1030_9715{/NotificationMessage/Body/Values/partselect1}</To><From>Local.InputXMl{/root/PSELECT1}</From></Assign><Assign xsi:type="Assign"><Name/><Description/><To>Local.Q_1030_9715{/NotificationMessage/Body/Values/site}</To><From>Persistent.SAPME_Site</From></Assign><Assign xsi:type="Assign"><Name/><Description/><To>Local.Q_1030_9715{/NotificationMessage/Body/Values/plccom}</To><From>Local.plc_com</From></Assign><Assign xsi:type="Assign"><Name/><Description/><To>Local.Q_1030_9715{/NotificationMessage/Body/Values/partselect2}</To><From>Local.InputXMl{/root/PSELECT2}</From></Assign><Assign xsi:type="Assign"><Name/><Description/><To>Local.Q_1030_9715{/NotificationMessage/Body/Values/partselect3}</To><From>Local.InputXMl{/root/PSELECT3}</From></Assign><Assign xsi:type="Assign"><Name/><Description/><To>Local.Q_1030_9715{/NotificationMessage/Body/Values/partselect4}</To><From>Local.InputXMl{/root/PSELECT4}</From></Assign><Assign xsi:type="Assign"><Name/><Description/><To>Local.Q_1030_9715{/NotificationMessage/Body/Values/partselect5}</To><From>Local.InputXMl{/root/PSELECT5}</From></Assign><Assign xsi:type="Assign"><Name/><Description/><To>Local.Q_1030_9715{/NotificationMessage/Body/Values/partselect6}</To><From>Local.InputXMl{/root/PSELECT6}</From></Assign><Assign xsi:type="Assign"><Name/><Description/><To>Local.Q_1030_9715{/NotificationMessage/Body/Values/partselect7}</To><From>Local.InputXMl{/root/PSELECT7}</From></Assign><Assign xsi:type="Assign"><Name/><Description/><To>Local.Q_1030_9715{/NotificationMessage/Body/Values/partselect8}</To><From>Local.InputXMl{/root/PSELECT8}</From></Assign><Assign xsi:type="Assign"><Name/><Description/><To>Local.Q_1030_9715{/NotificationMessage/Body/Values/partselect9}</To><From>Local.InputXMl{/root/PSELECT9}</From></Assign><Assign xsi:type="Assign"><Name/><Description/><To>Local.Q_1030_9715{/NotificationMessage/Body/Values/partselect10}</To><From>Local.InputXMl{/root/PSELECT10}</From></Assign><Assign xsi:type="Assign"><Name/><Description/><To>Local.Q_1030_9715{/NotificationMessage/Body/Values/main_bearingshell1}</To><From>Local.InputXMl{/root/M_BRSHELL1}</From></Assign><Assign xsi:type="Assign"><Name/><Description/><To>Local.Q_1030_9715{/NotificationMessage/Body/Values/main_bearingshell2}</To><From>Local.InputXMl{/root/M_BRSHELL2}</From></Assign><Assign xsi:type="Assign"><Name/><Description/><To>Local.Q_1030_9715{/NotificationMessage/Body/Values/main_bearingshell3}</To><From>Local.InputXMl{/root/M_BRSHELL3}</From></Assign><Assign xsi:type="Assign"><Name/><Description/><To>Local.Q_1030_9715{/NotificationMessage/Body/Values/main_bearingshell4}</To><From>Local.InputXMl{/root/M_BRSHELL4}</From></Assign><Assign xsi:type="Assign"><Name/><Description/><To>Local.Q_1030_9715{/NotificationMessage/Body/Values/main_bearingshell5}</To><From>Local.InputXMl{/root/M_BRSHELL5}</From></Assign><Assign xsi:type="Assign"><Name/><Description/><To>Local.Q_1030_9715{/NotificationMessage/Body/Values/main_bearingshell6}</To><From>Local.InputXMl{/root/M_BRSHELL6}</From></Assign><Assign xsi:type="Assign"><Name/><Description/><To>Local.Q_1030_9715{/NotificationMessage/Body/Values/main_bearingshell7}</To><From>Local.InputXMl{/root/M_BRSHELL7}</From></Assign><Assign xsi:type="Assign"><Name/><Description/><To>Local.Q_1030_9715{/NotificationMessage/Body/Values/main_bearingshell8}</To><From>Local.InputXMl{/root/M_BRSHELL8}</From></Assign><Assign xsi:type="Assign"><Name/><Description/><To>Local.Q_1030_9715{/NotificationMessage/Body/Values/main_bearingshell9}</To><From>Local.InputXMl{/root/M_BRSHELL9}</From></Assign><Assign xsi:type="Assign"><Name/><Description/><To>Local.Q_1030_9715{/NotificationMessage/Body/Values/main_bearingshell10}</To><From>Local.InputXMl{/root/M_BRSHELL10}</From></Assign><Assign xsi:type="AssignXml"><Name/><Description/><To>Local.Maininput_xml</To><From>Local.Q_1030_9715</From></Assign></OutgoingLinks></Action></Actions></Step></Steps><Actions><Action><Name>check6030_F9841</Name><Description> </Description><IncomingLinks><Assign xsi:type="Assign"><Name/><Description/><To>check6030_F9841.Input1</To><From>Local.InputXMl{/root/facilityId}=="9841"</From></Assign></IncomingLinks><OutgoingLinks/></Action></Actions></Step></Steps><Actions><Action><Name>check3030_F9736</Name><Description> </Description><IncomingLinks><Assign xsi:type="Assign"><Name/><Description/><To>check3030_F9736.Input1</To><From>Local.InputXMl{/root/facilityId}=="9736"</From></Assign></IncomingLinks><OutgoingLinks/></Action></Actions></Step></Steps><Actions><Action><Name>check1050_F9718</Name><Description> </Description><IncomingLinks><Assign xsi:type="Assign"><Name/><Description/><To>check1050_F9718.Input1</To><From>Local.InputXMl{/root/facilityId}=="9718"</From></Assign></IncomingLinks><OutgoingLinks/></Action></Actions></Step><Step xsi:type="ActionSequence"><Name>Sequence_48</Name><Description/><Steps><Step xsi:type="ActionSequence"><Name>Sequence_45</Name><Description/><Steps><Step xsi:type="Catch"><Name>Sequence_46</Name><Description/><Steps><Step xsi:type="ActionSequence"><Name>Sequence_47</Name><Description/><Steps/><Actions><Action><Name>log_trxQualityAssembly</Name><Description> </Description><IncomingLinks><Assign xsi:type="Assign"><Name/><Description/><To>log_trxQualityAssembly.Message</To><From>" Manual Consumption Quality Trx"&amp;QualityAssemblyTrx.LastErrorMessage&amp;Catch_trxQualityAssembly.Message</From></Assign></IncomingLinks><OutgoingLinks/></Action></Actions></Step></Steps><Actions><Action><Name>Catch_trxQualityAssembly</Name><Description>Catches an exception</Description><IncomingLinks/><OutgoingLinks/></Action></Actions></Step></Steps><Actions><Action><Name>QualityAssemblyTrx</Name><Description> </Description><IncomingLinks><Assign xsi:type="AssignXml"><Name/><Description/><To>QualityAssemblyTrx.Input_XML</To><From>Local.Maininput_xml</From></Assign></IncomingLinks><OutgoingLinks/></Action></Actions></Step></Steps><Actions><Action><Name>Tracer_0</Name><Description> </Description><IncomingLinks><Assign xsi:type="Assign"><Name/><Description/><To>Tracer_0.Message</To><From>Local.Maininput_xml</From></Assign></IncomingLinks><OutgoingLinks/></Action></Actions></Step></Steps><Actions/></Step><Step xsi:type="ActionSequence"><Name>SOL</Name><Description/><Steps><Step xsi:type="ActionSequence"><Name>Sequence_27</Name><Description/><Steps><Step xsi:type="Catch"><Name>Sequence_28</Name><Description/><Steps><Step xsi:type="ActionSequence"><Name>Sequence_29</Name><Description/><Steps/><Actions><Action><Name>log_trxSOLAssembly</Name><Description> </Description><IncomingLinks><Assign xsi:type="Assign"><Name/><Description/><To>log_trxSOLAssembly.Message</To><From>" Manual Consumption SOL Assembly Trx"&amp;trxSOLSubassembly.LastErrorMessage&amp;Catch_trxSOLAssembly.Message</From></Assign></IncomingLinks><OutgoingLinks/></Action></Actions></Step></Steps><Actions><Action><Name>Catch_trxSOLAssembly</Name><Description>Catches an exception</Description><IncomingLinks/><OutgoingLinks/></Action></Actions></Step></Steps><Actions><Action><Name>trxSOLSubassembly</Name><Description> </Description><IncomingLinks><Assign xsi:type="AssignXml"><Name/><Description/><To>trxSOLSubassembly.inNotificationXml</To><From>Local.Maininput_xml</From></Assign></IncomingLinks><OutgoingLinks/></Action></Actions></Step></Steps><Actions><Action><Name>SOL_STATION_3030_9639</Name><Description> </Description><IncomingLinks/><OutgoingLinks><Assign xsi:type="Assign"><Name/><Description/><To>Local.SOL_3030_9639{/NotificationMessage/Body/Values/partid}</To><From>Local.InputXMl{/root/SFC}</From></Assign><Assign xsi:type="Assign"><Name/><Description/><To>Local.SOL_3030_9639{/NotificationMessage/Body/Values/supcompartid}</To><From>Local.InputXMl{/root/SUPCOMPARDID}</From></Assign><Assign xsi:type="Assign"><Name/><Description/><To>Local.SOL_3030_9639{/NotificationMessage/Body/Values/subcompartid}</To><From>Local.InputXMl{/root/SUBCOMPARDID}</From></Assign><Assign xsi:type="Assign"><Name/><Description/><To>Local.SOL_3030_9639{/NotificationMessage/Body/Values/facilityid}</To><From>Local.InputXMl{/root/facilityId}</From></Assign><Assign xsi:type="Assign"><Name/><Description/><To>Local.SOL_3030_9639{/NotificationMessage/Body/Values/plctimestamp}</To><From>datenow</From></Assign><Assign xsi:type="Assign"><Name/><Description/><To>Local.SOL_3030_9639{/NotificationMessage/Body/Values/tagid}</To><From>"NC11_OP"&amp;Local.InputXMl{/root/operation}&amp;"_S_"&amp;Local.InputXMl{/root/facilityId}&amp;".OP"&amp;Local.InputXMl{/root/operation}&amp;"."&amp;Local.InputXMl{/root/facilityId}&amp;"-S"</From></Assign><Assign xsi:type="Assign"><Name/><Description/><To>Local.SOL_3030_9639{/NotificationMessage/Body/Values/pcoserver}</To><From>Local.PCoserver</From></Assign><Assign xsi:type="Assign"><Name/><Description/><To>Local.SOL_3030_9639{/NotificationMessage/Body/Values/site}</To><From>Persistent.SAPME_Site</From></Assign><Assign xsi:type="AssignXml"><Name/><Description/><To>Local.Maininput_xml</To><From>Local.SOL_3030_9639</From></Assign></OutgoingLinks></Action></Actions></Step></Steps><Actions><Action><Name>Switch</Name><Description> </Description><IncomingLinks><Assign xsi:type="Assign"><Name/><Description/><To>Switch.InputValue</To><From>Local.InputXMl{/root/station}</From></Assign><Assign xsi:type="Assign"><Name/><Description/><To>Switch.MatchValue1</To><From>"Traceability"</From></Assign><Assign xsi:type="Assign"><Name/><Description/><To>Switch.MatchValue2</To><From>"Quality"</From></Assign><Assign xsi:type="Assign"><Name/><Description/><To>Switch.MatchValue3</To><From>"SOL"</From></Assign></IncomingLinks><OutgoingLinks/></Action></Actions></Step><Step xsi:type="Conditional"><Name>Sequence_7</Name><Description/><Steps><Step xsi:type="ActionSequence"><Name>TraceabilitySql</Name><Description/><Steps><Step xsi:type="ActionSequence"><Name>Sequence_22</Name><Description/><Steps><Step xsi:type="ActionSequence"><Name>Sequence_35</Name><Description/><Steps><Step xsi:type="ActionSequence"><Name>Sequence_32</Name><Description/><Steps/><Actions><Action><Name>Slog_trbldetails</Name><Description> </Description><IncomingLinks><Assign xsi:type="Assign"><Name/><Description/><To>Slog_trbldetails.Message</To><From>"Manual consumption Trbl deatails Sql Qry"&amp;TracbTrbldetailsValuesQry.Results</From></Assign></IncomingLinks><OutgoingLinks/></Action></Actions></Step></Steps><Actions><Action><Name>Row</Name><Description> </Description><IncomingLinks><Assign xsi:type="Assign"><Name/><Description/><To>Row.Message</To><From>stringif(TracbTrbldetailsValuesQry.Results{/Rowsets/Rowset/Row/PLCCOM_WB_VAL}=="0","Successfully!!!","Failed!!!")</From></Assign><Assign xsi:type="Assign"><Name/><Description/><To>Row.Status</To><From>stringif(TracbTrbldetailsValuesQry.Results{/Rowsets/Rowset/Row/PLCCOM_WB_VAL}=="0","S","E")</From></Assign><Assign xsi:type="Assign"><Name/><Description/><To>Row.plc_com</To><From>TracbTrbldetailsValuesQry.Results{/Rowsets/Rowset/Row/PLCCOM_WB_VAL}</From></Assign></IncomingLinks><OutgoingLinks/></Action></Actions></Step></Steps><Actions><Action><Name>Assign_sucessvalue</Name><Description> </Description><IncomingLinks/><OutgoingLinks><Assign xsi:type="Assign"><Name/><Description/><To>Transaction.output_XML{/Item/plc_com}</To><From>TracbTrbldetailsValuesQry.Results{/Rowsets/Rowset/Row/PLCCOM_WB_VAL}</From></Assign><Assign xsi:type="Assign"><Name/><Description/><To>Transaction.output_XML{/Item/Status}</To><From>stringif(TracbTrbldetailsValuesQry.Results{/Rowsets/Rowset/Row/PLCCOM_WB_VAL}=="0","S","E")</From></Assign><Assign xsi:type="Assign"><Name/><Description/><To>Transaction.output_XML{/Item/Message}</To><From>stringif(TracbTrbldetailsValuesQry.Results{/Rowsets/Rowset/Row/PLCCOM_WB_VAL}=="0","Successfully!!!","Failed!!!")</From></Assign></OutgoingLinks></Action></Actions></Step><Step xsi:type="Catch"><Name>Sequence_26</Name><Description/><Steps><Step xsi:type="ActionSequence"><Name>Sequence_36</Name><Description/><Steps><Step xsi:type="ActionSequence"><Name>Sequence_31</Name><Description/><Steps/><Actions><Action><Name>log_trbldetails</Name><Description> </Description><IncomingLinks><Assign xsi:type="Assign"><Name/><Description/><To>log_trbldetails.Message</To><From>"Manual consumption Trbl deatails Sql Qry"&amp;TracbTrbldetailsValuesQry.LastErrorMessage&amp;Catch_Trbldeatils.Message</From></Assign></IncomingLinks><OutgoingLinks/></Action></Actions></Step></Steps><Actions><Action><Name>ERow</Name><Description> </Description><IncomingLinks><Assign xsi:type="Assign"><Name/><Description/><To>ERow.Message</To><From>stringif(TracbTrbldetailsValuesQry.Results{/Rowsets/Rowset/Row/PLCCOM_WB_VAL}=="0","Successfully!!!",TracbTrbldetailsValuesQry.LastErrorMessage)</From></Assign><Assign xsi:type="Assign"><Name/><Description/><To>ERow.Status</To><From>stringif(TracbTrbldetailsValuesQry.Results{/Rowsets/Rowset/Row/PLCCOM_WB_VAL}=="0","S","E")</From></Assign><Assign xsi:type="Assign"><Name/><Description/><To>ERow.plc_com</To><From>TracbTrbldetailsValuesQry.Results{/Rowsets/Rowset/Row/PLCCOM_WB_VAL}</From></Assign></IncomingLinks><OutgoingLinks/></Action></Actions></Step></Steps><Actions><Action><Name>Catch_Trbldeatils</Name><Description>Catches an exception</Description><IncomingLinks/><OutgoingLinks/></Action></Actions></Step></Steps><Actions><Action><Name>TracbTrbldetailsValuesQry</Name><Description>SQL Query</Description><IncomingLinks><Assign xsi:type="Assign"><Name/><Description/><To>TracbTrbldetailsValuesQry.Param.1</To><From>Local.InputXMl{/root/SFC}</From></Assign><Assign xsi:type="Assign"><Name/><Description/><To>TracbTrbldetailsValuesQry.Param.2</To><From>Local.InputXMl{/root/SUPCOMPARDID}</From></Assign><Assign xsi:type="Assign"><Name/><Description/><To>TracbTrbldetailsValuesQry.Param.3</To><From>Local.InputXMl{/root/facilityId}</From></Assign></IncomingLinks><OutgoingLinks/></Action></Actions></Step><Step xsi:type="ActionSequence"><Name>Quality_SQl</Name><Description/><Steps><Step xsi:type="ActionSequence"><Name>Sequence_49</Name><Description/><Steps><Step xsi:type="ActionSequence"><Name>Sequence_38</Name><Description/><Steps><Step xsi:type="ActionSequence"><Name>Sequence_39</Name><Description/><Steps><Step xsi:type="ActionSequence"><Name>Sequence_40</Name><Description/><Steps/><Actions><Action><Name>Qualitylog_trbldetails</Name><Description> </Description><IncomingLinks><Assign xsi:type="Assign"><Name/><Description/><To>Qualitylog_trbldetails.Message</To><From>"Manual consumption Trbl deatails Sql Qry"&amp;TrblSHtQualityAssyQry.Results</From></Assign></IncomingLinks><OutgoingLinks/></Action></Actions></Step></Steps><Actions><Action><Name>QualitySuccessRow</Name><Description> </Description><IncomingLinks><Assign xsi:type="Assign"><Name/><Description/><To>QualitySuccessRow.Message</To><From>stringif(TrblSHtQualityAssyQry.Results{/Rowsets/Rowset/Row/PLCCOM_WB_VAL}=="0","Successfully!!!","Failed!!!")</From></Assign><Assign xsi:type="Assign"><Name/><Description/><To>QualitySuccessRow.Status</To><From>stringif(TrblSHtQualityAssyQry.Results{/Rowsets/Rowset/Row/PLCCOM_WB_VAL}=="0","S","E")</From></Assign><Assign xsi:type="Assign"><Name/><Description/><To>QualitySuccessRow.plc_com</To><From>TrblSHtQualityAssyQry.Results{/Rowsets/Rowset/Row/PLCCOM_WB_VAL}</From></Assign></IncomingLinks><OutgoingLinks/></Action></Actions></Step></Steps><Actions><Action><Name>Assign_Qsucessvalue</Name><Description> </Description><IncomingLinks/><OutgoingLinks><Assign xsi:type="Assign"><Name/><Description/><To>Transaction.output_XML{/Item/plc_com}</To><From>TrblSHtQualityAssyQry.Results{/Rowsets/Rowset/Row/PLCCOM_WB_VAL}</From></Assign><Assign xsi:type="Assign"><Name/><Description/><To>Transaction.output_XML{/Item/Status}</To><From>stringif(TrblSHtQualityAssyQry.Results{/Rowsets/Rowset/Row/PLCCOM_WB_VAL}=="0","S","E")</From></Assign><Assign xsi:type="Assign"><Name/><Description/><To>Transaction.output_XML{/Item/Message}</To><From>stringif(TrblSHtQualityAssyQry.Results{/Rowsets/Rowset/Row/PLCCOM_WB_VAL}=="0","Successfully!!!","Failed!!!")</From></Assign></OutgoingLinks></Action></Actions></Step></Steps><Actions><Action><Name>Tracer_1</Name><Description> </Description><IncomingLinks><Assign xsi:type="Assign"><Name/><Description/><To>Tracer_1.Message</To><From>TrblSHtQualityAssyQry.Results</From></Assign></IncomingLinks><OutgoingLinks/></Action></Actions></Step><Step xsi:type="Catch"><Name>Sequence_41</Name><Description/><Steps><Step xsi:type="ActionSequence"><Name>Sequence_42</Name><Description/><Steps><Step xsi:type="ActionSequence"><Name>Sequence_43</Name><Description/><Steps/><Actions><Action><Name>Qualityfailedlog_trbldetails</Name><Description> </Description><IncomingLinks><Assign xsi:type="Assign"><Name/><Description/><To>Qualityfailedlog_trbldetails.Message</To><From>"Manual consumption Trbl deatails Sql Qry"&amp;TrblSHtQualityAssyQry.LastErrorMessage&amp;Catch_QualityQrydeatils.Message</From></Assign></IncomingLinks><OutgoingLinks/></Action></Actions></Step></Steps><Actions><Action><Name>QualityFailedRow</Name><Description> </Description><IncomingLinks><Assign xsi:type="Assign"><Name/><Description/><To>QualityFailedRow.Message</To><From>stringif(TrblSHtQualityAssyQry.Results{/Rowsets/Rowset/Row/PLCCOM_WB_VAL}=="0","Successfully!!!",TrblSHtQualityAssyQry.LastErrorMessage)</From></Assign><Assign xsi:type="Assign"><Name/><Description/><To>QualityFailedRow.Status</To><From>stringif(TrblSHtQualityAssyQry.Results{/Rowsets/Rowset/Row/PLCCOM_WB_VAL}=="0","S","E")</From></Assign><Assign xsi:type="Assign"><Name/><Description/><To>QualityFailedRow.plc_com</To><From>TrblSHtQualityAssyQry.Results{/Rowsets/Rowset/Row/PLCCOM_WB_VAL}</From></Assign></IncomingLinks><OutgoingLinks/></Action></Actions></Step></Steps><Actions><Action><Name>Catch_QualityQrydeatils</Name><Description>Catches an exception</Description><IncomingLinks/><OutgoingLinks/></Action></Actions></Step></Steps><Actions><Action><Name>TrblSHtQualityAssyQry</Name><Description>SQL Query</Description><IncomingLinks><Assign xsi:type="Assign"><Name/><Description/><To>TrblSHtQualityAssyQry.Param.1</To><From>Local.InputXMl{/root/facilityId}</From></Assign><Assign xsi:type="Assign"><Name/><Description/><To>TrblSHtQualityAssyQry.Param.2</To><From>Local.InputXMl{/root/SFC}</From></Assign></IncomingLinks><OutgoingLinks/></Action></Actions></Step></Steps><Actions><Action><Name>checkstation</Name><Description> </Description><IncomingLinks><Assign xsi:type="Assign"><Name/><Description/><To>checkstation.Input1</To><From>Local.InputXMl{/root/station}=="Traceability"</From></Assign></IncomingLinks><OutgoingLinks/></Action></Actions></Step></Steps><Actions/></Step></Steps><Actions/></Step></Steps><Actions><Action><Name>Assign_jsonxml_value</Name><Description> </Description><IncomingLinks/><OutgoingLinks><Assign xsi:type="AssignXml"><Name/><Description/><To>Local.InputXMl</To><From>Json_To_XML_Converter.Output</From></Assign></OutgoingLinks></Action></Actions></Step><Step xsi:type="Catch"><Name>Sequence_37</Name><Description/><Steps><Step xsi:type="ActionSequence"><Name>Sequence_33</Name><Description/><Steps/><Actions><Action><Name>JsonstatusRow</Name><Description> </Description><IncomingLinks><Assign xsi:type="Assign"><Name/><Description/><To>JsonstatusRow.Message</To><From>Catch_Jsontoxmlconverter.Message</From></Assign><Assign xsi:type="Assign"><Name/><Description/><To>JsonstatusRow.Status</To><From>"E"</From></Assign><Assign xsi:type="Assign"><Name/><Description/><To>JsonstatusRow.plc_com</To><From>"4"</From></Assign></IncomingLinks><OutgoingLinks/></Action></Actions></Step></Steps><Actions><Action><Name>Catch_Jsontoxmlconverter</Name><Description>Catches an exception</Description><IncomingLinks/><OutgoingLinks/></Action></Actions></Step></Steps><Actions><Action><Name>Json_To_XML_Converter</Name><Description>Json To XML</Description><IncomingLinks><Assign xsi:type="Assign"><Name/><Description/><To>Json_To_XML_Converter.Json</To><From>Transaction.Inputdata</From></Assign></IncomingLinks><OutgoingLinks/></Action></Actions></Step><Step xsi:type="ActionSequence"><Name>Sequence_34</Name><Description/><Steps><Step xsi:type="ActionSequence"><Name>Sequence_30</Name><Description/><Steps/><Actions><Action><Name>Log_output</Name><Description> </Description><IncomingLinks><Assign xsi:type="Assign"><Name/><Description/><To>Log_output.Message</To><From>"Manual Traceablity Trx final output val"&amp;Transaction.output_XML</From></Assign></IncomingLinks><OutgoingLinks/></Action></Actions></Step></Steps><Actions><Action><Name>Assign_output</Name><Description> </Description><IncomingLinks/><OutgoingLinks><Assign xsi:type="AssignXml"><Name/><Description/><To>Transaction.output_XML</To><From>Document.Output</From></Assign></OutgoingLinks></Action></Actions></Step></Steps><Actions><Action><Name>Document</Name><Description> </Description><IncomingLinks/><OutgoingLinks/></Action></Actions></Step></Steps><Actions/></Step></Steps></Transaction>