<?xml version="1.0" encoding="UTF-8" standalone="no"?><Transaction xmlns:xsd="http://www.w3.org/2001/XMLSchema" xmlns:xsi="http://www.w3.org/2001/XMLSchema-instance" Version="15.1.5.15"><TransactionAttributes><ContextItem><Name>Description</Name><Description>Transaction Description</Description><MinRange>0</MinRange><MaxRange>0</MaxRange><Value xsi:type="string"/><ReadOnly>true</ReadOnly><AlertXMLAssigned>false</AlertXMLAssigned></ContextItem><ContextItem><Name>Comments</Name><Description>User Comments</Description><MinRange>0</MinRange><MaxRange>0</MaxRange><Value xsi:type="string"/><ReadOnly>true</ReadOnly><AlertXMLAssigned>false</AlertXMLAssigned></ContextItem><ContextItem><Name>CreatedBy</Name><Description>Created By</Description><MinRange>0</MinRange><MaxRange>0</MaxRange><Value xsi:type="string">jshukla</Value><ReadOnly>true</ReadOnly><AlertXMLAssigned>false</AlertXMLAssigned></ContextItem><ContextItem><Name>CreationDate</Name><Description>Creation Date</Description><MinRange>0</MinRange><MaxRange>0</MaxRange><Value xsi:type="dateTime">2023-11-16T09:29:25</Value><ReadOnly>true</ReadOnly><AlertXMLAssigned>false</AlertXMLAssigned></ContextItem><ContextItem><Name>Category</Name><Description>Transaction Category</Description><MinRange>0</MinRange><MaxRange>0</MaxRange><Value xsi:type="string"/><ReadOnly>true</ReadOnly><AlertXMLAssigned>false</AlertXMLAssigned></ContextItem><ContextItem><Name>Status</Name><Description>Deployment Status</Description><MinRange>0</MinRange><MaxRange>0</MaxRange><Value xsi:type="string">DEVELOPMENT</Value><ReadOnly>true</ReadOnly><AlertXMLAssigned>false</AlertXMLAssigned></ContextItem><ContextItem><Name>LegacyProcessingMode</Name><Description>Support the pre MII 12.1 Transaction Engine.</Description><MinRange>0</MinRange><MaxRange>0</MaxRange><Value xsi:type="boolean">0</Value><ReadOnly>true</ReadOnly><AlertXMLAssigned>false</AlertXMLAssigned></ContextItem><ContextItem><Name>AutoAppendBlankNamespaces</Name><Description>AutoAppendBlankNamespaces</Description><MinRange>0</MinRange><MaxRange>0</MaxRange><Value xsi:type="boolean">1</Value><ReadOnly>true</ReadOnly><AlertXMLAssigned>false</AlertXMLAssigned></ContextItem><ContextItem><Name>ThrowOnLinkError</Name><Description>Throws an exception when a link error occures</Description><MinRange>0</MinRange><MaxRange>0</MaxRange><Value xsi:type="boolean">0</Value><ReadOnly>true</ReadOnly><AlertXMLAssigned>false</AlertXMLAssigned></ContextItem><ContextItem><Name>ThrowOnActionError</Name><Description>Throws an exception when an action error occurs</Description><MinRange>0</MinRange><MaxRange>0</MaxRange><Value xsi:type="boolean">1</Value><ReadOnly>true</ReadOnly><AlertXMLAssigned>false</AlertXMLAssigned></ContextItem><ContextItem><Name>FormatXMLOnConversion</Name><Description>By default XML will be formatted when assigned from XML data type to String data type. This behaviour can be changed with this flag.</Description><MinRange>0</MinRange><MaxRange>0</MaxRange><Value xsi:type="boolean">1</Value><ReadOnly>true</ReadOnly><AlertXMLAssigned>false</AlertXMLAssigned></ContextItem><ContextItem><Name>LastEditedBy</Name><Description>Last Edited By</Description><MinRange>0</MinRange><MaxRange>0</MaxRange><Value xsi:type="xsd:string">vvenka15</Value><ReadOnly>true</ReadOnly><AlertXMLAssigned>false</AlertXMLAssigned></ContextItem><ContextItem><Name>LastEditedDate</Name><Description>Last Edited Date</Description><MinRange>0</MinRange><MaxRange>0</MaxRange><Value xsi:type="xsd:dateTime">2024-03-22T12:32:31</Value><ReadOnly>true</ReadOnly><AlertXMLAssigned>false</AlertXMLAssigned></ContextItem></TransactionAttributes><Name>ProductionSupport/Venky/Manualtraceabilty/TRANSACTIONS/MaterialBoxAssembly</Name><Version>298</Version><WriterRoles>SAP_XMII_Super_Administrator,SAP_XMII_Administrator,SAP_XMII_Developer</WriterRoles><Context><ContextItem><Name>EventLoggerFlag</Name><Description/><MinRange>0</MinRange><MaxRange>0</MaxRange><Value xsi:type="boolean">1</Value><ReadOnly>false</ReadOnly><AlertXMLAssigned>false</AlertXMLAssigned></ContextItem><ContextItem><Name>Input_XML</Name><Description/><MinRange>0</MinRange><MaxRange>0</MaxRange><Value xsi:type="xml"><ReferenceDocumentSource/></Value><SchemaURI/><SchemaElement/><ValidateXMLOnExecution>1</ValidateXMLOnExecution><ReadOnly>false</ReadOnly><AlertXMLAssigned>false</AlertXMLAssigned></ContextItem><ContextItem><Name>OutputXML</Name><Description/><MinRange>0</MinRange><MaxRange>0</MaxRange><Value xsi:type="xml"><ReferenceDocumentSource/>&lt;?xml version="1.0" encoding="UTF-8"?&gt;&lt;xml&gt;&#13;
&lt;success/&gt;&#13;
&lt;message/&gt;&#13;
&lt;plc_com/&gt;&#13;
&lt;/xml&gt;</Value><SchemaURI/><SchemaElement/><ValidateXMLOnExecution>1</ValidateXMLOnExecution><ReadOnly>true</ReadOnly><AlertXMLAssigned>false</AlertXMLAssigned></ContextItem></Context><Local><ContextItem><Name>addedXML</Name><Description/><MinRange>0</MinRange><MaxRange>0</MaxRange><Value xsi:type="xml"><ReferenceDocumentSource/>&lt;?xml version="1.0" encoding="UTF-8"?&gt;&lt;production:assemblyDataFields xmlns:production="http://www.sap.com/me/production"&gt;&#13;
          &lt;attribute&gt;&#13;
            &lt;!--string value--&gt;&#13;
          &lt;/attribute&gt;&#13;
          &lt;value&gt;&#13;
            &lt;!--string value--&gt;&#13;
          &lt;/value&gt;&#13;
          &lt;production:sequence&gt;&#13;
            &lt;!--10--&gt;&#13;
          &lt;/production:sequence&gt;&#13;
        &lt;/production:assemblyDataFields&gt;</Value><SchemaURI/><SchemaElement/><ValidateXMLOnExecution>1</ValidateXMLOnExecution><ReadOnly>false</ReadOnly><AlertXMLAssigned>false</AlertXMLAssigned></ContextItem><ContextItem><Name>AssemblyDataTypereference</Name><Description/><MinRange>0</MinRange><MaxRange>0</MaxRange><Value xsi:type="string"/><ReadOnly>false</ReadOnly><AlertXMLAssigned>false</AlertXMLAssigned></ContextItem><ContextItem><Name>ERP_SR_from_SFC</Name><Description/><MinRange>0</MinRange><MaxRange>0</MaxRange><Value xsi:type="string"/><ReadOnly>false</ReadOnly><AlertXMLAssigned>false</AlertXMLAssigned></ContextItem><ContextItem><Name>ERP_SR_RULE</Name><Description/><MinRange>0</MinRange><MaxRange>0</MaxRange><Value xsi:type="string"/><ReadOnly>false</ReadOnly><AlertXMLAssigned>false</AlertXMLAssigned></ContextItem><ContextItem><Name>FacilityID</Name><Description/><MinRange>0</MinRange><MaxRange>0</MaxRange><Value xsi:type="string"/><ReadOnly>false</ReadOnly><AlertXMLAssigned>false</AlertXMLAssigned></ContextItem><ContextItem><Name>HeaderId</Name><Description/><MinRange>0</MinRange><MaxRange>0</MaxRange><Value xsi:type="string"/><ReadOnly>false</ReadOnly><AlertXMLAssigned>false</AlertXMLAssigned></ContextItem><ContextItem><Name>inPcoServer</Name><Description/><MinRange>0</MinRange><MaxRange>0</MaxRange><Value xsi:type="string"/><ReadOnly>false</ReadOnly><AlertXMLAssigned>false</AlertXMLAssigned></ContextItem><ContextItem><Name>ItemBOMComponentRef</Name><Description/><MinRange>0</MinRange><MaxRange>0</MaxRange><Value xsi:type="string"/><ReadOnly>false</ReadOnly><AlertXMLAssigned>false</AlertXMLAssigned></ContextItem><ContextItem><Name>ItemSubCompartID</Name><Description/><MinRange>0</MinRange><MaxRange>0</MaxRange><Value xsi:type="string"/><ReadOnly>false</ReadOnly><AlertXMLAssigned>false</AlertXMLAssigned></ContextItem><ContextItem><Name>ItemSubCompartIdRef</Name><Description/><MinRange>0</MinRange><MaxRange>0</MaxRange><Value xsi:type="string"/><ReadOnly>false</ReadOnly><AlertXMLAssigned>false</AlertXMLAssigned></ContextItem><ContextItem><Name>ItemSupCompartID</Name><Description/><MinRange>0</MinRange><MaxRange>0</MaxRange><Value xsi:type="string"/><ReadOnly>false</ReadOnly><AlertXMLAssigned>false</AlertXMLAssigned></ContextItem><ContextItem><Name>MAT_CAL_RULE</Name><Description/><MinRange>0</MinRange><MaxRange>0</MaxRange><Value xsi:type="string"/><ReadOnly>false</ReadOnly><AlertXMLAssigned>false</AlertXMLAssigned></ContextItem><ContextItem><Name>Mat_from_BOM</Name><Description/><MinRange>0</MinRange><MaxRange>0</MaxRange><Value xsi:type="string"/><ReadOnly>false</ReadOnly><AlertXMLAssigned>false</AlertXMLAssigned></ContextItem><ContextItem><Name>MAT_from_SFC</Name><Description/><MinRange>0</MinRange><MaxRange>0</MaxRange><Value xsi:type="string"/><ReadOnly>false</ReadOnly><AlertXMLAssigned>false</AlertXMLAssigned></ContextItem><ContextItem><Name>Material</Name><Description/><MinRange>0</MinRange><MaxRange>0</MaxRange><Value xsi:type="string"/><ReadOnly>false</ReadOnly><AlertXMLAssigned>false</AlertXMLAssigned></ContextItem><ContextItem><Name>numberlist</Name><Description/><MinRange>0</MinRange><MaxRange>0</MaxRange><Value xsi:type="list"/><ReadOnly>false</ReadOnly><AlertXMLAssigned>false</AlertXMLAssigned></ContextItem><ContextItem><Name>OperationRef</Name><Description/><MinRange>0</MinRange><MaxRange>0</MaxRange><Value xsi:type="string"/><ReadOnly>false</ReadOnly><AlertXMLAssigned>false</AlertXMLAssigned></ContextItem><ContextItem><Name>PCoServer</Name><Description/><MinRange>0</MinRange><MaxRange>0</MaxRange><Value xsi:type="string"/><ReadOnly>false</ReadOnly><AlertXMLAssigned>false</AlertXMLAssigned></ContextItem><ContextItem><Name>PLC_WB</Name><Description/><MinRange>0</MinRange><MaxRange>0</MaxRange><Value xsi:type="string">4</Value><ReadOnly>false</ReadOnly><AlertXMLAssigned>false</AlertXMLAssigned></ContextItem><ContextItem><Name>Quantity</Name><Description/><MinRange>0</MinRange><MaxRange>0</MaxRange><Value xsi:type="string"/><ReadOnly>false</ReadOnly><AlertXMLAssigned>false</AlertXMLAssigned></ContextItem><ContextItem><Name>requestXML</Name><Description/><MinRange>0</MinRange><MaxRange>0</MaxRange><Value xsi:type="xml"><ReferenceDocumentSource/>&lt;?xml version="1.0" encoding="UTF-8"?&gt;&lt;common:serviceInvocationRequests xmlns:common="http://www.sap.com/me/common" xmlns:production="http://www.sap.com/me/production"&gt;&#13;
  &lt;common:serviceInvocationRequest&gt;&#13;
    &lt;moduleId&gt;com.sap.me.production&lt;/moduleId&gt;&#13;
    &lt;serviceName&gt;GroupAssemblyService&lt;/serviceName&gt;&#13;
    &lt;methodName&gt;assembleIdentifiers&lt;/methodName&gt;&#13;
    &lt;requests xmlns:xsi="http://www.w3.org/2001/XMLSchema-instance" xsi:type="production:AssembleIdentifiersRequest"&gt;&#13;
      &lt;production:event&gt;&#13;
        &lt;!--string value--&gt;&#13;
      &lt;/production:event&gt;&#13;
      &lt;production:routerRef&gt;&#13;
        &lt;reference type="ROUTER"&gt;&#13;
          &lt;revision/&gt;&#13;
          &lt;router/&gt;&#13;
          &lt;routerType/&gt;&#13;
        &lt;/reference&gt;&#13;
      &lt;/production:routerRef&gt;&#13;
      &lt;common:stepId&gt;&#13;
        &lt;!--string value--&gt;&#13;
      &lt;/common:stepId&gt;&#13;
      &lt;production:operationRef&gt;&#13;
        &lt;reference type="OPERATION"&gt;&#13;
          &lt;revision/&gt;&#13;
          &lt;operation/&gt;&#13;
        &lt;/reference&gt;&#13;
      &lt;/production:operationRef&gt;&#13;
      &lt;production:resourceRef&gt;&#13;
        &lt;reference type="RESRCE"&gt;&#13;
          &lt;resource/&gt;&#13;
        &lt;/reference&gt;&#13;
      &lt;/production:resourceRef&gt;&#13;
      &lt;production:shopOrderRef&gt;&#13;
        &lt;reference type="SHOP_ORDER"&gt;&#13;
          &lt;shopOrder/&gt;&#13;
        &lt;/reference&gt;&#13;
      &lt;/production:shopOrderRef&gt;&#13;
      &lt;production:processLotRef&gt;&#13;
        &lt;reference type="PROCESS_LOT"&gt;&#13;
          &lt;processLot/&gt;&#13;
        &lt;/reference&gt;&#13;
      &lt;/production:processLotRef&gt;&#13;
      &lt;production:lccRef&gt;&#13;
        &lt;reference type="LABOR_CHARGE_CODE"&gt;&#13;
          &lt;laborChargeCode/&gt;&#13;
        &lt;/reference&gt;&#13;
      &lt;/production:lccRef&gt;&#13;
      &lt;production:workCenterRef&gt;&#13;
        &lt;reference type="WORK_CENTER"&gt;&#13;
          &lt;workCenter/&gt;&#13;
        &lt;/reference&gt;&#13;
      &lt;/production:workCenterRef&gt;&#13;
      &lt;production:workStationRef&gt;&#13;
        &lt;reference type="WORKSTATION"&gt;&#13;
          &lt;workstation/&gt;&#13;
          &lt;workstationType/&gt;&#13;
        &lt;/reference&gt;&#13;
      &lt;/production:workStationRef&gt;&#13;
      &lt;production:sfcRef&gt;&#13;
        &lt;reference type="SFC"&gt;&#13;
          &lt;sfc/&gt;&#13;
        &lt;/reference&gt;&#13;
      &lt;/production:sfcRef&gt;&#13;
      &lt;production:actionDetail&gt;&#13;
        &lt;!--string value--&gt;&#13;
      &lt;/production:actionDetail&gt;&#13;
      &lt;production:actionDetailRef&gt;&#13;
        &lt;reference type=""/&gt;&#13;
      &lt;/production:actionDetailRef&gt;&#13;
      &lt;production:forceActivityLog&gt;&#13;
        &lt;!--false--&gt;&#13;
      &lt;/production:forceActivityLog&gt;&#13;
      &lt;production:quantity&gt;&#13;
        &lt;!--10--&gt;&#13;
      &lt;/production:quantity&gt;&#13;
      &lt;production:componentList&gt;&#13;
        &lt;production:assemblyDataFields&gt;&#13;
          &lt;attribute&gt;&#13;
            &lt;!--string value--&gt;&#13;
          &lt;/attribute&gt;&#13;
          &lt;value&gt;&#13;
            &lt;!--string value--&gt;&#13;
          &lt;/value&gt;&#13;
          &lt;production:sequence&gt;&#13;
            &lt;!--10--&gt;&#13;
          &lt;/production:sequence&gt;&#13;
        &lt;/production:assemblyDataFields&gt;&#13;
        &lt;production:bomComponentRef&gt;&#13;
          &lt;reference type="BOM_COMPONENT"&gt;&#13;
            &lt;sequence/&gt;&#13;
            &lt;componentGbo/&gt;&#13;
            &lt;bomRef&gt;&#13;
              &lt;reference type="BOM"&gt;&#13;
                &lt;bom/&gt;&#13;
                &lt;revision/&gt;&#13;
                &lt;bomType/&gt;&#13;
              &lt;/reference&gt;&#13;
            &lt;/bomRef&gt;&#13;
          &lt;/reference&gt;&#13;
        &lt;/production:bomComponentRef&gt;&#13;
        &lt;production:customIdentifier&gt;&#13;
          &lt;!--string value--&gt;&#13;
        &lt;/production:customIdentifier&gt;&#13;
        &lt;production:identifier&gt;&#13;
          &lt;!--string value--&gt;&#13;
        &lt;/production:identifier&gt;&#13;
        &lt;production:customAttributes&gt;&#13;
          &lt;attribute&gt;&#13;
            &lt;!--string value--&gt;&#13;
          &lt;/attribute&gt;&#13;
          &lt;value&gt;&#13;
            &lt;!--string value--&gt;&#13;
          &lt;/value&gt;&#13;
        &lt;/production:customAttributes&gt;&#13;
        &lt;common:location&gt;&#13;
          &lt;!--string value--&gt;&#13;
        &lt;/common:location&gt;&#13;
        &lt;production:qty&gt;&#13;
          &lt;!--10--&gt;&#13;
        &lt;/production:qty&gt;&#13;
        &lt;common:refDes&gt;&#13;
          &lt;!--string value--&gt;&#13;
        &lt;/common:refDes&gt;&#13;
        &lt;production:revision&gt;&#13;
          &lt;!--string value--&gt;&#13;
        &lt;/production:revision&gt;&#13;
      &lt;/production:componentList&gt;&#13;
    &lt;/requests&gt;&#13;
  &lt;/common:serviceInvocationRequest&gt;&#13;
&lt;/common:serviceInvocationRequests&gt;</Value><SchemaURI/><SchemaElement/><ValidateXMLOnExecution>1</ValidateXMLOnExecution><ReadOnly>false</ReadOnly><AlertXMLAssigned>false</AlertXMLAssigned></ContextItem><ContextItem><Name>ResourceRef</Name><Description/><MinRange>0</MinRange><MaxRange>0</MaxRange><Value xsi:type="string"/><ReadOnly>false</ReadOnly><AlertXMLAssigned>false</AlertXMLAssigned></ContextItem><ContextItem><Name>SFCRef</Name><Description/><MinRange>0</MinRange><MaxRange>0</MaxRange><Value xsi:type="string"/><ReadOnly>false</ReadOnly><AlertXMLAssigned>false</AlertXMLAssigned></ContextItem><ContextItem><Name>TagID</Name><Description/><MinRange>0</MinRange><MaxRange>0</MaxRange><Value xsi:type="string"/><ReadOnly>false</ReadOnly><AlertXMLAssigned>false</AlertXMLAssigned></ContextItem><ContextItem><Name>TRBL_HANDLE</Name><Description/><MinRange>0</MinRange><MaxRange>0</MaxRange><Value xsi:type="string"/><ReadOnly>false</ReadOnly><AlertXMLAssigned>false</AlertXMLAssigned></ContextItem><ContextItem><Name>Trblshoot_XML</Name><Description/><MinRange>0</MinRange><MaxRange>0</MaxRange><Value xsi:type="xml"><ReferenceDocumentSource/>&lt;?xml version="1.0" encoding="UTF-8"?&gt;&lt;NotificationMessage&gt;&#13;
&lt;Header&gt;&lt;Name&gt;HEAD_PAIR_ASSEMBLY&lt;/Name&gt;&#13;
&lt;Description/&gt;&lt;Destination&gt;Head_PAIR_ASSEMBLY&lt;/Destination&gt;&lt;CreatedDate&gt;2023-10-09T11:38:57&lt;/CreatedDate&gt;&lt;ID&gt;c956b02e-6713-4639-91b8-ee013f13cdc5&lt;/ID&gt;&lt;Status&gt;Created&lt;/Status&gt;&lt;/Header&gt;&#13;
&lt;Body&gt;&lt;Values&gt;&#13;
&lt;partid/&gt;&#13;
&lt;supcompartid/&gt;&#13;
&lt;subcompartid/&gt;&#13;
&lt;facilityid/&gt;&#13;
&lt;plctimestamp/&gt;&#13;
&lt;ipaddress/&gt;&#13;
&lt;pcoserver/&gt;&#13;
&lt;cyclecount/&gt;&#13;
&lt;platen/&gt;&#13;
&lt;plccom/&gt;&#13;
&lt;telegramtyp/&gt;&#13;
&lt;/Values&gt;&lt;/Body&gt;&lt;/NotificationMessage&gt;</Value><SchemaURI/><SchemaElement/><ValidateXMLOnExecution>1</ValidateXMLOnExecution><ReadOnly>false</ReadOnly><AlertXMLAssigned>false</AlertXMLAssigned></ContextItem><ContextItem><Name>TrxName</Name><Description/><MinRange>0</MinRange><MaxRange>0</MaxRange><Value xsi:type="string">NC11/TRACEABILITY/TRANSACTIONS/ASSEMBLY_MATERIAL_BOX/MaterialBoxAssembly</Value><ReadOnly>false</ReadOnly><AlertXMLAssigned>false</AlertXMLAssigned></ContextItem></Local><Layout><GUILayoutItem><Name>Sequence_31</Name><X>8</X><Y>144</Y><Width>120</Width><SpacingWidth>120</SpacingWidth><DescendantWidth>120</DescendantWidth><Height>96</Height></GUILayoutItem><GUILayoutItem><Name>Conditional_Event_Logger_Testing</Name><X>16</X><Y>160</Y><Width>104</Width><SpacingWidth>0</SpacingWidth><DescendantWidth>0</DescendantWidth><Height>72</Height></GUILayoutItem><GUILayoutItem><Name>Sequence_33</Name><X>8</X><Y>416</Y><Width>120</Width><SpacingWidth>120</SpacingWidth><DescendantWidth>120</DescendantWidth><Height>96</Height></GUILayoutItem><GUILayoutItem><Name>TraceabilityInputDataTrx</Name><X>16</X><Y>432</Y><Width>104</Width><SpacingWidth>0</SpacingWidth><DescendantWidth>0</DescendantWidth><Height>72</Height></GUILayoutItem><GUILayoutItem><Name>Sequence_44</Name><X>8</X><Y>552</Y><Width>120</Width><SpacingWidth>120</SpacingWidth><DescendantWidth>120</DescendantWidth><Height>96</Height></GUILayoutItem><GUILayoutItem><Name>Catch_Transaction_Call_TraceabilityInputData_Fail</Name><X>16</X><Y>568</Y><Width>104</Width><SpacingWidth>0</SpacingWidth><DescendantWidth>0</DescendantWidth><Height>72</Height></GUILayoutItem><GUILayoutItem><Name>Sequence_59</Name><X>8</X><Y>688</Y><Width>120</Width><SpacingWidth>120</SpacingWidth><DescendantWidth>120</DescendantWidth><Height>96</Height></GUILayoutItem><GUILayoutItem><Name>Event_Logger_Transaction_Call_SaveTrblshtData_Fail</Name><X>16</X><Y>704</Y><Width>104</Width><SpacingWidth>0</SpacingWidth><DescendantWidth>0</DescendantWidth><Height>72</Height></GUILayoutItem><GUILayoutItem><Name>Sequence</Name><X>1592</X><Y>8</Y><Width>120</Width><SpacingWidth>3288</SpacingWidth><DescendantWidth>3288</DescendantWidth><Height>96</Height></GUILayoutItem><GUILayoutItem><Name>Sequence_0</Name><X>1592</X><Y>280</Y><Width>120</Width><SpacingWidth>3000</SpacingWidth><DescendantWidth>3000</DescendantWidth><Height>96</Height></GUILayoutItem><GUILayoutItem><Name>Check_Input_Parameters</Name><X>1600</X><Y>296</Y><Width>104</Width><SpacingWidth>0</SpacingWidth><DescendantWidth>0</DescendantWidth><Height>72</Height></GUILayoutItem><GUILayoutItem><Name>Sequence_2</Name><X>1520</X><Y>416</Y><Width>120</Width><SpacingWidth>2856</SpacingWidth><DescendantWidth>2856</DescendantWidth><Height>96</Height></GUILayoutItem><GUILayoutItem><Name>Transaction_Call_GetResourceOperation</Name><X>1528</X><Y>432</Y><Width>104</Width><SpacingWidth>0</SpacingWidth><DescendantWidth>0</DescendantWidth><Height>72</Height></GUILayoutItem><GUILayoutItem><Name>Sequence_3</Name><X>1448</X><Y>552</Y><Width>120</Width><SpacingWidth>2712</SpacingWidth><DescendantWidth>2712</DescendantWidth><Height>96</Height></GUILayoutItem><GUILayoutItem><Name>GetResourceOperationTransactionCallFail</Name><X>1456</X><Y>568</Y><Width>104</Width><SpacingWidth>0</SpacingWidth><DescendantWidth>0</DescendantWidth><Height>72</Height></GUILayoutItem><GUILayoutItem><Name>Sequence_4</Name><X>1376</X><Y>688</Y><Width>120</Width><SpacingWidth>2568</SpacingWidth><DescendantWidth>2568</DescendantWidth><Height>96</Height></GUILayoutItem><GUILayoutItem><Name>Assignment_ResourceOperation</Name><X>1384</X><Y>704</Y><Width>104</Width><SpacingWidth>0</SpacingWidth><DescendantWidth>0</DescendantWidth><Height>72</Height></GUILayoutItem><GUILayoutItem><Name>Sequence_39</Name><X>1376</X><Y>824</Y><Width>120</Width><SpacingWidth>2568</SpacingWidth><DescendantWidth>2568</DescendantWidth><Height>96</Height></GUILayoutItem><GUILayoutItem><Name>FindBOMBySFC</Name><X>1384</X><Y>840</Y><Width>104</Width><SpacingWidth>0</SpacingWidth><DescendantWidth>0</DescendantWidth><Height>72</Height></GUILayoutItem><GUILayoutItem><Name>Sequence_38</Name><X>1304</X><Y>960</Y><Width>120</Width><SpacingWidth>2424</SpacingWidth><DescendantWidth>2424</DescendantWidth><Height>96</Height></GUILayoutItem><GUILayoutItem><Name>Condition_FindBOM</Name><X>1312</X><Y>976</Y><Width>104</Width><SpacingWidth>0</SpacingWidth><DescendantWidth>0</DescendantWidth><Height>72</Height></GUILayoutItem><GUILayoutItem><Name>Sequence_35</Name><X>1232</X><Y>1096</Y><Width>120</Width><SpacingWidth>2280</SpacingWidth><DescendantWidth>2280</DescendantWidth><Height>96</Height></GUILayoutItem><GUILayoutItem><Name>findAllBOMComponentsByOperation</Name><X>1240</X><Y>1112</Y><Width>104</Width><SpacingWidth>0</SpacingWidth><DescendantWidth>0</DescendantWidth><Height>72</Height></GUILayoutItem><GUILayoutItem><Name>Sequence_34</Name><X>1160</X><Y>1232</Y><Width>120</Width><SpacingWidth>2136</SpacingWidth><DescendantWidth>2136</DescendantWidth><Height>96</Height></GUILayoutItem><GUILayoutItem><Name>Condition_findAllBOMComponentsByOperationFail</Name><X>1168</X><Y>1248</Y><Width>104</Width><SpacingWidth>0</SpacingWidth><DescendantWidth>0</DescendantWidth><Height>72</Height></GUILayoutItem><GUILayoutItem><Name>Sequence_9</Name><X>1088</X><Y>1368</Y><Width>120</Width><SpacingWidth>1992</SpacingWidth><DescendantWidth>1992</DescendantWidth><Height>96</Height></GUILayoutItem><GUILayoutItem><Name>Conditional_NoComponent</Name><X>1096</X><Y>1384</Y><Width>104</Width><SpacingWidth>0</SpacingWidth><DescendantWidth>0</DescendantWidth><Height>72</Height></GUILayoutItem><GUILayoutItem><Name>Sequence_10</Name><X>1016</X><Y>1504</Y><Width>120</Width><SpacingWidth>1848</SpacingWidth><DescendantWidth>1848</DescendantWidth><Height>96</Height></GUILayoutItem><GUILayoutItem><Name>For_Next_Loop_0</Name><X>1024</X><Y>1520</Y><Width>104</Width><SpacingWidth>0</SpacingWidth><DescendantWidth>0</DescendantWidth><Height>72</Height></GUILayoutItem><GUILayoutItem><Name>Sequence_11</Name><X>1016</X><Y>1776</Y><Width>120</Width><SpacingWidth>1848</SpacingWidth><DescendantWidth>1848</DescendantWidth><Height>96</Height></GUILayoutItem><GUILayoutItem><Name>GetCustomFieldsForMaterial</Name><X>1024</X><Y>1792</Y><Width>104</Width><SpacingWidth>0</SpacingWidth><DescendantWidth>0</DescendantWidth><Height>72</Height></GUILayoutItem><GUILayoutItem><Name>Sequence_14</Name><X>584</X><Y>2184</Y><Width>120</Width><SpacingWidth>120</SpacingWidth><DescendantWidth>0</DescendantWidth><Height>96</Height></GUILayoutItem><GUILayoutItem><Name>Sequence_8</Name><X>944</X><Y>2048</Y><Width>120</Width><SpacingWidth>1704</SpacingWidth><DescendantWidth>1704</DescendantWidth><Height>96</Height></GUILayoutItem><GUILayoutItem><Name>Check_If_ERP_and_MAT_Rules_Found</Name><X>952</X><Y>2064</Y><Width>104</Width><SpacingWidth>0</SpacingWidth><DescendantWidth>0</DescendantWidth><Height>72</Height></GUILayoutItem><GUILayoutItem><Name>Sequence_20</Name><X>296</X><Y>2320</Y><Width>120</Width><SpacingWidth>408</SpacingWidth><DescendantWidth>408</DescendantWidth><Height>96</Height></GUILayoutItem><GUILayoutItem><Name>AssignRule</Name><X>304</X><Y>2336</Y><Width>104</Width><SpacingWidth>0</SpacingWidth><DescendantWidth>0</DescendantWidth><Height>72</Height></GUILayoutItem><GUILayoutItem><Name>Sequence_30</Name><X>152</X><Y>2456</Y><Width>120</Width><SpacingWidth>120</SpacingWidth><DescendantWidth>120</DescendantWidth><Height>96</Height></GUILayoutItem><GUILayoutItem><Name>String_List_To_XML_Parser_0</Name><X>160</X><Y>2472</Y><Width>104</Width><SpacingWidth>0</SpacingWidth><DescendantWidth>0</DescendantWidth><Height>72</Height></GUILayoutItem><GUILayoutItem><Name>Sequence_22</Name><X>152</X><Y>2592</Y><Width>120</Width><SpacingWidth>120</SpacingWidth><DescendantWidth>120</DescendantWidth><Height>96</Height></GUILayoutItem><GUILayoutItem><Name>Repeat_On_ERP_Serial_Number_Calculation_Rules</Name><X>160</X><Y>2608</Y><Width>104</Width><SpacingWidth>0</SpacingWidth><DescendantWidth>0</DescendantWidth><Height>72</Height></GUILayoutItem><GUILayoutItem><Name>Sequence_23</Name><X>152</X><Y>2728</Y><Width>120</Width><SpacingWidth>120</SpacingWidth><DescendantWidth>0</DescendantWidth><Height>96</Height></GUILayoutItem><GUILayoutItem><Name>Assignment_ERP_Serial_Number</Name><X>160</X><Y>2744</Y><Width>104</Width><SpacingWidth>0</SpacingWidth><DescendantWidth>0</DescendantWidth><Height>72</Height></GUILayoutItem><GUILayoutItem><Name>Sequence_24</Name><X>296</X><Y>2456</Y><Width>120</Width><SpacingWidth>120</SpacingWidth><DescendantWidth>120</DescendantWidth><Height>96</Height></GUILayoutItem><GUILayoutItem><Name>String_List_To_XML_Parser_1</Name><X>304</X><Y>2472</Y><Width>104</Width><SpacingWidth>0</SpacingWidth><DescendantWidth>0</DescendantWidth><Height>72</Height></GUILayoutItem><GUILayoutItem><Name>Sequence_25</Name><X>296</X><Y>2592</Y><Width>120</Width><SpacingWidth>120</SpacingWidth><DescendantWidth>120</DescendantWidth><Height>96</Height></GUILayoutItem><GUILayoutItem><Name>Repeat_On_Material_Calculation_Rules</Name><X>304</X><Y>2608</Y><Width>104</Width><SpacingWidth>0</SpacingWidth><DescendantWidth>0</DescendantWidth><Height>72</Height></GUILayoutItem><GUILayoutItem><Name>Sequence_26</Name><X>296</X><Y>2728</Y><Width>120</Width><SpacingWidth>120</SpacingWidth><DescendantWidth>0</DescendantWidth><Height>96</Height></GUILayoutItem><GUILayoutItem><Name>Assignment_Material_Serial_Number</Name><X>304</X><Y>2744</Y><Width>104</Width><SpacingWidth>0</SpacingWidth><DescendantWidth>0</DescendantWidth><Height>72</Height></GUILayoutItem><GUILayoutItem><Name>Sequence_75</Name><X>440</X><Y>2456</Y><Width>120</Width><SpacingWidth>120</SpacingWidth><DescendantWidth>0</DescendantWidth><Height>96</Height></GUILayoutItem><GUILayoutItem><Name>Assign_Material_ERPSrNo_Remove_Blanks</Name><X>448</X><Y>2472</Y><Width>104</Width><SpacingWidth>0</SpacingWidth><DescendantWidth>0</DescendantWidth><Height>72</Height></GUILayoutItem><GUILayoutItem><Name>Sequence_15</Name><X>1232</X><Y>2184</Y><Width>120</Width><SpacingWidth>1128</SpacingWidth><DescendantWidth>1128</DescendantWidth><Height>96</Height></GUILayoutItem><GUILayoutItem><Name>CheckIf_MatFromSFC_eq_MatfromBOM_0</Name><X>1240</X><Y>2200</Y><Width>104</Width><SpacingWidth>0</SpacingWidth><DescendantWidth>0</DescendantWidth><Height>72</Height></GUILayoutItem><GUILayoutItem><Name>Sequence_29</Name><X>872</X><Y>2456</Y><Width>120</Width><SpacingWidth>408</SpacingWidth><DescendantWidth>408</DescendantWidth><Height>96</Height></GUILayoutItem><GUILayoutItem><Name>Assembly_SUPCOMPARTID_ReducedSUPCOMPARTID_0</Name><X>880</X><Y>2472</Y><Width>104</Width><SpacingWidth>0</SpacingWidth><DescendantWidth>0</DescendantWidth><Height>72</Height></GUILayoutItem><GUILayoutItem><Name>Sequence_42</Name><X>800</X><Y>2592</Y><Width>120</Width><SpacingWidth>264</SpacingWidth><DescendantWidth>264</DescendantWidth><Height>96</Height></GUILayoutItem><GUILayoutItem><Name>Condition_assemblyFail</Name><X>808</X><Y>2608</Y><Width>104</Width><SpacingWidth>0</SpacingWidth><DescendantWidth>0</DescendantWidth><Height>72</Height></GUILayoutItem><GUILayoutItem><Name>Sequence_7</Name><X>872</X><Y>2320</Y><Width>120</Width><SpacingWidth>408</SpacingWidth><DescendantWidth>408</DescendantWidth><Height>96</Height></GUILayoutItem><GUILayoutItem><Name>Assignment_inputXML</Name><X>880</X><Y>2336</Y><Width>104</Width><SpacingWidth>0</SpacingWidth><DescendantWidth>0</DescendantWidth><Height>72</Height></GUILayoutItem><GUILayoutItem><Name>Sequence_12</Name><X>3032</X><Y>416</Y><Width>120</Width><SpacingWidth>120</SpacingWidth><DescendantWidth>120</DescendantWidth><Height>96</Height></GUILayoutItem><GUILayoutItem><Name>Assignment_PLC_WB_0</Name><X>3040</X><Y>432</Y><Width>104</Width><SpacingWidth>0</SpacingWidth><DescendantWidth>0</DescendantWidth><Height>72</Height></GUILayoutItem><GUILayoutItem><Name>Sequence_19</Name><X>2744</X><Y>824</Y><Width>120</Width><SpacingWidth>120</SpacingWidth><DescendantWidth>120</DescendantWidth><Height>96</Height></GUILayoutItem><GUILayoutItem><Name>Assignment_PLC_WB_1</Name><X>2752</X><Y>840</Y><Width>104</Width><SpacingWidth>0</SpacingWidth><DescendantWidth>0</DescendantWidth><Height>72</Height></GUILayoutItem><GUILayoutItem><Name>Sequence_50</Name><X>2456</X><Y>1096</Y><Width>120</Width><SpacingWidth>120</SpacingWidth><DescendantWidth>120</DescendantWidth><Height>96</Height></GUILayoutItem><GUILayoutItem><Name>Assignment_PLC_WB_3</Name><X>2464</X><Y>1112</Y><Width>104</Width><SpacingWidth>0</SpacingWidth><DescendantWidth>0</DescendantWidth><Height>72</Height></GUILayoutItem><GUILayoutItem><Name>Sequence_52</Name><X>2168</X><Y>1368</Y><Width>120</Width><SpacingWidth>120</SpacingWidth><DescendantWidth>120</DescendantWidth><Height>96</Height></GUILayoutItem><GUILayoutItem><Name>Assignment_PLC_WB_5</Name><X>2176</X><Y>1384</Y><Width>104</Width><SpacingWidth>0</SpacingWidth><DescendantWidth>0</DescendantWidth><Height>72</Height></GUILayoutItem><GUILayoutItem><Name>Sequence_54</Name><X>2024</X><Y>1504</Y><Width>120</Width><SpacingWidth>120</SpacingWidth><DescendantWidth>120</DescendantWidth><Height>96</Height></GUILayoutItem><GUILayoutItem><Name>Assignment_PLC_WB_7</Name><X>2032</X><Y>1520</Y><Width>104</Width><SpacingWidth>0</SpacingWidth><DescendantWidth>0</DescendantWidth><Height>72</Height></GUILayoutItem><GUILayoutItem><Name>Sequence_57</Name><X>872</X><Y>2728</Y><Width>120</Width><SpacingWidth>120</SpacingWidth><DescendantWidth>120</DescendantWidth><Height>96</Height></GUILayoutItem><GUILayoutItem><Name>Assignment_PLC_WB_8</Name><X>880</X><Y>2744</Y><Width>104</Width><SpacingWidth>0</SpacingWidth><DescendantWidth>0</DescendantWidth><Height>72</Height></GUILayoutItem><GUILayoutItem><Name>Sequence_60</Name><X>728</X><Y>2728</Y><Width>120</Width><SpacingWidth>120</SpacingWidth><DescendantWidth>0</DescendantWidth><Height>96</Height></GUILayoutItem><GUILayoutItem><Name>Assignment_PLC_WB_10</Name><X>736</X><Y>2744</Y><Width>104</Width><SpacingWidth>0</SpacingWidth><DescendantWidth>0</DescendantWidth><Height>72</Height></GUILayoutItem><GUILayoutItem><Name>Assignment_PLC_WB_11</Name><X>592</X><Y>2200</Y><Width>104</Width><SpacingWidth>0</SpacingWidth><DescendantWidth>0</DescendantWidth><Height>72</Height></GUILayoutItem><GUILayoutItem><Name>Sequence_62</Name><X>944</X><Y>1912</Y><Width>120</Width><SpacingWidth>1704</SpacingWidth><DescendantWidth>1704</DescendantWidth><Height>96</Height></GUILayoutItem><GUILayoutItem><Name>Assignment_Material_from_BOM</Name><X>952</X><Y>1928</Y><Width>104</Width><SpacingWidth>0</SpacingWidth><DescendantWidth>0</DescendantWidth><Height>72</Height></GUILayoutItem><GUILayoutItem><Name>Sequence_61</Name><X>8</X><Y>280</Y><Width>120</Width><SpacingWidth>120</SpacingWidth><DescendantWidth>120</DescendantWidth><Height>96</Height></GUILayoutItem><GUILayoutItem><Name>Assignment_localXML</Name><X>16</X><Y>296</Y><Width>104</Width><SpacingWidth>0</SpacingWidth><DescendantWidth>0</DescendantWidth><Height>72</Height></GUILayoutItem><GUILayoutItem><Name>Sequence_64</Name><X>1448</X><Y>2320</Y><Width>120</Width><SpacingWidth>696</SpacingWidth><DescendantWidth>696</DescendantWidth><Height>96</Height></GUILayoutItem><GUILayoutItem><Name>Conditional_1</Name><X>1456</X><Y>2336</Y><Width>104</Width><SpacingWidth>0</SpacingWidth><DescendantWidth>0</DescendantWidth><Height>72</Height></GUILayoutItem><GUILayoutItem><Name>Sequence_63</Name><X>296</X><Y>2184</Y><Width>120</Width><SpacingWidth>408</SpacingWidth><DescendantWidth>408</DescendantWidth><Height>96</Height></GUILayoutItem><GUILayoutItem><Name>Sequence_115</Name><X>1448</X><Y>2456</Y><Width>120</Width><SpacingWidth>696</SpacingWidth><DescendantWidth>696</DescendantWidth><Height>96</Height></GUILayoutItem><GUILayoutItem><Name>Sequence_116</Name><X>1376</X><Y>2592</Y><Width>120</Width><SpacingWidth>552</SpacingWidth><DescendantWidth>552</DescendantWidth><Height>96</Height></GUILayoutItem><GUILayoutItem><Name>Check_Resolved_Identifier</Name><X>1384</X><Y>2608</Y><Width>104</Width><SpacingWidth>0</SpacingWidth><DescendantWidth>0</DescendantWidth><Height>72</Height></GUILayoutItem><GUILayoutItem><Name>Sequence_117</Name><X>1592</X><Y>2728</Y><Width>120</Width><SpacingWidth>120</SpacingWidth><DescendantWidth>120</DescendantWidth><Height>96</Height></GUILayoutItem><GUILayoutItem><Name>Log_Resolve_Identifier_Error</Name><X>1600</X><Y>2744</Y><Width>104</Width><SpacingWidth>0</SpacingWidth><DescendantWidth>0</DescendantWidth><Height>72</Height></GUILayoutItem><GUILayoutItem><Name>Sequence_118</Name><X>1592</X><Y>2864</Y><Width>120</Width><SpacingWidth>120</SpacingWidth><DescendantWidth>0</DescendantWidth><Height>96</Height></GUILayoutItem><GUILayoutItem><Name>Resolve_Identifier_Failed_PLCCOM_NOK_5</Name><X>1600</X><Y>2880</Y><Width>104</Width><SpacingWidth>0</SpacingWidth><DescendantWidth>0</DescendantWidth><Height>72</Height></GUILayoutItem><GUILayoutItem><Name>Sequence_119</Name><X>1736</X><Y>2592</Y><Width>120</Width><SpacingWidth>120</SpacingWidth><DescendantWidth>120</DescendantWidth><Height>96</Height></GUILayoutItem><GUILayoutItem><Name>Catch_Resolve_Identifier_Exception</Name><X>1744</X><Y>2608</Y><Width>104</Width><SpacingWidth>0</SpacingWidth><DescendantWidth>0</DescendantWidth><Height>72</Height></GUILayoutItem><GUILayoutItem><Name>Sequence_120</Name><X>1736</X><Y>2728</Y><Width>120</Width><SpacingWidth>120</SpacingWidth><DescendantWidth>120</DescendantWidth><Height>96</Height></GUILayoutItem><GUILayoutItem><Name>Log_Resolve_Identifier_Exception</Name><X>1744</X><Y>2744</Y><Width>104</Width><SpacingWidth>0</SpacingWidth><DescendantWidth>0</DescendantWidth><Height>72</Height></GUILayoutItem><GUILayoutItem><Name>Sequence_121</Name><X>1736</X><Y>2864</Y><Width>120</Width><SpacingWidth>120</SpacingWidth><DescendantWidth>0</DescendantWidth><Height>96</Height></GUILayoutItem><GUILayoutItem><Name>Resolve_Identifier_Exception_PLCCOM_NOK_5</Name><X>1744</X><Y>2880</Y><Width>104</Width><SpacingWidth>0</SpacingWidth><DescendantWidth>0</DescendantWidth><Height>72</Height></GUILayoutItem><GUILayoutItem><Name>Resolve_Identifier</Name><X>1456</X><Y>2472</Y><Width>104</Width><SpacingWidth>0</SpacingWidth><DescendantWidth>0</DescendantWidth><Height>72</Height></GUILayoutItem><GUILayoutItem><Name>Sequence_18</Name><X>1304</X><Y>2728</Y><Width>120</Width><SpacingWidth>408</SpacingWidth><DescendantWidth>408</DescendantWidth><Height>96</Height></GUILayoutItem><GUILayoutItem><Name>Assignment_AddedXML</Name><X>1312</X><Y>2744</Y><Width>104</Width><SpacingWidth>0</SpacingWidth><DescendantWidth>0</DescendantWidth><Height>72</Height></GUILayoutItem><GUILayoutItem><Name>Sequence_65</Name><X>1304</X><Y>3000</Y><Width>120</Width><SpacingWidth>408</SpacingWidth><DescendantWidth>408</DescendantWidth><Height>96</Height></GUILayoutItem><GUILayoutItem><Name>Assemble_Non_BOM_Components</Name><X>1312</X><Y>3016</Y><Width>104</Width><SpacingWidth>0</SpacingWidth><DescendantWidth>0</DescendantWidth><Height>72</Height></GUILayoutItem><GUILayoutItem><Name>Sequence_100</Name><X>1232</X><Y>3136</Y><Width>120</Width><SpacingWidth>264</SpacingWidth><DescendantWidth>264</DescendantWidth><Height>96</Height></GUILayoutItem><GUILayoutItem><Name>CopyOfCondition_assemblyFail</Name><X>1240</X><Y>3152</Y><Width>104</Width><SpacingWidth>0</SpacingWidth><DescendantWidth>0</DescendantWidth><Height>72</Height></GUILayoutItem><GUILayoutItem><Name>Sequence_101</Name><X>1160</X><Y>3272</Y><Width>120</Width><SpacingWidth>120</SpacingWidth><DescendantWidth>0</DescendantWidth><Height>96</Height></GUILayoutItem><GUILayoutItem><Name>PLC_COM_0</Name><X>1168</X><Y>3288</Y><Width>104</Width><SpacingWidth>0</SpacingWidth><DescendantWidth>0</DescendantWidth><Height>72</Height></GUILayoutItem><GUILayoutItem><Name>Sequence_103</Name><X>1304</X><Y>3272</Y><Width>120</Width><SpacingWidth>120</SpacingWidth><DescendantWidth>120</DescendantWidth><Height>96</Height></GUILayoutItem><GUILayoutItem><Name>Log_Component_Assembly_Failed</Name><X>1312</X><Y>3288</Y><Width>104</Width><SpacingWidth>0</SpacingWidth><DescendantWidth>0</DescendantWidth><Height>72</Height></GUILayoutItem><GUILayoutItem><Name>Sequence_113</Name><X>1304</X><Y>3408</Y><Width>120</Width><SpacingWidth>120</SpacingWidth><DescendantWidth>0</DescendantWidth><Height>96</Height></GUILayoutItem><GUILayoutItem><Name>Assembly_Failed_PLCCOM_NOK_4</Name><X>1312</X><Y>3424</Y><Width>104</Width><SpacingWidth>0</SpacingWidth><DescendantWidth>0</DescendantWidth><Height>72</Height></GUILayoutItem><GUILayoutItem><Name>Sequence_104</Name><X>1448</X><Y>3136</Y><Width>120</Width><SpacingWidth>120</SpacingWidth><DescendantWidth>120</DescendantWidth><Height>96</Height></GUILayoutItem><GUILayoutItem><Name>CopyOfCatch_assemblyFail</Name><X>1456</X><Y>3152</Y><Width>104</Width><SpacingWidth>0</SpacingWidth><DescendantWidth>0</DescendantWidth><Height>72</Height></GUILayoutItem><GUILayoutItem><Name>Sequence_105</Name><X>1448</X><Y>3272</Y><Width>120</Width><SpacingWidth>120</SpacingWidth><DescendantWidth>120</DescendantWidth><Height>96</Height></GUILayoutItem><GUILayoutItem><Name>Log_Assemble_Non_BOM_Components_Exception</Name><X>1456</X><Y>3288</Y><Width>104</Width><SpacingWidth>0</SpacingWidth><DescendantWidth>0</DescendantWidth><Height>72</Height></GUILayoutItem><GUILayoutItem><Name>Sequence_112</Name><X>1448</X><Y>3408</Y><Width>120</Width><SpacingWidth>120</SpacingWidth><DescendantWidth>0</DescendantWidth><Height>96</Height></GUILayoutItem><GUILayoutItem><Name>Assembly_Exception_PLCCOM_NOK_4</Name><X>1456</X><Y>3424</Y><Width>104</Width><SpacingWidth>0</SpacingWidth><DescendantWidth>0</DescendantWidth><Height>72</Height></GUILayoutItem><GUILayoutItem><Name>Sequence_70</Name><X>1016</X><Y>1640</Y><Width>120</Width><SpacingWidth>1848</SpacingWidth><DescendantWidth>1848</DescendantWidth><Height>96</Height></GUILayoutItem><GUILayoutItem><Name>Assignment_0</Name><X>1024</X><Y>1656</Y><Width>104</Width><SpacingWidth>0</SpacingWidth><DescendantWidth>0</DescendantWidth><Height>72</Height></GUILayoutItem><GUILayoutItem><Name>Sequence_72</Name><X>1880</X><Y>1912</Y><Width>120</Width><SpacingWidth>120</SpacingWidth><DescendantWidth>120</DescendantWidth><Height>96</Height></GUILayoutItem><GUILayoutItem><Name>Catch_GetCustomFieldsForMaterialFail</Name><X>1888</X><Y>1928</Y><Width>104</Width><SpacingWidth>0</SpacingWidth><DescendantWidth>0</DescendantWidth><Height>72</Height></GUILayoutItem><GUILayoutItem><Name>Sequence_66</Name><X>1880</X><Y>2048</Y><Width>120</Width><SpacingWidth>120</SpacingWidth><DescendantWidth>120</DescendantWidth><Height>96</Height></GUILayoutItem><GUILayoutItem><Name>Assignment_PLC_WB_12</Name><X>1888</X><Y>2064</Y><Width>104</Width><SpacingWidth>0</SpacingWidth><DescendantWidth>0</DescendantWidth><Height>72</Height></GUILayoutItem><GUILayoutItem><Name>Sequence_85</Name><X>2312</X><Y>1232</Y><Width>120</Width><SpacingWidth>120</SpacingWidth><DescendantWidth>120</DescendantWidth><Height>96</Height></GUILayoutItem><GUILayoutItem><Name>Catch_findAllBOMComponentsByOperationFail</Name><X>2320</X><Y>1248</Y><Width>104</Width><SpacingWidth>0</SpacingWidth><DescendantWidth>0</DescendantWidth><Height>72</Height></GUILayoutItem><GUILayoutItem><Name>Sequence_53</Name><X>2312</X><Y>1368</Y><Width>120</Width><SpacingWidth>120</SpacingWidth><DescendantWidth>120</DescendantWidth><Height>96</Height></GUILayoutItem><GUILayoutItem><Name>Assignment_PLC_WB_6</Name><X>2320</X><Y>1384</Y><Width>104</Width><SpacingWidth>0</SpacingWidth><DescendantWidth>0</DescendantWidth><Height>72</Height></GUILayoutItem><GUILayoutItem><Name>Sequence_99</Name><X>2600</X><Y>960</Y><Width>120</Width><SpacingWidth>120</SpacingWidth><DescendantWidth>120</DescendantWidth><Height>96</Height></GUILayoutItem><GUILayoutItem><Name>Catch_FindBOMException</Name><X>2608</X><Y>976</Y><Width>104</Width><SpacingWidth>0</SpacingWidth><DescendantWidth>0</DescendantWidth><Height>72</Height></GUILayoutItem><GUILayoutItem><Name>Sequence_51</Name><X>2600</X><Y>1096</Y><Width>120</Width><SpacingWidth>120</SpacingWidth><DescendantWidth>120</DescendantWidth><Height>96</Height></GUILayoutItem><GUILayoutItem><Name>Assignment_PLC_WB_4</Name><X>2608</X><Y>1112</Y><Width>104</Width><SpacingWidth>0</SpacingWidth><DescendantWidth>0</DescendantWidth><Height>72</Height></GUILayoutItem><GUILayoutItem><Name>Sequence_56</Name><X>2888</X><Y>552</Y><Width>120</Width><SpacingWidth>120</SpacingWidth><DescendantWidth>120</DescendantWidth><Height>96</Height></GUILayoutItem><GUILayoutItem><Name>Catch_GetResourceOperationUsingTransactionCallFail</Name><X>2896</X><Y>568</Y><Width>104</Width><SpacingWidth>0</SpacingWidth><DescendantWidth>0</DescendantWidth><Height>72</Height></GUILayoutItem><GUILayoutItem><Name>Sequence_49</Name><X>2888</X><Y>688</Y><Width>120</Width><SpacingWidth>120</SpacingWidth><DescendantWidth>120</DescendantWidth><Height>96</Height></GUILayoutItem><GUILayoutItem><Name>Assignment_PLC_WB_2</Name><X>2896</X><Y>704</Y><Width>104</Width><SpacingWidth>0</SpacingWidth><DescendantWidth>0</DescendantWidth><Height>72</Height></GUILayoutItem><GUILayoutItem><Name>Sequence_68</Name><X>1016</X><Y>2592</Y><Width>120</Width><SpacingWidth>120</SpacingWidth><DescendantWidth>120</DescendantWidth><Height>96</Height></GUILayoutItem><GUILayoutItem><Name>Catch_assemblyFail</Name><X>1024</X><Y>2608</Y><Width>104</Width><SpacingWidth>0</SpacingWidth><DescendantWidth>0</DescendantWidth><Height>72</Height></GUILayoutItem><GUILayoutItem><Name>Sequence_58</Name><X>1016</X><Y>2728</Y><Width>120</Width><SpacingWidth>120</SpacingWidth><DescendantWidth>120</DescendantWidth><Height>96</Height></GUILayoutItem><GUILayoutItem><Name>Assignment_PLC_WB_9</Name><X>1024</X><Y>2744</Y><Width>104</Width><SpacingWidth>0</SpacingWidth><DescendantWidth>0</DescendantWidth><Height>72</Height></GUILayoutItem><GUILayoutItem><Name>CopyOfWB PLCCOM</Name><X>3176</X><Y>144</Y><Width>120</Width><SpacingWidth>120</SpacingWidth><DescendantWidth>120</DescendantWidth><Height>96</Height></GUILayoutItem><GUILayoutItem><Name>Sequence_80</Name><X>3176</X><Y>280</Y><Width>120</Width><SpacingWidth>120</SpacingWidth><DescendantWidth>120</DescendantWidth><Height>96</Height></GUILayoutItem><GUILayoutItem><Name>TraceabilityWBDataTrx_0</Name><X>3184</X><Y>296</Y><Width>104</Width><SpacingWidth>0</SpacingWidth><DescendantWidth>0</DescendantWidth><Height>72</Height></GUILayoutItem><GUILayoutItem><Name>Sequence_81</Name><X>3176</X><Y>416</Y><Width>120</Width><SpacingWidth>120</SpacingWidth><DescendantWidth>120</DescendantWidth><Height>96</Height></GUILayoutItem><GUILayoutItem><Name>Catch_7</Name><X>3184</X><Y>432</Y><Width>104</Width><SpacingWidth>0</SpacingWidth><DescendantWidth>0</DescendantWidth><Height>72</Height></GUILayoutItem><GUILayoutItem><Name>Sequence_82</Name><X>3176</X><Y>552</Y><Width>120</Width><SpacingWidth>120</SpacingWidth><DescendantWidth>120</DescendantWidth><Height>96</Height></GUILayoutItem><GUILayoutItem><Name>Event_Logger_Transaction_Call_TraceabilityWBDataTrx_Fail_2</Name><X>3184</X><Y>568</Y><Width>104</Width><SpacingWidth>0</SpacingWidth><DescendantWidth>0</DescendantWidth><Height>72</Height></GUILayoutItem><GUILayoutItem><Name>Sequence_87</Name><X>3032</X><Y>552</Y><Width>120</Width><SpacingWidth>120</SpacingWidth><DescendantWidth>0</DescendantWidth><Height>96</Height></GUILayoutItem><GUILayoutItem><Name>Event_Logger_0</Name><X>3040</X><Y>568</Y><Width>104</Width><SpacingWidth>0</SpacingWidth><DescendantWidth>0</DescendantWidth><Height>72</Height></GUILayoutItem><GUILayoutItem><Name>Sequence_89</Name><X>2888</X><Y>824</Y><Width>120</Width><SpacingWidth>120</SpacingWidth><DescendantWidth>0</DescendantWidth><Height>96</Height></GUILayoutItem><GUILayoutItem><Name>Event_Logger_1</Name><X>2896</X><Y>840</Y><Width>104</Width><SpacingWidth>0</SpacingWidth><DescendantWidth>0</DescendantWidth><Height>72</Height></GUILayoutItem><GUILayoutItem><Name>Sequence_90</Name><X>2744</X><Y>960</Y><Width>120</Width><SpacingWidth>120</SpacingWidth><DescendantWidth>0</DescendantWidth><Height>96</Height></GUILayoutItem><GUILayoutItem><Name>Event_Logger_2</Name><X>2752</X><Y>976</Y><Width>104</Width><SpacingWidth>0</SpacingWidth><DescendantWidth>0</DescendantWidth><Height>72</Height></GUILayoutItem><GUILayoutItem><Name>Sequence_91</Name><X>2600</X><Y>1232</Y><Width>120</Width><SpacingWidth>120</SpacingWidth><DescendantWidth>0</DescendantWidth><Height>96</Height></GUILayoutItem><GUILayoutItem><Name>Event_Logger_3</Name><X>2608</X><Y>1248</Y><Width>104</Width><SpacingWidth>0</SpacingWidth><DescendantWidth>0</DescendantWidth><Height>72</Height></GUILayoutItem><GUILayoutItem><Name>Sequence_93</Name><X>2456</X><Y>1232</Y><Width>120</Width><SpacingWidth>120</SpacingWidth><DescendantWidth>0</DescendantWidth><Height>96</Height></GUILayoutItem><GUILayoutItem><Name>Event_Logger_4</Name><X>2464</X><Y>1248</Y><Width>104</Width><SpacingWidth>0</SpacingWidth><DescendantWidth>0</DescendantWidth><Height>72</Height></GUILayoutItem><GUILayoutItem><Name>Sequence_94</Name><X>2312</X><Y>1504</Y><Width>120</Width><SpacingWidth>120</SpacingWidth><DescendantWidth>0</DescendantWidth><Height>96</Height></GUILayoutItem><GUILayoutItem><Name>Event_Logger_5</Name><X>2320</X><Y>1520</Y><Width>104</Width><SpacingWidth>0</SpacingWidth><DescendantWidth>0</DescendantWidth><Height>72</Height></GUILayoutItem><GUILayoutItem><Name>Sequence_95</Name><X>2168</X><Y>1504</Y><Width>120</Width><SpacingWidth>120</SpacingWidth><DescendantWidth>0</DescendantWidth><Height>96</Height></GUILayoutItem><GUILayoutItem><Name>Event_Logger_6</Name><X>2176</X><Y>1520</Y><Width>104</Width><SpacingWidth>0</SpacingWidth><DescendantWidth>0</DescendantWidth><Height>72</Height></GUILayoutItem><GUILayoutItem><Name>Sequence_96</Name><X>2024</X><Y>1640</Y><Width>120</Width><SpacingWidth>120</SpacingWidth><DescendantWidth>0</DescendantWidth><Height>96</Height></GUILayoutItem><GUILayoutItem><Name>Event_Logger_7</Name><X>2032</X><Y>1656</Y><Width>104</Width><SpacingWidth>0</SpacingWidth><DescendantWidth>0</DescendantWidth><Height>72</Height></GUILayoutItem><GUILayoutItem><Name>Sequence_97</Name><X>1880</X><Y>2184</Y><Width>120</Width><SpacingWidth>120</SpacingWidth><DescendantWidth>0</DescendantWidth><Height>96</Height></GUILayoutItem><GUILayoutItem><Name>Event_Logger_8</Name><X>1888</X><Y>2200</Y><Width>104</Width><SpacingWidth>0</SpacingWidth><DescendantWidth>0</DescendantWidth><Height>72</Height></GUILayoutItem><GUILayoutItem><Name>Sequence_98</Name><X>872</X><Y>2864</Y><Width>120</Width><SpacingWidth>120</SpacingWidth><DescendantWidth>0</DescendantWidth><Height>96</Height></GUILayoutItem><GUILayoutItem><Name>Event_Logger_9</Name><X>880</X><Y>2880</Y><Width>104</Width><SpacingWidth>0</SpacingWidth><DescendantWidth>0</DescendantWidth><Height>72</Height></GUILayoutItem><GUILayoutItem><Name>Sequence_102</Name><X>1016</X><Y>2864</Y><Width>120</Width><SpacingWidth>120</SpacingWidth><DescendantWidth>0</DescendantWidth><Height>96</Height></GUILayoutItem><GUILayoutItem><Name>Event_Logger_10</Name><X>1024</X><Y>2880</Y><Width>104</Width><SpacingWidth>0</SpacingWidth><DescendantWidth>0</DescendantWidth><Height>72</Height></GUILayoutItem><GUILayoutItem><Name>Sequence_5</Name><X>1592</X><Y>144</Y><Width>120</Width><SpacingWidth>3000</SpacingWidth><DescendantWidth>3000</DescendantWidth><Height>96</Height></GUILayoutItem><GUILayoutItem><Name>ParsingVariables</Name><X>1600</X><Y>160</Y><Width>104</Width><SpacingWidth>0</SpacingWidth><DescendantWidth>0</DescendantWidth><Height>72</Height></GUILayoutItem><GUILayoutItem><Name>Sequence_1</Name><X>1304</X><Y>2864</Y><Width>120</Width><SpacingWidth>408</SpacingWidth><DescendantWidth>408</DescendantWidth><Height>96</Height></GUILayoutItem><GUILayoutItem><Name>qryFetchItemHandle_0</Name><X>1312</X><Y>2880</Y><Width>104</Width><SpacingWidth>0</SpacingWidth><DescendantWidth>0</DescendantWidth><Height>72</Height></GUILayoutItem><GUILayoutItem><Name>Sequence_6</Name><X>8</X><Y>824</Y><Width>120</Width><SpacingWidth>120</SpacingWidth><DescendantWidth>0</DescendantWidth><Height>96</Height></GUILayoutItem><GUILayoutItem><Name>Assign_failmessage</Name><X>16</X><Y>840</Y><Width>104</Width><SpacingWidth>0</SpacingWidth><DescendantWidth>0</DescendantWidth><Height>72</Height></GUILayoutItem><GUILayoutItem><Name>Sequence_13</Name><X>2744</X><Y>688</Y><Width>120</Width><SpacingWidth>120</SpacingWidth><DescendantWidth>120</DescendantWidth><Height>96</Height></GUILayoutItem><GUILayoutItem><Name>Sequence_16</Name><X>3176</X><Y>688</Y><Width>120</Width><SpacingWidth>120</SpacingWidth><DescendantWidth>0</DescendantWidth><Height>96</Height></GUILayoutItem><GUILayoutItem><Name>Assign_failmsg</Name><X>3184</X><Y>704</Y><Width>104</Width><SpacingWidth>0</SpacingWidth><DescendantWidth>0</DescendantWidth><Height>72</Height></GUILayoutItem></Layout><Actions><ContextItem><Name>Conditional_Event_Logger_Testing</Name><Description/><MinRange>0</MinRange><MaxRange>0</MaxRange><Value xsi:type="ConditionalAction"><Output>false</Output><InputCount>2</InputCount><LogicalAnd>false</LogicalAnd><Input1>false</Input1><Input2>false</Input2></Value><ReadOnly>false</ReadOnly><AlertXMLAssigned>false</AlertXMLAssigned></ContextItem><ContextItem><Name>TraceabilityInputDataTrx</Name><Description/><MinRange>0</MinRange><MaxRange>0</MaxRange><Value xsi:type="DynamicTransactionCall"><TransactionName>Troubleshooting/Traceability/TraceabilityInputDataTrx</TransactionName><Async>true</Async><Persist>Inherit</Persist><LogLevel>INHERIT</LogLevel><LogType>INHERIT</LogType><StoreTransactionOutput>true</StoreTransactionOutput><Expiration>-1</Expiration><Site/><InputXml><ReferenceDocumentSource/></InputXml><TroubleshootTraceabilityFlag>true</TroubleshootTraceabilityFlag><Inputs><ContextItem><Name>Site</Name><Description/><MinRange>0</MinRange><MaxRange>0</MaxRange><Value xsi:type="string"/><ReadOnly>false</ReadOnly><AlertXMLAssigned>false</AlertXMLAssigned></ContextItem><ContextItem><Name>InputXml</Name><Description/><MinRange>0</MinRange><MaxRange>0</MaxRange><Value xsi:type="xml"><ReferenceDocumentSource/></Value><SchemaURI/><SchemaElement/><ValidateXMLOnExecution>1</ValidateXMLOnExecution><ReadOnly>false</ReadOnly><AlertXMLAssigned>false</AlertXMLAssigned></ContextItem><ContextItem><Name>TroubleshootTraceabilityFlag</Name><Description/><MinRange>0</MinRange><MaxRange>0</MaxRange><Value xsi:type="boolean">1</Value><ReadOnly>false</ReadOnly><AlertXMLAssigned>false</AlertXMLAssigned></ContextItem></Inputs></Value><SchemaURI/><SchemaElement/><ValidateXMLOnExecution>1</ValidateXMLOnExecution><ReadOnly>false</ReadOnly><AlertXMLAssigned>false</AlertXMLAssigned></ContextItem><ContextItem><Name>Catch_Transaction_Call_TraceabilityInputData_Fail</Name><Description/><MinRange>0</MinRange><MaxRange>0</MaxRange><Value xsi:type="CatchAction"/><ReadOnly>false</ReadOnly><AlertXMLAssigned>false</AlertXMLAssigned></ContextItem><ContextItem><Name>Event_Logger_Transaction_Call_SaveTrblshtData_Fail</Name><Description/><MinRange>0</MinRange><MaxRange>0</MaxRange><Value xsi:type="EventLogger"><Message/><Source>UserEvent</Source><EventType>ERROR</EventType></Value><ReadOnly>false</ReadOnly><AlertXMLAssigned>false</AlertXMLAssigned></ContextItem><ContextItem><Name>Check_Input_Parameters</Name><Description/><MinRange>0</MinRange><MaxRange>0</MaxRange><Value xsi:type="ConditionalAction"><Output>false</Output><InputCount>3</InputCount><LogicalAnd>true</LogicalAnd><Input1>false</Input1><Input2>false</Input2><Input3>false</Input3></Value><ReadOnly>false</ReadOnly><AlertXMLAssigned>false</AlertXMLAssigned></ContextItem><ContextItem><Name>Transaction_Call_GetResourceOperation</Name><Description/><MinRange>0</MinRange><MaxRange>0</MaxRange><Value xsi:type="TransactionCall"><ResetState>false</ResetState><TransactionName>NC11/COMMON/TRANSACTIONS/GetResourceOrToolNumberDetailsFromFacilityIDTrx</TransactionName><Async>false</Async><Persist>INHERIT</Persist><LogLevel>INHERIT</LogLevel><LogType>INHERIT</LogType><StoreTransactionOutput>false</StoreTransactionOutput><Expiration>-1</Expiration><FacilityId/></Value><ReadOnly>false</ReadOnly><AlertXMLAssigned>false</AlertXMLAssigned></ContextItem><ContextItem><Name>GetResourceOperationTransactionCallFail</Name><Description/><MinRange>0</MinRange><MaxRange>0</MaxRange><Value xsi:type="ConditionalAction"><Output>false</Output><InputCount>2</InputCount><LogicalAnd>true</LogicalAnd><Input1>false</Input1><Input2>false</Input2></Value><ReadOnly>false</ReadOnly><AlertXMLAssigned>false</AlertXMLAssigned></ContextItem><ContextItem><Name>Assignment_ResourceOperation</Name><Description/><MinRange>0</MinRange><MaxRange>0</MaxRange><Value xsi:type="Assignment"/><ReadOnly>false</ReadOnly><AlertXMLAssigned>false</AlertXMLAssigned></ContextItem><ContextItem><Name>FindBOMBySFC</Name><Description/><MinRange>0</MinRange><MaxRange>0</MaxRange><Value xsi:type="SAPMEPAPIInterface"><Request><ReferenceDocumentSource/>&lt;?xml version="1.0" encoding="UTF-8"?&gt;&lt;common:serviceInvocationRequests xmlns:common="http://www.sap.com/me/common" xmlns:production="http://www.sap.com/me/production"&gt;&#13;
  &lt;common:serviceInvocationRequest&gt;&#13;
    &lt;moduleId&gt;com.sap.me.production&lt;/moduleId&gt;&#13;
    &lt;serviceName&gt;SfcStateService&lt;/serviceName&gt;&#13;
    &lt;methodName&gt;findBomBySfcRef&lt;/methodName&gt;&#13;
    &lt;requests xmlns:xsi="http://www.w3.org/2001/XMLSchema-instance" xsi:type="common:ObjectReference"&gt;&#13;
      &lt;ref&gt;&#13;
        &lt;reference type="SFC"&gt;&#13;
          &lt;sfc/&gt;&#13;
        &lt;/reference&gt;&#13;
      &lt;/ref&gt;&#13;
    &lt;/requests&gt;&#13;
  &lt;/common:serviceInvocationRequest&gt;&#13;
&lt;/common:serviceInvocationRequests&gt;</Request><Response><ReferenceDocumentSource/>&lt;?xml version="1.0" encoding="UTF-8"?&gt;&lt;common:serviceInvocationResponses xmlns:common="http://www.sap.com/me/common" xmlns:production="http://www.sap.com/me/production"&gt;&#13;
  &lt;serviceInvocationResponse&gt;&#13;
    &lt;common:serviceMethodId&gt;com.sap.me.production$SfcStateService#findBomBySfcRef&lt;/common:serviceMethodId&gt;&#13;
    &lt;responses xmlns:xsi="http://www.w3.org/2001/XMLSchema-instance" xsi:type="common:ObjectReference"&gt;&#13;
      &lt;ref&gt;string value&lt;/ref&gt;&#13;
    &lt;/responses&gt;&#13;
  &lt;/serviceInvocationResponse&gt;&#13;
&lt;/common:serviceInvocationResponses&gt;</Response><CredentialAlias/><SelectedModule>com.sap.me.production</SelectedModule><SelectedService>SfcStateService</SelectedService><SelectedMethod>findBomBySfcRef</SelectedMethod><Site/><MEUser/></Value><SchemaURI/><SchemaElement/><ValidateXMLOnExecution>1</ValidateXMLOnExecution><SchemaURI/><SchemaElement/><ValidateXMLOnExecution>1</ValidateXMLOnExecution><ReadOnly>false</ReadOnly><AlertXMLAssigned>false</AlertXMLAssigned></ContextItem><ContextItem><Name>Condition_FindBOM</Name><Description/><MinRange>0</MinRange><MaxRange>0</MaxRange><Value xsi:type="ConditionalAction"><Output>false</Output><InputCount>2</InputCount><LogicalAnd>true</LogicalAnd><Input1>false</Input1><Input2>false</Input2></Value><ReadOnly>false</ReadOnly><AlertXMLAssigned>false</AlertXMLAssigned></ContextItem><ContextItem><Name>findAllBOMComponentsByOperation</Name><Description/><MinRange>0</MinRange><MaxRange>0</MaxRange><Value xsi:type="SAPMEPAPIInterface"><Request><ReferenceDocumentSource/>&lt;?xml version="1.0" encoding="UTF-8"?&gt;&lt;common:serviceInvocationRequests xmlns:common="http://www.sap.com/me/common" xmlns:ns4="http://www.sap.com/me/document" xmlns:productdefinition="http://www.sap.com/me/productdefinition"&gt;&#13;
  &lt;common:serviceInvocationRequest&gt;&#13;
    &lt;moduleId&gt;com.sap.me.productdefinition&lt;/moduleId&gt;&#13;
    &lt;serviceName&gt;BOMConfigurationService&lt;/serviceName&gt;&#13;
    &lt;methodName&gt;findAllBOMComponentsByOperation&lt;/methodName&gt;&#13;
    &lt;requests xmlns:xsi="http://www.w3.org/2001/XMLSchema-instance" xsi:type="productdefinition:BOMComponentByOperationRequest"&gt;&#13;
      &lt;productdefinition:bomRef&gt;&#13;
        &lt;reference type="BOM"&gt;&#13;
          &lt;bom/&gt;&#13;
          &lt;revision/&gt;&#13;
          &lt;bomType/&gt;&#13;
        &lt;/reference&gt;&#13;
      &lt;/productdefinition:bomRef&gt;&#13;
      &lt;productdefinition:sfcQty&gt;&#13;
        &lt;!--10--&gt;&#13;
      &lt;/productdefinition:sfcQty&gt;&#13;
      &lt;productdefinition:excludeList&gt;&#13;
        &lt;productdefinition:bomComponentRef&gt;&#13;
          &lt;reference type="BOM_COMPONENT"&gt;&#13;
            &lt;sequence/&gt;&#13;
            &lt;componentGbo/&gt;&#13;
            &lt;bomRef&gt;&#13;
              &lt;reference type="BOM"&gt;&#13;
                &lt;bom/&gt;&#13;
                &lt;revision/&gt;&#13;
                &lt;bomType/&gt;&#13;
              &lt;/reference&gt;&#13;
            &lt;/bomRef&gt;&#13;
          &lt;/reference&gt;&#13;
        &lt;/productdefinition:bomComponentRef&gt;&#13;
        &lt;productdefinition:refDes&gt;&#13;
          &lt;!--string value--&gt;&#13;
        &lt;/productdefinition:refDes&gt;&#13;
        &lt;productdefinition:operationRef&gt;&#13;
          &lt;reference type="OPERATION"&gt;&#13;
            &lt;revision/&gt;&#13;
            &lt;operation/&gt;&#13;
          &lt;/reference&gt;&#13;
        &lt;/productdefinition:operationRef&gt;&#13;
        &lt;productdefinition:itemRef&gt;&#13;
          &lt;reference type="ITEM"&gt;&#13;
            &lt;item/&gt;&#13;
            &lt;revision/&gt;&#13;
          &lt;/reference&gt;&#13;
        &lt;/productdefinition:itemRef&gt;&#13;
        &lt;productdefinition:quantity&gt;&#13;
          &lt;!--10--&gt;&#13;
        &lt;/productdefinition:quantity&gt;&#13;
      &lt;/productdefinition:excludeList&gt;&#13;
      &lt;productdefinition:excludeCoProduct&gt;&#13;
        &lt;!--true--&gt;&#13;
      &lt;/productdefinition:excludeCoProduct&gt;&#13;
      &lt;productdefinition:excludeByProduct&gt;&#13;
        &lt;!--true--&gt;&#13;
      &lt;/productdefinition:excludeByProduct&gt;&#13;
      &lt;productdefinition:operationRef&gt;&#13;
        &lt;reference type="OPERATION"&gt;&#13;
          &lt;revision/&gt;&#13;
          &lt;operation/&gt;&#13;
        &lt;/reference&gt;&#13;
      &lt;/productdefinition:operationRef&gt;&#13;
    &lt;/requests&gt;&#13;
  &lt;/common:serviceInvocationRequest&gt;&#13;
&lt;/common:serviceInvocationRequests&gt;</Request><Response><ReferenceDocumentSource/>&lt;?xml version="1.0" encoding="UTF-8"?&gt;&lt;common:serviceInvocationResponses xmlns:common="http://www.sap.com/me/common" xmlns:ns4="http://www.sap.com/me/document" xmlns:productdefinition="http://www.sap.com/me/productdefinition"&gt;&#13;
  &lt;serviceInvocationResponse&gt;&#13;
    &lt;common:serviceMethodId&gt;com.sap.me.productdefinition$BOMConfigurationService#findAllBOMComponentsByOperation&lt;/common:serviceMethodId&gt;&#13;
    &lt;responses xmlns:xsi="http://www.w3.org/2001/XMLSchema-instance" xsi:type="productdefinition:BomComponentProductionConfiguration"&gt;&#13;
      &lt;productdefinition:bomComponentRef&gt;string value&lt;/productdefinition:bomComponentRef&gt;&#13;
      &lt;productdefinition:bomRef&gt;string value&lt;/productdefinition:bomRef&gt;&#13;
      &lt;productdefinition:componentRef&gt;@ReferenceType(ITEM)&lt;/productdefinition:componentRef&gt;&#13;
      &lt;productdefinition:bomComponentTemplateRef&gt;string value&lt;/productdefinition:bomComponentTemplateRef&gt;&#13;
      &lt;productdefinition:quantity&gt;10&lt;/productdefinition:quantity&gt;&#13;
      &lt;productdefinition:maximumUsage&gt;10&lt;/productdefinition:maximumUsage&gt;&#13;
      &lt;productdefinition:operationRef&gt;string value&lt;/productdefinition:operationRef&gt;&#13;
      &lt;productdefinition:refDes&gt;string value&lt;/productdefinition:refDes&gt;&#13;
      &lt;productdefinition:useItemDefaults&gt;false&lt;/productdefinition:useItemDefaults&gt;&#13;
      &lt;productdefinition:panel&gt;false&lt;/productdefinition:panel&gt;&#13;
      &lt;productdefinition:lotSize&gt;10&lt;/productdefinition:lotSize&gt;&#13;
      &lt;productdefinition:collector&gt;false&lt;/productdefinition:collector&gt;&#13;
      &lt;productdefinition:assemblyDataTypeRef&gt;string value&lt;/productdefinition:assemblyDataTypeRef&gt;&#13;
      &lt;productdefinition:createTrackableSfc&gt;false&lt;/productdefinition:createTrackableSfc&gt;&#13;
      &lt;productdefinition:testPart&gt;false&lt;/productdefinition:testPart&gt;&#13;
      &lt;common:description&gt;string value&lt;/common:description&gt;&#13;
      &lt;productdefinition:assembleAsReq&gt;false&lt;/productdefinition:assembleAsReq&gt;&#13;
      &lt;productdefinition:preAssembled&gt;false&lt;/productdefinition:preAssembled&gt;&#13;
      &lt;productdefinition:sequence&gt;10&lt;/productdefinition:sequence&gt;&#13;
      &lt;productdefinition:maximumNc&gt;10&lt;/productdefinition:maximumNc&gt;&#13;
      &lt;common:itemType&gt;MANUFACTURED&lt;/common:itemType&gt;&#13;
      &lt;productdefinition:parentComponentRef&gt;string value&lt;/productdefinition:parentComponentRef&gt;&#13;
      &lt;productdefinition:parentSequence&gt;10&lt;/productdefinition:parentSequence&gt;&#13;
      &lt;productdefinition:bomComponentType&gt;NORMAL&lt;/productdefinition:bomComponentType&gt;&#13;
      &lt;productdefinition:phantomMember&gt;false&lt;/productdefinition:phantomMember&gt;&#13;
      &lt;productdefinition:disassembleOperationRef&gt;string value&lt;/productdefinition:disassembleOperationRef&gt;&#13;
      &lt;productdefinition:customData&gt;&#13;
        &lt;name&gt;string value&lt;/name&gt;&#13;
        &lt;value xmlns:xs="http://www.w3.org/2001/XMLSchema" xsi:type="xs:string"&gt;string object value&lt;/value&gt;&#13;
      &lt;/productdefinition:customData&gt;&#13;
    &lt;/responses&gt;&#13;
  &lt;/serviceInvocationResponse&gt;&#13;
&lt;/common:serviceInvocationResponses&gt;</Response><CredentialAlias>SAPMEINT_ME_AUTH</CredentialAlias><SelectedModule>com.sap.me.productdefinition</SelectedModule><SelectedService>BOMConfigurationService</SelectedService><SelectedMethod>findAllBOMComponentsByOperation</SelectedMethod><Site>1020</Site><MEUser/></Value><SchemaURI/><SchemaElement/><ValidateXMLOnExecution>1</ValidateXMLOnExecution><SchemaURI/><SchemaElement/><ValidateXMLOnExecution>1</ValidateXMLOnExecution><ReadOnly>false</ReadOnly><AlertXMLAssigned>false</AlertXMLAssigned></ContextItem><ContextItem><Name>Condition_findAllBOMComponentsByOperationFail</Name><Description/><MinRange>0</MinRange><MaxRange>0</MaxRange><Value xsi:type="ConditionalAction"><Output>false</Output><InputCount>2</InputCount><LogicalAnd>true</LogicalAnd><Input1>false</Input1><Input2>false</Input2></Value><ReadOnly>false</ReadOnly><AlertXMLAssigned>false</AlertXMLAssigned></ContextItem><ContextItem><Name>Conditional_NoComponent</Name><Description/><MinRange>0</MinRange><MaxRange>0</MaxRange><Value xsi:type="ConditionalAction"><Output>false</Output><InputCount>1</InputCount><LogicalAnd>false</LogicalAnd><Input1>false</Input1></Value><ReadOnly>false</ReadOnly><AlertXMLAssigned>false</AlertXMLAssigned></ContextItem><ContextItem><Name>For_Next_Loop_0</Name><Description/><MinRange>0</MinRange><MaxRange>0</MaxRange><Value xsi:type="ForNextRepeaterAction"><From>0</From><To>0</To><Step>1</Step><Break>false</Break><CurrentItem>0</CurrentItem></Value><ReadOnly>false</ReadOnly><AlertXMLAssigned>false</AlertXMLAssigned></ContextItem><ContextItem><Name>GetCustomFieldsForMaterial</Name><Description/><MinRange>0</MinRange><MaxRange>0</MaxRange><Value xsi:type="IlluminatorSQLQueryObject"><Format>text/xml</Format><Timeout>60</Timeout><QueryTemplate>3CComponent/QueryTemplates/GetCustomFieldsForMaterialQry</QueryTemplate><QueryEndDate>2018-11-14T10:18:16</QueryEndDate><Results><ReferenceDocumentSource/>&lt;?xml version="1.0" encoding="UTF-8"?&gt;&lt;Rowsets CachedTime="" DateCreated="2023-11-16T11:21:11" EndDate="2023-11-16T11:21:11" StartDate="2023-11-16T10:21:11" Version="15.1 SP5 Patch 15 (03-May-2018)"&gt;&lt;Rowset&gt;&lt;Columns&gt;&lt;Column Description="ATTRIBUTE" MaxRange="1" MinRange="0" Name="ATTRIBUTE" SQLDataType="-9" SourceColumn="ATTRIBUTE"/&gt;&lt;Column Description="VALUE" MaxRange="1" MinRange="0" Name="VALUE" SQLDataType="-9" SourceColumn="VALUE"/&gt;&lt;/Columns&gt;&lt;/Rowset&gt;&lt;/Rowsets&gt;</Results><TagList/><QueryStartDate>2018-11-14T10:18:16</QueryStartDate><QueryParameters/><ResultsAsString/><SQLTransaction/></Value><SchemaURI/><SchemaElement/><ValidateXMLOnExecution>1</ValidateXMLOnExecution><ReadOnly>false</ReadOnly><AlertXMLAssigned>false</AlertXMLAssigned></ContextItem><ContextItem><Name>Check_If_ERP_and_MAT_Rules_Found</Name><Description/><MinRange>0</MinRange><MaxRange>0</MaxRange><Value xsi:type="ConditionalAction"><Output>false</Output><InputCount>2</InputCount><LogicalAnd>true</LogicalAnd><Input1>false</Input1><Input2>false</Input2></Value><ReadOnly>false</ReadOnly><AlertXMLAssigned>false</AlertXMLAssigned></ContextItem><ContextItem><Name>AssignRule</Name><Description/><MinRange>0</MinRange><MaxRange>0</MaxRange><Value xsi:type="Assignment"/><ReadOnly>false</ReadOnly><AlertXMLAssigned>false</AlertXMLAssigned></ContextItem><ContextItem><Name>String_List_To_XML_Parser_0</Name><Description/><MinRange>0</MinRange><MaxRange>0</MaxRange><Value xsi:type="StringListToXmlConverter"><Input/><TrimWhitespace>false</TrimWhitespace><Delimiter>,</Delimiter><StripQuotes>true</StripQuotes></Value><ReadOnly>false</ReadOnly><AlertXMLAssigned>false</AlertXMLAssigned></ContextItem><ContextItem><Name>Repeat_On_ERP_Serial_Number_Calculation_Rules</Name><Description/><MinRange>0</MinRange><MaxRange>0</MaxRange><Value xsi:type="RepeaterAction"><Output><ReferenceDocumentSource/></Output><Break>false</Break><ItemCount>0</ItemCount><CurrentItem>0</CurrentItem><Source>#String_List_To_XML_Parser_0.Output#{/Rowsets/Rowset/Row}</Source><Item><ReferenceDocumentSource/></Item></Value><SchemaURI/><SchemaElement/><ValidateXMLOnExecution>1</ValidateXMLOnExecution><SchemaURI/><SchemaElement/><ValidateXMLOnExecution>1</ValidateXMLOnExecution><ReadOnly>false</ReadOnly><AlertXMLAssigned>false</AlertXMLAssigned></ContextItem><ContextItem><Name>Assignment_ERP_Serial_Number</Name><Description/><MinRange>0</MinRange><MaxRange>0</MaxRange><Value xsi:type="Assignment"/><ReadOnly>false</ReadOnly><AlertXMLAssigned>false</AlertXMLAssigned></ContextItem><ContextItem><Name>String_List_To_XML_Parser_1</Name><Description/><MinRange>0</MinRange><MaxRange>0</MaxRange><Value xsi:type="StringListToXmlConverter"><Input/><TrimWhitespace>false</TrimWhitespace><Delimiter>,</Delimiter><StripQuotes>true</StripQuotes></Value><ReadOnly>false</ReadOnly><AlertXMLAssigned>false</AlertXMLAssigned></ContextItem><ContextItem><Name>Repeat_On_Material_Calculation_Rules</Name><Description/><MinRange>0</MinRange><MaxRange>0</MaxRange><Value xsi:type="RepeaterAction"><Output><ReferenceDocumentSource/>&lt;?xml version="1.0" encoding="UTF-8"?&gt;&lt;Row&gt;&#13;
            &lt;Item&gt;XXX&lt;/Item&gt;&#13;
        &lt;/Row&gt;</Output><Break>false</Break><ItemCount>0</ItemCount><CurrentItem>0</CurrentItem><Source>String_List_To_XML_Parser_1.Output{/Rowsets/Rowset/Row}</Source><Item><ReferenceDocumentSource/>&lt;?xml version="1.0" encoding="UTF-8"?&gt;&lt;Row&gt;&#13;
            &lt;Item&gt;XXX&lt;/Item&gt;&#13;
        &lt;/Row&gt;</Item></Value><SchemaURI/><SchemaElement/><ValidateXMLOnExecution>1</ValidateXMLOnExecution><SchemaURI/><SchemaElement/><ValidateXMLOnExecution>1</ValidateXMLOnExecution><ReadOnly>false</ReadOnly><AlertXMLAssigned>false</AlertXMLAssigned></ContextItem><ContextItem><Name>Assignment_Material_Serial_Number</Name><Description/><MinRange>0</MinRange><MaxRange>0</MaxRange><Value xsi:type="Assignment"/><ReadOnly>false</ReadOnly><AlertXMLAssigned>false</AlertXMLAssigned></ContextItem><ContextItem><Name>Assign_Material_ERPSrNo_Remove_Blanks</Name><Description/><MinRange>0</MinRange><MaxRange>0</MaxRange><Value xsi:type="Assignment"/><ReadOnly>false</ReadOnly><AlertXMLAssigned>false</AlertXMLAssigned></ContextItem><ContextItem><Name>CheckIf_MatFromSFC_eq_MatfromBOM_0</Name><Description/><MinRange>0</MinRange><MaxRange>0</MaxRange><Value xsi:type="ConditionalAction"><Output>false</Output><InputCount>1</InputCount><LogicalAnd>false</LogicalAnd><Input1>false</Input1></Value><ReadOnly>false</ReadOnly><AlertXMLAssigned>false</AlertXMLAssigned></ContextItem><ContextItem><Name>Assembly_SUPCOMPARTID_ReducedSUPCOMPARTID_0</Name><Description/><MinRange>0</MinRange><MaxRange>0</MaxRange><Value xsi:type="SAPMEPAPIInterface"><Request><ReferenceDocumentSource/>&lt;?xml version="1.0" encoding="UTF-8"?&gt;&lt;common:serviceInvocationRequests xmlns:common="http://www.sap.com/me/common" xmlns:production="http://www.sap.com/me/production"&gt;&#13;
  &lt;common:serviceInvocationRequest&gt;&#13;
    &lt;moduleId&gt;com.sap.me.production&lt;/moduleId&gt;&#13;
    &lt;serviceName&gt;GroupAssemblyService&lt;/serviceName&gt;&#13;
    &lt;methodName&gt;assembleIdentifiers&lt;/methodName&gt;&#13;
    &lt;requests xmlns:xsi="http://www.w3.org/2001/XMLSchema-instance" xsi:type="production:AssembleIdentifiersRequest"&gt;&#13;
      &lt;production:event&gt;&#13;
        &lt;!--string value--&gt;&#13;
      &lt;/production:event&gt;&#13;
      &lt;production:routerRef&gt;&#13;
        &lt;reference type="ROUTER"&gt;&#13;
          &lt;revision/&gt;&#13;
          &lt;router/&gt;&#13;
          &lt;routerType/&gt;&#13;
        &lt;/reference&gt;&#13;
      &lt;/production:routerRef&gt;&#13;
      &lt;common:stepId&gt;&#13;
        &lt;!--string value--&gt;&#13;
      &lt;/common:stepId&gt;&#13;
      &lt;production:operationRef&gt;&#13;
        &lt;reference type="OPERATION"&gt;&#13;
          &lt;revision/&gt;&#13;
          &lt;operation/&gt;&#13;
        &lt;/reference&gt;&#13;
      &lt;/production:operationRef&gt;&#13;
      &lt;production:resourceRef&gt;&#13;
        &lt;reference type="RESRCE"&gt;&#13;
          &lt;resource/&gt;&#13;
        &lt;/reference&gt;&#13;
      &lt;/production:resourceRef&gt;&#13;
      &lt;production:shopOrderRef&gt;&#13;
        &lt;reference type="SHOP_ORDER"&gt;&#13;
          &lt;shopOrder/&gt;&#13;
        &lt;/reference&gt;&#13;
      &lt;/production:shopOrderRef&gt;&#13;
      &lt;production:processLotRef&gt;&#13;
        &lt;reference type="PROCESS_LOT"&gt;&#13;
          &lt;processLot/&gt;&#13;
        &lt;/reference&gt;&#13;
      &lt;/production:processLotRef&gt;&#13;
      &lt;production:lccRef&gt;&#13;
        &lt;reference type="LABOR_CHARGE_CODE"&gt;&#13;
          &lt;laborChargeCode/&gt;&#13;
        &lt;/reference&gt;&#13;
      &lt;/production:lccRef&gt;&#13;
      &lt;production:workCenterRef&gt;&#13;
        &lt;reference type="WORK_CENTER"&gt;&#13;
          &lt;workCenter/&gt;&#13;
        &lt;/reference&gt;&#13;
      &lt;/production:workCenterRef&gt;&#13;
      &lt;production:workStationRef&gt;&#13;
        &lt;reference type="WORKSTATION"&gt;&#13;
          &lt;workstation/&gt;&#13;
          &lt;workstationType/&gt;&#13;
        &lt;/reference&gt;&#13;
      &lt;/production:workStationRef&gt;&#13;
      &lt;production:sfcRef&gt;&#13;
        &lt;reference type="SFC"&gt;&#13;
          &lt;sfc/&gt;&#13;
        &lt;/reference&gt;&#13;
      &lt;/production:sfcRef&gt;&#13;
      &lt;production:actionDetail&gt;&#13;
        &lt;!--string value--&gt;&#13;
      &lt;/production:actionDetail&gt;&#13;
      &lt;production:actionDetailRef&gt;&#13;
        &lt;reference type=""/&gt;&#13;
      &lt;/production:actionDetailRef&gt;&#13;
      &lt;production:forceActivityLog&gt;&#13;
        &lt;!--false--&gt;&#13;
      &lt;/production:forceActivityLog&gt;&#13;
      &lt;production:quantity&gt;&#13;
        &lt;!--10--&gt;&#13;
      &lt;/production:quantity&gt;&#13;
      &lt;production:componentList&gt;&#13;
        &lt;production:assemblyDataFields&gt;&#13;
          &lt;attribute&gt;&#13;
            &lt;!--string value--&gt;&#13;
          &lt;/attribute&gt;&#13;
          &lt;value&gt;&#13;
            &lt;!--string value--&gt;&#13;
          &lt;/value&gt;&#13;
          &lt;production:sequence&gt;&#13;
            &lt;!--10--&gt;&#13;
          &lt;/production:sequence&gt;&#13;
        &lt;/production:assemblyDataFields&gt;&#13;
        &lt;production:bomComponentRef&gt;&#13;
          &lt;reference type="BOM_COMPONENT"&gt;&#13;
            &lt;sequence/&gt;&#13;
            &lt;componentGbo/&gt;&#13;
            &lt;bomRef&gt;&#13;
              &lt;reference type="BOM"&gt;&#13;
                &lt;bom/&gt;&#13;
                &lt;revision/&gt;&#13;
                &lt;bomType/&gt;&#13;
              &lt;/reference&gt;&#13;
            &lt;/bomRef&gt;&#13;
          &lt;/reference&gt;&#13;
        &lt;/production:bomComponentRef&gt;&#13;
        &lt;production:customIdentifier&gt;&#13;
          &lt;!--string value--&gt;&#13;
        &lt;/production:customIdentifier&gt;&#13;
        &lt;production:identifier&gt;&#13;
          &lt;!--string value--&gt;&#13;
        &lt;/production:identifier&gt;&#13;
        &lt;production:customAttributes&gt;&#13;
          &lt;attribute&gt;&#13;
            &lt;!--string value--&gt;&#13;
          &lt;/attribute&gt;&#13;
          &lt;value&gt;&#13;
            &lt;!--string value--&gt;&#13;
          &lt;/value&gt;&#13;
        &lt;/production:customAttributes&gt;&#13;
        &lt;common:location&gt;&#13;
          &lt;!--string value--&gt;&#13;
        &lt;/common:location&gt;&#13;
        &lt;production:qty&gt;&#13;
          &lt;!--10--&gt;&#13;
        &lt;/production:qty&gt;&#13;
        &lt;common:refDes&gt;&#13;
          &lt;!--string value--&gt;&#13;
        &lt;/common:refDes&gt;&#13;
        &lt;production:revision&gt;&#13;
          &lt;!--string value--&gt;&#13;
        &lt;/production:revision&gt;&#13;
      &lt;/production:componentList&gt;&#13;
    &lt;/requests&gt;&#13;
  &lt;/common:serviceInvocationRequest&gt;&#13;
&lt;/common:serviceInvocationRequests&gt;</Request><Response><ReferenceDocumentSource/>&lt;?xml version="1.0" encoding="UTF-8"?&gt;&lt;common:serviceInvocationResponses xmlns:common="http://www.sap.com/me/common" xmlns:production="http://www.sap.com/me/production"&gt;&#13;
  &lt;serviceInvocationResponse&gt;&#13;
    &lt;common:serviceMethodId&gt;com.sap.me.production$GroupAssemblyService#assembleIdentifiers&lt;/common:serviceMethodId&gt;&#13;
    &lt;responses xmlns:xsi="http://www.w3.org/2001/XMLSchema-instance" xsi:type="production:InvalidAssemblyIdentifier"&gt;&#13;
      &lt;production:exceptionSpecification xmlns:xs="http://www.w3.org/2001/XMLSchema" xsi:type="xs:string"&gt;string object value&lt;/production:exceptionSpecification&gt;&#13;
      &lt;production:identifier&gt;string value&lt;/production:identifier&gt;&#13;
      &lt;production:refDes&gt;string value&lt;/production:refDes&gt;&#13;
    &lt;/responses&gt;&#13;
  &lt;/serviceInvocationResponse&gt;&#13;
&lt;/common:serviceInvocationResponses&gt;</Response><CredentialAlias/><SelectedModule>com.sap.me.production</SelectedModule><SelectedService>GroupAssemblyService</SelectedService><SelectedMethod>assembleIdentifiers</SelectedMethod><Site/><MEUser/></Value><SchemaURI/><SchemaElement/><ValidateXMLOnExecution>1</ValidateXMLOnExecution><SchemaURI/><SchemaElement/><ValidateXMLOnExecution>1</ValidateXMLOnExecution><ReadOnly>false</ReadOnly><AlertXMLAssigned>false</AlertXMLAssigned></ContextItem><ContextItem><Name>Condition_assemblyFail</Name><Description/><MinRange>0</MinRange><MaxRange>0</MaxRange><Value xsi:type="ConditionalAction"><Output>false</Output><InputCount>1</InputCount><LogicalAnd>false</LogicalAnd><Input1>false</Input1></Value><ReadOnly>false</ReadOnly><AlertXMLAssigned>false</AlertXMLAssigned></ContextItem><ContextItem><Name>Assignment_inputXML</Name><Description/><MinRange>0</MinRange><MaxRange>0</MaxRange><Value xsi:type="Assignment"/><ReadOnly>false</ReadOnly><AlertXMLAssigned>false</AlertXMLAssigned></ContextItem><ContextItem><Name>Assignment_PLC_WB_0</Name><Description/><MinRange>0</MinRange><MaxRange>0</MaxRange><Value xsi:type="Assignment"/><ReadOnly>false</ReadOnly><AlertXMLAssigned>false</AlertXMLAssigned></ContextItem><ContextItem><Name>Assignment_PLC_WB_1</Name><Description/><MinRange>0</MinRange><MaxRange>0</MaxRange><Value xsi:type="Assignment"/><ReadOnly>false</ReadOnly><AlertXMLAssigned>false</AlertXMLAssigned></ContextItem><ContextItem><Name>Assignment_PLC_WB_3</Name><Description/><MinRange>0</MinRange><MaxRange>0</MaxRange><Value xsi:type="Assignment"/><ReadOnly>false</ReadOnly><AlertXMLAssigned>false</AlertXMLAssigned></ContextItem><ContextItem><Name>Assignment_PLC_WB_5</Name><Description/><MinRange>0</MinRange><MaxRange>0</MaxRange><Value xsi:type="Assignment"/><ReadOnly>false</ReadOnly><AlertXMLAssigned>false</AlertXMLAssigned></ContextItem><ContextItem><Name>Assignment_PLC_WB_7</Name><Description/><MinRange>0</MinRange><MaxRange>0</MaxRange><Value xsi:type="Assignment"/><ReadOnly>false</ReadOnly><AlertXMLAssigned>false</AlertXMLAssigned></ContextItem><ContextItem><Name>Assignment_PLC_WB_8</Name><Description/><MinRange>0</MinRange><MaxRange>0</MaxRange><Value xsi:type="Assignment"/><ReadOnly>false</ReadOnly><AlertXMLAssigned>false</AlertXMLAssigned></ContextItem><ContextItem><Name>Assignment_PLC_WB_10</Name><Description/><MinRange>0</MinRange><MaxRange>0</MaxRange><Value xsi:type="Assignment"/><ReadOnly>false</ReadOnly><AlertXMLAssigned>false</AlertXMLAssigned></ContextItem><ContextItem><Name>Assignment_PLC_WB_11</Name><Description/><MinRange>0</MinRange><MaxRange>0</MaxRange><Value xsi:type="Assignment"/><ReadOnly>false</ReadOnly><AlertXMLAssigned>false</AlertXMLAssigned></ContextItem><ContextItem><Name>Assignment_Material_from_BOM</Name><Description/><MinRange>0</MinRange><MaxRange>0</MaxRange><Value xsi:type="Assignment"/><ReadOnly>false</ReadOnly><AlertXMLAssigned>false</AlertXMLAssigned></ContextItem><ContextItem><Name>Assignment_localXML</Name><Description/><MinRange>0</MinRange><MaxRange>0</MaxRange><Value xsi:type="Assignment"/><ReadOnly>false</ReadOnly><AlertXMLAssigned>false</AlertXMLAssigned></ContextItem><ContextItem><Name>Conditional_1</Name><Description/><MinRange>0</MinRange><MaxRange>0</MaxRange><Value xsi:type="ConditionalAction"><Output>false</Output><InputCount>1</InputCount><LogicalAnd>false</LogicalAnd><Input1>false</Input1></Value><ReadOnly>false</ReadOnly><AlertXMLAssigned>false</AlertXMLAssigned></ContextItem><ContextItem><Name>Check_Resolved_Identifier</Name><Description/><MinRange>0</MinRange><MaxRange>0</MaxRange><Value xsi:type="ConditionalAction"><Output>false</Output><InputCount>1</InputCount><LogicalAnd>false</LogicalAnd><Input1>false</Input1></Value><ReadOnly>false</ReadOnly><AlertXMLAssigned>false</AlertXMLAssigned></ContextItem><ContextItem><Name>Log_Resolve_Identifier_Error</Name><Description/><MinRange>0</MinRange><MaxRange>0</MaxRange><Value xsi:type="EventLogger"><Message/><Source>UserEvent</Source><EventType>ERROR</EventType></Value><ReadOnly>false</ReadOnly><AlertXMLAssigned>false</AlertXMLAssigned></ContextItem><ContextItem><Name>Resolve_Identifier_Failed_PLCCOM_NOK_5</Name><Description/><MinRange>0</MinRange><MaxRange>0</MaxRange><Value xsi:type="Assignment"/><ReadOnly>false</ReadOnly><AlertXMLAssigned>false</AlertXMLAssigned></ContextItem><ContextItem><Name>Catch_Resolve_Identifier_Exception</Name><Description/><MinRange>0</MinRange><MaxRange>0</MaxRange><Value xsi:type="CatchAction"/><ReadOnly>false</ReadOnly><AlertXMLAssigned>false</AlertXMLAssigned></ContextItem><ContextItem><Name>Log_Resolve_Identifier_Exception</Name><Description/><MinRange>0</MinRange><MaxRange>0</MaxRange><Value xsi:type="EventLogger"><Message/><Source>UserEvent</Source><EventType>ERROR</EventType></Value><ReadOnly>false</ReadOnly><AlertXMLAssigned>false</AlertXMLAssigned></ContextItem><ContextItem><Name>Resolve_Identifier_Exception_PLCCOM_NOK_5</Name><Description/><MinRange>0</MinRange><MaxRange>0</MaxRange><Value xsi:type="Assignment"/><ReadOnly>false</ReadOnly><AlertXMLAssigned>false</AlertXMLAssigned></ContextItem><ContextItem><Name>Resolve_Identifier</Name><Description/><MinRange>0</MinRange><MaxRange>0</MaxRange><Value xsi:type="SAPMEPAPIInterface"><Request><ReferenceDocumentSource/>&lt;?xml version="1.0" encoding="UTF-8"?&gt;&lt;common:serviceInvocationRequests xmlns:common="http://www.sap.com/me/common" xmlns:production="http://www.sap.com/me/production"&gt;&#13;
  &lt;common:serviceInvocationRequest&gt;&#13;
    &lt;moduleId&gt;com.sap.me.production&lt;/moduleId&gt;&#13;
    &lt;serviceName&gt;AssemblyService&lt;/serviceName&gt;&#13;
    &lt;methodName&gt;resolveIdentifierByOperation&lt;/methodName&gt;&#13;
    &lt;requests xmlns:xsi="http://www.w3.org/2001/XMLSchema-instance" xsi:type="production:AssembleIdentifierRequest"&gt;&#13;
      &lt;production:event&gt;&#13;
        &lt;!--string value--&gt;&#13;
      &lt;/production:event&gt;&#13;
      &lt;production:routerRef&gt;&#13;
        &lt;reference type="ROUTER"&gt;&#13;
          &lt;revision/&gt;&#13;
          &lt;routerType/&gt;&#13;
          &lt;router/&gt;&#13;
        &lt;/reference&gt;&#13;
      &lt;/production:routerRef&gt;&#13;
      &lt;common:stepId&gt;&#13;
        &lt;!--string value--&gt;&#13;
      &lt;/common:stepId&gt;&#13;
      &lt;common:substep&gt;&#13;
        &lt;!--string value--&gt;&#13;
      &lt;/common:substep&gt;&#13;
      &lt;common:substepId&gt;&#13;
        &lt;!--string value--&gt;&#13;
      &lt;/common:substepId&gt;&#13;
      &lt;production:operationRef&gt;&#13;
        &lt;reference type="OPERATION"&gt;&#13;
          &lt;revision/&gt;&#13;
          &lt;operation/&gt;&#13;
        &lt;/reference&gt;&#13;
      &lt;/production:operationRef&gt;&#13;
      &lt;production:resourceRef&gt;&#13;
        &lt;reference type="RESRCE"&gt;&#13;
          &lt;resource/&gt;&#13;
        &lt;/reference&gt;&#13;
      &lt;/production:resourceRef&gt;&#13;
      &lt;production:shopOrderRef&gt;&#13;
        &lt;reference type="SHOP_ORDER"&gt;&#13;
          &lt;shopOrder/&gt;&#13;
        &lt;/reference&gt;&#13;
      &lt;/production:shopOrderRef&gt;&#13;
      &lt;production:processLotRef&gt;&#13;
        &lt;reference type="PROCESS_LOT"&gt;&#13;
          &lt;carrierTypeRef&gt;&#13;
            &lt;reference type="CARRIER_TYPE"&gt;&#13;
              &lt;carrierType/&gt;&#13;
            &lt;/reference&gt;&#13;
          &lt;/carrierTypeRef&gt;&#13;
          &lt;processLot/&gt;&#13;
        &lt;/reference&gt;&#13;
      &lt;/production:processLotRef&gt;&#13;
      &lt;production:lccRef&gt;&#13;
        &lt;reference type="LABOR_CHARGE_CODE"&gt;&#13;
          &lt;laborChargeCode/&gt;&#13;
        &lt;/reference&gt;&#13;
      &lt;/production:lccRef&gt;&#13;
      &lt;production:workCenterRef&gt;&#13;
        &lt;reference type="WORK_CENTER"&gt;&#13;
          &lt;workCenter/&gt;&#13;
        &lt;/reference&gt;&#13;
      &lt;/production:workCenterRef&gt;&#13;
      &lt;production:workStationRef&gt;&#13;
        &lt;reference type="WORKSTATION"&gt;&#13;
          &lt;workstationType/&gt;&#13;
          &lt;workstation/&gt;&#13;
        &lt;/reference&gt;&#13;
      &lt;/production:workStationRef&gt;&#13;
      &lt;production:sfcRef&gt;&#13;
        &lt;reference type="SFC"&gt;&#13;
          &lt;sfc/&gt;&#13;
        &lt;/reference&gt;&#13;
      &lt;/production:sfcRef&gt;&#13;
      &lt;production:actionDetail&gt;&#13;
        &lt;!--string value--&gt;&#13;
      &lt;/production:actionDetail&gt;&#13;
      &lt;production:actionDetailRef&gt;&#13;
        &lt;reference type=""/&gt;&#13;
      &lt;/production:actionDetailRef&gt;&#13;
      &lt;production:forceActivityLog&gt;&#13;
        &lt;!--false--&gt;&#13;
      &lt;/production:forceActivityLog&gt;&#13;
      &lt;production:quantity&gt;&#13;
        &lt;!--10--&gt;&#13;
      &lt;/production:quantity&gt;&#13;
      &lt;production:assemblyIdentifier&gt;&#13;
        &lt;production:assemblyDataFields&gt;&#13;
          &lt;attribute&gt;&#13;
            &lt;!--string value--&gt;&#13;
          &lt;/attribute&gt;&#13;
          &lt;value&gt;&#13;
            &lt;!--string value--&gt;&#13;
          &lt;/value&gt;&#13;
          &lt;production:sequence&gt;&#13;
            &lt;!--10--&gt;&#13;
          &lt;/production:sequence&gt;&#13;
        &lt;/production:assemblyDataFields&gt;&#13;
        &lt;production:bomComponentRef&gt;&#13;
          &lt;reference type="BOM_COMPONENT"&gt;&#13;
            &lt;bomRef&gt;&#13;
              &lt;reference type="BOM"&gt;&#13;
                &lt;bom/&gt;&#13;
                &lt;revision/&gt;&#13;
                &lt;bomType/&gt;&#13;
              &lt;/reference&gt;&#13;
            &lt;/bomRef&gt;&#13;
            &lt;sequence/&gt;&#13;
            &lt;componentGbo/&gt;&#13;
          &lt;/reference&gt;&#13;
        &lt;/production:bomComponentRef&gt;&#13;
        &lt;production:customIdentifier&gt;&#13;
          &lt;!--string value--&gt;&#13;
        &lt;/production:customIdentifier&gt;&#13;
        &lt;production:identifier&gt;&#13;
          &lt;!--string value--&gt;&#13;
        &lt;/production:identifier&gt;&#13;
        &lt;production:customAttributes&gt;&#13;
          &lt;attribute&gt;&#13;
            &lt;!--string value--&gt;&#13;
          &lt;/attribute&gt;&#13;
          &lt;value&gt;&#13;
            &lt;!--string value--&gt;&#13;
          &lt;/value&gt;&#13;
        &lt;/production:customAttributes&gt;&#13;
        &lt;common:location&gt;&#13;
          &lt;!--string value--&gt;&#13;
        &lt;/common:location&gt;&#13;
        &lt;production:qty&gt;&#13;
          &lt;!--10--&gt;&#13;
        &lt;/production:qty&gt;&#13;
        &lt;common:refDes&gt;&#13;
          &lt;!--string value--&gt;&#13;
        &lt;/common:refDes&gt;&#13;
        &lt;production:revision&gt;&#13;
          &lt;!--string value--&gt;&#13;
        &lt;/production:revision&gt;&#13;
      &lt;/production:assemblyIdentifier&gt;&#13;
    &lt;/requests&gt;&#13;
  &lt;/common:serviceInvocationRequest&gt;&#13;
&lt;/common:serviceInvocationRequests&gt;</Request><Response><ReferenceDocumentSource/>&lt;?xml version="1.0" encoding="UTF-8"?&gt;&lt;common:serviceInvocationResponses xmlns:common="http://www.sap.com/me/common" xmlns:production="http://www.sap.com/me/production"&gt;&#13;
  &lt;serviceInvocationResponse&gt;&#13;
    &lt;common:serviceMethodId&gt;com.sap.me.production$AssemblyService#resolveIdentifierByOperation&lt;/common:serviceMethodId&gt;&#13;
    &lt;responses xmlns:xsi="http://www.w3.org/2001/XMLSchema-instance" xsi:type="production:ResolvedBOMComponentConfiguration"&gt;&#13;
      &lt;production:bomComponentRef&gt;string value&lt;/production:bomComponentRef&gt;&#13;
      &lt;production:bomComponentTemplateRef&gt;string value&lt;/production:bomComponentTemplateRef&gt;&#13;
      &lt;production:bomRef&gt;string value&lt;/production:bomRef&gt;&#13;
      &lt;production:componentRef&gt;@ReferenceType(ITEM)&lt;/production:componentRef&gt;&#13;
      &lt;production:quantity&gt;10&lt;/production:quantity&gt;&#13;
      &lt;production:maximumUsage&gt;10&lt;/production:maximumUsage&gt;&#13;
      &lt;production:operationRef&gt;string value&lt;/production:operationRef&gt;&#13;
      &lt;production:refDes&gt;string value&lt;/production:refDes&gt;&#13;
      &lt;production:useItemDefaults&gt;false&lt;/production:useItemDefaults&gt;&#13;
      &lt;production:panel&gt;false&lt;/production:panel&gt;&#13;
      &lt;production:lotSize&gt;10&lt;/production:lotSize&gt;&#13;
      &lt;production:collector&gt;false&lt;/production:collector&gt;&#13;
      &lt;production:assemblyDataTypeRef&gt;string value&lt;/production:assemblyDataTypeRef&gt;&#13;
      &lt;production:createTrackableSfc&gt;false&lt;/production:createTrackableSfc&gt;&#13;
      &lt;production:testPart&gt;false&lt;/production:testPart&gt;&#13;
      &lt;common:location&gt;string value&lt;/common:location&gt;&#13;
      &lt;common:description&gt;string value&lt;/common:description&gt;&#13;
      &lt;production:assembleAsReq&gt;false&lt;/production:assembleAsReq&gt;&#13;
      &lt;production:preAssembled&gt;false&lt;/production:preAssembled&gt;&#13;
      &lt;production:sequence&gt;10&lt;/production:sequence&gt;&#13;
      &lt;production:resolvedFromInventory&gt;false&lt;/production:resolvedFromInventory&gt;&#13;
      &lt;production:resolvedFromIdentifier&gt;string value&lt;/production:resolvedFromIdentifier&gt;&#13;
      &lt;production:alternate&gt;false&lt;/production:alternate&gt;&#13;
      &lt;production:assemblyDataFields&gt;&#13;
        &lt;attribute&gt;string value&lt;/attribute&gt;&#13;
        &lt;value&gt;string value&lt;/value&gt;&#13;
        &lt;production:sequence&gt;10&lt;/production:sequence&gt;&#13;
      &lt;/production:assemblyDataFields&gt;&#13;
    &lt;/responses&gt;&#13;
  &lt;/serviceInvocationResponse&gt;&#13;
&lt;/common:serviceInvocationResponses&gt;</Response><CredentialAlias>SAPMEINT_ME_AUTH</CredentialAlias><SelectedModule>com.sap.me.production</SelectedModule><SelectedService>AssemblyService</SelectedService><SelectedMethod>resolveIdentifierByOperation</SelectedMethod><Site>1020</Site><MEUser/></Value><SchemaURI/><SchemaElement/><ValidateXMLOnExecution>1</ValidateXMLOnExecution><SchemaURI/><SchemaElement/><ValidateXMLOnExecution>1</ValidateXMLOnExecution><ReadOnly>false</ReadOnly><AlertXMLAssigned>false</AlertXMLAssigned></ContextItem><ContextItem><Name>Assignment_AddedXML</Name><Description/><MinRange>0</MinRange><MaxRange>0</MaxRange><Value xsi:type="Assignment"/><ReadOnly>false</ReadOnly><AlertXMLAssigned>false</AlertXMLAssigned></ContextItem><ContextItem><Name>Assemble_Non_BOM_Components</Name><Description/><MinRange>0</MinRange><MaxRange>0</MaxRange><Value xsi:type="SAPMEPAPIInterface"><Request><ReferenceDocumentSource/>&lt;?xml version="1.0" encoding="UTF-8"?&gt;&lt;common:serviceInvocationRequests xmlns:common="http://www.sap.com/me/common" xmlns:production="http://www.sap.com/me/production"&gt;&#13;
  &lt;common:serviceInvocationRequest&gt;&#13;
    &lt;moduleId&gt;com.sap.me.production&lt;/moduleId&gt;&#13;
    &lt;serviceName&gt;AssemblyService&lt;/serviceName&gt;&#13;
    &lt;methodName&gt;assembleNonBomComponents&lt;/methodName&gt;&#13;
    &lt;requests xmlns:xsi="http://www.w3.org/2001/XMLSchema-instance" xsi:type="production:AssembleNonBomComponentsRequest"&gt;&#13;
      &lt;production:event&gt;&#13;
        &lt;!--string value--&gt;&#13;
      &lt;/production:event&gt;&#13;
      &lt;production:routerRef&gt;&#13;
        &lt;reference type="ROUTER"&gt;&#13;
          &lt;revision/&gt;&#13;
          &lt;routerType/&gt;&#13;
          &lt;router/&gt;&#13;
        &lt;/reference&gt;&#13;
      &lt;/production:routerRef&gt;&#13;
      &lt;common:stepId&gt;&#13;
        &lt;!--string value--&gt;&#13;
      &lt;/common:stepId&gt;&#13;
      &lt;common:substep&gt;&#13;
        &lt;!--string value--&gt;&#13;
      &lt;/common:substep&gt;&#13;
      &lt;common:substepId&gt;&#13;
        &lt;!--string value--&gt;&#13;
      &lt;/common:substepId&gt;&#13;
      &lt;production:operationRef&gt;&#13;
        &lt;reference type="OPERATION"&gt;&#13;
          &lt;revision/&gt;&#13;
          &lt;operation/&gt;&#13;
        &lt;/reference&gt;&#13;
      &lt;/production:operationRef&gt;&#13;
      &lt;production:resourceRef&gt;&#13;
        &lt;reference type="RESRCE"&gt;&#13;
          &lt;resource/&gt;&#13;
        &lt;/reference&gt;&#13;
      &lt;/production:resourceRef&gt;&#13;
      &lt;production:shopOrderRef&gt;&#13;
        &lt;reference type="SHOP_ORDER"&gt;&#13;
          &lt;shopOrder/&gt;&#13;
        &lt;/reference&gt;&#13;
      &lt;/production:shopOrderRef&gt;&#13;
      &lt;production:processLotRef&gt;&#13;
        &lt;reference type="PROCESS_LOT"&gt;&#13;
          &lt;carrierTypeRef&gt;&#13;
            &lt;reference type="CARRIER_TYPE"&gt;&#13;
              &lt;carrierType/&gt;&#13;
            &lt;/reference&gt;&#13;
          &lt;/carrierTypeRef&gt;&#13;
          &lt;processLot/&gt;&#13;
        &lt;/reference&gt;&#13;
      &lt;/production:processLotRef&gt;&#13;
      &lt;production:lccRef&gt;&#13;
        &lt;reference type="LABOR_CHARGE_CODE"&gt;&#13;
          &lt;laborChargeCode/&gt;&#13;
        &lt;/reference&gt;&#13;
      &lt;/production:lccRef&gt;&#13;
      &lt;production:workCenterRef&gt;&#13;
        &lt;reference type="WORK_CENTER"&gt;&#13;
          &lt;workCenter/&gt;&#13;
        &lt;/reference&gt;&#13;
      &lt;/production:workCenterRef&gt;&#13;
      &lt;production:workStationRef&gt;&#13;
        &lt;reference type="WORKSTATION"&gt;&#13;
          &lt;workstationType/&gt;&#13;
          &lt;workstation/&gt;&#13;
        &lt;/reference&gt;&#13;
      &lt;/production:workStationRef&gt;&#13;
      &lt;production:sfcRef&gt;&#13;
        &lt;reference type="SFC"&gt;&#13;
          &lt;sfc/&gt;&#13;
        &lt;/reference&gt;&#13;
      &lt;/production:sfcRef&gt;&#13;
      &lt;production:actionDetail&gt;&#13;
        &lt;!--string value--&gt;&#13;
      &lt;/production:actionDetail&gt;&#13;
      &lt;production:actionDetailRef&gt;&#13;
        &lt;reference type=""/&gt;&#13;
      &lt;/production:actionDetailRef&gt;&#13;
      &lt;production:forceActivityLog&gt;&#13;
        &lt;!--false--&gt;&#13;
      &lt;/production:forceActivityLog&gt;&#13;
      &lt;production:quantity&gt;&#13;
        &lt;!--10--&gt;&#13;
      &lt;/production:quantity&gt;&#13;
      &lt;production:componentList&gt;&#13;
        &lt;production:assemblyDataFields&gt;&#13;
          &lt;attribute&gt;&#13;
            &lt;!--string value--&gt;&#13;
          &lt;/attribute&gt;&#13;
          &lt;value&gt;&#13;
            &lt;!--string value--&gt;&#13;
          &lt;/value&gt;&#13;
          &lt;production:sequence&gt;&#13;
            &lt;!--10--&gt;&#13;
          &lt;/production:sequence&gt;&#13;
        &lt;/production:assemblyDataFields&gt;&#13;
        &lt;production:actualComponentRef&gt;&#13;
          &lt;reference type=""/&gt;&#13;
        &lt;/production:actualComponentRef&gt;&#13;
        &lt;common:refDes&gt;&#13;
          &lt;!--string value--&gt;&#13;
        &lt;/common:refDes&gt;&#13;
        &lt;common:location&gt;&#13;
          &lt;!--string value--&gt;&#13;
        &lt;/common:location&gt;&#13;
        &lt;production:qty&gt;&#13;
          &lt;!--10--&gt;&#13;
        &lt;/production:qty&gt;&#13;
        &lt;production:bomComponentRef&gt;&#13;
          &lt;reference type="BOM_COMPONENT"&gt;&#13;
            &lt;bomRef&gt;&#13;
              &lt;reference type="BOM"&gt;&#13;
                &lt;bom/&gt;&#13;
                &lt;revision/&gt;&#13;
                &lt;bomType/&gt;&#13;
              &lt;/reference&gt;&#13;
            &lt;/bomRef&gt;&#13;
            &lt;sequence/&gt;&#13;
            &lt;componentGbo/&gt;&#13;
          &lt;/reference&gt;&#13;
        &lt;/production:bomComponentRef&gt;&#13;
        &lt;production:resolvedFromIdentifier&gt;&#13;
          &lt;!--string value--&gt;&#13;
        &lt;/production:resolvedFromIdentifier&gt;&#13;
        &lt;production:timeBased&gt;&#13;
          &lt;!--false--&gt;&#13;
        &lt;/production:timeBased&gt;&#13;
        &lt;production:planned&gt;&#13;
          &lt;!--false--&gt;&#13;
        &lt;/production:planned&gt;&#13;
        &lt;common:stepId&gt;&#13;
          &lt;!--string value--&gt;&#13;
        &lt;/common:stepId&gt;&#13;
        &lt;common:substepId&gt;&#13;
          &lt;!--string value--&gt;&#13;
        &lt;/common:substepId&gt;&#13;
        &lt;production:setErpSentFlag&gt;&#13;
          &lt;!--false--&gt;&#13;
        &lt;/production:setErpSentFlag&gt;&#13;
        &lt;production:skipValidation&gt;&#13;
          &lt;!--false--&gt;&#13;
        &lt;/production:skipValidation&gt;&#13;
        &lt;production:lockInventoryOnUpdate&gt;&#13;
          &lt;!--false--&gt;&#13;
        &lt;/production:lockInventoryOnUpdate&gt;&#13;
      &lt;/production:componentList&gt;&#13;
      &lt;production:lockInventoryOnUpdate&gt;&#13;
        &lt;!--false--&gt;&#13;
      &lt;/production:lockInventoryOnUpdate&gt;&#13;
    &lt;/requests&gt;&#13;
  &lt;/common:serviceInvocationRequest&gt;&#13;
&lt;/common:serviceInvocationRequests&gt;</Request><Response><ReferenceDocumentSource/>&lt;?xml version="1.0" encoding="UTF-8"?&gt;&lt;common:serviceInvocationResponses xmlns:common="http://www.sap.com/me/common" xmlns:production="http://www.sap.com/me/production"&gt;&#13;
  &lt;serviceInvocationResponse&gt;&#13;
    &lt;common:serviceMethodId&gt;com.sap.me.production$AssemblyService#assembleNonBomComponents&lt;/common:serviceMethodId&gt;&#13;
    &lt;responses xmlns:xsi="http://www.w3.org/2001/XMLSchema-instance" xsi:type="production:AssembleComponentsResponse"&gt;&#13;
      &lt;production:assembledComponentList&gt;&#13;
        &lt;production:sfcAssyRef&gt;string value&lt;/production:sfcAssyRef&gt;&#13;
        &lt;production:assyId&gt;10&lt;/production:assyId&gt;&#13;
        &lt;production:assyDataTypeRef&gt;string value&lt;/production:assyDataTypeRef&gt;&#13;
        &lt;common:refDes&gt;string value&lt;/common:refDes&gt;&#13;
        &lt;common:location&gt;string value&lt;/common:location&gt;&#13;
        &lt;production:inventoryRef&gt;string value&lt;/production:inventoryRef&gt;&#13;
        &lt;production:assembledDate&gt;2023-12-18T10:15:47.026Z&lt;/production:assembledDate&gt;&#13;
        &lt;production:bomRef&gt;string value&lt;/production:bomRef&gt;&#13;
        &lt;production:componentRef&gt;@ReferenceType(ITEM)&lt;/production:componentRef&gt;&#13;
        &lt;production:timeBased&gt;false&lt;/production:timeBased&gt;&#13;
        &lt;production:sfcBomRef&gt;string value&lt;/production:sfcBomRef&gt;&#13;
        &lt;production:bomComponentRef&gt;string value&lt;/production:bomComponentRef&gt;&#13;
        &lt;production:routerRef&gt;string value&lt;/production:routerRef&gt;&#13;
        &lt;common:qty&gt;10&lt;/common:qty&gt;&#13;
        &lt;production:itemRef&gt;string value&lt;/production:itemRef&gt;&#13;
        &lt;production:operationRef&gt;string value&lt;/production:operationRef&gt;&#13;
        &lt;production:shopOrderRef&gt;string value&lt;/production:shopOrderRef&gt;&#13;
        &lt;production:stepId&gt;string value&lt;/production:stepId&gt;&#13;
        &lt;common:substepId&gt;string value&lt;/common:substepId&gt;&#13;
      &lt;/production:assembledComponentList&gt;&#13;
    &lt;/responses&gt;&#13;
  &lt;/serviceInvocationResponse&gt;&#13;
&lt;/common:serviceInvocationResponses&gt;</Response><CredentialAlias>SAPMEINT_ME_AUTH</CredentialAlias><SelectedModule>com.sap.me.production</SelectedModule><SelectedService>AssemblyService</SelectedService><SelectedMethod>assembleNonBomComponents</SelectedMethod><Site>1020</Site><MEUser/></Value><SchemaURI/><SchemaElement/><ValidateXMLOnExecution>1</ValidateXMLOnExecution><SchemaURI/><SchemaElement/><ValidateXMLOnExecution>1</ValidateXMLOnExecution><ReadOnly>false</ReadOnly><AlertXMLAssigned>false</AlertXMLAssigned></ContextItem><ContextItem><Name>CopyOfCondition_assemblyFail</Name><Description/><MinRange>0</MinRange><MaxRange>0</MaxRange><Value xsi:type="ConditionalAction"><Output>false</Output><InputCount>1</InputCount><LogicalAnd>false</LogicalAnd><Input1>false</Input1></Value><ReadOnly>false</ReadOnly><AlertXMLAssigned>false</AlertXMLAssigned></ContextItem><ContextItem><Name>PLC_COM_0</Name><Description/><MinRange>0</MinRange><MaxRange>0</MaxRange><Value xsi:type="Assignment"/><ReadOnly>false</ReadOnly><AlertXMLAssigned>false</AlertXMLAssigned></ContextItem><ContextItem><Name>Log_Component_Assembly_Failed</Name><Description/><MinRange>0</MinRange><MaxRange>0</MaxRange><Value xsi:type="EventLogger"><Message/><Source>UserEvent</Source><EventType>ERROR</EventType></Value><ReadOnly>false</ReadOnly><AlertXMLAssigned>false</AlertXMLAssigned></ContextItem><ContextItem><Name>Assembly_Failed_PLCCOM_NOK_4</Name><Description/><MinRange>0</MinRange><MaxRange>0</MaxRange><Value xsi:type="Assignment"/><ReadOnly>false</ReadOnly><AlertXMLAssigned>false</AlertXMLAssigned></ContextItem><ContextItem><Name>CopyOfCatch_assemblyFail</Name><Description/><MinRange>0</MinRange><MaxRange>0</MaxRange><Value xsi:type="CatchAction"/><ReadOnly>false</ReadOnly><AlertXMLAssigned>false</AlertXMLAssigned></ContextItem><ContextItem><Name>Log_Assemble_Non_BOM_Components_Exception</Name><Description/><MinRange>0</MinRange><MaxRange>0</MaxRange><Value xsi:type="EventLogger"><Message/><Source>UserEvent</Source><EventType>ERROR</EventType></Value><ReadOnly>false</ReadOnly><AlertXMLAssigned>false</AlertXMLAssigned></ContextItem><ContextItem><Name>Assembly_Exception_PLCCOM_NOK_4</Name><Description/><MinRange>0</MinRange><MaxRange>0</MaxRange><Value xsi:type="Assignment"/><ReadOnly>false</ReadOnly><AlertXMLAssigned>false</AlertXMLAssigned></ContextItem><ContextItem><Name>Assignment_0</Name><Description/><MinRange>0</MinRange><MaxRange>0</MaxRange><Value xsi:type="Assignment"/><ReadOnly>false</ReadOnly><AlertXMLAssigned>false</AlertXMLAssigned></ContextItem><ContextItem><Name>Catch_GetCustomFieldsForMaterialFail</Name><Description/><MinRange>0</MinRange><MaxRange>0</MaxRange><Value xsi:type="CatchAction"/><ReadOnly>false</ReadOnly><AlertXMLAssigned>false</AlertXMLAssigned></ContextItem><ContextItem><Name>Assignment_PLC_WB_12</Name><Description/><MinRange>0</MinRange><MaxRange>0</MaxRange><Value xsi:type="Assignment"/><ReadOnly>false</ReadOnly><AlertXMLAssigned>false</AlertXMLAssigned></ContextItem><ContextItem><Name>Catch_findAllBOMComponentsByOperationFail</Name><Description/><MinRange>0</MinRange><MaxRange>0</MaxRange><Value xsi:type="CatchAction"/><ReadOnly>false</ReadOnly><AlertXMLAssigned>false</AlertXMLAssigned></ContextItem><ContextItem><Name>Assignment_PLC_WB_6</Name><Description/><MinRange>0</MinRange><MaxRange>0</MaxRange><Value xsi:type="Assignment"/><ReadOnly>false</ReadOnly><AlertXMLAssigned>false</AlertXMLAssigned></ContextItem><ContextItem><Name>Catch_FindBOMException</Name><Description/><MinRange>0</MinRange><MaxRange>0</MaxRange><Value xsi:type="CatchAction"/><ReadOnly>false</ReadOnly><AlertXMLAssigned>false</AlertXMLAssigned></ContextItem><ContextItem><Name>Assignment_PLC_WB_4</Name><Description/><MinRange>0</MinRange><MaxRange>0</MaxRange><Value xsi:type="Assignment"/><ReadOnly>false</ReadOnly><AlertXMLAssigned>false</AlertXMLAssigned></ContextItem><ContextItem><Name>Catch_GetResourceOperationUsingTransactionCallFail</Name><Description/><MinRange>0</MinRange><MaxRange>0</MaxRange><Value xsi:type="CatchAction"/><ReadOnly>false</ReadOnly><AlertXMLAssigned>false</AlertXMLAssigned></ContextItem><ContextItem><Name>Assignment_PLC_WB_2</Name><Description/><MinRange>0</MinRange><MaxRange>0</MaxRange><Value xsi:type="Assignment"/><ReadOnly>false</ReadOnly><AlertXMLAssigned>false</AlertXMLAssigned></ContextItem><ContextItem><Name>Catch_assemblyFail</Name><Description/><MinRange>0</MinRange><MaxRange>0</MaxRange><Value xsi:type="CatchAction"/><ReadOnly>false</ReadOnly><AlertXMLAssigned>false</AlertXMLAssigned></ContextItem><ContextItem><Name>Assignment_PLC_WB_9</Name><Description/><MinRange>0</MinRange><MaxRange>0</MaxRange><Value xsi:type="Assignment"/><ReadOnly>false</ReadOnly><AlertXMLAssigned>false</AlertXMLAssigned></ContextItem><ContextItem><Name>TraceabilityWBDataTrx_0</Name><Description/><MinRange>0</MinRange><MaxRange>0</MaxRange><Value xsi:type="TransactionCall"><ResetState>true</ResetState><TransactionName>Troubleshooting/Traceability/TraceabilityWBDataTrx</TransactionName><Async>false</Async><Persist>INHERIT</Persist><LogLevel>INHERIT</LogLevel><LogType>INHERIT</LogType><StoreTransactionOutput>false</StoreTransactionOutput><Expiration>-1</Expiration><TroubleshootTraceabilityFlag>true</TroubleshootTraceabilityFlag><TRBL_HANDLE/><PLCCOM_WB_VAL/></Value><ReadOnly>false</ReadOnly><AlertXMLAssigned>false</AlertXMLAssigned></ContextItem><ContextItem><Name>Catch_7</Name><Description/><MinRange>0</MinRange><MaxRange>0</MaxRange><Value xsi:type="CatchAction"/><ReadOnly>false</ReadOnly><AlertXMLAssigned>false</AlertXMLAssigned></ContextItem><ContextItem><Name>Event_Logger_Transaction_Call_TraceabilityWBDataTrx_Fail_2</Name><Description/><MinRange>0</MinRange><MaxRange>0</MaxRange><Value xsi:type="EventLogger"><Message/><Source>UserEvent</Source><EventType>ERROR</EventType></Value><ReadOnly>false</ReadOnly><AlertXMLAssigned>false</AlertXMLAssigned></ContextItem><ContextItem><Name>Event_Logger_0</Name><Description/><MinRange>0</MinRange><MaxRange>0</MaxRange><Value xsi:type="EventLogger"><Message/><Source>UserEvent</Source><EventType>ERROR</EventType></Value><ReadOnly>false</ReadOnly><AlertXMLAssigned>false</AlertXMLAssigned></ContextItem><ContextItem><Name>Event_Logger_1</Name><Description/><MinRange>0</MinRange><MaxRange>0</MaxRange><Value xsi:type="EventLogger"><Message/><Source>UserEvent</Source><EventType>ERROR</EventType></Value><ReadOnly>false</ReadOnly><AlertXMLAssigned>false</AlertXMLAssigned></ContextItem><ContextItem><Name>Event_Logger_2</Name><Description/><MinRange>0</MinRange><MaxRange>0</MaxRange><Value xsi:type="EventLogger"><Message/><Source>UserEvent</Source><EventType>ERROR</EventType></Value><ReadOnly>false</ReadOnly><AlertXMLAssigned>false</AlertXMLAssigned></ContextItem><ContextItem><Name>Event_Logger_3</Name><Description/><MinRange>0</MinRange><MaxRange>0</MaxRange><Value xsi:type="EventLogger"><Message/><Source>UserEvent</Source><EventType>ERROR</EventType></Value><ReadOnly>false</ReadOnly><AlertXMLAssigned>false</AlertXMLAssigned></ContextItem><ContextItem><Name>Event_Logger_4</Name><Description/><MinRange>0</MinRange><MaxRange>0</MaxRange><Value xsi:type="EventLogger"><Message/><Source>UserEvent</Source><EventType>ERROR</EventType></Value><ReadOnly>false</ReadOnly><AlertXMLAssigned>false</AlertXMLAssigned></ContextItem><ContextItem><Name>Event_Logger_5</Name><Description/><MinRange>0</MinRange><MaxRange>0</MaxRange><Value xsi:type="EventLogger"><Message/><Source>UserEvent</Source><EventType>ERROR</EventType></Value><ReadOnly>false</ReadOnly><AlertXMLAssigned>false</AlertXMLAssigned></ContextItem><ContextItem><Name>Event_Logger_6</Name><Description/><MinRange>0</MinRange><MaxRange>0</MaxRange><Value xsi:type="EventLogger"><Message/><Source>UserEvent</Source><EventType>ERROR</EventType></Value><ReadOnly>false</ReadOnly><AlertXMLAssigned>false</AlertXMLAssigned></ContextItem><ContextItem><Name>Event_Logger_7</Name><Description/><MinRange>0</MinRange><MaxRange>0</MaxRange><Value xsi:type="EventLogger"><Message/><Source>UserEvent</Source><EventType>ERROR</EventType></Value><ReadOnly>false</ReadOnly><AlertXMLAssigned>false</AlertXMLAssigned></ContextItem><ContextItem><Name>Event_Logger_8</Name><Description/><MinRange>0</MinRange><MaxRange>0</MaxRange><Value xsi:type="EventLogger"><Message/><Source>UserEvent</Source><EventType>ERROR</EventType></Value><ReadOnly>false</ReadOnly><AlertXMLAssigned>false</AlertXMLAssigned></ContextItem><ContextItem><Name>Event_Logger_9</Name><Description/><MinRange>0</MinRange><MaxRange>0</MaxRange><Value xsi:type="EventLogger"><Message/><Source>UserEvent</Source><EventType>ERROR</EventType></Value><ReadOnly>false</ReadOnly><AlertXMLAssigned>false</AlertXMLAssigned></ContextItem><ContextItem><Name>Event_Logger_10</Name><Description/><MinRange>0</MinRange><MaxRange>0</MaxRange><Value xsi:type="EventLogger"><Message/><Source>UserEvent</Source><EventType>ERROR</EventType></Value><ReadOnly>false</ReadOnly><AlertXMLAssigned>false</AlertXMLAssigned></ContextItem><ContextItem><Name>ParsingVariables</Name><Description/><MinRange>0</MinRange><MaxRange>0</MaxRange><Value xsi:type="Assignment"/><ReadOnly>false</ReadOnly><AlertXMLAssigned>false</AlertXMLAssigned></ContextItem><ContextItem><Name>qryFetchItemHandle_0</Name><Description/><MinRange>0</MinRange><MaxRange>0</MaxRange><Value xsi:type="IlluminatorSQLQueryObject"><Format>text/xml</Format><Timeout>60</Timeout><QueryTemplate>NC11/TRACEABILITY/TRANSACTIONS/ASSEMBLY_MATERIAL_BOX/qryFetchItemHandle</QueryTemplate><QueryEndDate>2024-01-10T08:39:09</QueryEndDate><Results><ReferenceDocumentSource/>&lt;?xml version="1.0" encoding="UTF-8"?&gt;&lt;Rowsets CachedTime="" DateCreated="2024-01-10T08:39:10" EndDate="2024-01-10T08:39:10" StartDate="2024-01-10T07:39:10" Version="15.1 SP5 Patch 15 (03-May-2018)"&gt;&lt;Rowset&gt;&lt;Columns&gt;&lt;Column Description="HANDLE" MaxRange="1" MinRange="0" Name="HANDLE" SQLDataType="-9" SourceColumn="HANDLE"/&gt;&lt;/Columns&gt;&lt;/Rowset&gt;&lt;/Rowsets&gt;</Results><TagList/><QueryStartDate>2024-01-10T08:39:09</QueryStartDate><QueryParameters/><ResultsAsString/><SQLTransaction/></Value><SchemaURI/><SchemaElement/><ValidateXMLOnExecution>1</ValidateXMLOnExecution><ReadOnly>false</ReadOnly><AlertXMLAssigned>false</AlertXMLAssigned></ContextItem><ContextItem><Name>Assign_failmessage</Name><Description/><MinRange>0</MinRange><MaxRange>0</MaxRange><Value xsi:type="Assignment"/><ReadOnly>false</ReadOnly><AlertXMLAssigned>false</AlertXMLAssigned></ContextItem><ContextItem><Name>Assign_failmsg</Name><Description/><MinRange>0</MinRange><MaxRange>0</MaxRange><Value xsi:type="Assignment"/><ReadOnly>false</ReadOnly><AlertXMLAssigned>false</AlertXMLAssigned></ContextItem></Actions><ReaderRoles>SAP_XMII_Super_Administrator,SAP_XMII_Administrator,SAP_XMII_Developer,SAP_XMII_User</ReaderRoles><Steps><Step xsi:type="ActionSequence"><Name>Sequence</Name><Description/><Steps><Step xsi:type="Conditional"><Name>Sequence_31</Name><Description/><Steps><Step xsi:type="ActionSequence"><Name>Sequence_61</Name><Description/><Steps><Step xsi:type="ActionSequence"><Name>Sequence_33</Name><Description/><Steps><Step xsi:type="Catch"><Name>Sequence_44</Name><Description/><Steps><Step xsi:type="ActionSequence"><Name>Sequence_59</Name><Description/><Steps><Step xsi:type="ActionSequence"><Name>Sequence_6</Name><Description/><Steps/><Actions><Action><Name>Assign_failmessage</Name><Description> </Description><IncomingLinks/><OutgoingLinks><Assign xsi:type="Assign"><Name/><Description/><To>Transaction.OutputXML{/xml/message}</To><From>"Error : TraceabilityInputDataTrx "&amp;TraceabilityInputDataTrx.TransactionName&amp;" call Failed. Message:"&amp;TraceabilityInputDataTrx.LastErrorMessage&amp;" Catch Message:"&amp;Catch_Transaction_Call_TraceabilityInputData_Fail.Message</From></Assign><Assign xsi:type="Assign"><Name/><Description/><To>Transaction.OutputXML{/xml/success}</To><From>"E"</From></Assign></OutgoingLinks></Action></Actions></Step></Steps><Actions><Action><Name>Event_Logger_Transaction_Call_SaveTrblshtData_Fail</Name><Description> </Description><IncomingLinks><Assign xsi:type="Assign"><Name/><Description/><To>Event_Logger_Transaction_Call_SaveTrblshtData_Fail.Message</To><From>"Error : TraceabilityInputDataTrx "&amp;TraceabilityInputDataTrx.TransactionName&amp;" call Failed. Message:"&amp;TraceabilityInputDataTrx.LastErrorMessage&amp;" Catch Message:"&amp;Catch_Transaction_Call_TraceabilityInputData_Fail.Message</From></Assign></IncomingLinks><OutgoingLinks/></Action></Actions></Step></Steps><Actions><Action><Name>Catch_Transaction_Call_TraceabilityInputData_Fail</Name><Description>Catches an exception</Description><IncomingLinks/><OutgoingLinks/></Action></Actions></Step></Steps><Actions><Action><Name>TraceabilityInputDataTrx</Name><Description>Dynamic Transaction Call</Description><IncomingLinks><Assign xsi:type="AssignXml"><Name/><Description/><To>TraceabilityInputDataTrx.InputXml</To><From>Local.Trblshoot_XML</From></Assign><Assign xsi:type="Assign"><Name/><Description/><To>TraceabilityInputDataTrx.Site</To><From>Persistent.SAPME_Site</From></Assign></IncomingLinks><OutgoingLinks/></Action></Actions></Step></Steps><Actions><Action><Name>Assignment_localXML</Name><Description> </Description><IncomingLinks/><OutgoingLinks><Assign xsi:type="Assign"><Name/><Description/><To>Local.Trblshoot_XML{/NotificationMessage/Body/Values/partid}</To><From>stringtrim(Transaction.Input_XML{/NotificationMessage/Body/Values/partid})</From></Assign><Assign xsi:type="Assign"><Name/><Description/><To>Local.Trblshoot_XML{/NotificationMessage/Body/Values/supcompartid}</To><From>stringtrim(Transaction.Input_XML{/NotificationMessage/Body/Values/supcompartid})</From></Assign><Assign xsi:type="Assign"><Name/><Description/><To>Local.Trblshoot_XML{/NotificationMessage/Body/Values/subcompartid}</To><From>stringtrim(Transaction.Input_XML{/NotificationMessage/Body/Values/assemblytype})</From></Assign><Assign xsi:type="Assign"><Name/><Description/><To>Local.Trblshoot_XML{/NotificationMessage/Body/Values/facilityid}</To><From>stringtrim(Transaction.Input_XML{/NotificationMessage/Body/Values/facilityid})</From></Assign><Assign xsi:type="Assign"><Name/><Description/><To>Local.Trblshoot_XML{/NotificationMessage/Body/Values/telegramtyp}</To><From>stringtrim(Transaction.Input_XML{/NotificationMessage/Body/Values/telegramtyp})</From></Assign><Assign xsi:type="Assign"><Name/><Description/><To>Local.Trblshoot_XML{/NotificationMessage/Body/Values/plccom}</To><From>stringtrim(Transaction.Input_XML{/NotificationMessage/Body/Values/plccom})</From></Assign><Assign xsi:type="Assign"><Name/><Description/><To>Local.Trblshoot_XML{/NotificationMessage/Header/ID}</To><From>stringtrim(Transaction.Input_XML{/NotificationMessage/Header/ID})</From></Assign><Assign xsi:type="Assign"><Name/><Description/><To>Local.Trblshoot_XML{/NotificationMessage/Header/Name}</To><From>stringtrim(Transaction.Input_XML{/NotificationMessage/Header/Name})</From></Assign><Assign xsi:type="Assign"><Name/><Description/><To>Local.Trblshoot_XML{/NotificationMessage/Body/Values/pcoserver}</To><From>stringtrim(Transaction.Input_XML{/NotificationMessage/Body/Values/pcoserver})</From></Assign><Assign xsi:type="Assign"><Name/><Description/><To>Local.Trblshoot_XML{/NotificationMessage/Body/Values/plctimestamp}</To><From>stringtrim(Transaction.Input_XML{/NotificationMessage/Body/Values/plctimestamp})</From></Assign></OutgoingLinks></Action></Actions></Step></Steps><Actions><Action><Name>Conditional_Event_Logger_Testing</Name><Description> </Description><IncomingLinks><Assign xsi:type="Assign"><Name/><Description/><To>Conditional_Event_Logger_Testing.Input1</To><From>Globals.GlobalEventLoggerFlag==1</From></Assign><Assign xsi:type="Assign"><Name/><Description/><To>Conditional_Event_Logger_Testing.Input2</To><From>Transaction.EventLoggerFlag==1</From></Assign></IncomingLinks><OutgoingLinks/></Action></Actions></Step><Step xsi:type="ActionSequence"><Name>Sequence_5</Name><Description/><Steps><Step xsi:type="Conditional"><Name>Sequence_0</Name><Description/><Steps><Step xsi:type="ActionSequence"><Name>Sequence_2</Name><Description/><Steps><Step xsi:type="Conditional"><Name>Sequence_3</Name><Description/><Steps><Step xsi:type="ActionSequence"><Name>Sequence_4</Name><Description/><Steps><Step xsi:type="ActionSequence"><Name>Sequence_39</Name><Description/><Steps><Step xsi:type="Conditional"><Name>Sequence_38</Name><Description/><Steps><Step xsi:type="ActionSequence"><Name>Sequence_35</Name><Description/><Steps><Step xsi:type="Conditional"><Name>Sequence_34</Name><Description/><Steps><Step xsi:type="Conditional"><Name>Sequence_9</Name><Description/><Steps><Step xsi:type="ForNextRepeater"><Name>Sequence_10</Name><Description/><Steps><Step xsi:type="ActionSequence"><Name>Sequence_70</Name><Description/><Steps><Step xsi:type="ActionSequence"><Name>Sequence_11</Name><Description/><Steps><Step xsi:type="ActionSequence"><Name>Sequence_62</Name><Description/><Steps><Step xsi:type="Conditional"><Name>Sequence_8</Name><Description/><Steps><Step xsi:type="ActionSequence"><Name>Sequence_63</Name><Description/><Steps><Step xsi:type="ActionSequence"><Name>Sequence_20</Name><Description/><Steps><Step xsi:type="ActionSequence"><Name>Sequence_30</Name><Description/><Steps><Step xsi:type="Repeater"><Name>Sequence_22</Name><Description/><Steps><Step xsi:type="ActionSequence"><Name>Sequence_23</Name><Description/><Steps/><Actions><Action><Name>Assignment_ERP_Serial_Number</Name><Description> </Description><IncomingLinks/><OutgoingLinks><Assign xsi:type="Assign"><Name/><Description/><To>Local.numberlist</To><From>stringtolist(Repeat_On_ERP_Serial_Number_Calculation_Rules.Output{/Row/Item},"-")</From></Assign><Assign xsi:type="Assign"><Name/><Description/><To>Local.ERP_SR_from_SFC</To><From>Local.ERP_SR_from_SFC&amp;stringpart(Local.ItemSupCompartID, Local.numberlist{0}, Local.numberlist{1})</From></Assign></OutgoingLinks></Action></Actions></Step></Steps><Actions><Action><Name>Repeat_On_ERP_Serial_Number_Calculation_Rules</Name><Description> </Description><IncomingLinks/><OutgoingLinks/></Action></Actions></Step></Steps><Actions><Action><Name>String_List_To_XML_Parser_0</Name><Description> </Description><IncomingLinks><Assign xsi:type="Assign"><Name/><Description/><To>String_List_To_XML_Parser_0.Input</To><From>Local.ERP_SR_RULE</From></Assign><Assign xsi:type="Assign"><Name/><Description/><To>String_List_To_XML_Parser_0.Delimiter</To><From>";"</From></Assign></IncomingLinks><OutgoingLinks/></Action></Actions></Step><Step xsi:type="ActionSequence"><Name>Sequence_24</Name><Description/><Steps><Step xsi:type="Repeater"><Name>Sequence_25</Name><Description/><Steps><Step xsi:type="ActionSequence"><Name>Sequence_26</Name><Description/><Steps/><Actions><Action><Name>Assignment_Material_Serial_Number</Name><Description> </Description><IncomingLinks/><OutgoingLinks><Assign xsi:type="Assign"><Name/><Description/><To>Local.numberlist</To><From>stringtolist(Repeat_On_Material_Calculation_Rules.Output{/Row/Item},"-")</From></Assign><Assign xsi:type="Assign"><Name/><Description/><To>Local.MAT_from_SFC</To><From>Local.MAT_from_SFC&amp;stringpart(Local.ItemSupCompartID, Local.numberlist{0}, Local.numberlist{1})</From></Assign></OutgoingLinks></Action></Actions></Step></Steps><Actions><Action><Name>Repeat_On_Material_Calculation_Rules</Name><Description> </Description><IncomingLinks/><OutgoingLinks/></Action></Actions></Step></Steps><Actions><Action><Name>String_List_To_XML_Parser_1</Name><Description> </Description><IncomingLinks><Assign xsi:type="Assign"><Name/><Description/><To>String_List_To_XML_Parser_1.Input</To><From>Local.MAT_CAL_RULE</From></Assign><Assign xsi:type="Assign"><Name/><Description/><To>String_List_To_XML_Parser_1.Delimiter</To><From>";"</From></Assign></IncomingLinks><OutgoingLinks/></Action></Actions></Step><Step xsi:type="ActionSequence"><Name>Sequence_75</Name><Description/><Steps/><Actions><Action><Name>Assign_Material_ERPSrNo_Remove_Blanks</Name><Description> </Description><IncomingLinks/><OutgoingLinks><Assign xsi:type="Assign"><Name/><Description/><To>Local.MAT_from_SFC</To><From>stringtrim(stringreplaceall(Local.MAT_from_SFC, " ", ""))</From></Assign></OutgoingLinks></Action></Actions></Step></Steps><Actions><Action><Name>AssignRule</Name><Description> </Description><IncomingLinks/><OutgoingLinks><Assign xsi:type="Assign"><Name/><Description/><To>Local.ERP_SR_RULE</To><From>stringtrim(GetCustomFieldsForMaterial.Results{/Rowsets/Rowset/Row[ATTRIBUTE='Z_JLR_ERP_SN_RULE']/VALUE})</From></Assign><Assign xsi:type="Assign"><Name/><Description/><To>Local.MAT_CAL_RULE</To><From>stringtrim(GetCustomFieldsForMaterial.Results{/Rowsets/Rowset/Row[ATTRIBUTE='Z_JLR_MATNUM_RULE']/VALUE})</From></Assign></OutgoingLinks></Action></Actions></Step></Steps><Actions/></Step><Step xsi:type="ActionSequence"><Name>Sequence_14</Name><Description/><Steps/><Actions><Action><Name>Assignment_PLC_WB_11</Name><Description> </Description><IncomingLinks/><OutgoingLinks><Assign xsi:type="Assign"><Name/><Description/><To>Local.PLC_WB</To><From>4</From></Assign><Assign xsi:type="Assign"><Name/><Description/><To>Transaction.OutputXML{/xml/message}</To><From>"Erp and Material calculation rule is not maintained for Component !!!"</From></Assign><Assign xsi:type="Assign"><Name/><Description/><To>Transaction.OutputXML{/xml/success}</To><From>"E"</From></Assign><Assign xsi:type="Assign"><Name/><Description/><To>Transaction.OutputXML{/xml/plc_com}</To><From>Local.PLC_WB</From></Assign></OutgoingLinks></Action></Actions></Step><Step xsi:type="Conditional"><Name>Sequence_15</Name><Description/><Steps><Step xsi:type="ActionSequence"><Name>Sequence_7</Name><Description/><Steps><Step xsi:type="ActionSequence"><Name>Sequence_29</Name><Description/><Steps><Step xsi:type="Conditional"><Name>Sequence_42</Name><Description/><Steps><Step xsi:type="ActionSequence"><Name>Sequence_60</Name><Description/><Steps/><Actions><Action><Name>Assignment_PLC_WB_10</Name><Description> </Description><IncomingLinks/><OutgoingLinks><Assign xsi:type="Assign"><Name/><Description/><To>Local.PLC_WB</To><From>0</From></Assign><Assign xsi:type="Assign"><Name/><Description/><To>For_Next_Loop_0.Break</To><From>1</From></Assign><Assign xsi:type="Assign"><Name/><Description/><To>Transaction.OutputXML{/xml/message}</To><From>"Succesfully !!!"</From></Assign><Assign xsi:type="Assign"><Name/><Description/><To>Transaction.OutputXML{/xml/success}</To><From>"S"</From></Assign><Assign xsi:type="Assign"><Name/><Description/><To>Transaction.OutputXML{/xml/plc_com}</To><From>Local.PLC_WB</From></Assign></OutgoingLinks></Action></Actions></Step><Step xsi:type="ActionSequence"><Name>Sequence_57</Name><Description/><Steps><Step xsi:type="ActionSequence"><Name>Sequence_98</Name><Description/><Steps/><Actions><Action><Name>Event_Logger_9</Name><Description> </Description><IncomingLinks><Assign xsi:type="Assign"><Name/><Description/><To>Event_Logger_9.Message</To><From>"Error :"&amp;Assembly_SUPCOMPARTID_ReducedSUPCOMPARTID_0.Message</From></Assign></IncomingLinks><OutgoingLinks/></Action></Actions></Step></Steps><Actions><Action><Name>Assignment_PLC_WB_8</Name><Description> </Description><IncomingLinks/><OutgoingLinks><Assign xsi:type="Assign"><Name/><Description/><To>Local.PLC_WB</To><From>4</From></Assign><Assign xsi:type="Assign"><Name/><Description/><To>For_Next_Loop_0.Break</To><From>1</From></Assign><Assign xsi:type="Assign"><Name/><Description/><To>Transaction.OutputXML{/xml/message}</To><From>"Error :"&amp;Assembly_SUPCOMPARTID_ReducedSUPCOMPARTID_0.Message</From></Assign><Assign xsi:type="Assign"><Name/><Description/><To>Transaction.OutputXML{/xml/success}</To><From>"E"</From></Assign><Assign xsi:type="Assign"><Name/><Description/><To>Transaction.OutputXML{/xml/plc_com}</To><From>Local.PLC_WB</From></Assign></OutgoingLinks></Action></Actions></Step></Steps><Actions><Action><Name>Condition_assemblyFail</Name><Description> </Description><IncomingLinks><Assign xsi:type="Assign"><Name/><Description/><To>Condition_assemblyFail.Input1</To><From>Assembly_SUPCOMPARTID_ReducedSUPCOMPARTID_0.Success</From></Assign></IncomingLinks><OutgoingLinks/></Action></Actions></Step><Step xsi:type="Catch"><Name>Sequence_68</Name><Description/><Steps><Step xsi:type="ActionSequence"><Name>Sequence_58</Name><Description/><Steps><Step xsi:type="ActionSequence"><Name>Sequence_102</Name><Description/><Steps/><Actions><Action><Name>Event_Logger_10</Name><Description> </Description><IncomingLinks><Assign xsi:type="Assign"><Name/><Description/><To>Event_Logger_10.Message</To><From>"Error: .APIMessage:"&amp;Assembly_SUPCOMPARTID_ReducedSUPCOMPARTID_0.Message&amp;"CatchMessage:"&amp;Catch_assemblyFail.Message</From></Assign></IncomingLinks><OutgoingLinks/></Action></Actions></Step></Steps><Actions><Action><Name>Assignment_PLC_WB_9</Name><Description> </Description><IncomingLinks/><OutgoingLinks><Assign xsi:type="Assign"><Name/><Description/><To>Local.PLC_WB</To><From>4</From></Assign><Assign xsi:type="Assign"><Name/><Description/><To>For_Next_Loop_0.Break</To><From>1</From></Assign><Assign xsi:type="Assign"><Name/><Description/><To>Transaction.OutputXML{/xml/message}</To><From>"Error: .APIMessage:"&amp;Assembly_SUPCOMPARTID_ReducedSUPCOMPARTID_0.Message&amp;"CatchMessage:"&amp;Catch_assemblyFail.Message</From></Assign><Assign xsi:type="Assign"><Name/><Description/><To>Transaction.OutputXML{/xml/success}</To><From>"S"</From></Assign></OutgoingLinks></Action></Actions></Step></Steps><Actions><Action><Name>Catch_assemblyFail</Name><Description>Catches an exception</Description><IncomingLinks/><OutgoingLinks/></Action></Actions></Step></Steps><Actions><Action><Name>Assembly_SUPCOMPARTID_ReducedSUPCOMPARTID_0</Name><Description>SAPME PAPI Interface</Description><IncomingLinks><Assign xsi:type="Assign"><Name/><Description/><To>Assembly_SUPCOMPARTID_ReducedSUPCOMPARTID_0.Site</To><From>Persistent.SAPME_Site</From></Assign><Assign xsi:type="Assign"><Name/><Description/><To>Assembly_SUPCOMPARTID_ReducedSUPCOMPARTID_0.CredentialAlias</To><From>Persistent.SAP_ME_CredentialAlias</From></Assign><Assign xsi:type="AssignXml"><Name/><Description/><To>Assembly_SUPCOMPARTID_ReducedSUPCOMPARTID_0.Request</To><From>Local.requestXML</From></Assign></IncomingLinks><OutgoingLinks/></Action></Actions></Step></Steps><Actions><Action><Name>Assignment_inputXML</Name><Description> </Description><IncomingLinks/><OutgoingLinks><Assign xsi:type="Assign"><Name/><Description/><To>Local.requestXML{/common:serviceInvocationRequests/common:serviceInvocationRequest/requests/production:event}</To><From>"Assembly"</From></Assign><Assign xsi:type="Assign"><Name/><Description/><To>Local.requestXML{/common:serviceInvocationRequests/common:serviceInvocationRequest/requests/production:operationRef}</To><From>Local.OperationRef</From></Assign><Assign xsi:type="Assign"><Name/><Description/><To>Local.requestXML{/common:serviceInvocationRequests/common:serviceInvocationRequest/requests/production:resourceRef}</To><From>Local.ResourceRef</From></Assign><Assign xsi:type="Assign"><Name/><Description/><To>Local.requestXML{/common:serviceInvocationRequests/common:serviceInvocationRequest/requests/production:sfcRef}</To><From>Local.SFCRef</From></Assign><Assign xsi:type="Assign"><Name/><Description/><To>Local.requestXML{/common:serviceInvocationRequests/common:serviceInvocationRequest/requests/production:quantity}</To><From>findAllBOMComponentsByOperation.Response{/common:serviceInvocationResponses/serviceInvocationResponse/responses[productdefinition:assemblyDataTypeRef='#Local.AssemblyDataTypereference#'][#For_Next_Loop_0.CurrentItem#]/productdefinition:quantity}</From></Assign><Assign xsi:type="Assign"><Name/><Description/><To>Local.requestXML{/common:serviceInvocationRequests/common:serviceInvocationRequest/requests/production:componentList/production:assemblyDataFields/attribute}</To><From>"ERP_SERIAL_NUMBER"</From></Assign><Assign xsi:type="Assign"><Name/><Description/><To>Local.requestXML{/common:serviceInvocationRequests/common:serviceInvocationRequest/requests/production:componentList/production:assemblyDataFields/value}</To><From>Local.ERP_SR_from_SFC</From></Assign><Assign xsi:type="Assign"><Name/><Description/><To>Local.requestXML{/common:serviceInvocationRequests/common:serviceInvocationRequest/requests/production:componentList/production:qty}</To><From>findAllBOMComponentsByOperation.Response{/common:serviceInvocationResponses/serviceInvocationResponse/responses[productdefinition:assemblyDataTypeRef='#Local.AssemblyDataTypereference#'][#For_Next_Loop_0.CurrentItem#]/productdefinition:quantity}</From></Assign><Assign xsi:type="Assign"><Name/><Description/><To>Local.addedXML{/production:assemblyDataFields/attribute}</To><From>"ACTUAL_SERIAL_NUMBER"</From></Assign><Assign xsi:type="Assign"><Name/><Description/><To>Local.addedXML{/production:assemblyDataFields/value}</To><From>Local.ItemSupCompartID</From></Assign><Assign xsi:type="Assign"><Name/><Description/><To>Local.ItemBOMComponentRef</To><From>stringif(Local.ItemSubCompartID=="",(findAllBOMComponentsByOperation.Response{/common:serviceInvocationResponses/serviceInvocationResponse/responses[productdefinition:assemblyDataTypeRef='#Local.AssemblyDataTypereference#'][#For_Next_Loop_0.CurrentItem#]/productdefinition:componentRef}),(findAllBOMComponentsByOperation.Response{/common:serviceInvocationResponses/serviceInvocationResponse/responses[productdefinition:assemblyDataTypeRef='#Local.AssemblyDataTypereference#' and contains(productdefinition:componentRef,'#Local.ItemSubCompartIdRef#')][#For_Next_Loop_0.CurrentItem#]/productdefinition:componentRef}))</From></Assign><Assign xsi:type="AppendAfterXml"><Name/><Description/><To>Local.requestXML{/common:serviceInvocationRequests/common:serviceInvocationRequest/requests/production:componentList/production:assemblyDataFields}</To><From>Local.addedXML{/production:assemblyDataFields}</From></Assign><Assign xsi:type="Assign"><Name/><Description/><To>Local.requestXML{/common:serviceInvocationRequests/common:serviceInvocationRequest/requests/production:componentList/production:identifier}</To><From>stringupper(Local.MAT_from_SFC)</From></Assign></OutgoingLinks></Action></Actions></Step><Step xsi:type="Conditional"><Name>Sequence_64</Name><Description/><Steps><Step xsi:type="ActionSequence"><Name>Sequence_115</Name><Description/><Steps><Step xsi:type="Conditional"><Name>Sequence_116</Name><Description/><Steps><Step xsi:type="ActionSequence"><Name>Sequence_18</Name><Description/><Steps><Step xsi:type="ActionSequence"><Name>Sequence_1</Name><Description/><Steps><Step xsi:type="ActionSequence"><Name>Sequence_65</Name><Description/><Steps><Step xsi:type="Conditional"><Name>Sequence_100</Name><Description/><Steps><Step xsi:type="ActionSequence"><Name>Sequence_101</Name><Description/><Steps/><Actions><Action><Name>PLC_COM_0</Name><Description> </Description><IncomingLinks/><OutgoingLinks><Assign xsi:type="Assign"><Name/><Description/><To>Local.PLC_WB</To><From>0</From></Assign><Assign xsi:type="Assign"><Name/><Description/><To>For_Next_Loop_0.Break</To><From>1</From></Assign></OutgoingLinks></Action></Actions></Step><Step xsi:type="ActionSequence"><Name>Sequence_103</Name><Description/><Steps><Step xsi:type="ActionSequence"><Name>Sequence_113</Name><Description/><Steps/><Actions><Action><Name>Assembly_Failed_PLCCOM_NOK_4</Name><Description> </Description><IncomingLinks/><OutgoingLinks><Assign xsi:type="Assign"><Name/><Description/><To>Local.PLC_WB</To><From>Persistent.PLC_COM_NOK</From></Assign><Assign xsi:type="Assign"><Name/><Description/><To>For_Next_Loop_0.Break</To><From>1</From></Assign><Assign xsi:type="Assign"><Name/><Description/><To>Transaction.OutputXML{/xml/message}</To><From>"Error. "&amp;Local.TrxName&amp;", Condition_assemblyFail, Error message:  Alternate Component  assembly to SFC failed: "</From></Assign><Assign xsi:type="Assign"><Name/><Description/><To>Transaction.OutputXML{/xml/success}</To><From>"E"</From></Assign></OutgoingLinks></Action></Actions></Step></Steps><Actions><Action><Name>Log_Component_Assembly_Failed</Name><Description> </Description><IncomingLinks><Assign xsi:type="Assign"><Name/><Description/><To>Log_Component_Assembly_Failed.Message</To><From>"Error. "&amp;Local.TrxName&amp;", Condition_assemblyFail, Error message:  Alternate Component  assembly to SFC failed: "</From></Assign></IncomingLinks><OutgoingLinks/></Action></Actions></Step></Steps><Actions><Action><Name>CopyOfCondition_assemblyFail</Name><Description> </Description><IncomingLinks><Assign xsi:type="Assign"><Name/><Description/><To>CopyOfCondition_assemblyFail.Input1</To><From>Assemble_Non_BOM_Components.Success</From></Assign></IncomingLinks><OutgoingLinks/></Action></Actions></Step><Step xsi:type="Catch"><Name>Sequence_104</Name><Description/><Steps><Step xsi:type="ActionSequence"><Name>Sequence_105</Name><Description/><Steps><Step xsi:type="ActionSequence"><Name>Sequence_112</Name><Description/><Steps/><Actions><Action><Name>Assembly_Exception_PLCCOM_NOK_4</Name><Description> </Description><IncomingLinks/><OutgoingLinks><Assign xsi:type="Assign"><Name/><Description/><To>Local.PLC_WB</To><From>Persistent.PLC_COM_NOK</From></Assign><Assign xsi:type="Assign"><Name/><Description/><To>For_Next_Loop_0.Break</To><From>1</From></Assign></OutgoingLinks></Action></Actions></Step></Steps><Actions><Action><Name>Log_Assemble_Non_BOM_Components_Exception</Name><Description> </Description><IncomingLinks><Assign xsi:type="Assign"><Name/><Description/><To>Log_Assemble_Non_BOM_Components_Exception.Message</To><From>"Error. "&amp;Local.TrxName&amp;", Assemble_Non_BOM_Components, Error message:"&amp;Assemble_Non_BOM_Components.Message</From></Assign></IncomingLinks><OutgoingLinks/></Action></Actions></Step></Steps><Actions><Action><Name>CopyOfCatch_assemblyFail</Name><Description>Catches an exception</Description><IncomingLinks/><OutgoingLinks/></Action></Actions></Step></Steps><Actions><Action><Name>Assemble_Non_BOM_Components</Name><Description>SAPME PAPI Interface</Description><IncomingLinks><Assign xsi:type="Assign"><Name/><Description/><To>Assemble_Non_BOM_Components.Request{/common:serviceInvocationRequests/common:serviceInvocationRequest/requests/production:event}</To><From>"Assembly"</From></Assign><Assign xsi:type="Assign"><Name/><Description/><To>Assemble_Non_BOM_Components.Request{/common:serviceInvocationRequests/common:serviceInvocationRequest/requests/production:operationRef}</To><From>Local.OperationRef</From></Assign><Assign xsi:type="Assign"><Name/><Description/><To>Assemble_Non_BOM_Components.Request{/common:serviceInvocationRequests/common:serviceInvocationRequest/requests/production:resourceRef}</To><From>Local.ResourceRef</From></Assign><Assign xsi:type="Assign"><Name/><Description/><To>Assemble_Non_BOM_Components.Request{/common:serviceInvocationRequests/common:serviceInvocationRequest/requests/production:sfcRef}</To><From>Local.SFCRef</From></Assign><Assign xsi:type="Assign"><Name/><Description/><To>Assemble_Non_BOM_Components.Request{/common:serviceInvocationRequests/common:serviceInvocationRequest/requests/production:quantity}</To><From>findAllBOMComponentsByOperation.Response{/common:serviceInvocationResponses/serviceInvocationResponse/responses[productdefinition:assemblyDataTypeRef='#Local.AssemblyDataTypereference#'][#For_Next_Loop_0.CurrentItem#]/productdefinition:quantity}</From></Assign><Assign xsi:type="Assign"><Name/><Description/><To>Assemble_Non_BOM_Components.Request{/common:serviceInvocationRequests/common:serviceInvocationRequest/requests/production:componentList/production:qty}</To><From>findAllBOMComponentsByOperation.Response{/common:serviceInvocationResponses/serviceInvocationResponse/responses[productdefinition:assemblyDataTypeRef='#Local.AssemblyDataTypereference#'][#For_Next_Loop_0.CurrentItem#]/productdefinition:quantity}</From></Assign><Assign xsi:type="Assign"><Name/><Description/><To>Assemble_Non_BOM_Components.Request{/common:serviceInvocationRequests/common:serviceInvocationRequest/requests/production:componentList/production:bomComponentRef}</To><From>findAllBOMComponentsByOperation.Response{/common:serviceInvocationResponses/serviceInvocationResponse/responses[productdefinition:assemblyDataTypeRef='#Local.AssemblyDataTypereference#'][#For_Next_Loop_0.CurrentItem#]/productdefinition:bomComponentRef}</From></Assign><Assign xsi:type="Assign"><Name/><Description/><To>Assemble_Non_BOM_Components.Request{/common:serviceInvocationRequests/common:serviceInvocationRequest/requests/production:componentList/production:assemblyDataFields/attribute}</To><From>"ERP_SERIAL_NUMBER"</From></Assign><Assign xsi:type="Assign"><Name/><Description/><To>Assemble_Non_BOM_Components.Request{/common:serviceInvocationRequests/common:serviceInvocationRequest/requests/production:componentList/production:assemblyDataFields/value}</To><From>Local.ERP_SR_from_SFC</From></Assign><Assign xsi:type="AppendAfterXml"><Name/><Description/><To>Assemble_Non_BOM_Components.Request{/common:serviceInvocationRequests/common:serviceInvocationRequest/requests/production:componentList/production:assemblyDataFields}</To><From>Local.addedXML</From></Assign><Assign xsi:type="Assign"><Name/><Description/><To>Assemble_Non_BOM_Components.Request{/common:serviceInvocationRequests/common:serviceInvocationRequest/requests/production:componentList/production:resolvedFromIdentifier}</To><From>Resolve_Identifier.Response{/common:serviceInvocationResponses/serviceInvocationResponse/responses/production:resolvedFromIdentifier}</From></Assign><Assign xsi:type="Assign"><Name/><Description/><To>Assemble_Non_BOM_Components.Request{/common:serviceInvocationRequests/common:serviceInvocationRequest/requests/production:componentList/production:actualComponentRef}</To><From>qryFetchItemHandle_0.Results{/Rowsets/Rowset/Row/HANDLE}</From></Assign></IncomingLinks><OutgoingLinks/></Action></Actions></Step></Steps><Actions><Action><Name>qryFetchItemHandle_0</Name><Description>SQL Query</Description><IncomingLinks><Assign xsi:type="Assign"><Name/><Description/><To>qryFetchItemHandle_0.Param.1</To><From>Local.MAT_from_SFC</From></Assign></IncomingLinks><OutgoingLinks/></Action></Actions></Step></Steps><Actions><Action><Name>Assignment_AddedXML</Name><Description> </Description><IncomingLinks/><OutgoingLinks><Assign xsi:type="Assign"><Name/><Description/><To>Local.addedXML{/production:assemblyDataFields/attribute}</To><From>"ACTUAL_SERIAL_NUMBER"</From></Assign><Assign xsi:type="Assign"><Name/><Description/><To>Local.addedXML{/production:assemblyDataFields/value}</To><From>Local.ItemSupCompartID</From></Assign></OutgoingLinks></Action></Actions></Step><Step xsi:type="ActionSequence"><Name>Sequence_117</Name><Description/><Steps><Step xsi:type="ActionSequence"><Name>Sequence_118</Name><Description/><Steps/><Actions><Action><Name>Resolve_Identifier_Failed_PLCCOM_NOK_5</Name><Description> </Description><IncomingLinks/><OutgoingLinks><Assign xsi:type="Assign"><Name/><Description/><To>Local.PLC_WB</To><From>Persistent.PLC_COM_NOK</From></Assign><Assign xsi:type="Assign"><Name/><Description/><To>For_Next_Loop_0.Break</To><From>1</From></Assign><Assign xsi:type="Assign"><Name/><Description/><To>Transaction.OutputXML{/xml/message}</To><From>"Error. "&amp;Local.TrxName&amp;",Check_Resolved_Identifier, Error Message: Identifier could not be resolved for Item"</From></Assign><Assign xsi:type="Assign"><Name/><Description/><To>Transaction.OutputXML{/xml/success}</To><From>"E"</From></Assign></OutgoingLinks></Action></Actions></Step></Steps><Actions><Action><Name>Log_Resolve_Identifier_Error</Name><Description> </Description><IncomingLinks><Assign xsi:type="Assign"><Name/><Description/><To>Log_Resolve_Identifier_Error.Message</To><From>"Error. "&amp;Local.TrxName&amp;",Check_Resolved_Identifier, Error Message: Identifier could not be resolved for Item"</From></Assign></IncomingLinks><OutgoingLinks/></Action></Actions></Step></Steps><Actions><Action><Name>Check_Resolved_Identifier</Name><Description> </Description><IncomingLinks><Assign xsi:type="Assign"><Name/><Description/><To>Check_Resolved_Identifier.Input1</To><From>Resolve_Identifier.Response{/common:serviceInvocationResponses/serviceInvocationResponse/responses/production:resolvedFromIdentifier}!=""</From></Assign></IncomingLinks><OutgoingLinks/></Action></Actions></Step><Step xsi:type="Catch"><Name>Sequence_119</Name><Description/><Steps><Step xsi:type="ActionSequence"><Name>Sequence_120</Name><Description/><Steps><Step xsi:type="ActionSequence"><Name>Sequence_121</Name><Description/><Steps/><Actions><Action><Name>Resolve_Identifier_Exception_PLCCOM_NOK_5</Name><Description> </Description><IncomingLinks/><OutgoingLinks><Assign xsi:type="Assign"><Name/><Description/><To>Local.PLC_WB</To><From>Persistent.PLC_COM_NOK</From></Assign><Assign xsi:type="Assign"><Name/><Description/><To>For_Next_Loop_0.Break</To><From>1</From></Assign><Assign xsi:type="Assign"><Name/><Description/><To>Transaction.OutputXML{/xml/message}</To><From>"Error. "&amp;Local.TrxName&amp;",Resolve_Identifier, Error Message: "&amp;Resolve_Identifier.Message</From></Assign><Assign xsi:type="Assign"><Name/><Description/><To>Transaction.OutputXML{/xml/success}</To><From>"E"</From></Assign><Assign xsi:type="Assign"><Name/><Description/><To>Transaction.OutputXML{/xml/plc_com}</To><From>Local.PLC_WB</From></Assign></OutgoingLinks></Action></Actions></Step></Steps><Actions><Action><Name>Log_Resolve_Identifier_Exception</Name><Description> </Description><IncomingLinks><Assign xsi:type="Assign"><Name/><Description/><To>Log_Resolve_Identifier_Exception.Message</To><From>"Error. "&amp;Local.TrxName&amp;",Resolve_Identifier, Error Message: "&amp;Resolve_Identifier.Message</From></Assign></IncomingLinks><OutgoingLinks/></Action></Actions></Step></Steps><Actions><Action><Name>Catch_Resolve_Identifier_Exception</Name><Description>Catches an exception</Description><IncomingLinks/><OutgoingLinks/></Action></Actions></Step></Steps><Actions><Action><Name>Resolve_Identifier</Name><Description>SAPME PAPI Interface</Description><IncomingLinks><Assign xsi:type="Assign"><Name/><Description/><To>Resolve_Identifier.Request{/common:serviceInvocationRequests/common:serviceInvocationRequest/requests/production:event}</To><From>"Assembly"</From></Assign><Assign xsi:type="Assign"><Name/><Description/><To>Resolve_Identifier.Request{/common:serviceInvocationRequests/common:serviceInvocationRequest/requests/production:operationRef}</To><From>Local.OperationRef</From></Assign><Assign xsi:type="Assign"><Name/><Description/><To>Resolve_Identifier.Request{/common:serviceInvocationRequests/common:serviceInvocationRequest/requests/production:sfcRef}</To><From>Local.SFCRef</From></Assign><Assign xsi:type="Assign"><Name/><Description/><To>Resolve_Identifier.Request{/common:serviceInvocationRequests/common:serviceInvocationRequest/requests/production:quantity}</To><From>findAllBOMComponentsByOperation.Response{/common:serviceInvocationResponses/serviceInvocationResponse/responses[productdefinition:assemblyDataTypeRef='#Local.AssemblyDataTypereference#'][#For_Next_Loop_0.CurrentItem#]/productdefinition:quantity}</From></Assign><Assign xsi:type="Assign"><Name/><Description/><To>Resolve_Identifier.Request{/common:serviceInvocationRequests/common:serviceInvocationRequest/requests/production:assemblyIdentifier/production:qty}</To><From>findAllBOMComponentsByOperation.Response{/common:serviceInvocationResponses/serviceInvocationResponse/responses[productdefinition:assemblyDataTypeRef='#Local.AssemblyDataTypereference#'][#For_Next_Loop_0.CurrentItem#]/productdefinition:quantity}</From></Assign><Assign xsi:type="Assign"><Name/><Description/><To>Resolve_Identifier.Request{/common:serviceInvocationRequests/common:serviceInvocationRequest/requests/production:assemblyIdentifier/production:identifier}</To><From>Local.Mat_from_BOM</From></Assign></IncomingLinks><OutgoingLinks/></Action></Actions></Step></Steps><Actions><Action><Name>Conditional_1</Name><Description> </Description><IncomingLinks><Assign xsi:type="Assign"><Name/><Description/><To>Conditional_1.Input1</To><From>stringright(stringleft(Local.MAT_from_SFC, stringlength(Local.MAT_from_SFC)-1),stringlength(Local.MAT_from_SFC)-2)==stringright(stringleft(Local.Mat_from_BOM, stringlength(Local.Mat_from_BOM)-1),stringlength(Local.Mat_from_BOM)-2)</From></Assign></IncomingLinks><OutgoingLinks/></Action></Actions></Step></Steps><Actions><Action><Name>CheckIf_MatFromSFC_eq_MatfromBOM_0</Name><Description> </Description><IncomingLinks><Assign xsi:type="Assign"><Name/><Description/><To>CheckIf_MatFromSFC_eq_MatfromBOM_0.Input1</To><From>Local.MAT_from_SFC==Local.Mat_from_BOM</From></Assign></IncomingLinks><OutgoingLinks/></Action></Actions></Step></Steps><Actions><Action><Name>Check_If_ERP_and_MAT_Rules_Found</Name><Description> </Description><IncomingLinks><Assign xsi:type="Assign"><Name/><Description/><To>Check_If_ERP_and_MAT_Rules_Found.Input1</To><From>GetCustomFieldsForMaterial.Results{/Rowsets/Rowset/Row[ATTRIBUTE='Z_JLR_MATNUM_RULE']/VALUE}!=""</From></Assign><Assign xsi:type="Assign"><Name/><Description/><To>Check_If_ERP_and_MAT_Rules_Found.Input2</To><From>GetCustomFieldsForMaterial.Results{/Rowsets/Rowset/Row[ATTRIBUTE='Z_JLR_ERP_SN_RULE']/VALUE}!=""</From></Assign></IncomingLinks><OutgoingLinks/></Action></Actions></Step></Steps><Actions><Action><Name>Assignment_Material_from_BOM</Name><Description> </Description><IncomingLinks/><OutgoingLinks><Assign xsi:type="Assign"><Name/><Description/><To>Local.Mat_from_BOM</To><From>stringleft(stringright(findAllBOMComponentsByOperation.Response{/common:serviceInvocationResponses/serviceInvocationResponse/responses[productdefinition:assemblyDataTypeRef='#Local.AssemblyDataTypereference#'][#For_Next_Loop_0.CurrentItem#]/productdefinition:componentRef},stringlength(findAllBOMComponentsByOperation.Response{/common:serviceInvocationResponses/serviceInvocationResponse/responses[productdefinition:assemblyDataTypeRef='#Local.AssemblyDataTypereference#'][#For_Next_Loop_0.CurrentItem#]/productdefinition:componentRef})-stringindexof(findAllBOMComponentsByOperation.Response{/common:serviceInvocationResponses/serviceInvocationResponse/responses[productdefinition:assemblyDataTypeRef='#Local.AssemblyDataTypereference#'][#For_Next_Loop_0.CurrentItem#]/productdefinition:componentRef}, ",")),stringindexof(stringright(findAllBOMComponentsByOperation.Response{/common:serviceInvocationResponses/serviceInvocationResponse/responses[productdefinition:assemblyDataTypeRef='#Local.AssemblyDataTypereference#'][#For_Next_Loop_0.CurrentItem#]/productdefinition:componentRef},stringlength(findAllBOMComponentsByOperation.Response{/common:serviceInvocationResponses/serviceInvocationResponse/responses[productdefinition:assemblyDataTypeRef='#Local.AssemblyDataTypereference#'][#For_Next_Loop_0.CurrentItem#]/productdefinition:componentRef})-stringindexof(findAllBOMComponentsByOperation.Response{/common:serviceInvocationResponses/serviceInvocationResponse/responses[productdefinition:assemblyDataTypeRef='#Local.AssemblyDataTypereference#'][#For_Next_Loop_0.CurrentItem#]/productdefinition:componentRef}, ",")), ",")-1)</From></Assign></OutgoingLinks></Action></Actions></Step><Step xsi:type="Catch"><Name>Sequence_72</Name><Description/><Steps><Step xsi:type="ActionSequence"><Name>Sequence_66</Name><Description/><Steps><Step xsi:type="ActionSequence"><Name>Sequence_97</Name><Description/><Steps/><Actions><Action><Name>Event_Logger_8</Name><Description> </Description><IncomingLinks><Assign xsi:type="Assign"><Name/><Description/><To>Event_Logger_8.Message</To><From>"Error: .QueryMessage:CatchMessage:"&amp;Catch_assemblyFail.Message</From></Assign></IncomingLinks><OutgoingLinks/></Action></Actions></Step></Steps><Actions><Action><Name>Assignment_PLC_WB_12</Name><Description> </Description><IncomingLinks/><OutgoingLinks><Assign xsi:type="Assign"><Name/><Description/><To>Local.PLC_WB</To><From>4</From></Assign><Assign xsi:type="Assign"><Name/><Description/><To>For_Next_Loop_0.Break</To><From>1</From></Assign><Assign xsi:type="Assign"><Name/><Description/><To>Transaction.OutputXML{/xml/message}</To><From>"Error: .QueryMessage:CatchMessage:"&amp;Catch_assemblyFail.Message</From></Assign><Assign xsi:type="Assign"><Name/><Description/><To>Transaction.OutputXML{/xml/success}</To><From>"E"</From></Assign><Assign xsi:type="Assign"><Name/><Description/><To>Transaction.OutputXML{/xml/plc_com}</To><From>Local.PLC_WB</From></Assign></OutgoingLinks></Action></Actions></Step></Steps><Actions><Action><Name>Catch_GetCustomFieldsForMaterialFail</Name><Description>Catches an exception</Description><IncomingLinks/><OutgoingLinks/></Action></Actions></Step></Steps><Actions><Action><Name>GetCustomFieldsForMaterial</Name><Description>SQL Query</Description><IncomingLinks><Assign xsi:type="Assign"><Name/><Description/><To>GetCustomFieldsForMaterial.Param.1</To><From>findAllBOMComponentsByOperation.Response{/common:serviceInvocationResponses/serviceInvocationResponse/responses[productdefinition:assemblyDataTypeRef='#Local.AssemblyDataTypereference#'][#For_Next_Loop_0.CurrentItem#]/productdefinition:componentRef}</From></Assign></IncomingLinks><OutgoingLinks/></Action></Actions></Step></Steps><Actions><Action><Name>Assignment_0</Name><Description> </Description><IncomingLinks/><OutgoingLinks><Assign xsi:type="Assign"><Name/><Description/><To>Local.MAT_from_SFC</To><From>""</From></Assign><Assign xsi:type="Assign"><Name/><Description/><To>Local.ERP_SR_from_SFC</To><From>""</From></Assign></OutgoingLinks></Action></Actions></Step></Steps><Actions><Action><Name>For_Next_Loop_0</Name><Description> </Description><IncomingLinks><Assign xsi:type="Assign"><Name/><Description/><To>For_Next_Loop_0.To</To><From>findAllBOMComponentsByOperation.Response{count(/common:serviceInvocationResponses/serviceInvocationResponse/responses[productdefinition:assemblyDataTypeRef='#Local.AssemblyDataTypereference#']/productdefinition:componentRef)}</From></Assign><Assign xsi:type="Assign"><Name/><Description/><To>For_Next_Loop_0.From</To><From>1</From></Assign></IncomingLinks><OutgoingLinks/></Action></Actions></Step><Step xsi:type="ActionSequence"><Name>Sequence_54</Name><Description/><Steps><Step xsi:type="ActionSequence"><Name>Sequence_96</Name><Description/><Steps/><Actions><Action><Name>Event_Logger_7</Name><Description> </Description><IncomingLinks><Assign xsi:type="Assign"><Name/><Description/><To>Event_Logger_7.Message</To><From>"Error: No component available to assemble at the operation "&amp;Local.OperationRef</From></Assign></IncomingLinks><OutgoingLinks/></Action></Actions></Step></Steps><Actions><Action><Name>Assignment_PLC_WB_7</Name><Description> </Description><IncomingLinks/><OutgoingLinks><Assign xsi:type="Assign"><Name/><Description/><To>Local.PLC_WB</To><From>4</From></Assign><Assign xsi:type="Assign"><Name/><Description/><To>Transaction.OutputXML{/xml/message}</To><From>"Error: No component available to assemble at the operation "&amp;Local.OperationRef</From></Assign><Assign xsi:type="Assign"><Name/><Description/><To>Transaction.OutputXML{/xml/success}</To><From>"E"</From></Assign><Assign xsi:type="Assign"><Name/><Description/><To>Transaction.OutputXML{/xml/plc_com}</To><From>Local.PLC_WB</From></Assign></OutgoingLinks></Action></Actions></Step></Steps><Actions><Action><Name>Conditional_NoComponent</Name><Description> </Description><IncomingLinks><Assign xsi:type="Assign"><Name/><Description/><To>Conditional_NoComponent.Input1</To><From>findAllBOMComponentsByOperation.Response{count(/common:serviceInvocationResponses/serviceInvocationResponse/responses[productdefinition:assemblyDataTypeRef='#Local.AssemblyDataTypereference#']/productdefinition:componentRef)}&gt;0</From></Assign></IncomingLinks><OutgoingLinks/></Action></Actions></Step><Step xsi:type="ActionSequence"><Name>Sequence_52</Name><Description/><Steps><Step xsi:type="ActionSequence"><Name>Sequence_95</Name><Description/><Steps/><Actions><Action><Name>Event_Logger_6</Name><Description> </Description><IncomingLinks><Assign xsi:type="Assign"><Name/><Description/><To>Event_Logger_6.Message</To><From>stringif(findAllBOMComponentsByOperation.Success==1, "Error: The Response of API is blank.There is no component to assemble at operation:."&amp;Local.OperationRef,"Error: "&amp; findAllBOMComponentsByOperation.Message)</From></Assign></IncomingLinks><OutgoingLinks/></Action></Actions></Step></Steps><Actions><Action><Name>Assignment_PLC_WB_5</Name><Description> </Description><IncomingLinks/><OutgoingLinks><Assign xsi:type="Assign"><Name/><Description/><To>Local.PLC_WB</To><From>4</From></Assign><Assign xsi:type="Assign"><Name/><Description/><To>Transaction.OutputXML{/xml/message}</To><From>stringif(findAllBOMComponentsByOperation.Success==1, "Error: The Response of API is blank.There is no component to assemble at operation:."&amp;Local.OperationRef,"Error: "&amp; findAllBOMComponentsByOperation.Message)</From></Assign><Assign xsi:type="Assign"><Name/><Description/><To>Transaction.OutputXML{/xml/success}</To><From>"E"</From></Assign><Assign xsi:type="Assign"><Name/><Description/><To>Transaction.OutputXML{/xml/plc_com}</To><From>Local.PLC_WB</From></Assign></OutgoingLinks></Action></Actions></Step></Steps><Actions><Action><Name>Condition_findAllBOMComponentsByOperationFail</Name><Description> </Description><IncomingLinks><Assign xsi:type="Assign"><Name/><Description/><To>Condition_findAllBOMComponentsByOperationFail.Input1</To><From>findAllBOMComponentsByOperation.Success</From></Assign><Assign xsi:type="Assign"><Name/><Description/><To>Condition_findAllBOMComponentsByOperationFail.Input2</To><From>findAllBOMComponentsByOperation.Response{/common:serviceInvocationResponses/serviceInvocationResponse/responses/productdefinition:componentRef}!=""</From></Assign></IncomingLinks><OutgoingLinks/></Action></Actions></Step><Step xsi:type="Catch"><Name>Sequence_85</Name><Description/><Steps><Step xsi:type="ActionSequence"><Name>Sequence_53</Name><Description/><Steps><Step xsi:type="ActionSequence"><Name>Sequence_94</Name><Description/><Steps/><Actions><Action><Name>Event_Logger_5</Name><Description> </Description><IncomingLinks><Assign xsi:type="Assign"><Name/><Description/><To>Event_Logger_5.Message</To><From>"Error: APIMessage:"&amp;findAllBOMComponentsByOperation.Message&amp;"CatchMessage:"&amp;Catch_findAllBOMComponentsByOperationFail.Message</From></Assign></IncomingLinks><OutgoingLinks/></Action></Actions></Step></Steps><Actions><Action><Name>Assignment_PLC_WB_6</Name><Description> </Description><IncomingLinks/><OutgoingLinks><Assign xsi:type="Assign"><Name/><Description/><To>Local.PLC_WB</To><From>4</From></Assign></OutgoingLinks></Action></Actions></Step></Steps><Actions><Action><Name>Catch_findAllBOMComponentsByOperationFail</Name><Description>Catches an exception</Description><IncomingLinks/><OutgoingLinks/></Action></Actions></Step></Steps><Actions><Action><Name>findAllBOMComponentsByOperation</Name><Description>SAPME PAPI Interface</Description><IncomingLinks><Assign xsi:type="Assign"><Name/><Description/><To>findAllBOMComponentsByOperation.Site</To><From>Persistent.SAPME_Site</From></Assign><Assign xsi:type="Assign"><Name/><Description/><To>findAllBOMComponentsByOperation.CredentialAlias</To><From>Persistent.SAP_ME_CredentialAlias</From></Assign><Assign xsi:type="Assign"><Name/><Description/><To>findAllBOMComponentsByOperation.Request{/common:serviceInvocationRequests/common:serviceInvocationRequest/requests/productdefinition:operationRef}</To><From>Local.OperationRef</From></Assign><Assign xsi:type="Assign"><Name/><Description/><To>findAllBOMComponentsByOperation.Request{/common:serviceInvocationRequests/common:serviceInvocationRequest/requests/productdefinition:bomRef}</To><From>FindBOMBySFC.Response{/common:serviceInvocationResponses/serviceInvocationResponse/responses/ref}</From></Assign><Assign xsi:type="Assign"><Name/><Description/><To>findAllBOMComponentsByOperation.Request{/common:serviceInvocationRequests/common:serviceInvocationRequest/requests/productdefinition:sfcQty}</To><From>1</From></Assign></IncomingLinks><OutgoingLinks/></Action></Actions></Step><Step xsi:type="ActionSequence"><Name>Sequence_50</Name><Description/><Steps><Step xsi:type="ActionSequence"><Name>Sequence_93</Name><Description/><Steps/><Actions><Action><Name>Event_Logger_4</Name><Description> </Description><IncomingLinks><Assign xsi:type="Assign"><Name/><Description/><To>Event_Logger_4.Message</To><From>stringif(FindBOMBySFC.Success==1, "Error: The Response of the API is blank", "Error: "&amp;FindBOMBySFC.Message)</From></Assign></IncomingLinks><OutgoingLinks/></Action></Actions></Step></Steps><Actions><Action><Name>Assignment_PLC_WB_3</Name><Description> </Description><IncomingLinks/><OutgoingLinks><Assign xsi:type="Assign"><Name/><Description/><To>Local.PLC_WB</To><From>4</From></Assign><Assign xsi:type="Assign"><Name/><Description/><To>Transaction.OutputXML{/xml/message}</To><From>stringif(FindBOMBySFC.Success==1, "Error: The Response of the API is blank", "Error: "&amp;FindBOMBySFC.Message)</From></Assign><Assign xsi:type="Assign"><Name/><Description/><To>Transaction.OutputXML{/xml/success}</To><From>"E"</From></Assign><Assign xsi:type="Assign"><Name/><Description/><To>Transaction.OutputXML{/xml/plc_com}</To><From>Local.PLC_WB</From></Assign></OutgoingLinks></Action></Actions></Step></Steps><Actions><Action><Name>Condition_FindBOM</Name><Description> </Description><IncomingLinks><Assign xsi:type="Assign"><Name/><Description/><To>Condition_FindBOM.Input1</To><From>FindBOMBySFC.Success</From></Assign><Assign xsi:type="Assign"><Name/><Description/><To>Condition_FindBOM.Input2</To><From>FindBOMBySFC.Response{/common:serviceInvocationResponses/serviceInvocationResponse/responses/ref}!=""</From></Assign></IncomingLinks><OutgoingLinks/></Action></Actions></Step><Step xsi:type="Catch"><Name>Sequence_99</Name><Description/><Steps><Step xsi:type="ActionSequence"><Name>Sequence_51</Name><Description/><Steps><Step xsi:type="ActionSequence"><Name>Sequence_91</Name><Description/><Steps/><Actions><Action><Name>Event_Logger_3</Name><Description> </Description><IncomingLinks><Assign xsi:type="Assign"><Name/><Description/><To>Event_Logger_3.Message</To><From>"Error: APIMessage:"&amp;FindBOMBySFC.Message&amp;"CatchMessage:"&amp;Catch_FindBOMException.Message</From></Assign></IncomingLinks><OutgoingLinks/></Action></Actions></Step></Steps><Actions><Action><Name>Assignment_PLC_WB_4</Name><Description> </Description><IncomingLinks/><OutgoingLinks><Assign xsi:type="Assign"><Name/><Description/><To>Local.PLC_WB</To><From>4</From></Assign><Assign xsi:type="Assign"><Name/><Description/><To>Transaction.OutputXML{/xml/message}</To><From>"Error: APIMessage:"&amp;FindBOMBySFC.Message&amp;"CatchMessage:"&amp;Catch_FindBOMException.Message</From></Assign><Assign xsi:type="Assign"><Name/><Description/><To>Transaction.OutputXML{/xml/success}</To><From>"E"</From></Assign><Assign xsi:type="Assign"><Name/><Description/><To>Transaction.OutputXML{/xml/plc_com}</To><From>Local.PLC_WB</From></Assign></OutgoingLinks></Action></Actions></Step></Steps><Actions><Action><Name>Catch_FindBOMException</Name><Description>Catches an exception</Description><IncomingLinks/><OutgoingLinks/></Action></Actions></Step></Steps><Actions><Action><Name>FindBOMBySFC</Name><Description>SAPME PAPI Interface</Description><IncomingLinks><Assign xsi:type="Assign"><Name/><Description/><To>FindBOMBySFC.Site</To><From>Persistent.SAPME_Site</From></Assign><Assign xsi:type="Assign"><Name/><Description/><To>FindBOMBySFC.CredentialAlias</To><From>Persistent.SAP_ME_CredentialAlias</From></Assign><Assign xsi:type="Assign"><Name/><Description/><To>FindBOMBySFC.Request{/common:serviceInvocationRequests/common:serviceInvocationRequest/requests/ref}</To><From>Local.SFCRef</From></Assign></IncomingLinks><OutgoingLinks/></Action></Actions></Step></Steps><Actions><Action><Name>Assignment_ResourceOperation</Name><Description> </Description><IncomingLinks/><OutgoingLinks><Assign xsi:type="Assign"><Name/><Description/><To>Local.ResourceRef</To><From>Transaction_Call_GetResourceOperation.ResourceReference</From></Assign><Assign xsi:type="Assign"><Name/><Description/><To>Local.OperationRef</To><From>Transaction_Call_GetResourceOperation.OperationReference</From></Assign></OutgoingLinks></Action></Actions></Step><Step xsi:type="ActionSequence"><Name>Sequence_13</Name><Description/><Steps><Step xsi:type="ActionSequence"><Name>Sequence_19</Name><Description/><Steps><Step xsi:type="ActionSequence"><Name>Sequence_90</Name><Description/><Steps/><Actions><Action><Name>Event_Logger_2</Name><Description> </Description><IncomingLinks><Assign xsi:type="Assign"><Name/><Description/><To>Event_Logger_2.Message</To><From>stringif(GetResourceOperationTransactionCallFail.Input1==1,"Error in fetching Resource/Tool Number for Facility ID: "&amp;Local.FacilityID,"Error: Transaction Call Message:"&amp;Transaction_Call_GetResourceOperation.LastErrorMessage)</From></Assign></IncomingLinks><OutgoingLinks/></Action></Actions></Step></Steps><Actions><Action><Name>Assignment_PLC_WB_1</Name><Description> </Description><IncomingLinks/><OutgoingLinks><Assign xsi:type="Assign"><Name/><Description/><To>Local.PLC_WB</To><From>4</From></Assign><Assign xsi:type="Assign"><Name/><Description/><To>Transaction.OutputXML{/xml/message}</To><From>stringif(GetResourceOperationTransactionCallFail.Input1==1,"Error in fetching Resource/Tool Number for Facility ID: "&amp;Local.FacilityID,"Error: Transaction Call Message:"&amp;Transaction_Call_GetResourceOperation.LastErrorMessage)</From></Assign><Assign xsi:type="Assign"><Name/><Description/><To>Transaction.OutputXML{/xml/success}</To><From>"E"</From></Assign><Assign xsi:type="Assign"><Name/><Description/><To>Transaction.OutputXML{/xml/plc_com}</To><From>Local.PLC_WB</From></Assign></OutgoingLinks></Action></Actions></Step></Steps><Actions/></Step></Steps><Actions><Action><Name>GetResourceOperationTransactionCallFail</Name><Description> </Description><IncomingLinks><Assign xsi:type="Assign"><Name/><Description/><To>GetResourceOperationTransactionCallFail.Input1</To><From>Transaction_Call_GetResourceOperation.Success</From></Assign><Assign xsi:type="Assign"><Name/><Description/><To>GetResourceOperationTransactionCallFail.Input2</To><From>Transaction_Call_GetResourceOperation.IfResourceOrToolNumberFound==true</From></Assign></IncomingLinks><OutgoingLinks/></Action></Actions></Step><Step xsi:type="Catch"><Name>Sequence_56</Name><Description/><Steps><Step xsi:type="ActionSequence"><Name>Sequence_49</Name><Description/><Steps><Step xsi:type="ActionSequence"><Name>Sequence_89</Name><Description/><Steps/><Actions><Action><Name>Event_Logger_1</Name><Description> </Description><IncomingLinks><Assign xsi:type="Assign"><Name/><Description/><To>Event_Logger_1.Message</To><From>"Error: Catch Message:"&amp;Catch_GetResourceOperationUsingTransactionCallFail.Message</From></Assign></IncomingLinks><OutgoingLinks/></Action></Actions></Step></Steps><Actions><Action><Name>Assignment_PLC_WB_2</Name><Description> </Description><IncomingLinks/><OutgoingLinks><Assign xsi:type="Assign"><Name/><Description/><To>Local.PLC_WB</To><From>4</From></Assign></OutgoingLinks></Action></Actions></Step></Steps><Actions><Action><Name>Catch_GetResourceOperationUsingTransactionCallFail</Name><Description>Catches an exception</Description><IncomingLinks/><OutgoingLinks/></Action></Actions></Step></Steps><Actions><Action><Name>Transaction_Call_GetResourceOperation</Name><Description> </Description><IncomingLinks><Assign xsi:type="Assign"><Name/><Description/><To>Transaction_Call_GetResourceOperation.FacilityId</To><From>Local.FacilityID</From></Assign></IncomingLinks><OutgoingLinks/></Action></Actions></Step><Step xsi:type="ActionSequence"><Name>Sequence_12</Name><Description/><Steps><Step xsi:type="ActionSequence"><Name>Sequence_87</Name><Description/><Steps/><Actions><Action><Name>Event_Logger_0</Name><Description> </Description><IncomingLinks><Assign xsi:type="Assign"><Name/><Description/><To>Event_Logger_0.Message</To><From>"Error : Input Parameters are missing."&amp;"Facility ID:"&amp;Transaction.Input_XML{/NotificationMessage/Body/Values/facilityid}&amp;"PART ID:"&amp;Transaction.Input_XML{/NotificationMessage/Body/Values/partid}&amp;"SUPCOMPARTID:"&amp;Transaction.Input_XML{/NotificationMessage/Body/Values/supcompartid}</From></Assign></IncomingLinks><OutgoingLinks/></Action></Actions></Step></Steps><Actions><Action><Name>Assignment_PLC_WB_0</Name><Description> </Description><IncomingLinks/><OutgoingLinks><Assign xsi:type="Assign"><Name/><Description/><To>Local.PLC_WB</To><From>4</From></Assign><Assign xsi:type="Assign"><Name/><Description/><To>Transaction.OutputXML{/xml/message}</To><From>"Error : Input Parameters are missing."&amp;"Facility ID:"&amp;Transaction.Input_XML{/NotificationMessage/Body/Values/facilityid}&amp;"PART ID:"&amp;Transaction.Input_XML{/NotificationMessage/Body/Values/partid}&amp;"SUPCOMPARTID:"&amp;Transaction.Input_XML{/NotificationMessage/Body/Values/supcompartid}</From></Assign><Assign xsi:type="Assign"><Name/><Description/><To>Transaction.OutputXML{/xml/success}</To><From>"E"</From></Assign></OutgoingLinks></Action></Actions></Step></Steps><Actions><Action><Name>Check_Input_Parameters</Name><Description> Facility ID, Part ID, Supcompart ID</Description><IncomingLinks><Assign xsi:type="Assign"><Name/><Description/><To>Check_Input_Parameters.Input1</To><From>(stringtrim(Transaction.Input_XML{/NotificationMessage/Body/Values/facilityid})!=0)&amp;&amp;(stringtrim(Transaction.Input_XML{/NotificationMessage/Body/Values/facilityid})!="")</From></Assign><Assign xsi:type="Assign"><Name/><Description/><To>Check_Input_Parameters.Input2</To><From>stringtrim(Transaction.Input_XML{/NotificationMessage/Body/Values/partid})!=""</From></Assign><Assign xsi:type="Assign"><Name/><Description/><To>Check_Input_Parameters.Input3</To><From>stringtrim(Transaction.Input_XML{/NotificationMessage/Body/Values/supcompartid})!=""</From></Assign></IncomingLinks><OutgoingLinks/></Action></Actions></Step></Steps><Actions><Action><Name>ParsingVariables</Name><Description> </Description><IncomingLinks/><OutgoingLinks><Assign xsi:type="Assign"><Name/><Description/><To>Local.SFCRef</To><From>"SFCBO:"&amp;Persistent.SAPME_Site&amp;","&amp;stringtrim(Transaction.Input_XML{/NotificationMessage/Body/Values/partid})</From></Assign><Assign xsi:type="Assign"><Name/><Description/><To>Local.FacilityID</To><From>stringtrim(Transaction.Input_XML{/NotificationMessage/Body/Values/facilityid})</From></Assign><Assign xsi:type="Assign"><Name/><Description/><To>Local.AssemblyDataTypereference</To><From>"DataTypeBO:"&amp;Persistent.SAPME_Site&amp;",ASSEMBLY,ERP_SERIAL_NUMBER"</From></Assign><Assign xsi:type="Assign"><Name/><Description/><To>Local.TRBL_HANDLE</To><From>"TrblTrcbltyBO:"&amp;Persistent.SAPME_Site&amp;","&amp;Transaction.Input_XML{/NotificationMessage/Body/Values/facilityid}&amp;"_"&amp;Transaction.Input_XML{/NotificationMessage/Header/ID}</From></Assign><Assign xsi:type="Assign"><Name/><Description/><To>Local.ItemSubCompartID</To><From>stringtrim(Transaction.Input_XML{/NotificationMessage/Body/Values/subcompartid})</From></Assign><Assign xsi:type="Assign"><Name/><Description/><To>Local.ItemSupCompartID</To><From>stringtrim(Transaction.Input_XML{/NotificationMessage/Body/Values/supcompartid})</From></Assign><Assign xsi:type="Assign"><Name/><Description/><To>Local.ItemSubCompartIdRef</To><From>Local.ItemSubCompartID&amp;","</From></Assign><Assign xsi:type="Assign"><Name/><Description/><To>Local.HeaderId</To><From>Transaction.Input_XML{/NotificationMessage/Header/ID}</From></Assign><Assign xsi:type="Assign"><Name/><Description/><To>Local.inPcoServer</To><From>stringtrim(Transaction.Input_XML{/NotificationMessage/Body/Values/pcoserver})</From></Assign><Assign xsi:type="Assign"><Name/><Description/><To>Local.TagID</To><From>stringtrim(Transaction.Input_XML{/NotificationMessage/Body/Values/tagid})</From></Assign></OutgoingLinks></Action></Actions></Step><Step xsi:type="ActionSequence"><Name>CopyOfWB PLCCOM</Name><Description/><Steps><Step xsi:type="ActionSequence"><Name>Sequence_80</Name><Description/><Steps><Step xsi:type="Catch"><Name>Sequence_81</Name><Description/><Steps><Step xsi:type="ActionSequence"><Name>Sequence_82</Name><Description/><Steps><Step xsi:type="ActionSequence"><Name>Sequence_16</Name><Description/><Steps/><Actions><Action><Name>Assign_failmsg</Name><Description> </Description><IncomingLinks/><OutgoingLinks><Assign xsi:type="Assign"><Name/><Description/><To>Transaction.OutputXML{/xml/message}</To><From>"Error: "&amp;Local.TrxName&amp;"."&amp;TraceabilityWBDataTrx_1.TransactionName&amp;"call Failed. Message:"&amp;TraceabilityWBDataTrx_1.LastErrorMessage</From></Assign><Assign xsi:type="Assign"><Name/><Description/><To>Transaction.OutputXML{/xml/success}</To><From>"E"</From></Assign><Assign xsi:type="Assign"><Name/><Description/><To>Transaction.OutputXML{/xml/plc_com}</To><From>Local.PLC_WB</From></Assign></OutgoingLinks></Action></Actions></Step></Steps><Actions><Action><Name>Event_Logger_Transaction_Call_TraceabilityWBDataTrx_Fail_2</Name><Description> </Description><IncomingLinks><Assign xsi:type="Assign"><Name/><Description/><To>Event_Logger_Transaction_Call_TraceabilityWBDataTrx_Fail_2.Message</To><From>"Error: "&amp;Local.TrxName&amp;"."&amp;TraceabilityWBDataTrx_1.TransactionName&amp;"call Failed. Message:"&amp;TraceabilityWBDataTrx_1.LastErrorMessage</From></Assign></IncomingLinks><OutgoingLinks/></Action></Actions></Step></Steps><Actions><Action><Name>Catch_7</Name><Description>Catches an exception</Description><IncomingLinks/><OutgoingLinks/></Action></Actions></Step></Steps><Actions><Action><Name>TraceabilityWBDataTrx_0</Name><Description> </Description><IncomingLinks><Assign xsi:type="Assign"><Name/><Description/><To>TraceabilityWBDataTrx_0.TRBL_HANDLE</To><From>"TrblTrcbltyBO:"&amp;Persistent.SAPME_Site&amp;","&amp;Local.FacilityID&amp;"_"&amp;Local.HeaderId</From></Assign><Assign xsi:type="Assign"><Name/><Description/><To>TraceabilityWBDataTrx_0.PLCCOM_WB_VAL</To><From>Local.PLC_WB</From></Assign></IncomingLinks><OutgoingLinks/></Action></Actions></Step></Steps><Actions/></Step></Steps><Actions/></Step></Steps></Transaction>