<?xml version="1.0" encoding="UTF-8" standalone="no"?><Transaction xmlns:xsd="http://www.w3.org/2001/XMLSchema" xmlns:xsi="http://www.w3.org/2001/XMLSchema-instance" Version="15.1.5.15"><TransactionAttributes><ContextItem><Name>Description</Name><Description>Transaction Description</Description><MinRange>0</MinRange><MaxRange>0</MaxRange><Value xsi:type="string"/><ReadOnly>true</ReadOnly><AlertXMLAssigned>false</AlertXMLAssigned></ContextItem><ContextItem><Name>Comments</Name><Description>User Comments</Description><MinRange>0</MinRange><MaxRange>0</MaxRange><Value xsi:type="string"/><ReadOnly>true</ReadOnly><AlertXMLAssigned>false</AlertXMLAssigned></ContextItem><ContextItem><Name>CreatedBy</Name><Description>Created By</Description><MinRange>0</MinRange><MaxRange>0</MaxRange><Value xsi:type="string">NGOWREES</Value><ReadOnly>true</ReadOnly><AlertXMLAssigned>false</AlertXMLAssigned></ContextItem><ContextItem><Name>CreationDate</Name><Description>Creation Date</Description><MinRange>0</MinRange><MaxRange>0</MaxRange><Value xsi:type="dateTime">2014-03-21T07:30:51</Value><ReadOnly>true</ReadOnly><AlertXMLAssigned>false</AlertXMLAssigned></ContextItem><ContextItem><Name>Category</Name><Description>Transaction Category</Description><MinRange>0</MinRange><MaxRange>0</MaxRange><Value xsi:type="string"/><ReadOnly>true</ReadOnly><AlertXMLAssigned>false</AlertXMLAssigned></ContextItem><ContextItem><Name>Status</Name><Description>Deployment Status</Description><MinRange>0</MinRange><MaxRange>0</MaxRange><Value xsi:type="string">DEVELOPMENT</Value><ReadOnly>true</ReadOnly><AlertXMLAssigned>false</AlertXMLAssigned></ContextItem><ContextItem><Name>LegacyProcessingMode</Name><Description>Support the pre MII 12.1 Transaction Engine.</Description><MinRange>0</MinRange><MaxRange>0</MaxRange><Value xsi:type="boolean">0</Value><ReadOnly>true</ReadOnly><AlertXMLAssigned>false</AlertXMLAssigned></ContextItem><ContextItem><Name>AutoAppendBlankNamespaces</Name><Description>AutoAppendBlankNamespaces</Description><MinRange>0</MinRange><MaxRange>0</MaxRange><Value xsi:type="boolean">1</Value><ReadOnly>true</ReadOnly><AlertXMLAssigned>false</AlertXMLAssigned></ContextItem><ContextItem><Name>ThrowOnLinkError</Name><Description>Throws an exception when a link error occures</Description><MinRange>0</MinRange><MaxRange>0</MaxRange><Value xsi:type="boolean">0</Value><ReadOnly>true</ReadOnly><AlertXMLAssigned>false</AlertXMLAssigned></ContextItem><ContextItem><Name>ThrowOnActionError</Name><Description>Throws an exception when an action error occurs</Description><MinRange>0</MinRange><MaxRange>0</MaxRange><Value xsi:type="boolean">1</Value><ReadOnly>true</ReadOnly><AlertXMLAssigned>false</AlertXMLAssigned></ContextItem><ContextItem><Name>LastEditedBy</Name><Description>Last Edited By</Description><MinRange>0</MinRange><MaxRange>0</MaxRange><Value xsi:type="xsd:string">vvenka15</Value><ReadOnly>true</ReadOnly><AlertXMLAssigned>false</AlertXMLAssigned></ContextItem><ContextItem><Name>LastEditedDate</Name><Description>Last Edited Date</Description><MinRange>0</MinRange><MaxRange>0</MaxRange><Value xsi:type="xsd:dateTime">2024-04-03T12:42:17</Value><ReadOnly>true</ReadOnly><AlertXMLAssigned>false</AlertXMLAssigned></ContextItem><ContextItem><Name>FormatXMLOnConversion</Name><Description>By default XML will be formatted when assigned from XML data type to String data type. This behaviour can be changed with this flag.</Description><MinRange>0</MinRange><MaxRange>0</MaxRange><Value xsi:type="boolean">1</Value><ReadOnly>true</ReadOnly><AlertXMLAssigned>false</AlertXMLAssigned></ContextItem></TransactionAttributes><Name>ProductionSupport/Venky/Manualtraceabilty/MainTransaction/Quality/QualityAssemblyTrx</Name><Version>796</Version><WriterRoles>SAP_XMII_Super_Administrator,SAP_XMII_Administrator,SAP_XMII_Developer</WriterRoles><Context><ContextItem><Name>EventLoggerFlag</Name><Description/><MinRange>0</MinRange><MaxRange>0</MaxRange><Value xsi:type="boolean">0</Value><ReadOnly>false</ReadOnly><AlertXMLAssigned>false</AlertXMLAssigned></ContextItem><ContextItem><Name>Input_XML</Name><Description/><MinRange>0</MinRange><MaxRange>0</MaxRange><Value xsi:type="xml"><ReferenceDocumentSource/>&lt;?xml version="1.0" encoding="UTF-8"?&gt;&lt;NotificationMessage&gt;&#13;
  &lt;Header&gt;&#13;
    &lt;Name&gt;SOT_QUALITY&lt;/Name&gt;&#13;
    &lt;Description/&gt;&#13;
    &lt;Destination&gt;PCOMonitoring&lt;/Destination&gt;&#13;
    &lt;CreatedDate&gt;2024-04-02T06:35:30&lt;/CreatedDate&gt;&#13;
    &lt;ID&gt;843d2d1c-7030-4bb3-a2cb-ac73cad68671&lt;/ID&gt;&#13;
    &lt;Status&gt;Created&lt;/Status&gt;&#13;
  &lt;/Header&gt;&#13;
  &lt;Body&gt;&#13;
    &lt;Values&gt;&#13;
      &lt;pcoserver quality="None" timeStamp="0001-01-01T00:00:00.0000000" type="xsd:string"&gt;NC11_ASY2&lt;/pcoserver&gt;&#13;
      &lt;tagid quality="None" timeStamp="0001-01-01T00:00:00.0000000" type="xsd:string"&gt;NC11_OP1030_Q_9715.OP1030.9715-Q&lt;/tagid&gt;&#13;
      &lt;partselcount quality="None" timeStamp="0001-01-01T00:00:00.0000000" type="xsd:string"&gt;10&lt;/partselcount&gt;&#13;
      &lt;partid quality="None" timeStamp="0001-01-01T00:00:00.0000000" type="xsd:string"&gt;10204259&lt;/partid&gt;&#13;
      &lt;facilityid quality="None" timeStamp="0001-01-01T00:00:00.0000000" type="xsd:string"&gt;9715&lt;/facilityid&gt;&#13;
      &lt;plctimestamp quality="None" timeStamp="0001-01-01T00:00:00.0000000" type="xsd:string"&gt;2024-04-03T10:37:25&lt;/plctimestamp&gt;&#13;
      &lt;procstat quality="None" timeStamp="0001-01-01T00:00:00.0000000" type="xsd:string"/&gt;&#13;
      &lt;partselect1 quality="None" timeStamp="0001-01-01T00:00:00.0000000" type="xsd:string"&gt;31&lt;/partselect1&gt;&#13;
      &lt;site quality="None" timeStamp="0001-01-01T00:00:00.0000000" type="xsd:string"&gt;1020&lt;/site&gt;&#13;
      &lt;plccom quality="None" timeStamp="0001-01-01T00:00:00.0000000" type="xsd:string"&gt;0&lt;/plccom&gt;&#13;
      &lt;partselect2 quality="None" timeStamp="0001-01-01T00:00:00.0000000" type="xsd:string"&gt;41&lt;/partselect2&gt;&#13;
      &lt;partselect3 quality="None" timeStamp="0001-01-01T00:00:00.0000000" type="xsd:string"&gt;41&lt;/partselect3&gt;&#13;
      &lt;partselect4 quality="None" timeStamp="0001-01-01T00:00:00.0000000" type="xsd:string"&gt;42&lt;/partselect4&gt;&#13;
      &lt;partselect5 quality="None" timeStamp="0001-01-01T00:00:00.0000000" type="xsd:string"&gt;42&lt;/partselect5&gt;&#13;
      &lt;partselect6 quality="None" timeStamp="0001-01-01T00:00:00.0000000" type="xsd:string"&gt;37&lt;/partselect6&gt;&#13;
      &lt;partselect7 quality="None" timeStamp="0001-01-01T00:00:00.0000000" type="xsd:string"&gt;47&lt;/partselect7&gt;&#13;
      &lt;partselect8 quality="None" timeStamp="0001-01-01T00:00:00.0000000" type="xsd:string"&gt;45&lt;/partselect8&gt;&#13;
      &lt;partselect9 quality="None" timeStamp="0001-01-01T00:00:00.0000000" type="xsd:string"&gt;45&lt;/partselect9&gt;&#13;
      &lt;partselect10 quality="None" timeStamp="0001-01-01T00:00:00.0000000" type="xsd:string"&gt;47&lt;/partselect10&gt;&#13;
      &lt;main_bearingshell1 quality="None" timeStamp="0001-01-01T00:00:00.0000000" type="xsd:string"&gt;0112345678&lt;/main_bearingshell1&gt;&#13;
      &lt;main_bearingshell2 quality="None" timeStamp="0001-01-01T00:00:00.0000000" type="xsd:string"&gt;0212345678&lt;/main_bearingshell2&gt;&#13;
      &lt;main_bearingshell3 quality="None" timeStamp="0001-01-01T00:00:00.0000000" type="xsd:string"&gt;0312345678&lt;/main_bearingshell3&gt;&#13;
      &lt;main_bearingshell4 quality="None" timeStamp="0001-01-01T00:00:00.0000000" type="xsd:string"&gt;0412345678&lt;/main_bearingshell4&gt;&#13;
      &lt;main_bearingshell5 quality="None" timeStamp="0001-01-01T00:00:00.0000000" type="xsd:string"&gt;0512345678&lt;/main_bearingshell5&gt;&#13;
      &lt;main_bearingshell6 quality="None" timeStamp="0001-01-01T00:00:00.0000000" type="xsd:string"&gt;0612345678&lt;/main_bearingshell6&gt;&#13;
      &lt;main_bearingshell7 quality="None" timeStamp="0001-01-01T00:00:00.0000000" type="xsd:string"&gt;0712345678&lt;/main_bearingshell7&gt;&#13;
      &lt;main_bearingshell8 quality="None" timeStamp="0001-01-01T00:00:00.0000000" type="xsd:string"&gt;0812345678&lt;/main_bearingshell8&gt;&#13;
      &lt;main_bearingshell9 quality="None" timeStamp="0001-01-01T00:00:00.0000000" type="xsd:string"&gt;0912345678&lt;/main_bearingshell9&gt;&#13;
      &lt;main_bearingshell10 quality="None" timeStamp="0001-01-01T00:00:00.0000000" type="xsd:string"&gt;1012345678&lt;/main_bearingshell10&gt;&#13;
    &lt;/Values&gt;&#13;
  &lt;/Body&gt;&#13;
  &lt;Faults/&gt;&#13;
&lt;/NotificationMessage&gt;</Value><SchemaURI/><SchemaElement/><ValidateXMLOnExecution>1</ValidateXMLOnExecution><ReadOnly>false</ReadOnly><AlertXMLAssigned>false</AlertXMLAssigned></ContextItem></Context><Local><ContextItem><Name>DatablockIdentifier</Name><Description/><MinRange>0</MinRange><MaxRange>0</MaxRange><Value xsi:type="string"/><ReadOnly>false</ReadOnly><AlertXMLAssigned>false</AlertXMLAssigned></ContextItem><ContextItem><Name>DCGroup</Name><Description/><MinRange>0</MinRange><MaxRange>0</MaxRange><Value xsi:type="string">QUALITY</Value><ReadOnly>false</ReadOnly><AlertXMLAssigned>false</AlertXMLAssigned></ContextItem><ContextItem><Name>FacilityId</Name><Description/><MinRange>0</MinRange><MaxRange>0</MaxRange><Value xsi:type="string"/><ReadOnly>false</ReadOnly><AlertXMLAssigned>false</AlertXMLAssigned></ContextItem><ContextItem><Name>formattedPlcTimeStamp</Name><Description>Formatted timestamp to be used in calling PAPI in MII</Description><MinRange>0</MinRange><MaxRange>0</MaxRange><Value xsi:type="string"/><ReadOnly>false</ReadOnly><AlertXMLAssigned>false</AlertXMLAssigned></ContextItem><ContextItem><Name>formattedPlcTimeStampJava</Name><Description>Formatted PLC timestamp to be used in JAVA Code</Description><MinRange>0</MinRange><MaxRange>0</MaxRange><Value xsi:type="string"/><ReadOnly>false</ReadOnly><AlertXMLAssigned>false</AlertXMLAssigned></ContextItem><ContextItem><Name>IP_Address</Name><Description/><MinRange>0</MinRange><MaxRange>0</MaxRange><Value xsi:type="string"/><ReadOnly>false</ReadOnly><AlertXMLAssigned>false</AlertXMLAssigned></ContextItem><ContextItem><Name>OperationRef</Name><Description/><MinRange>0</MinRange><MaxRange>0</MaxRange><Value xsi:type="string"/><ReadOnly>false</ReadOnly><AlertXMLAssigned>false</AlertXMLAssigned></ContextItem><ContextItem><Name>ParametricMeasureList</Name><Description/><MinRange>0</MinRange><MaxRange>0</MaxRange><Value xsi:type="xml"><ReferenceDocumentSource/>&lt;?xml version="1.0" encoding="UTF-8"?&gt;&lt;datacollection:parametricMeasureList xmlns:datacollection="http://www.sap.com/me/datacollection"&gt;&#13;
          &lt;datacollection:measureName/&gt;&#13;
          &lt;datacollection:measureGroup&gt;QUALITY&lt;/datacollection:measureGroup&gt;&#13;
	  &lt;datacollection:measureStatus&gt;PASS&lt;/datacollection:measureStatus&gt;&#13;
          &lt;datacollection:dataType&gt;TEXT&lt;/datacollection:dataType&gt;&#13;
          &lt;datacollection:actual/&gt;&#13;
          &lt;datacollection:existingPMRecord&gt;false&#13;
&lt;/datacollection:existingPMRecord&gt;&#13;
&lt;datacollection:testDateTime/&gt;&#13;
&lt;/datacollection:parametricMeasureList&gt;</Value><SchemaURI/><SchemaElement/><ValidateXMLOnExecution>1</ValidateXMLOnExecution><ReadOnly>false</ReadOnly><AlertXMLAssigned>false</AlertXMLAssigned></ContextItem><ContextItem><Name>ParametricRequestList</Name><Description/><MinRange>0</MinRange><MaxRange>0</MaxRange><Value xsi:type="xml"><ReferenceDocumentSource/>&lt;?xml version="1.0" encoding="UTF-8"?&gt;&lt;common:serviceInvocationRequests xmlns:common="http://www.sap.com/me/common" xmlns:datacollection="http://www.sap.com/me/datacollection"&gt;&#13;
  &lt;common:serviceInvocationRequest&gt;&#13;
    &lt;moduleId&gt;com.sap.me.datacollection&lt;/moduleId&gt;&#13;
    &lt;serviceName&gt;DataCollectionService&lt;/serviceName&gt;&#13;
    &lt;methodName&gt;createMultipleParametricData&lt;/methodName&gt;&#13;
    &lt;requests xmlns:xsi="http://www.w3.org/2001/XMLSchema-instance" xsi:type="datacollection:CreateMultipleParametricRequest"&gt;&#13;
      &lt;datacollection:parametricRequestList&gt;&#13;
        &lt;datacollection:gboRef/&gt;&#13;
        &lt;datacollection:resourceRef/&gt;&#13;
        &lt;datacollection:type&gt;&#13;
MANUAL&lt;/datacollection:type&gt;&#13;
        &lt;datacollection:testStatus&gt;&#13;
PASS&lt;/datacollection:testStatus&gt;&#13;
        &lt;datacollection:testPassed&gt;&#13;
true&lt;/datacollection:testPassed&gt;&#13;
        &lt;datacollection:userRef/&gt;&#13;
        &lt;datacollection:operationRef/&gt;&#13;
        &lt;datacollection:validate&gt;&#13;
false&lt;/datacollection:validate&gt;&#13;
      &lt;/datacollection:parametricRequestList&gt;&#13;
    &lt;/requests&gt;&#13;
  &lt;/common:serviceInvocationRequest&gt;&#13;
&lt;/common:serviceInvocationRequests&gt;</Value><SchemaURI/><SchemaElement/><ValidateXMLOnExecution>1</ValidateXMLOnExecution><ReadOnly>false</ReadOnly><AlertXMLAssigned>false</AlertXMLAssigned></ContextItem><ContextItem><Name>PCoDataServer</Name><Description/><MinRange>0</MinRange><MaxRange>0</MaxRange><Value xsi:type="string"/><ReadOnly>false</ReadOnly><AlertXMLAssigned>false</AlertXMLAssigned></ContextItem><ContextItem><Name>PCoServer</Name><Description/><MinRange>0</MinRange><MaxRange>0</MaxRange><Value xsi:type="string"/><ReadOnly>false</ReadOnly><AlertXMLAssigned>false</AlertXMLAssigned></ContextItem><ContextItem><Name>PCoTagNameList</Name><Description/><MinRange>0</MinRange><MaxRange>0</MaxRange><Value xsi:type="string"/><ReadOnly>false</ReadOnly><AlertXMLAssigned>false</AlertXMLAssigned></ContextItem><ContextItem><Name>PCoTagValueList</Name><Description/><MinRange>0</MinRange><MaxRange>0</MaxRange><Value xsi:type="string"/><ReadOnly>false</ReadOnly><AlertXMLAssigned>false</AlertXMLAssigned></ContextItem><ContextItem><Name>PLC_COM_Reset</Name><Description>PLC COM Reset Flag</Description><MinRange>0</MinRange><MaxRange>0</MaxRange><Value xsi:type="boolean">1</Value><ReadOnly>false</ReadOnly><AlertXMLAssigned>false</AlertXMLAssigned></ContextItem><ContextItem><Name>plccom</Name><Description>By Default 0</Description><MinRange>0</MinRange><MaxRange>0</MaxRange><Value xsi:type="integer">0</Value><ReadOnly>false</ReadOnly><AlertXMLAssigned>false</AlertXMLAssigned></ContextItem><ContextItem><Name>Quantity</Name><Description/><MinRange>0</MinRange><MaxRange>0</MaxRange><Value xsi:type="integer">0</Value><ReadOnly>false</ReadOnly><AlertXMLAssigned>false</AlertXMLAssigned></ContextItem><ContextItem><Name>ResourceRef</Name><Description/><MinRange>0</MinRange><MaxRange>0</MaxRange><Value xsi:type="string"/><ReadOnly>false</ReadOnly><AlertXMLAssigned>false</AlertXMLAssigned></ContextItem><ContextItem><Name>SAP_ME_CredentialAlias</Name><Description/><MinRange>0</MinRange><MaxRange>0</MaxRange><Value xsi:type="string"/><ReadOnly>false</ReadOnly><AlertXMLAssigned>false</AlertXMLAssigned></ContextItem><ContextItem><Name>SFCRef</Name><Description/><MinRange>0</MinRange><MaxRange>0</MaxRange><Value xsi:type="string"/><ReadOnly>false</ReadOnly><AlertXMLAssigned>false</AlertXMLAssigned></ContextItem><ContextItem><Name>SITE</Name><Description/><MinRange>0</MinRange><MaxRange>0</MaxRange><Value xsi:type="string"/><ReadOnly>false</ReadOnly><AlertXMLAssigned>false</AlertXMLAssigned></ContextItem><ContextItem><Name>slotConfigRef</Name><Description>Slot Configuration Reference</Description><MinRange>0</MinRange><MaxRange>0</MaxRange><Value xsi:type="string"/><ReadOnly>false</ReadOnly><AlertXMLAssigned>false</AlertXMLAssigned></ContextItem><ContextItem><Name>TagID</Name><Description/><MinRange>0</MinRange><MaxRange>0</MaxRange><Value xsi:type="string"/><ReadOnly>false</ReadOnly><AlertXMLAssigned>false</AlertXMLAssigned></ContextItem><ContextItem><Name>TRBL_HANDLE</Name><Description/><MinRange>0</MinRange><MaxRange>0</MaxRange><Value xsi:type="string"/><ReadOnly>false</ReadOnly><AlertXMLAssigned>false</AlertXMLAssigned></ContextItem><ContextItem><Name>TrxName</Name><Description/><MinRange>0</MinRange><MaxRange>0</MaxRange><Value xsi:type="string">QualityAssemblyTrx</Value><ReadOnly>false</ReadOnly><AlertXMLAssigned>false</AlertXMLAssigned></ContextItem><ContextItem><Name>User</Name><Description/><MinRange>0</MinRange><MaxRange>0</MaxRange><Value xsi:type="string">MESYS</Value><ReadOnly>false</ReadOnly><AlertXMLAssigned>false</AlertXMLAssigned></ContextItem></Local><Layout><GUILayoutItem><Name>Transaction is triggered by SAP PCo. It performs an operation, saves the quality data with respect to SFC in to SAP ME database using PAPI.</Name><X>1520</X><Y>8</Y><Width>120</Width><SpacingWidth>3144</SpacingWidth><DescendantWidth>3144</DescendantWidth><Height>96</Height></GUILayoutItem><GUILayoutItem><Name>Sequence_31</Name><X>8</X><Y>144</Y><Width>120</Width><SpacingWidth>120</SpacingWidth><DescendantWidth>120</DescendantWidth><Height>96</Height></GUILayoutItem><GUILayoutItem><Name>Conditional_Event_Logger_Testing</Name><X>16</X><Y>160</Y><Width>104</Width><SpacingWidth>0</SpacingWidth><DescendantWidth>0</DescendantWidth><Height>72</Height></GUILayoutItem><GUILayoutItem><Name>Sequence_33</Name><X>8</X><Y>280</Y><Width>120</Width><SpacingWidth>120</SpacingWidth><DescendantWidth>120</DescendantWidth><Height>96</Height></GUILayoutItem><GUILayoutItem><Name>Sequence_7</Name><X>1304</X><Y>688</Y><Width>120</Width><SpacingWidth>2424</SpacingWidth><DescendantWidth>2424</DescendantWidth><Height>96</Height></GUILayoutItem><GUILayoutItem><Name>GetResourceOperationUsingFacilityID_Transaction_CallCheck</Name><X>1312</X><Y>704</Y><Width>104</Width><SpacingWidth>0</SpacingWidth><DescendantWidth>0</DescendantWidth><Height>72</Height></GUILayoutItem><GUILayoutItem><Name>Sequence_8</Name><X>2312</X><Y>960</Y><Width>120</Width><SpacingWidth>120</SpacingWidth><DescendantWidth>0</DescendantWidth><Height>96</Height></GUILayoutItem><GUILayoutItem><Name>Event_Logger_GetResourceOperationUsingFacilityID_Transaction_Call</Name><X>2320</X><Y>976</Y><Width>104</Width><SpacingWidth>0</SpacingWidth><DescendantWidth>0</DescendantWidth><Height>72</Height></GUILayoutItem><GUILayoutItem><Name>Sequence_9</Name><X>2456</X><Y>824</Y><Width>120</Width><SpacingWidth>120</SpacingWidth><DescendantWidth>120</DescendantWidth><Height>96</Height></GUILayoutItem><GUILayoutItem><Name>Catch_GetResourceOperationUsingFacilityID_Transaction_Call_Exception</Name><X>2464</X><Y>840</Y><Width>104</Width><SpacingWidth>0</SpacingWidth><DescendantWidth>0</DescendantWidth><Height>72</Height></GUILayoutItem><GUILayoutItem><Name>Sequence_10</Name><X>2456</X><Y>1096</Y><Width>120</Width><SpacingWidth>120</SpacingWidth><DescendantWidth>0</DescendantWidth><Height>96</Height></GUILayoutItem><GUILayoutItem><Name>Event_Logger_GetResourceOperationUsingFacilityIDQuery_Exception</Name><X>2464</X><Y>1112</Y><Width>104</Width><SpacingWidth>0</SpacingWidth><DescendantWidth>0</DescendantWidth><Height>72</Height></GUILayoutItem><GUILayoutItem><Name>Sequence_15</Name><X>1304</X><Y>416</Y><Width>120</Width><SpacingWidth>2424</SpacingWidth><DescendantWidth>2424</DescendantWidth><Height>96</Height></GUILayoutItem><GUILayoutItem><Name>ParsingVariables</Name><X>1312</X><Y>432</Y><Width>104</Width><SpacingWidth>0</SpacingWidth><DescendantWidth>0</DescendantWidth><Height>72</Height></GUILayoutItem><GUILayoutItem><Name>Sequence_11</Name><X>1304</X><Y>552</Y><Width>120</Width><SpacingWidth>2424</SpacingWidth><DescendantWidth>2424</DescendantWidth><Height>96</Height></GUILayoutItem><GUILayoutItem><Name>GetResourceOperationUsingFacilityID_Transaction_Call</Name><X>1312</X><Y>568</Y><Width>104</Width><SpacingWidth>0</SpacingWidth><DescendantWidth>0</DescendantWidth><Height>72</Height></GUILayoutItem><GUILayoutItem><Name>Sequence_5</Name><X>1160</X><Y>960</Y><Width>120</Width><SpacingWidth>2136</SpacingWidth><DescendantWidth>2136</DescendantWidth><Height>96</Height></GUILayoutItem><GUILayoutItem><Name>Conditional_Grade_Check</Name><X>1168</X><Y>976</Y><Width>104</Width><SpacingWidth>0</SpacingWidth><DescendantWidth>0</DescendantWidth><Height>72</Height></GUILayoutItem><GUILayoutItem><Name>Sequence_24</Name><X>440</X><Y>1912</Y><Width>120</Width><SpacingWidth>696</SpacingWidth><DescendantWidth>696</DescendantWidth><Height>96</Height></GUILayoutItem><GUILayoutItem><Name>Repeater_PartSelect</Name><X>448</X><Y>1928</Y><Width>104</Width><SpacingWidth>0</SpacingWidth><DescendantWidth>0</DescendantWidth><Height>72</Height></GUILayoutItem><GUILayoutItem><Name>Sequence_13</Name><X>296</X><Y>2320</Y><Width>120</Width><SpacingWidth>408</SpacingWidth><DescendantWidth>408</DescendantWidth><Height>96</Height></GUILayoutItem><GUILayoutItem><Name>Assembly_SelectedPartsCapture</Name><X>304</X><Y>2336</Y><Width>104</Width><SpacingWidth>0</SpacingWidth><DescendantWidth>0</DescendantWidth><Height>72</Height></GUILayoutItem><GUILayoutItem><Name>Sequence_21</Name><X>224</X><Y>2456</Y><Width>120</Width><SpacingWidth>264</SpacingWidth><DescendantWidth>264</DescendantWidth><Height>96</Height></GUILayoutItem><GUILayoutItem><Name>Condition_assemblyFail</Name><X>232</X><Y>2472</Y><Width>104</Width><SpacingWidth>0</SpacingWidth><DescendantWidth>0</DescendantWidth><Height>72</Height></GUILayoutItem><GUILayoutItem><Name>Sequence_68</Name><X>296</X><Y>2728</Y><Width>120</Width><SpacingWidth>120</SpacingWidth><DescendantWidth>0</DescendantWidth><Height>96</Height></GUILayoutItem><GUILayoutItem><Name>Event_Logger_assemblyFail</Name><X>304</X><Y>2744</Y><Width>104</Width><SpacingWidth>0</SpacingWidth><DescendantWidth>0</DescendantWidth><Height>72</Height></GUILayoutItem><GUILayoutItem><Name>Sequence_66</Name><X>440</X><Y>2456</Y><Width>120</Width><SpacingWidth>120</SpacingWidth><DescendantWidth>120</DescendantWidth><Height>96</Height></GUILayoutItem><GUILayoutItem><Name>Catch_assemblyFail</Name><X>448</X><Y>2472</Y><Width>104</Width><SpacingWidth>0</SpacingWidth><DescendantWidth>0</DescendantWidth><Height>72</Height></GUILayoutItem><GUILayoutItem><Name>Sequence_70</Name><X>440</X><Y>2728</Y><Width>120</Width><SpacingWidth>120</SpacingWidth><DescendantWidth>0</DescendantWidth><Height>96</Height></GUILayoutItem><GUILayoutItem><Name>Sequence_35</Name><X>584</X><Y>2456</Y><Width>120</Width><SpacingWidth>120</SpacingWidth><DescendantWidth>0</DescendantWidth><Height>96</Height></GUILayoutItem><GUILayoutItem><Name>Event_Logger_Check_Slot_Details</Name><X>592</X><Y>2472</Y><Width>104</Width><SpacingWidth>0</SpacingWidth><DescendantWidth>0</DescendantWidth><Height>72</Height></GUILayoutItem><GUILayoutItem><Name>Sequence_2</Name><X>1952</X><Y>1368</Y><Width>120</Width><SpacingWidth>552</SpacingWidth><DescendantWidth>552</DescendantWidth><Height>96</Height></GUILayoutItem><GUILayoutItem><Name>Repeater</Name><X>1960</X><Y>1384</Y><Width>104</Width><SpacingWidth>0</SpacingWidth><DescendantWidth>0</DescendantWidth><Height>72</Height></GUILayoutItem><GUILayoutItem><Name>Sequence_3</Name><X>1736</X><Y>1504</Y><Width>120</Width><SpacingWidth>120</SpacingWidth><DescendantWidth>120</DescendantWidth><Height>96</Height></GUILayoutItem><GUILayoutItem><Name>Request_XML</Name><X>1744</X><Y>1520</Y><Width>104</Width><SpacingWidth>0</SpacingWidth><DescendantWidth>0</DescendantWidth><Height>72</Height></GUILayoutItem><GUILayoutItem><Name>Sequence_4</Name><X>2024</X><Y>1504</Y><Width>120</Width><SpacingWidth>408</SpacingWidth><DescendantWidth>408</DescendantWidth><Height>96</Height></GUILayoutItem><GUILayoutItem><Name>PAPI_CreateMultipleParametricData</Name><X>2032</X><Y>1520</Y><Width>104</Width><SpacingWidth>0</SpacingWidth><DescendantWidth>0</DescendantWidth><Height>72</Height></GUILayoutItem><GUILayoutItem><Name>Sequence_16</Name><X>2024</X><Y>1776</Y><Width>120</Width><SpacingWidth>408</SpacingWidth><DescendantWidth>408</DescendantWidth><Height>96</Height></GUILayoutItem><GUILayoutItem><Name>CreateMultipleParametricdataCheck</Name><X>2032</X><Y>1792</Y><Width>104</Width><SpacingWidth>0</SpacingWidth><DescendantWidth>0</DescendantWidth><Height>72</Height></GUILayoutItem><GUILayoutItem><Name>Sequence_17</Name><X>2024</X><Y>2048</Y><Width>120</Width><SpacingWidth>120</SpacingWidth><DescendantWidth>0</DescendantWidth><Height>96</Height></GUILayoutItem><GUILayoutItem><Name>Event_Logger_MultipleParametricData</Name><X>2032</X><Y>2064</Y><Width>104</Width><SpacingWidth>0</SpacingWidth><DescendantWidth>0</DescendantWidth><Height>72</Height></GUILayoutItem><GUILayoutItem><Name>Sequence_1</Name><X>2168</X><Y>1912</Y><Width>120</Width><SpacingWidth>120</SpacingWidth><DescendantWidth>120</DescendantWidth><Height>96</Height></GUILayoutItem><GUILayoutItem><Name>Catch_MultipleParametricData_Exception</Name><X>2176</X><Y>1928</Y><Width>104</Width><SpacingWidth>0</SpacingWidth><DescendantWidth>0</DescendantWidth><Height>72</Height></GUILayoutItem><GUILayoutItem><Name>Sequence_18</Name><X>2168</X><Y>2184</Y><Width>120</Width><SpacingWidth>120</SpacingWidth><DescendantWidth>0</DescendantWidth><Height>96</Height></GUILayoutItem><GUILayoutItem><Name>Event_Logger_MultipleParametricData_Exception</Name><X>2176</X><Y>2200</Y><Width>104</Width><SpacingWidth>0</SpacingWidth><DescendantWidth>0</DescendantWidth><Height>72</Height></GUILayoutItem><GUILayoutItem><Name>Sequence_48</Name><X>8</X><Y>416</Y><Width>120</Width><SpacingWidth>120</SpacingWidth><DescendantWidth>120</DescendantWidth><Height>96</Height></GUILayoutItem><GUILayoutItem><Name>Catch_Transaction_Call_QualityAssemblyInputData_Fail</Name><X>16</X><Y>432</Y><Width>104</Width><SpacingWidth>0</SpacingWidth><DescendantWidth>0</DescendantWidth><Height>72</Height></GUILayoutItem><GUILayoutItem><Name>Sequence_59</Name><X>8</X><Y>552</Y><Width>120</Width><SpacingWidth>120</SpacingWidth><DescendantWidth>0</DescendantWidth><Height>96</Height></GUILayoutItem><GUILayoutItem><Name>Event_Logger_Transaction_Call_QualityAssemblyInputData_Fail</Name><X>16</X><Y>568</Y><Width>104</Width><SpacingWidth>0</SpacingWidth><DescendantWidth>0</DescendantWidth><Height>72</Height></GUILayoutItem><GUILayoutItem><Name>Sequence_12</Name><X>1160</X><Y>824</Y><Width>120</Width><SpacingWidth>2136</SpacingWidth><DescendantWidth>2136</DescendantWidth><Height>96</Height></GUILayoutItem><GUILayoutItem><Name>Resource_Operation</Name><X>1168</X><Y>840</Y><Width>104</Width><SpacingWidth>0</SpacingWidth><DescendantWidth>0</DescendantWidth><Height>72</Height></GUILayoutItem><GUILayoutItem><Name>QualityAssemblyInputDataTrx</Name><X>16</X><Y>296</Y><Width>104</Width><SpacingWidth>0</SpacingWidth><DescendantWidth>0</DescendantWidth><Height>72</Height></GUILayoutItem><GUILayoutItem><Name>Sequence_19</Name><X>800</X><Y>1096</Y><Width>120</Width><SpacingWidth>1416</SpacingWidth><DescendantWidth>1416</DescendantWidth><Height>96</Height></GUILayoutItem><GUILayoutItem><Name>Conditional_PartselectCount_Check</Name><X>808</X><Y>1112</Y><Width>104</Width><SpacingWidth>0</SpacingWidth><DescendantWidth>0</DescendantWidth><Height>72</Height></GUILayoutItem><GUILayoutItem><Name>Sequence_42</Name><X>1952</X><Y>1232</Y><Width>120</Width><SpacingWidth>552</SpacingWidth><DescendantWidth>552</DescendantWidth><Height>96</Height></GUILayoutItem><GUILayoutItem><Name>initialisePAPIRequest</Name><X>1960</X><Y>1248</Y><Width>104</Width><SpacingWidth>0</SpacingWidth><DescendantWidth>0</DescendantWidth><Height>72</Height></GUILayoutItem><GUILayoutItem><Name>Sequence_6</Name><X>1448</X><Y>1368</Y><Width>120</Width><SpacingWidth>120</SpacingWidth><DescendantWidth>0</DescendantWidth><Height>96</Height></GUILayoutItem><GUILayoutItem><Name>Event_Logger_PartselectCount_Mismatch</Name><X>1456</X><Y>1384</Y><Width>104</Width><SpacingWidth>0</SpacingWidth><DescendantWidth>0</DescendantWidth><Height>72</Height></GUILayoutItem><GUILayoutItem><Name>Sequence_25</Name><X>2600</X><Y>416</Y><Width>120</Width><SpacingWidth>120</SpacingWidth><DescendantWidth>0</DescendantWidth><Height>96</Height></GUILayoutItem><GUILayoutItem><Name>Sequence_14</Name><X>1376</X><Y>144</Y><Width>120</Width><SpacingWidth>2568</SpacingWidth><DescendantWidth>2568</DescendantWidth><Height>96</Height></GUILayoutItem><GUILayoutItem><Name>Input_Check</Name><X>1384</X><Y>160</Y><Width>104</Width><SpacingWidth>0</SpacingWidth><DescendantWidth>0</DescendantWidth><Height>72</Height></GUILayoutItem><GUILayoutItem><Name>Event_Logger_InputCheck</Name><X>2608</X><Y>432</Y><Width>104</Width><SpacingWidth>0</SpacingWidth><DescendantWidth>0</DescendantWidth><Height>72</Height></GUILayoutItem><GUILayoutItem><Name>Sequence_20</Name><X>728</X><Y>1232</Y><Width>120</Width><SpacingWidth>1272</SpacingWidth><DescendantWidth>1272</DescendantWidth><Height>96</Height></GUILayoutItem><GUILayoutItem><Name>Find_BOM_From_SFC</Name><X>736</X><Y>1248</Y><Width>104</Width><SpacingWidth>0</SpacingWidth><DescendantWidth>0</DescendantWidth><Height>72</Height></GUILayoutItem><GUILayoutItem><Name>Sequence_29</Name><X>656</X><Y>1368</Y><Width>120</Width><SpacingWidth>1128</SpacingWidth><DescendantWidth>1128</DescendantWidth><Height>96</Height></GUILayoutItem><GUILayoutItem><Name>Check_Find_BOM_From_SFC</Name><X>664</X><Y>1384</Y><Width>104</Width><SpacingWidth>0</SpacingWidth><DescendantWidth>0</DescendantWidth><Height>72</Height></GUILayoutItem><GUILayoutItem><Name>Sequence_36</Name><X>1304</X><Y>1368</Y><Width>120</Width><SpacingWidth>120</SpacingWidth><DescendantWidth>120</DescendantWidth><Height>96</Height></GUILayoutItem><GUILayoutItem><Name>Catch_Find_BOM_From_SFC</Name><X>1312</X><Y>1384</Y><Width>104</Width><SpacingWidth>0</SpacingWidth><DescendantWidth>0</DescendantWidth><Height>72</Height></GUILayoutItem><GUILayoutItem><Name>Sequence_39</Name><X>1304</X><Y>1640</Y><Width>120</Width><SpacingWidth>120</SpacingWidth><DescendantWidth>0</DescendantWidth><Height>96</Height></GUILayoutItem><GUILayoutItem><Name>Log_Find_BOM_From_SFC_Exception</Name><X>1312</X><Y>1656</Y><Width>104</Width><SpacingWidth>0</SpacingWidth><DescendantWidth>0</DescendantWidth><Height>72</Height></GUILayoutItem><GUILayoutItem><Name>Sequence_40</Name><X>1160</X><Y>1640</Y><Width>120</Width><SpacingWidth>120</SpacingWidth><DescendantWidth>0</DescendantWidth><Height>96</Height></GUILayoutItem><GUILayoutItem><Name>Log_FInd_BOM_From_SFC_Empty_Event</Name><X>1168</X><Y>1656</Y><Width>104</Width><SpacingWidth>0</SpacingWidth><DescendantWidth>0</DescendantWidth><Height>72</Height></GUILayoutItem><GUILayoutItem><Name>Sequence_43</Name><X>584</X><Y>1504</Y><Width>120</Width><SpacingWidth>984</SpacingWidth><DescendantWidth>984</DescendantWidth><Height>96</Height></GUILayoutItem><GUILayoutItem><Name>GetSlotForSelectablePartsTrx_Call</Name><X>592</X><Y>1520</Y><Width>104</Width><SpacingWidth>0</SpacingWidth><DescendantWidth>0</DescendantWidth><Height>72</Height></GUILayoutItem><GUILayoutItem><Name>Sequence_44</Name><X>1016</X><Y>1640</Y><Width>120</Width><SpacingWidth>120</SpacingWidth><DescendantWidth>120</DescendantWidth><Height>96</Height></GUILayoutItem><GUILayoutItem><Name>Catch_GetSlotForSelectablePartsTrx_Call</Name><X>1024</X><Y>1656</Y><Width>104</Width><SpacingWidth>0</SpacingWidth><DescendantWidth>0</DescendantWidth><Height>72</Height></GUILayoutItem><GUILayoutItem><Name>Sequence_45</Name><X>1016</X><Y>1912</Y><Width>120</Width><SpacingWidth>120</SpacingWidth><DescendantWidth>0</DescendantWidth><Height>96</Height></GUILayoutItem><GUILayoutItem><Name>Log_GetSlotForSelectablePartsTrx_Call</Name><X>1024</X><Y>1928</Y><Width>104</Width><SpacingWidth>0</SpacingWidth><DescendantWidth>0</DescendantWidth><Height>72</Height></GUILayoutItem><GUILayoutItem><Name>Sequence_46</Name><X>512</X><Y>1640</Y><Width>120</Width><SpacingWidth>840</SpacingWidth><DescendantWidth>840</DescendantWidth><Height>96</Height></GUILayoutItem><GUILayoutItem><Name>Check_GetSlotForSelectablePartsTrx_Call_Success</Name><X>520</X><Y>1656</Y><Width>104</Width><SpacingWidth>0</SpacingWidth><DescendantWidth>0</DescendantWidth><Height>72</Height></GUILayoutItem><GUILayoutItem><Name>Sequence_47</Name><X>440</X><Y>1776</Y><Width>120</Width><SpacingWidth>696</SpacingWidth><DescendantWidth>696</DescendantWidth><Height>96</Height></GUILayoutItem><GUILayoutItem><Name>Assign_Slot_Config_Ref</Name><X>448</X><Y>1792</Y><Width>104</Width><SpacingWidth>0</SpacingWidth><DescendantWidth>0</DescendantWidth><Height>72</Height></GUILayoutItem><GUILayoutItem><Name>Sequence_50</Name><X>872</X><Y>1912</Y><Width>120</Width><SpacingWidth>120</SpacingWidth><DescendantWidth>0</DescendantWidth><Height>96</Height></GUILayoutItem><GUILayoutItem><Name>Log_GetSlotForSelectablePartsTrx_Call_Error</Name><X>880</X><Y>1928</Y><Width>104</Width><SpacingWidth>0</SpacingWidth><DescendantWidth>0</DescendantWidth><Height>72</Height></GUILayoutItem><GUILayoutItem><Name>Sequence_22</Name><X>152</X><Y>2592</Y><Width>120</Width><SpacingWidth>120</SpacingWidth><DescendantWidth>0</DescendantWidth><Height>96</Height></GUILayoutItem><GUILayoutItem><Name>Sequence_51</Name><X>440</X><Y>2048</Y><Width>120</Width><SpacingWidth>696</SpacingWidth><DescendantWidth>696</DescendantWidth><Height>96</Height></GUILayoutItem><GUILayoutItem><Name>Find_Slot_Details</Name><X>448</X><Y>2064</Y><Width>104</Width><SpacingWidth>0</SpacingWidth><DescendantWidth>0</DescendantWidth><Height>72</Height></GUILayoutItem><GUILayoutItem><Name>Sequence_62</Name><X>728</X><Y>2184</Y><Width>120</Width><SpacingWidth>120</SpacingWidth><DescendantWidth>120</DescendantWidth><Height>96</Height></GUILayoutItem><GUILayoutItem><Name>Catch_Find_Slot_Details</Name><X>736</X><Y>2200</Y><Width>104</Width><SpacingWidth>0</SpacingWidth><DescendantWidth>0</DescendantWidth><Height>72</Height></GUILayoutItem><GUILayoutItem><Name>Sequence_63</Name><X>728</X><Y>2456</Y><Width>120</Width><SpacingWidth>120</SpacingWidth><DescendantWidth>0</DescendantWidth><Height>96</Height></GUILayoutItem><GUILayoutItem><Name>Log_Find_Slot_Details_Exception</Name><X>736</X><Y>2472</Y><Width>104</Width><SpacingWidth>0</SpacingWidth><DescendantWidth>0</DescendantWidth><Height>72</Height></GUILayoutItem><GUILayoutItem><Name>Sequence_23</Name><X>368</X><Y>2184</Y><Width>120</Width><SpacingWidth>552</SpacingWidth><DescendantWidth>552</DescendantWidth><Height>96</Height></GUILayoutItem><GUILayoutItem><Name>Check_Slot_Details</Name><X>376</X><Y>2200</Y><Width>104</Width><SpacingWidth>0</SpacingWidth><DescendantWidth>0</DescendantWidth><Height>72</Height></GUILayoutItem><GUILayoutItem><Name>Sequence_41</Name><X>1304</X><Y>280</Y><Width>120</Width><SpacingWidth>2424</SpacingWidth><DescendantWidth>2424</DescendantWidth><Height>96</Height></GUILayoutItem><GUILayoutItem><Name>createTimeStampFormat</Name><X>1312</X><Y>296</Y><Width>104</Width><SpacingWidth>0</SpacingWidth><DescendantWidth>0</DescendantWidth><Height>72</Height></GUILayoutItem><GUILayoutItem><Name>Sequence_52</Name><X>2888</X><Y>144</Y><Width>120</Width><SpacingWidth>408</SpacingWidth><DescendantWidth>408</DescendantWidth><Height>96</Height></GUILayoutItem><GUILayoutItem><Name>Check_If_PLC_COM_RESET_Flag_True</Name><X>2896</X><Y>160</Y><Width>104</Width><SpacingWidth>0</SpacingWidth><DescendantWidth>0</DescendantWidth><Height>72</Height></GUILayoutItem><GUILayoutItem><Name>Sequence_30</Name><X>2744</X><Y>280</Y><Width>120</Width><SpacingWidth>120</SpacingWidth><DescendantWidth>0</DescendantWidth><Height>96</Height></GUILayoutItem><GUILayoutItem><Name>PCoTagAssignment_PLCCOM0</Name><X>2752</X><Y>296</Y><Width>104</Width><SpacingWidth>0</SpacingWidth><DescendantWidth>0</DescendantWidth><Height>72</Height></GUILayoutItem><GUILayoutItem><Name>Sequence_28</Name><X>296</X><Y>2592</Y><Width>120</Width><SpacingWidth>120</SpacingWidth><DescendantWidth>120</DescendantWidth><Height>96</Height></GUILayoutItem><GUILayoutItem><Name>Sequence_34</Name><X>440</X><Y>2592</Y><Width>120</Width><SpacingWidth>120</SpacingWidth><DescendantWidth>120</DescendantWidth><Height>96</Height></GUILayoutItem><GUILayoutItem><Name>Assign_PLC_COM_4_1</Name><X>448</X><Y>2608</Y><Width>104</Width><SpacingWidth>0</SpacingWidth><DescendantWidth>0</DescendantWidth><Height>72</Height></GUILayoutItem><GUILayoutItem><Name>Sequence_37</Name><X>584</X><Y>2320</Y><Width>120</Width><SpacingWidth>120</SpacingWidth><DescendantWidth>120</DescendantWidth><Height>96</Height></GUILayoutItem><GUILayoutItem><Name>Assign_PLC_COM_4_2</Name><X>592</X><Y>2336</Y><Width>104</Width><SpacingWidth>0</SpacingWidth><DescendantWidth>0</DescendantWidth><Height>72</Height></GUILayoutItem><GUILayoutItem><Name>Sequence_38</Name><X>728</X><Y>2320</Y><Width>120</Width><SpacingWidth>120</SpacingWidth><DescendantWidth>120</DescendantWidth><Height>96</Height></GUILayoutItem><GUILayoutItem><Name>Assign_PLC_COM_4_3</Name><X>736</X><Y>2336</Y><Width>104</Width><SpacingWidth>0</SpacingWidth><DescendantWidth>0</DescendantWidth><Height>72</Height></GUILayoutItem><GUILayoutItem><Name>Sequence_54</Name><X>872</X><Y>1776</Y><Width>120</Width><SpacingWidth>120</SpacingWidth><DescendantWidth>120</DescendantWidth><Height>96</Height></GUILayoutItem><GUILayoutItem><Name>Assign_PLC_COM_4_4</Name><X>880</X><Y>1792</Y><Width>104</Width><SpacingWidth>0</SpacingWidth><DescendantWidth>0</DescendantWidth><Height>72</Height></GUILayoutItem><GUILayoutItem><Name>Sequence_55</Name><X>1016</X><Y>1776</Y><Width>120</Width><SpacingWidth>120</SpacingWidth><DescendantWidth>120</DescendantWidth><Height>96</Height></GUILayoutItem><GUILayoutItem><Name>Assign_PLC_COM_4_5</Name><X>1024</X><Y>1792</Y><Width>104</Width><SpacingWidth>0</SpacingWidth><DescendantWidth>0</DescendantWidth><Height>72</Height></GUILayoutItem><GUILayoutItem><Name>Sequence_56</Name><X>1160</X><Y>1504</Y><Width>120</Width><SpacingWidth>120</SpacingWidth><DescendantWidth>120</DescendantWidth><Height>96</Height></GUILayoutItem><GUILayoutItem><Name>Assign_PLC_COM_4_6</Name><X>1168</X><Y>1520</Y><Width>104</Width><SpacingWidth>0</SpacingWidth><DescendantWidth>0</DescendantWidth><Height>72</Height></GUILayoutItem><GUILayoutItem><Name>Sequence_57</Name><X>1304</X><Y>1504</Y><Width>120</Width><SpacingWidth>120</SpacingWidth><DescendantWidth>120</DescendantWidth><Height>96</Height></GUILayoutItem><GUILayoutItem><Name>Assign_PLC_COM_4_7</Name><X>1312</X><Y>1520</Y><Width>104</Width><SpacingWidth>0</SpacingWidth><DescendantWidth>0</DescendantWidth><Height>72</Height></GUILayoutItem><GUILayoutItem><Name>Sequence_58</Name><X>1448</X><Y>1232</Y><Width>120</Width><SpacingWidth>120</SpacingWidth><DescendantWidth>120</DescendantWidth><Height>96</Height></GUILayoutItem><GUILayoutItem><Name>Assign_PLC_COM_4_8</Name><X>1456</X><Y>1248</Y><Width>104</Width><SpacingWidth>0</SpacingWidth><DescendantWidth>0</DescendantWidth><Height>72</Height></GUILayoutItem><GUILayoutItem><Name>Sequence_61</Name><X>2312</X><Y>824</Y><Width>120</Width><SpacingWidth>120</SpacingWidth><DescendantWidth>120</DescendantWidth><Height>96</Height></GUILayoutItem><GUILayoutItem><Name>Assign_PLC_COM_4_9</Name><X>2320</X><Y>840</Y><Width>104</Width><SpacingWidth>0</SpacingWidth><DescendantWidth>0</DescendantWidth><Height>72</Height></GUILayoutItem><GUILayoutItem><Name>Sequence_64</Name><X>2456</X><Y>960</Y><Width>120</Width><SpacingWidth>120</SpacingWidth><DescendantWidth>120</DescendantWidth><Height>96</Height></GUILayoutItem><GUILayoutItem><Name>Assign_PLC_COM_4_10</Name><X>2464</X><Y>976</Y><Width>104</Width><SpacingWidth>0</SpacingWidth><DescendantWidth>0</DescendantWidth><Height>72</Height></GUILayoutItem><GUILayoutItem><Name>Sequence_65</Name><X>2600</X><Y>280</Y><Width>120</Width><SpacingWidth>120</SpacingWidth><DescendantWidth>120</DescendantWidth><Height>96</Height></GUILayoutItem><GUILayoutItem><Name>Assign_PLC_COM_4_11</Name><X>2608</X><Y>296</Y><Width>104</Width><SpacingWidth>0</SpacingWidth><DescendantWidth>0</DescendantWidth><Height>72</Height></GUILayoutItem><GUILayoutItem><Name>Sequence_67</Name><X>2168</X><Y>2048</Y><Width>120</Width><SpacingWidth>120</SpacingWidth><DescendantWidth>120</DescendantWidth><Height>96</Height></GUILayoutItem><GUILayoutItem><Name>Assign_PLC_COM_4_12</Name><X>2176</X><Y>2064</Y><Width>104</Width><SpacingWidth>0</SpacingWidth><DescendantWidth>0</DescendantWidth><Height>72</Height></GUILayoutItem><GUILayoutItem><Name>Sequence_69</Name><X>2024</X><Y>1912</Y><Width>120</Width><SpacingWidth>120</SpacingWidth><DescendantWidth>120</DescendantWidth><Height>96</Height></GUILayoutItem><GUILayoutItem><Name>Assign_PLC_COM_4_13</Name><X>2032</X><Y>1928</Y><Width>104</Width><SpacingWidth>0</SpacingWidth><DescendantWidth>0</DescendantWidth><Height>72</Height></GUILayoutItem><GUILayoutItem><Name>Assign_PLC_COM_4_14</Name><X>304</X><Y>2608</Y><Width>104</Width><SpacingWidth>0</SpacingWidth><DescendantWidth>0</DescendantWidth><Height>72</Height></GUILayoutItem><GUILayoutItem><Name>Sequence_71</Name><X>2888</X><Y>280</Y><Width>120</Width><SpacingWidth>120</SpacingWidth><DescendantWidth>0</DescendantWidth><Height>96</Height></GUILayoutItem><GUILayoutItem><Name>PCoTagAssignment_PLCCOM4</Name><X>2896</X><Y>296</Y><Width>104</Width><SpacingWidth>0</SpacingWidth><DescendantWidth>0</DescendantWidth><Height>72</Height></GUILayoutItem><GUILayoutItem><Name>Sequence_53</Name><X>3032</X><Y>416</Y><Width>120</Width><SpacingWidth>120</SpacingWidth><DescendantWidth>120</DescendantWidth><Height>96</Height></GUILayoutItem><GUILayoutItem><Name>trxPCoHandshake</Name><X>3040</X><Y>432</Y><Width>104</Width><SpacingWidth>0</SpacingWidth><DescendantWidth>0</DescendantWidth><Height>72</Height></GUILayoutItem><GUILayoutItem><Name>PcoQueryCheckSuccess</Name><X>3032</X><Y>552</Y><Width>120</Width><SpacingWidth>120</SpacingWidth><DescendantWidth>120</DescendantWidth><Height>96</Height></GUILayoutItem><GUILayoutItem><Name>QualityAssemblyWBDataTrx</Name><X>3040</X><Y>568</Y><Width>104</Width><SpacingWidth>0</SpacingWidth><DescendantWidth>0</DescendantWidth><Height>72</Height></GUILayoutItem><GUILayoutItem><Name>Sequence_49</Name><X>3032</X><Y>688</Y><Width>120</Width><SpacingWidth>120</SpacingWidth><DescendantWidth>120</DescendantWidth><Height>96</Height></GUILayoutItem><GUILayoutItem><Name>Catch_Transaction_Call_QualityAssemblyWBData_Fail</Name><X>3040</X><Y>704</Y><Width>104</Width><SpacingWidth>0</SpacingWidth><DescendantWidth>0</DescendantWidth><Height>72</Height></GUILayoutItem><GUILayoutItem><Name>Sequence_60</Name><X>3032</X><Y>824</Y><Width>120</Width><SpacingWidth>120</SpacingWidth><DescendantWidth>0</DescendantWidth><Height>96</Height></GUILayoutItem><GUILayoutItem><Name>Event_Logger_Transaction_Call_QualityAssemblyWBData_Fail</Name><X>3040</X><Y>840</Y><Width>104</Width><SpacingWidth>0</SpacingWidth><DescendantWidth>0</DescendantWidth><Height>72</Height></GUILayoutItem><GUILayoutItem><Name>Sequence_26</Name><X>3032</X><Y>280</Y><Width>120</Width><SpacingWidth>120</SpacingWidth><DescendantWidth>120</DescendantWidth><Height>96</Height></GUILayoutItem><GUILayoutItem><Name>LOG_PLC_HANDSHAKE</Name><X>3040</X><Y>296</Y><Width>104</Width><SpacingWidth>0</SpacingWidth><DescendantWidth>0</DescendantWidth><Height>72</Height></GUILayoutItem><GUILayoutItem><Name>Event_Logger_IntermittentFailure</Name><X>160</X><Y>2608</Y><Width>104</Width><SpacingWidth>0</SpacingWidth><DescendantWidth>0</DescendantWidth><Height>72</Height></GUILayoutItem><GUILayoutItem><Name>Event_Logger_Catch_assemblyFail</Name><X>448</X><Y>2744</Y><Width>104</Width><SpacingWidth>0</SpacingWidth><DescendantWidth>0</DescendantWidth><Height>72</Height></GUILayoutItem><GUILayoutItem><Name>Sequence_32</Name><X>1592</X><Y>1096</Y><Width>120</Width><SpacingWidth>120</SpacingWidth><DescendantWidth>0</DescendantWidth><Height>96</Height></GUILayoutItem><GUILayoutItem><Name>Sequence_72</Name><X>1880</X><Y>1912</Y><Width>120</Width><SpacingWidth>120</SpacingWidth><DescendantWidth>0</DescendantWidth><Height>96</Height></GUILayoutItem><GUILayoutItem><Name>Sequence_0</Name><X>1952</X><Y>1096</Y><Width>120</Width><SpacingWidth>552</SpacingWidth><DescendantWidth>552</DescendantWidth><Height>96</Height></GUILayoutItem><GUILayoutItem><Name>Check_PLC_COM</Name><X>1960</X><Y>1112</Y><Width>104</Width><SpacingWidth>0</SpacingWidth><DescendantWidth>0</DescendantWidth><Height>72</Height></GUILayoutItem><GUILayoutItem><Name>Sequence_27</Name><X>2024</X><Y>1640</Y><Width>120</Width><SpacingWidth>408</SpacingWidth><DescendantWidth>408</DescendantWidth><Height>96</Height></GUILayoutItem><GUILayoutItem><Name>Tracer_0</Name><X>2032</X><Y>1656</Y><Width>104</Width><SpacingWidth>0</SpacingWidth><DescendantWidth>0</DescendantWidth><Height>72</Height></GUILayoutItem><GUILayoutItem><Name>Sequence_73</Name><X>1736</X><Y>1640</Y><Width>120</Width><SpacingWidth>120</SpacingWidth><DescendantWidth>0</DescendantWidth><Height>96</Height></GUILayoutItem><GUILayoutItem><Name>Tracer_1</Name><X>1744</X><Y>1656</Y><Width>104</Width><SpacingWidth>0</SpacingWidth><DescendantWidth>0</DescendantWidth><Height>72</Height></GUILayoutItem></Layout><Actions><ContextItem><Name>Conditional_Event_Logger_Testing</Name><Description/><MinRange>0</MinRange><MaxRange>0</MaxRange><Value xsi:type="ConditionalAction"><Output>false</Output><InputCount>2</InputCount><LogicalAnd>false</LogicalAnd><Input1>false</Input1><Input2>false</Input2></Value><ReadOnly>false</ReadOnly><AlertXMLAssigned>false</AlertXMLAssigned></ContextItem><ContextItem><Name>GetResourceOperationUsingFacilityID_Transaction_CallCheck</Name><Description/><MinRange>0</MinRange><MaxRange>0</MaxRange><Value xsi:type="ConditionalAction"><Output>false</Output><InputCount>2</InputCount><LogicalAnd>true</LogicalAnd><Input1>false</Input1><Input2>false</Input2></Value><ReadOnly>false</ReadOnly><AlertXMLAssigned>false</AlertXMLAssigned></ContextItem><ContextItem><Name>Event_Logger_GetResourceOperationUsingFacilityID_Transaction_Call</Name><Description/><MinRange>0</MinRange><MaxRange>0</MaxRange><Value xsi:type="EventLogger"><Message/><Source>UserEvent</Source><EventType>ERROR</EventType></Value><ReadOnly>false</ReadOnly><AlertXMLAssigned>false</AlertXMLAssigned></ContextItem><ContextItem><Name>Catch_GetResourceOperationUsingFacilityID_Transaction_Call_Exception</Name><Description/><MinRange>0</MinRange><MaxRange>0</MaxRange><Value xsi:type="CatchAction"/><ReadOnly>false</ReadOnly><AlertXMLAssigned>false</AlertXMLAssigned></ContextItem><ContextItem><Name>Event_Logger_GetResourceOperationUsingFacilityIDQuery_Exception</Name><Description/><MinRange>0</MinRange><MaxRange>0</MaxRange><Value xsi:type="EventLogger"><Message/><Source>UserEvent</Source><EventType>ERROR</EventType></Value><ReadOnly>false</ReadOnly><AlertXMLAssigned>false</AlertXMLAssigned></ContextItem><ContextItem><Name>ParsingVariables</Name><Description/><MinRange>0</MinRange><MaxRange>0</MaxRange><Value xsi:type="Assignment"/><ReadOnly>false</ReadOnly><AlertXMLAssigned>false</AlertXMLAssigned></ContextItem><ContextItem><Name>GetResourceOperationUsingFacilityID_Transaction_Call</Name><Description/><MinRange>0</MinRange><MaxRange>0</MaxRange><Value xsi:type="TransactionCall"><ResetState>false</ResetState><TransactionName>NC11/COMMON/TRANSACTIONS/GetResourceOrToolNumberDetailsFromFacilityIDTrx</TransactionName><Async>false</Async><Persist>INHERIT</Persist><LogLevel>INHERIT</LogLevel><LogType>INHERIT</LogType><StoreTransactionOutput>false</StoreTransactionOutput><Expiration>-1</Expiration><FacilityId/></Value><ReadOnly>false</ReadOnly><AlertXMLAssigned>false</AlertXMLAssigned></ContextItem><ContextItem><Name>Conditional_Grade_Check</Name><Description/><MinRange>0</MinRange><MaxRange>0</MaxRange><Value xsi:type="ConditionalAction"><Output>false</Output><InputCount>1</InputCount><LogicalAnd>false</LogicalAnd><Input1>false</Input1></Value><ReadOnly>false</ReadOnly><AlertXMLAssigned>false</AlertXMLAssigned></ContextItem><ContextItem><Name>Repeater_PartSelect</Name><Description/><MinRange>0</MinRange><MaxRange>0</MaxRange><Value xsi:type="RepeaterAction"><Output><ReferenceDocumentSource/></Output><Break>false</Break><ItemCount>0</ItemCount><CurrentItem>0</CurrentItem><Source>Transaction.Input_XML{/NotificationMessage/Body/Values/*[((self::partselect1)or(self::partselect2)or(self::partselect3)or(self::partselect4)or(self::partselect5)or(self::partselect6)or(self::partselect7)or(self::partselect8)or(self::partselect9)or(self::partselect10)or(self::partselect11)or(self::partselect12)or(self::partselect13)or(self::partselect14)or(self::partselect15)or(self::partselect16)or(self::partselect17)or(self::partselect18)or(self::partselect19)or(self::partselect20)or(self::partselect21)or(self::partselect22)or(self::partselect23)or(self::partselect24)or(self::partselect25)or(self::partselect26)or(self::partselect27)or(self::partselect28)or(self::partselect29)or(self::partselect30)or(self::partselect31)or(self::partselect32)) and ((text() != "0") and (text() != "")) ]}</Source><Item><ReferenceDocumentSource/></Item></Value><SchemaURI/><SchemaElement/><ValidateXMLOnExecution>1</ValidateXMLOnExecution><SchemaURI/><SchemaElement/><ValidateXMLOnExecution>1</ValidateXMLOnExecution><ReadOnly>false</ReadOnly><AlertXMLAssigned>false</AlertXMLAssigned></ContextItem><ContextItem><Name>Assembly_SelectedPartsCapture</Name><Description/><MinRange>0</MinRange><MaxRange>0</MaxRange><Value xsi:type="SAPMEPAPIInterface"><Request><ReferenceDocumentSource/>&lt;?xml version="1.0" encoding="UTF-8"?&gt;&lt;common:serviceInvocationRequests xmlns:common="http://www.sap.com/me/common" xmlns:production="http://www.sap.com/me/production"&gt;&#13;
  &lt;common:serviceInvocationRequest&gt;&#13;
    &lt;moduleId&gt;com.sap.me.production&lt;/moduleId&gt;&#13;
    &lt;serviceName&gt;AssemblyService&lt;/serviceName&gt;&#13;
    &lt;methodName&gt;assembleByIdentifiers&lt;/methodName&gt;&#13;
    &lt;requests xmlns:xsi="http://www.w3.org/2001/XMLSchema-instance" xsi:type="production:AssembleIdentifiersRequest"&gt;&#13;
      &lt;production:event&gt;&#13;
        &lt;!--string value--&gt;&#13;
      &lt;/production:event&gt;&#13;
      &lt;production:routerRef&gt;&#13;
        &lt;reference type="ROUTER"&gt;&#13;
          &lt;revision/&gt;&#13;
          &lt;router/&gt;&#13;
          &lt;routerType/&gt;&#13;
        &lt;/reference&gt;&#13;
      &lt;/production:routerRef&gt;&#13;
      &lt;common:stepId&gt;&#13;
        &lt;!--string value--&gt;&#13;
      &lt;/common:stepId&gt;&#13;
      &lt;production:operationRef&gt;&#13;
        &lt;reference type="OPERATION"&gt;&#13;
          &lt;revision/&gt;&#13;
          &lt;operation/&gt;&#13;
        &lt;/reference&gt;&#13;
      &lt;/production:operationRef&gt;&#13;
      &lt;production:resourceRef&gt;&#13;
        &lt;reference type="RESRCE"&gt;&#13;
          &lt;resource/&gt;&#13;
        &lt;/reference&gt;&#13;
      &lt;/production:resourceRef&gt;&#13;
      &lt;production:shopOrderRef&gt;&#13;
        &lt;reference type="SHOP_ORDER"&gt;&#13;
          &lt;shopOrder/&gt;&#13;
        &lt;/reference&gt;&#13;
      &lt;/production:shopOrderRef&gt;&#13;
      &lt;production:processLotRef&gt;&#13;
        &lt;reference type="PROCESS_LOT"&gt;&#13;
          &lt;processLot/&gt;&#13;
        &lt;/reference&gt;&#13;
      &lt;/production:processLotRef&gt;&#13;
      &lt;production:lccRef&gt;&#13;
        &lt;reference type="LABOR_CHARGE_CODE"&gt;&#13;
          &lt;laborChargeCode/&gt;&#13;
        &lt;/reference&gt;&#13;
      &lt;/production:lccRef&gt;&#13;
      &lt;production:workCenterRef&gt;&#13;
        &lt;reference type="WORK_CENTER"&gt;&#13;
          &lt;workCenter/&gt;&#13;
        &lt;/reference&gt;&#13;
      &lt;/production:workCenterRef&gt;&#13;
      &lt;production:workStationRef&gt;&#13;
        &lt;reference type="WORKSTATION"&gt;&#13;
          &lt;workstation/&gt;&#13;
          &lt;workstationType/&gt;&#13;
        &lt;/reference&gt;&#13;
      &lt;/production:workStationRef&gt;&#13;
      &lt;production:sfcRef&gt;&#13;
        &lt;reference type="SFC"&gt;&#13;
          &lt;sfc/&gt;&#13;
        &lt;/reference&gt;&#13;
      &lt;/production:sfcRef&gt;&#13;
      &lt;production:actionDetail&gt;&#13;
        &lt;!--string value--&gt;&#13;
      &lt;/production:actionDetail&gt;&#13;
      &lt;production:actionDetailRef&gt;&#13;
        &lt;reference type=""/&gt;&#13;
      &lt;/production:actionDetailRef&gt;&#13;
      &lt;production:forceActivityLog&gt;&#13;
        &lt;!--false--&gt;&#13;
      &lt;/production:forceActivityLog&gt;&#13;
      &lt;production:quantity&gt;&#13;
        &lt;!--10--&gt;&#13;
      &lt;/production:quantity&gt;&#13;
      &lt;production:componentList&gt;&#13;
        &lt;production:assemblyDataFields&gt;&#13;
          &lt;attribute&gt;&#13;
            &lt;!--string value--&gt;&#13;
          &lt;/attribute&gt;&#13;
          &lt;value&gt;&#13;
            &lt;!--string value--&gt;&#13;
          &lt;/value&gt;&#13;
          &lt;production:sequence&gt;&#13;
            &lt;!--10--&gt;&#13;
          &lt;/production:sequence&gt;&#13;
        &lt;/production:assemblyDataFields&gt;&#13;
        &lt;production:bomComponentRef&gt;&#13;
          &lt;reference type="BOM_COMPONENT"&gt;&#13;
            &lt;sequence/&gt;&#13;
            &lt;componentGbo/&gt;&#13;
            &lt;bomRef&gt;&#13;
              &lt;reference type="BOM"&gt;&#13;
                &lt;bom/&gt;&#13;
                &lt;revision/&gt;&#13;
                &lt;bomType/&gt;&#13;
              &lt;/reference&gt;&#13;
            &lt;/bomRef&gt;&#13;
          &lt;/reference&gt;&#13;
        &lt;/production:bomComponentRef&gt;&#13;
        &lt;production:customIdentifier&gt;&#13;
          &lt;!--string value--&gt;&#13;
        &lt;/production:customIdentifier&gt;&#13;
        &lt;production:identifier&gt;&#13;
          &lt;!--string value--&gt;&#13;
        &lt;/production:identifier&gt;&#13;
        &lt;production:customAttributes&gt;&#13;
          &lt;attribute&gt;&#13;
            &lt;!--string value--&gt;&#13;
          &lt;/attribute&gt;&#13;
          &lt;value&gt;&#13;
            &lt;!--string value--&gt;&#13;
          &lt;/value&gt;&#13;
        &lt;/production:customAttributes&gt;&#13;
        &lt;common:location&gt;&#13;
          &lt;!--string value--&gt;&#13;
        &lt;/common:location&gt;&#13;
        &lt;production:qty&gt;&#13;
          &lt;!--10--&gt;&#13;
        &lt;/production:qty&gt;&#13;
        &lt;common:refDes&gt;&#13;
          &lt;!--string value--&gt;&#13;
        &lt;/common:refDes&gt;&#13;
        &lt;production:revision&gt;&#13;
          &lt;!--string value--&gt;&#13;
        &lt;/production:revision&gt;&#13;
      &lt;/production:componentList&gt;&#13;
      &lt;production:continueProcessingOnNotInBomError&gt;&#13;
        &lt;!--false--&gt;&#13;
      &lt;/production:continueProcessingOnNotInBomError&gt;&#13;
    &lt;/requests&gt;&#13;
  &lt;/common:serviceInvocationRequest&gt;&#13;
&lt;/common:serviceInvocationRequests&gt;</Request><Response><ReferenceDocumentSource/>&lt;?xml version="1.0" encoding="UTF-8"?&gt;&lt;common:serviceInvocationResponses xmlns:common="http://www.sap.com/me/common" xmlns:production="http://www.sap.com/me/production"&gt;&#13;
  &lt;serviceInvocationResponse&gt;&#13;
    &lt;common:serviceMethodId&gt;com.sap.me.production$AssemblyService#assembleByIdentifiers&lt;/common:serviceMethodId&gt;&#13;
    &lt;responses xmlns:xsi="http://www.w3.org/2001/XMLSchema-instance" xsi:type="production:AssembleComponentsResponse"&gt;&#13;
      &lt;production:assembledComponentList&gt;&#13;
        &lt;production:sfcAssyRef&gt;string value&lt;/production:sfcAssyRef&gt;&#13;
        &lt;production:assyId&gt;10&lt;/production:assyId&gt;&#13;
        &lt;production:assyDataTypeRef&gt;string value&lt;/production:assyDataTypeRef&gt;&#13;
        &lt;common:refDes&gt;string value&lt;/common:refDes&gt;&#13;
        &lt;common:location&gt;string value&lt;/common:location&gt;&#13;
        &lt;production:inventoryRef&gt;string value&lt;/production:inventoryRef&gt;&#13;
        &lt;production:assembledDate&gt;2018-01-15&lt;/production:assembledDate&gt;&#13;
        &lt;production:bomRef&gt;string value&lt;/production:bomRef&gt;&#13;
        &lt;production:componentRef&gt;@ReferenceType(ITEM)&lt;/production:componentRef&gt;&#13;
        &lt;production:timeBased&gt;false&lt;/production:timeBased&gt;&#13;
        &lt;production:sfcBomRef&gt;string value&lt;/production:sfcBomRef&gt;&#13;
        &lt;production:bomComponentRef&gt;string value&lt;/production:bomComponentRef&gt;&#13;
        &lt;production:routerRef&gt;string value&lt;/production:routerRef&gt;&#13;
        &lt;common:qty&gt;10&lt;/common:qty&gt;&#13;
        &lt;production:itemRef&gt;string value&lt;/production:itemRef&gt;&#13;
        &lt;production:operationRef&gt;string value&lt;/production:operationRef&gt;&#13;
        &lt;production:shopOrderRef&gt;string value&lt;/production:shopOrderRef&gt;&#13;
      &lt;/production:assembledComponentList&gt;&#13;
    &lt;/responses&gt;&#13;
  &lt;/serviceInvocationResponse&gt;&#13;
&lt;/common:serviceInvocationResponses&gt;</Response><CredentialAlias>SAPMEINT_ME_AUTH</CredentialAlias><SelectedModule>com.sap.me.production</SelectedModule><SelectedService>AssemblyService</SelectedService><SelectedMethod>assembleByIdentifiers</SelectedMethod><Site>1020</Site><MEUser/></Value><SchemaURI/><SchemaElement/><ValidateXMLOnExecution>1</ValidateXMLOnExecution><SchemaURI/><SchemaElement/><ValidateXMLOnExecution>1</ValidateXMLOnExecution><ReadOnly>false</ReadOnly><AlertXMLAssigned>false</AlertXMLAssigned></ContextItem><ContextItem><Name>Condition_assemblyFail</Name><Description/><MinRange>0</MinRange><MaxRange>0</MaxRange><Value xsi:type="ConditionalAction"><Output>false</Output><InputCount>1</InputCount><LogicalAnd>false</LogicalAnd><Input1>false</Input1></Value><ReadOnly>false</ReadOnly><AlertXMLAssigned>false</AlertXMLAssigned></ContextItem><ContextItem><Name>Event_Logger_assemblyFail</Name><Description/><MinRange>0</MinRange><MaxRange>0</MaxRange><Value xsi:type="EventLogger"><Message/><Source>UserEvent</Source><EventType>ERROR</EventType></Value><ReadOnly>false</ReadOnly><AlertXMLAssigned>false</AlertXMLAssigned></ContextItem><ContextItem><Name>Catch_assemblyFail</Name><Description/><MinRange>0</MinRange><MaxRange>0</MaxRange><Value xsi:type="CatchAction"/><ReadOnly>false</ReadOnly><AlertXMLAssigned>false</AlertXMLAssigned></ContextItem><ContextItem><Name>Event_Logger_Check_Slot_Details</Name><Description/><MinRange>0</MinRange><MaxRange>0</MaxRange><Value xsi:type="EventLogger"><Message/><Source>UserEvent</Source><EventType>ERROR</EventType></Value><ReadOnly>false</ReadOnly><AlertXMLAssigned>false</AlertXMLAssigned></ContextItem><ContextItem><Name>Repeater</Name><Description/><MinRange>0</MinRange><MaxRange>0</MaxRange><Value xsi:type="RepeaterAction"><Output><ReferenceDocumentSource/></Output><Break>false</Break><ItemCount>0</ItemCount><CurrentItem>0</CurrentItem><Source>Transaction.Input_XML{/NotificationMessage/Body/Values/*[not(self::facilityid)][not(self::machineid)][not(self::partid)][not(self::site)][not(self::plctimestamp)][not(self::datetime)][not(self::procstat)][not(self::plccom)][not(self::ipaddress)][not(self::pcoserver)][not(self::partselect1)][not(self::partselect2)][not(self::partselect3)][not(self::partselect4)][not(self::partselect5)][not(self::partselect6)][not(self::partselect7)][not(self::partselect8)][not(self::partselect9)][not(self::partselect10)][not(self::partselect11)][not(self::partselect12)][not(self::partselect13)][not(self::partselect14)][not(self::partselect15)][not(self::partselect16)][not(self::partselect17)][not(self::partselect18)][not(self::partselect19)][not(self::partselect20)][not(self::partselect21)][not(self::partselect22)][not(self::partselect23)][not(self::partselect24)][not(self::partselect25)][not(self::partselect26)][not(self::partselect27)][not(self::partselect28)][not(self::partselect29)][not(self::partselect30)][not(self::partselect31)][not(self::partselect32)][not(self::partselect33)][not(self::partselect34)][not(self::partselect35)][not(self::partselect36)][not(self::partselect37)][not(self::partselect38)][not(self::partselect39)][not(self::partselect40)][not(self::partselect41)][not(self::partselect42)][not(self::partselect43)][not(self::partselect44)][not(self::partselect45)][not(self::partselect46)][not(self::pcoserver)][not(self::tagid)][not(self::partselcount)][not(self::tagloc)]}</Source><Item><ReferenceDocumentSource/></Item></Value><SchemaURI/><SchemaElement/><ValidateXMLOnExecution>1</ValidateXMLOnExecution><SchemaURI/><SchemaElement/><ValidateXMLOnExecution>1</ValidateXMLOnExecution><ReadOnly>false</ReadOnly><AlertXMLAssigned>false</AlertXMLAssigned></ContextItem><ContextItem><Name>Request_XML</Name><Description/><MinRange>0</MinRange><MaxRange>0</MaxRange><Value xsi:type="Assignment"/><ReadOnly>false</ReadOnly><AlertXMLAssigned>false</AlertXMLAssigned></ContextItem><ContextItem><Name>PAPI_CreateMultipleParametricData</Name><Description/><MinRange>0</MinRange><MaxRange>0</MaxRange><Value xsi:type="SAPMEPAPIInterface"><Request><ReferenceDocumentSource/>&lt;?xml version="1.0" encoding="UTF-8"?&gt;&lt;common:serviceInvocationRequests xmlns:common="http://www.sap.com/me/common" xmlns:datacollection="http://www.sap.com/me/datacollection"&gt;&#13;
  &lt;common:serviceInvocationRequest&gt;&#13;
    &lt;moduleId&gt;com.sap.me.datacollection&lt;/moduleId&gt;&#13;
    &lt;serviceName&gt;DataCollectionService&lt;/serviceName&gt;&#13;
    &lt;methodName&gt;createMultipleParametricData&lt;/methodName&gt;&#13;
    &lt;requests xmlns:xsi="http://www.w3.org/2001/XMLSchema-instance" xsi:type="datacollection:CreateMultipleParametricRequest"&gt;&#13;
      &lt;datacollection:parametricRequestList&gt;&#13;
        &lt;datacollection:gboRef&gt;&#13;
          &lt;reference type=""/&gt;&#13;
        &lt;/datacollection:gboRef&gt;&#13;
        &lt;datacollection:resourceRef&gt;&#13;
          &lt;reference type="RESRCE"&gt;&#13;
            &lt;resource/&gt;&#13;
          &lt;/reference&gt;&#13;
        &lt;/datacollection:resourceRef&gt;&#13;
        &lt;datacollection:type&gt;&#13;
          &lt;!--AUTOMATED--&gt;&#13;
        &lt;/datacollection:type&gt;&#13;
        &lt;datacollection:startTime&gt;&#13;
          &lt;!--2014-03-24T09:03:41.346Z--&gt;&#13;
        &lt;/datacollection:startTime&gt;&#13;
        &lt;datacollection:stopTime&gt;&#13;
          &lt;!--2014-03-24T09:03:41.361Z--&gt;&#13;
        &lt;/datacollection:stopTime&gt;&#13;
        &lt;datacollection:customerId&gt;&#13;
          &lt;!--string value--&gt;&#13;
        &lt;/datacollection:customerId&gt;&#13;
        &lt;datacollection:lotId&gt;&#13;
          &lt;!--string value--&gt;&#13;
        &lt;/datacollection:lotId&gt;&#13;
        &lt;datacollection:programId&gt;&#13;
          &lt;!--string value--&gt;&#13;
        &lt;/datacollection:programId&gt;&#13;
        &lt;datacollection:shiftId&gt;&#13;
          &lt;!--string value--&gt;&#13;
        &lt;/datacollection:shiftId&gt;&#13;
        &lt;datacollection:programRev&gt;&#13;
          &lt;!--string value--&gt;&#13;
        &lt;/datacollection:programRev&gt;&#13;
        &lt;datacollection:testStatus&gt;&#13;
          &lt;!--PASS--&gt;&#13;
        &lt;/datacollection:testStatus&gt;&#13;
        &lt;datacollection:testPassed&gt;&#13;
          &lt;!--false--&gt;&#13;
        &lt;/datacollection:testPassed&gt;&#13;
        &lt;datacollection:shopOrder&gt;&#13;
          &lt;!--string value--&gt;&#13;
        &lt;/datacollection:shopOrder&gt;&#13;
        &lt;datacollection:shopOrderRef&gt;&#13;
          &lt;reference type="SHOP_ORDER"&gt;&#13;
            &lt;shopOrder/&gt;&#13;
          &lt;/reference&gt;&#13;
        &lt;/datacollection:shopOrderRef&gt;&#13;
        &lt;datacollection:diagnostics&gt;&#13;
          &lt;!--string value--&gt;&#13;
        &lt;/datacollection:diagnostics&gt;&#13;
        &lt;datacollection:timesProcessed&gt;&#13;
          &lt;!--10--&gt;&#13;
        &lt;/datacollection:timesProcessed&gt;&#13;
        &lt;datacollection:setupTime&gt;&#13;
          &lt;!--10--&gt;&#13;
        &lt;/datacollection:setupTime&gt;&#13;
        &lt;datacollection:unloadTime&gt;&#13;
          &lt;!--10--&gt;&#13;
        &lt;/datacollection:unloadTime&gt;&#13;
        &lt;datacollection:overallElapsedTime&gt;&#13;
          &lt;!--10--&gt;&#13;
        &lt;/datacollection:overallElapsedTime&gt;&#13;
        &lt;datacollection:testerHwRev&gt;&#13;
          &lt;!--string value--&gt;&#13;
        &lt;/datacollection:testerHwRev&gt;&#13;
        &lt;datacollection:testerTestSeq&gt;&#13;
          &lt;!--string value--&gt;&#13;
        &lt;/datacollection:testerTestSeq&gt;&#13;
        &lt;datacollection:testerTestSeqRev&gt;&#13;
          &lt;!--string value--&gt;&#13;
        &lt;/datacollection:testerTestSeqRev&gt;&#13;
        &lt;datacollection:testerType&gt;&#13;
          &lt;!--string value--&gt;&#13;
        &lt;/datacollection:testerType&gt;&#13;
        &lt;datacollection:previousSite&gt;&#13;
          &lt;!--string value--&gt;&#13;
        &lt;/datacollection:previousSite&gt;&#13;
        &lt;datacollection:workCenterRef&gt;&#13;
          &lt;reference type="WORK_CENTER"&gt;&#13;
            &lt;workCenter/&gt;&#13;
          &lt;/reference&gt;&#13;
        &lt;/datacollection:workCenterRef&gt;&#13;
        &lt;datacollection:userRef&gt;&#13;
          &lt;reference type="USR"&gt;&#13;
            &lt;userId/&gt;&#13;
          &lt;/reference&gt;&#13;
        &lt;/datacollection:userRef&gt;&#13;
        &lt;datacollection:itemRef&gt;&#13;
          &lt;reference type="ITEM"&gt;&#13;
            &lt;item/&gt;&#13;
            &lt;revision/&gt;&#13;
          &lt;/reference&gt;&#13;
        &lt;/datacollection:itemRef&gt;&#13;
        &lt;datacollection:operationRef&gt;&#13;
          &lt;reference type="OPERATION"&gt;&#13;
            &lt;revision/&gt;&#13;
            &lt;operation/&gt;&#13;
          &lt;/reference&gt;&#13;
        &lt;/datacollection:operationRef&gt;&#13;
        &lt;datacollection:routerRef&gt;&#13;
          &lt;reference type="ROUTER"&gt;&#13;
            &lt;revision/&gt;&#13;
            &lt;router/&gt;&#13;
            &lt;routerType/&gt;&#13;
          &lt;/reference&gt;&#13;
        &lt;/datacollection:routerRef&gt;&#13;
        &lt;datacollection:testPlanRef&gt;&#13;
          &lt;reference type="TEST_PLAN"&gt;&#13;
            &lt;testPlan/&gt;&#13;
          &lt;/reference&gt;&#13;
        &lt;/datacollection:testPlanRef&gt;&#13;
        &lt;datacollection:dcGroupRef&gt;&#13;
          &lt;reference type="DC_GROUP"&gt;&#13;
            &lt;dcGroup/&gt;&#13;
            &lt;revision/&gt;&#13;
          &lt;/reference&gt;&#13;
        &lt;/datacollection:dcGroupRef&gt;&#13;
        &lt;datacollection:originalTransferKey&gt;&#13;
          &lt;!--string value--&gt;&#13;
        &lt;/datacollection:originalTransferKey&gt;&#13;
        &lt;datacollection:originalSfcRef&gt;&#13;
          &lt;reference type="SFC"&gt;&#13;
            &lt;sfc/&gt;&#13;
          &lt;/reference&gt;&#13;
        &lt;/datacollection:originalSfcRef&gt;&#13;
        &lt;datacollection:validate&gt;&#13;
          &lt;!--false--&gt;&#13;
        &lt;/datacollection:validate&gt;&#13;
        &lt;datacollection:existingParametricRecord&gt;&#13;
          &lt;!--false--&gt;&#13;
        &lt;/datacollection:existingParametricRecord&gt;&#13;
        &lt;datacollection:parametricRef&gt;&#13;
          &lt;reference type="PARAMETRIC"&gt;&#13;
            &lt;transactionId/&gt;&#13;
          &lt;/reference&gt;&#13;
        &lt;/datacollection:parametricRef&gt;&#13;
        &lt;datacollection:parametricMeasureList&gt;&#13;
          &lt;datacollection:measureName&gt;&#13;
            &lt;!--string value--&gt;&#13;
          &lt;/datacollection:measureName&gt;&#13;
          &lt;datacollection:measureGroup&gt;&#13;
            &lt;!--string value--&gt;&#13;
          &lt;/datacollection:measureGroup&gt;&#13;
          &lt;datacollection:description&gt;&#13;
            &lt;!--string value--&gt;&#13;
          &lt;/datacollection:description&gt;&#13;
          &lt;datacollection:componentType&gt;&#13;
            &lt;!--string value--&gt;&#13;
          &lt;/datacollection:componentType&gt;&#13;
          &lt;datacollection:pin&gt;&#13;
            &lt;!--string value--&gt;&#13;
          &lt;/datacollection:pin&gt;&#13;
          &lt;datacollection:measureStatus&gt;&#13;
            &lt;!--PASS--&gt;&#13;
          &lt;/datacollection:measureStatus&gt;&#13;
          &lt;datacollection:measureType&gt;&#13;
            &lt;!--string value--&gt;&#13;
          &lt;/datacollection:measureType&gt;&#13;
          &lt;datacollection:memo&gt;&#13;
            &lt;!--string value--&gt;&#13;
          &lt;/datacollection:memo&gt;&#13;
          &lt;datacollection:unitOfMeasure&gt;&#13;
            &lt;!--string value--&gt;&#13;
          &lt;/datacollection:unitOfMeasure&gt;&#13;
          &lt;datacollection:dataType&gt;&#13;
            &lt;!--NUMBER--&gt;&#13;
          &lt;/datacollection:dataType&gt;&#13;
          &lt;datacollection:highLimit&gt;&#13;
            &lt;!--string value--&gt;&#13;
          &lt;/datacollection:highLimit&gt;&#13;
          &lt;datacollection:lowLimit&gt;&#13;
            &lt;!--string value--&gt;&#13;
          &lt;/datacollection:lowLimit&gt;&#13;
          &lt;datacollection:expected&gt;&#13;
            &lt;!--string value--&gt;&#13;
          &lt;/datacollection:expected&gt;&#13;
          &lt;datacollection:actual&gt;&#13;
            &lt;!--string value--&gt;&#13;
          &lt;/datacollection:actual&gt;&#13;
          &lt;datacollection:actualNumber&gt;&#13;
            &lt;!--10--&gt;&#13;
          &lt;/datacollection:actualNumber&gt;&#13;
          &lt;datacollection:dcComment&gt;&#13;
            &lt;!--string value--&gt;&#13;
          &lt;/datacollection:dcComment&gt;&#13;
          &lt;datacollection:originalDCComment&gt;&#13;
            &lt;!--string value--&gt;&#13;
          &lt;/datacollection:originalDCComment&gt;&#13;
          &lt;datacollection:testDateTime&gt;&#13;
            &lt;!--2014-03-24T09:03:41.316Z--&gt;&#13;
          &lt;/datacollection:testDateTime&gt;&#13;
          &lt;datacollection:originalTestDateTime&gt;&#13;
            &lt;!--2014-03-24T09:03:41.240Z--&gt;&#13;
          &lt;/datacollection:originalTestDateTime&gt;&#13;
          &lt;datacollection:elapsedTime&gt;&#13;
            &lt;!--10--&gt;&#13;
          &lt;/datacollection:elapsedTime&gt;&#13;
          &lt;datacollection:originalActual&gt;&#13;
            &lt;!--string value--&gt;&#13;
          &lt;/datacollection:originalActual&gt;&#13;
          &lt;datacollection:edited&gt;&#13;
            &lt;!--false--&gt;&#13;
          &lt;/datacollection:edited&gt;&#13;
          &lt;datacollection:internalMeasureId&gt;&#13;
            &lt;!--string value--&gt;&#13;
          &lt;/datacollection:internalMeasureId&gt;&#13;
          &lt;datacollection:firstSequenceNumber&gt;&#13;
            &lt;!--10--&gt;&#13;
          &lt;/datacollection:firstSequenceNumber&gt;&#13;
          &lt;datacollection:dcGroupRevision&gt;&#13;
            &lt;!--string value--&gt;&#13;
          &lt;/datacollection:dcGroupRevision&gt;&#13;
          &lt;datacollection:dcParameterRef&gt;&#13;
            &lt;reference type="DC_PARAMETER"&gt;&#13;
              &lt;parameterName/&gt;&#13;
              &lt;dcGroupRef&gt;&#13;
                &lt;reference type="DC_GROUP"&gt;&#13;
                  &lt;dcGroup/&gt;&#13;
                  &lt;revision/&gt;&#13;
                &lt;/reference&gt;&#13;
              &lt;/dcGroupRef&gt;&#13;
            &lt;/reference&gt;&#13;
          &lt;/datacollection:dcParameterRef&gt;&#13;
          &lt;datacollection:editedUserRef&gt;&#13;
            &lt;reference type=""/&gt;&#13;
          &lt;/datacollection:editedUserRef&gt;&#13;
          &lt;datacollection:overrideUserRef&gt;&#13;
            &lt;reference type=""/&gt;&#13;
          &lt;/datacollection:overrideUserRef&gt;&#13;
          &lt;datacollection:componentRef&gt;&#13;
            &lt;reference type="ITEM"&gt;&#13;
              &lt;item/&gt;&#13;
              &lt;revision/&gt;&#13;
            &lt;/reference&gt;&#13;
          &lt;/datacollection:componentRef&gt;&#13;
          &lt;datacollection:erpSent&gt;&#13;
            &lt;!--false--&gt;&#13;
          &lt;/datacollection:erpSent&gt;&#13;
          &lt;datacollection:qmAccepted&gt;&#13;
            &lt;!--false--&gt;&#13;
          &lt;/datacollection:qmAccepted&gt;&#13;
          &lt;datacollection:ParametricMeasureRef&gt;&#13;
            &lt;reference type="PARAMETRIC_MEASURE"&gt;&#13;
              &lt;parametricRef&gt;&#13;
                &lt;reference type="PARAMETRIC"&gt;&#13;
                  &lt;transactionId/&gt;&#13;
                &lt;/reference&gt;&#13;
              &lt;/parametricRef&gt;&#13;
              &lt;sequence/&gt;&#13;
            &lt;/reference&gt;&#13;
          &lt;/datacollection:ParametricMeasureRef&gt;&#13;
          &lt;datacollection:existingPMRecord&gt;&#13;
            &lt;!--false--&gt;&#13;
          &lt;/datacollection:existingPMRecord&gt;&#13;
          &lt;datacollection:existingPMStringNotCollected&gt;&#13;
            &lt;!--false--&gt;&#13;
          &lt;/datacollection:existingPMStringNotCollected&gt;&#13;
          &lt;datacollection:usedLimitSequence&gt;&#13;
            &lt;!--10--&gt;&#13;
          &lt;/datacollection:usedLimitSequence&gt;&#13;
          &lt;datacollection:firstSequence&gt;&#13;
            &lt;!--false--&gt;&#13;
          &lt;/datacollection:firstSequence&gt;&#13;
          &lt;datacollection:parametricMeasureCustomList&gt;&#13;
            &lt;datacollection:propertyName&gt;&#13;
              &lt;!--string value--&gt;&#13;
            &lt;/datacollection:propertyName&gt;&#13;
            &lt;datacollection:propertyValue&gt;&#13;
              &lt;!--string value--&gt;&#13;
            &lt;/datacollection:propertyValue&gt;&#13;
            &lt;datacollection:originalPropertyValue&gt;&#13;
              &lt;!--string value--&gt;&#13;
            &lt;/datacollection:originalPropertyValue&gt;&#13;
            &lt;datacollection:propertyType&gt;&#13;
              &lt;!--NUMBER--&gt;&#13;
            &lt;/datacollection:propertyType&gt;&#13;
            &lt;datacollection:propertyStatus&gt;&#13;
              &lt;!--string value--&gt;&#13;
            &lt;/datacollection:propertyStatus&gt;&#13;
            &lt;datacollection:unitOfMeasure&gt;&#13;
              &lt;!--string value--&gt;&#13;
            &lt;/datacollection:unitOfMeasure&gt;&#13;
            &lt;datacollection:edited&gt;&#13;
              &lt;!--false--&gt;&#13;
            &lt;/datacollection:edited&gt;&#13;
            &lt;datacollection:dateTime&gt;&#13;
              &lt;!--2014-03-24T09:03:41.301Z--&gt;&#13;
            &lt;/datacollection:dateTime&gt;&#13;
            &lt;datacollection:originalDateTime&gt;&#13;
              &lt;!--2014-03-24T09:03:41.312Z--&gt;&#13;
            &lt;/datacollection:originalDateTime&gt;&#13;
            &lt;datacollection:editedUserRef&gt;&#13;
              &lt;reference type=""/&gt;&#13;
            &lt;/datacollection:editedUserRef&gt;&#13;
            &lt;datacollection:existingPMCRecord&gt;&#13;
              &lt;!--false--&gt;&#13;
            &lt;/datacollection:existingPMCRecord&gt;&#13;
            &lt;datacollection:parametricMeasureCustomRef&gt;&#13;
              &lt;reference type="PARAMETRIC_MEASURE_CUSTOM"&gt;&#13;
                &lt;sequence/&gt;&#13;
                &lt;parametricMeasureRef&gt;&#13;
                  &lt;reference type="PARAMETRIC_MEASURE"&gt;&#13;
                    &lt;parametricRef&gt;&#13;
                      &lt;reference type="PARAMETRIC"&gt;&#13;
                        &lt;transactionId/&gt;&#13;
                      &lt;/reference&gt;&#13;
                    &lt;/parametricRef&gt;&#13;
                    &lt;sequence/&gt;&#13;
                  &lt;/reference&gt;&#13;
                &lt;/parametricMeasureRef&gt;&#13;
              &lt;/reference&gt;&#13;
            &lt;/datacollection:parametricMeasureCustomRef&gt;&#13;
          &lt;/datacollection:parametricMeasureCustomList&gt;&#13;
        &lt;/datacollection:parametricMeasureList&gt;&#13;
        &lt;datacollection:parametricCustomList&gt;&#13;
          &lt;datacollection:fieldName&gt;&#13;
            &lt;!--string value--&gt;&#13;
          &lt;/datacollection:fieldName&gt;&#13;
          &lt;datacollection:fieldValue&gt;&#13;
            &lt;!--string value--&gt;&#13;
          &lt;/datacollection:fieldValue&gt;&#13;
          &lt;datacollection:fieldDescription&gt;&#13;
            &lt;!--string value--&gt;&#13;
          &lt;/datacollection:fieldDescription&gt;&#13;
        &lt;/datacollection:parametricCustomList&gt;&#13;
        &lt;datacollection:skipActivityLogging&gt;&#13;
          &lt;!--false--&gt;&#13;
        &lt;/datacollection:skipActivityLogging&gt;&#13;
      &lt;/datacollection:parametricRequestList&gt;&#13;
    &lt;/requests&gt;&#13;
  &lt;/common:serviceInvocationRequest&gt;&#13;
&lt;/common:serviceInvocationRequests&gt;</Request><Response><ReferenceDocumentSource/>&lt;?xml version="1.0" encoding="UTF-8"?&gt;&lt;common:serviceInvocationResponses xmlns:common="http://www.sap.com/me/common" xmlns:datacollection="http://www.sap.com/me/datacollection"&gt;&#13;
  &lt;serviceInvocationResponse&gt;&#13;
    &lt;common:serviceMethodId&gt;com.sap.me.datacollection$DataCollectionService#createMultipleParametricData&lt;/common:serviceMethodId&gt;&#13;
    &lt;responses xmlns:xsi="http://www.w3.org/2001/XMLSchema-instance" xsi:type="datacollection:ParametricResponse"&gt;&#13;
      &lt;datacollection:gboRef&gt;string value&lt;/datacollection:gboRef&gt;&#13;
      &lt;datacollection:resourceRef&gt;string value&lt;/datacollection:resourceRef&gt;&#13;
      &lt;datacollection:type&gt;AUTOMATED&lt;/datacollection:type&gt;&#13;
      &lt;datacollection:startTime&gt;2014-03-24T09:03:43.064Z&lt;/datacollection:startTime&gt;&#13;
      &lt;datacollection:stopTime&gt;2014-03-24T09:03:43.065Z&lt;/datacollection:stopTime&gt;&#13;
      &lt;datacollection:customerId&gt;string value&lt;/datacollection:customerId&gt;&#13;
      &lt;datacollection:lotId&gt;string value&lt;/datacollection:lotId&gt;&#13;
      &lt;datacollection:programId&gt;string value&lt;/datacollection:programId&gt;&#13;
      &lt;datacollection:shiftId&gt;string value&lt;/datacollection:shiftId&gt;&#13;
      &lt;datacollection:programRev&gt;string value&lt;/datacollection:programRev&gt;&#13;
      &lt;datacollection:testStatus&gt;PASS&lt;/datacollection:testStatus&gt;&#13;
      &lt;datacollection:testPassed&gt;false&lt;/datacollection:testPassed&gt;&#13;
      &lt;datacollection:shopOrder&gt;string value&lt;/datacollection:shopOrder&gt;&#13;
      &lt;datacollection:shopOrderRef&gt;string value&lt;/datacollection:shopOrderRef&gt;&#13;
      &lt;datacollection:diagnostics&gt;string value&lt;/datacollection:diagnostics&gt;&#13;
      &lt;datacollection:timesProcessed&gt;10&lt;/datacollection:timesProcessed&gt;&#13;
      &lt;datacollection:setupTime&gt;10&lt;/datacollection:setupTime&gt;&#13;
      &lt;datacollection:unloadTime&gt;10&lt;/datacollection:unloadTime&gt;&#13;
      &lt;datacollection:overallElapsedTime&gt;10&lt;/datacollection:overallElapsedTime&gt;&#13;
      &lt;datacollection:testerHwRev&gt;string value&lt;/datacollection:testerHwRev&gt;&#13;
      &lt;datacollection:testerTestSeq&gt;string value&lt;/datacollection:testerTestSeq&gt;&#13;
      &lt;datacollection:testerTestSeqRev&gt;string value&lt;/datacollection:testerTestSeqRev&gt;&#13;
      &lt;datacollection:testerType&gt;string value&lt;/datacollection:testerType&gt;&#13;
      &lt;datacollection:previousSite&gt;string value&lt;/datacollection:previousSite&gt;&#13;
      &lt;datacollection:workCenterRef&gt;string value&lt;/datacollection:workCenterRef&gt;&#13;
      &lt;datacollection:userRef&gt;string value&lt;/datacollection:userRef&gt;&#13;
      &lt;datacollection:itemRef&gt;string value&lt;/datacollection:itemRef&gt;&#13;
      &lt;datacollection:operationRef&gt;string value&lt;/datacollection:operationRef&gt;&#13;
      &lt;datacollection:routerRef&gt;string value&lt;/datacollection:routerRef&gt;&#13;
      &lt;datacollection:testPlanRef&gt;string value&lt;/datacollection:testPlanRef&gt;&#13;
      &lt;datacollection:dcGroupRef&gt;string value&lt;/datacollection:dcGroupRef&gt;&#13;
      &lt;datacollection:originalTransferKey&gt;string value&lt;/datacollection:originalTransferKey&gt;&#13;
      &lt;datacollection:originalSfcRef&gt;@ReferenceType(SFC)&lt;/datacollection:originalSfcRef&gt;&#13;
      &lt;datacollection:ref&gt;string value&lt;/datacollection:ref&gt;&#13;
      &lt;datacollection:transactionId&gt;10&lt;/datacollection:transactionId&gt;&#13;
      &lt;datacollection:site&gt;string value&lt;/datacollection:site&gt;&#13;
      &lt;datacollection:parametricMeasureList&gt;&#13;
        &lt;datacollection:measureName&gt;string value&lt;/datacollection:measureName&gt;&#13;
        &lt;datacollection:measureGroup&gt;string value&lt;/datacollection:measureGroup&gt;&#13;
        &lt;datacollection:description&gt;string value&lt;/datacollection:description&gt;&#13;
        &lt;datacollection:componentType&gt;string value&lt;/datacollection:componentType&gt;&#13;
        &lt;datacollection:pin&gt;string value&lt;/datacollection:pin&gt;&#13;
        &lt;datacollection:measureStatus&gt;PASS&lt;/datacollection:measureStatus&gt;&#13;
        &lt;datacollection:measureType&gt;string value&lt;/datacollection:measureType&gt;&#13;
        &lt;datacollection:memo&gt;string value&lt;/datacollection:memo&gt;&#13;
        &lt;datacollection:unitOfMeasure&gt;string value&lt;/datacollection:unitOfMeasure&gt;&#13;
        &lt;datacollection:dataType&gt;NUMBER&lt;/datacollection:dataType&gt;&#13;
        &lt;datacollection:highLimit&gt;string value&lt;/datacollection:highLimit&gt;&#13;
        &lt;datacollection:lowLimit&gt;string value&lt;/datacollection:lowLimit&gt;&#13;
        &lt;datacollection:expected&gt;string value&lt;/datacollection:expected&gt;&#13;
        &lt;datacollection:actual&gt;string value&lt;/datacollection:actual&gt;&#13;
        &lt;datacollection:actualNumber&gt;10&lt;/datacollection:actualNumber&gt;&#13;
        &lt;datacollection:dcComment&gt;string value&lt;/datacollection:dcComment&gt;&#13;
        &lt;datacollection:originalDCComment&gt;string value&lt;/datacollection:originalDCComment&gt;&#13;
        &lt;datacollection:testDateTime&gt;2014-03-24T09:03:43.061Z&lt;/datacollection:testDateTime&gt;&#13;
        &lt;datacollection:originalTestDateTime&gt;2014-03-24T09:03:43.054Z&lt;/datacollection:originalTestDateTime&gt;&#13;
        &lt;datacollection:elapsedTime&gt;10&lt;/datacollection:elapsedTime&gt;&#13;
        &lt;datacollection:originalActual&gt;string value&lt;/datacollection:originalActual&gt;&#13;
        &lt;datacollection:edited&gt;false&lt;/datacollection:edited&gt;&#13;
        &lt;datacollection:internalMeasureId&gt;string value&lt;/datacollection:internalMeasureId&gt;&#13;
        &lt;datacollection:firstSequenceNumber&gt;10&lt;/datacollection:firstSequenceNumber&gt;&#13;
        &lt;datacollection:dcGroupRevision&gt;string value&lt;/datacollection:dcGroupRevision&gt;&#13;
        &lt;datacollection:dcParameterRef&gt;string value&lt;/datacollection:dcParameterRef&gt;&#13;
        &lt;datacollection:editedUserRef&gt;string value&lt;/datacollection:editedUserRef&gt;&#13;
        &lt;datacollection:overrideUserRef&gt;string value&lt;/datacollection:overrideUserRef&gt;&#13;
        &lt;datacollection:componentRef&gt;@ReferenceType(ITEM)&lt;/datacollection:componentRef&gt;&#13;
        &lt;datacollection:erpSent&gt;false&lt;/datacollection:erpSent&gt;&#13;
        &lt;datacollection:qmAccepted&gt;false&lt;/datacollection:qmAccepted&gt;&#13;
        &lt;datacollection:ref&gt;string value&lt;/datacollection:ref&gt;&#13;
        &lt;datacollection:ParametricRef&gt;string value&lt;/datacollection:ParametricRef&gt;&#13;
        &lt;datacollection:sequence&gt;10&lt;/datacollection:sequence&gt;&#13;
        &lt;datacollection:editedDateTime&gt;2014-03-24T09:03:43.051Z&lt;/datacollection:editedDateTime&gt;&#13;
        &lt;datacollection:gboRef&gt;string value&lt;/datacollection:gboRef&gt;&#13;
        &lt;datacollection:parametricMeasureCustomList&gt;&#13;
          &lt;datacollection:propertyName&gt;string value&lt;/datacollection:propertyName&gt;&#13;
          &lt;datacollection:propertyValue&gt;string value&lt;/datacollection:propertyValue&gt;&#13;
          &lt;datacollection:originalPropertyValue&gt;string value&lt;/datacollection:originalPropertyValue&gt;&#13;
          &lt;datacollection:propertyType&gt;NUMBER&lt;/datacollection:propertyType&gt;&#13;
          &lt;datacollection:propertyStatus&gt;string value&lt;/datacollection:propertyStatus&gt;&#13;
          &lt;datacollection:unitOfMeasure&gt;string value&lt;/datacollection:unitOfMeasure&gt;&#13;
          &lt;datacollection:edited&gt;false&lt;/datacollection:edited&gt;&#13;
          &lt;datacollection:dateTime&gt;2014-03-24T09:03:43.056Z&lt;/datacollection:dateTime&gt;&#13;
          &lt;datacollection:originalDateTime&gt;2014-03-24T09:03:43.057Z&lt;/datacollection:originalDateTime&gt;&#13;
          &lt;datacollection:editedUserRef&gt;string value&lt;/datacollection:editedUserRef&gt;&#13;
          &lt;datacollection:ref&gt;string value&lt;/datacollection:ref&gt;&#13;
          &lt;datacollection:ParametricMeasureRef&gt;string value&lt;/datacollection:ParametricMeasureRef&gt;&#13;
          &lt;datacollection:sequence&gt;10&lt;/datacollection:sequence&gt;&#13;
          &lt;datacollection:gboRef&gt;string value&lt;/datacollection:gboRef&gt;&#13;
        &lt;/datacollection:parametricMeasureCustomList&gt;&#13;
      &lt;/datacollection:parametricMeasureList&gt;&#13;
      &lt;datacollection:parametricCustomList&gt;&#13;
        &lt;datacollection:fieldName&gt;string value&lt;/datacollection:fieldName&gt;&#13;
        &lt;datacollection:fieldValue&gt;string value&lt;/datacollection:fieldValue&gt;&#13;
        &lt;datacollection:fieldDescription&gt;string value&lt;/datacollection:fieldDescription&gt;&#13;
        &lt;datacollection:ref&gt;string value&lt;/datacollection:ref&gt;&#13;
        &lt;datacollection:ParametricRef&gt;string value&lt;/datacollection:ParametricRef&gt;&#13;
        &lt;datacollection:sequence&gt;10&lt;/datacollection:sequence&gt;&#13;
        &lt;datacollection:transactionId&gt;10&lt;/datacollection:transactionId&gt;&#13;
        &lt;datacollection:gboRef&gt;string value&lt;/datacollection:gboRef&gt;&#13;
      &lt;/datacollection:parametricCustomList&gt;&#13;
    &lt;/responses&gt;&#13;
  &lt;/serviceInvocationResponse&gt;&#13;
&lt;/common:serviceInvocationResponses&gt;</Response><CredentialAlias/><SelectedModule>com.sap.me.datacollection</SelectedModule><SelectedService>DataCollectionService</SelectedService><SelectedMethod>createMultipleParametricData</SelectedMethod><Site/><MEUser/></Value><SchemaURI/><SchemaElement/><ValidateXMLOnExecution>1</ValidateXMLOnExecution><SchemaURI/><SchemaElement/><ValidateXMLOnExecution>1</ValidateXMLOnExecution><ReadOnly>false</ReadOnly><AlertXMLAssigned>false</AlertXMLAssigned></ContextItem><ContextItem><Name>CreateMultipleParametricdataCheck</Name><Description/><MinRange>0</MinRange><MaxRange>0</MaxRange><Value xsi:type="ConditionalAction"><Output>false</Output><InputCount>2</InputCount><LogicalAnd>true</LogicalAnd><Input1>false</Input1><Input2>false</Input2></Value><ReadOnly>false</ReadOnly><AlertXMLAssigned>false</AlertXMLAssigned></ContextItem><ContextItem><Name>Event_Logger_MultipleParametricData</Name><Description/><MinRange>0</MinRange><MaxRange>0</MaxRange><Value xsi:type="EventLogger"><Message/><Source>UserEvent</Source><EventType>ERROR</EventType></Value><ReadOnly>false</ReadOnly><AlertXMLAssigned>false</AlertXMLAssigned></ContextItem><ContextItem><Name>Catch_MultipleParametricData_Exception</Name><Description/><MinRange>0</MinRange><MaxRange>0</MaxRange><Value xsi:type="CatchAction"/><ReadOnly>false</ReadOnly><AlertXMLAssigned>false</AlertXMLAssigned></ContextItem><ContextItem><Name>Event_Logger_MultipleParametricData_Exception</Name><Description/><MinRange>0</MinRange><MaxRange>0</MaxRange><Value xsi:type="EventLogger"><Message/><Source>UserEvent</Source><EventType>ERROR</EventType></Value><ReadOnly>false</ReadOnly><AlertXMLAssigned>false</AlertXMLAssigned></ContextItem><ContextItem><Name>Catch_Transaction_Call_QualityAssemblyInputData_Fail</Name><Description/><MinRange>0</MinRange><MaxRange>0</MaxRange><Value xsi:type="CatchAction"/><ReadOnly>false</ReadOnly><AlertXMLAssigned>false</AlertXMLAssigned></ContextItem><ContextItem><Name>Event_Logger_Transaction_Call_QualityAssemblyInputData_Fail</Name><Description/><MinRange>0</MinRange><MaxRange>0</MaxRange><Value xsi:type="EventLogger"><Message/><Source>UserEvent</Source><EventType>ERROR</EventType></Value><ReadOnly>false</ReadOnly><AlertXMLAssigned>false</AlertXMLAssigned></ContextItem><ContextItem><Name>Resource_Operation</Name><Description/><MinRange>0</MinRange><MaxRange>0</MaxRange><Value xsi:type="Assignment"/><ReadOnly>false</ReadOnly><AlertXMLAssigned>false</AlertXMLAssigned></ContextItem><ContextItem><Name>QualityAssemblyInputDataTrx</Name><Description/><MinRange>0</MinRange><MaxRange>0</MaxRange><Value xsi:type="DynamicTransactionCall"><TransactionName>NC11/TROUBLESHOOTING/TRANSACTIONS/QualityAssemblyInputDataTrx</TransactionName><Async>false</Async><Persist>Inherit</Persist><LogLevel>INHERIT</LogLevel><LogType>INHERIT</LogType><StoreTransactionOutput>false</StoreTransactionOutput><Expiration>-1</Expiration><Site/><TroubleshootQualityAssemblyFlag>true</TroubleshootQualityAssemblyFlag><InputXml><ReferenceDocumentSource/></InputXml><Inputs><ContextItem><Name>Site</Name><Description/><MinRange>0</MinRange><MaxRange>0</MaxRange><Value xsi:type="string"/><ReadOnly>false</ReadOnly><AlertXMLAssigned>false</AlertXMLAssigned></ContextItem><ContextItem><Name>TroubleshootQualityAssemblyFlag</Name><Description/><MinRange>0</MinRange><MaxRange>0</MaxRange><Value xsi:type="boolean">1</Value><ReadOnly>false</ReadOnly><AlertXMLAssigned>false</AlertXMLAssigned></ContextItem><ContextItem><Name>InputXml</Name><Description/><MinRange>0</MinRange><MaxRange>0</MaxRange><Value xsi:type="xml"><ReferenceDocumentSource/></Value><SchemaURI/><SchemaElement/><ValidateXMLOnExecution>1</ValidateXMLOnExecution><ReadOnly>false</ReadOnly><AlertXMLAssigned>false</AlertXMLAssigned></ContextItem></Inputs></Value><SchemaURI/><SchemaElement/><ValidateXMLOnExecution>1</ValidateXMLOnExecution><ReadOnly>false</ReadOnly><AlertXMLAssigned>false</AlertXMLAssigned></ContextItem><ContextItem><Name>Conditional_PartselectCount_Check</Name><Description/><MinRange>0</MinRange><MaxRange>0</MaxRange><Value xsi:type="ConditionalAction"><Output>false</Output><InputCount>1</InputCount><LogicalAnd>false</LogicalAnd><Input1>false</Input1></Value><ReadOnly>false</ReadOnly><AlertXMLAssigned>false</AlertXMLAssigned></ContextItem><ContextItem><Name>initialisePAPIRequest</Name><Description/><MinRange>0</MinRange><MaxRange>0</MaxRange><Value xsi:type="Assignment"/><ReadOnly>false</ReadOnly><AlertXMLAssigned>false</AlertXMLAssigned></ContextItem><ContextItem><Name>Event_Logger_PartselectCount_Mismatch</Name><Description/><MinRange>0</MinRange><MaxRange>0</MaxRange><Value xsi:type="EventLogger"><Message/><Source>UserEvent</Source><EventType>ERROR</EventType></Value><ReadOnly>false</ReadOnly><AlertXMLAssigned>false</AlertXMLAssigned></ContextItem><ContextItem><Name>Input_Check</Name><Description/><MinRange>0</MinRange><MaxRange>0</MaxRange><Value xsi:type="ConditionalAction"><Output>false</Output><InputCount>1</InputCount><LogicalAnd>false</LogicalAnd><Input1>false</Input1></Value><ReadOnly>false</ReadOnly><AlertXMLAssigned>false</AlertXMLAssigned></ContextItem><ContextItem><Name>Event_Logger_InputCheck</Name><Description/><MinRange>0</MinRange><MaxRange>0</MaxRange><Value xsi:type="EventLogger"><Message/><Source>UserEvent</Source><EventType>ERROR</EventType></Value><ReadOnly>false</ReadOnly><AlertXMLAssigned>false</AlertXMLAssigned></ContextItem><ContextItem><Name>Find_BOM_From_SFC</Name><Description/><MinRange>0</MinRange><MaxRange>0</MaxRange><Value xsi:type="IlluminatorSQLQueryObject"><Format>text/xml</Format><Timeout>60</Timeout><QueryTemplate>NC11/QUALITY/ASSEMBLY/QUERYTEMPLATES/FindBomFromSFCQuery</QueryTemplate><Results><ReferenceDocumentSource/>&lt;?xml version="1.0" encoding="UTF-8"?&gt;&lt;Rowsets CachedTime="" DateCreated="2023-11-14T14:25:27" EndDate="2023-11-14T14:25:27" StartDate="2023-11-14T13:25:27" Version="15.1 SP5 Patch 15 (03-May-2018)"&gt;&lt;Rowset&gt;&lt;Columns&gt;&lt;Column Description="HANDLE" MaxRange="1" MinRange="0" Name="HANDLE" SQLDataType="-9" SourceColumn="HANDLE"/&gt;&lt;Column Description="CHANGE_STAMP" MaxRange="1" MinRange="0" Name="CHANGE_STAMP" SQLDataType="2" SourceColumn="CHANGE_STAMP"/&gt;&lt;Column Description="SFC_BO" MaxRange="1" MinRange="0" Name="SFC_BO" SQLDataType="-9" SourceColumn="SFC_BO"/&gt;&lt;Column Description="BOM_BO" MaxRange="1" MinRange="0" Name="BOM_BO" SQLDataType="-9" SourceColumn="BOM_BO"/&gt;&lt;Column Description="PREV_SITE" MaxRange="1" MinRange="0" Name="PREV_SITE" SQLDataType="-9" SourceColumn="PREV_SITE"/&gt;&lt;Column Description="ORIGINAL_TRANSFER_KEY" MaxRange="1" MinRange="0" Name="ORIGINAL_TRANSFER_KEY" SQLDataType="-9" SourceColumn="ORIGINAL_TRANSFER_KEY"/&gt;&lt;Column Description="MODIFIED_DATE_TIME" MaxRange="1" MinRange="0" Name="MODIFIED_DATE_TIME" SQLDataType="93" SourceColumn="MODIFIED_DATE_TIME"/&gt;&lt;Column Description="CREATED_DATE_TIME" MaxRange="1" MinRange="0" Name="CREATED_DATE_TIME" SQLDataType="93" SourceColumn="CREATED_DATE_TIME"/&gt;&lt;Column Description="PARTITION_DATE" MaxRange="1" MinRange="0" Name="PARTITION_DATE" SQLDataType="93" SourceColumn="PARTITION_DATE"/&gt;&lt;/Columns&gt;&lt;/Rowset&gt;&lt;/Rowsets&gt;</Results><QueryEndDate>2016-01-19T12:37:10</QueryEndDate><TagList/><QueryParameters/><ResultsAsString/><SQLTransaction/><QueryStartDate>2016-01-19T12:37:10</QueryStartDate></Value><SchemaURI/><SchemaElement/><ValidateXMLOnExecution>1</ValidateXMLOnExecution><ReadOnly>false</ReadOnly><AlertXMLAssigned>false</AlertXMLAssigned></ContextItem><ContextItem><Name>Check_Find_BOM_From_SFC</Name><Description/><MinRange>0</MinRange><MaxRange>0</MaxRange><Value xsi:type="ConditionalAction"><Output>false</Output><InputCount>1</InputCount><LogicalAnd>false</LogicalAnd><Input1>false</Input1></Value><ReadOnly>false</ReadOnly><AlertXMLAssigned>false</AlertXMLAssigned></ContextItem><ContextItem><Name>Catch_Find_BOM_From_SFC</Name><Description/><MinRange>0</MinRange><MaxRange>0</MaxRange><Value xsi:type="CatchAction"/><ReadOnly>false</ReadOnly><AlertXMLAssigned>false</AlertXMLAssigned></ContextItem><ContextItem><Name>Log_Find_BOM_From_SFC_Exception</Name><Description/><MinRange>0</MinRange><MaxRange>0</MaxRange><Value xsi:type="EventLogger"><Message/><Source>UserEvent</Source><EventType>ERROR</EventType></Value><ReadOnly>false</ReadOnly><AlertXMLAssigned>false</AlertXMLAssigned></ContextItem><ContextItem><Name>Log_FInd_BOM_From_SFC_Empty_Event</Name><Description/><MinRange>0</MinRange><MaxRange>0</MaxRange><Value xsi:type="EventLogger"><Message/><Source>UserEvent</Source><EventType>ERROR</EventType></Value><ReadOnly>false</ReadOnly><AlertXMLAssigned>false</AlertXMLAssigned></ContextItem><ContextItem><Name>GetSlotForSelectablePartsTrx_Call</Name><Description/><MinRange>0</MinRange><MaxRange>0</MaxRange><Value xsi:type="TransactionCall"><ResetState>false</ResetState><TransactionName>NC11/QUALITY/ASSEMBLY/TRANSACTIONS/GetSlotForSelectablePartsTrx</TransactionName><Async>false</Async><Persist>INHERIT</Persist><LogLevel>INHERIT</LogLevel><LogType>INHERIT</LogType><StoreTransactionOutput>false</StoreTransactionOutput><Expiration>-1</Expiration><resourceRef/><site/><operationRef/><bomRef/></Value><ReadOnly>false</ReadOnly><AlertXMLAssigned>false</AlertXMLAssigned></ContextItem><ContextItem><Name>Catch_GetSlotForSelectablePartsTrx_Call</Name><Description/><MinRange>0</MinRange><MaxRange>0</MaxRange><Value xsi:type="CatchAction"/><ReadOnly>false</ReadOnly><AlertXMLAssigned>false</AlertXMLAssigned></ContextItem><ContextItem><Name>Log_GetSlotForSelectablePartsTrx_Call</Name><Description/><MinRange>0</MinRange><MaxRange>0</MaxRange><Value xsi:type="EventLogger"><Message/><Source>UserEvent</Source><EventType>INFO</EventType></Value><ReadOnly>false</ReadOnly><AlertXMLAssigned>false</AlertXMLAssigned></ContextItem><ContextItem><Name>Check_GetSlotForSelectablePartsTrx_Call_Success</Name><Description/><MinRange>0</MinRange><MaxRange>0</MaxRange><Value xsi:type="ConditionalAction"><Output>false</Output><InputCount>1</InputCount><LogicalAnd>false</LogicalAnd><Input1>false</Input1></Value><ReadOnly>false</ReadOnly><AlertXMLAssigned>false</AlertXMLAssigned></ContextItem><ContextItem><Name>Assign_Slot_Config_Ref</Name><Description/><MinRange>0</MinRange><MaxRange>0</MaxRange><Value xsi:type="Assignment"/><ReadOnly>false</ReadOnly><AlertXMLAssigned>false</AlertXMLAssigned></ContextItem><ContextItem><Name>Log_GetSlotForSelectablePartsTrx_Call_Error</Name><Description/><MinRange>0</MinRange><MaxRange>0</MaxRange><Value xsi:type="EventLogger"><Message/><Source>UserEvent</Source><EventType>ERROR</EventType></Value><ReadOnly>false</ReadOnly><AlertXMLAssigned>false</AlertXMLAssigned></ContextItem><ContextItem><Name>Find_Slot_Details</Name><Description/><MinRange>0</MinRange><MaxRange>0</MaxRange><Value xsi:type="IlluminatorSQLQueryObject"><Format>text/xml</Format><Timeout>60</Timeout><QueryTemplate>NC11/QUALITY/ASSEMBLY/QUERYTEMPLATES/GetSlotDetailsQuery</QueryTemplate><Results><ReferenceDocumentSource/>&lt;?xml version="1.0" encoding="UTF-8"?&gt;&lt;Rowsets CachedTime="" DateCreated="2023-11-14T14:26:25" EndDate="2023-11-14T14:26:25" StartDate="2023-11-14T13:26:25" Version="15.1 SP5 Patch 15 (03-May-2018)"&gt;&lt;Rowset&gt;&lt;Columns&gt;&lt;Column Description="HANDLE" MaxRange="1" MinRange="0" Name="HANDLE" SQLDataType="-9" SourceColumn="HANDLE"/&gt;&lt;Column Description="SEQUENCE" MaxRange="1" MinRange="0" Name="SEQUENCE" SQLDataType="2" SourceColumn="SEQUENCE"/&gt;&lt;Column Description="REF_DES" MaxRange="1" MinRange="0" Name="REF_DES" SQLDataType="-9" SourceColumn="REF_DES"/&gt;&lt;Column Description="COMPONENT_BO" MaxRange="1" MinRange="0" Name="COMPONENT_BO" SQLDataType="-9" SourceColumn="COMPONENT_BO"/&gt;&lt;Column Description="SLOT" MaxRange="1" MinRange="0" Name="SLOT" SQLDataType="-9" SourceColumn="SLOT"/&gt;&lt;Column Description="SLOT_CONFIG_BO" MaxRange="1" MinRange="0" Name="SLOT_CONFIG_BO" SQLDataType="-9" SourceColumn="SLOT_CONFIG_BO"/&gt;&lt;Column Description="LOCATION" MaxRange="1" MinRange="0" Name="LOCATION" SQLDataType="-9" SourceColumn="LOCATION"/&gt;&lt;Column Description="MIN_QTY_THRESHOLD" MaxRange="1" MinRange="0" Name="MIN_QTY_THRESHOLD" SQLDataType="2" SourceColumn="MIN_QTY_THRESHOLD"/&gt;&lt;Column Description="MIN_QTY_MESSAGE_TYPE_BO" MaxRange="1" MinRange="0" Name="MIN_QTY_MESSAGE_TYPE_BO" SQLDataType="12" SourceColumn="MIN_QTY_MESSAGE_TYPE_BO"/&gt;&lt;Column Description="ZERO_QTY_MESSAGE_TYPE_BO" MaxRange="1" MinRange="0" Name="ZERO_QTY_MESSAGE_TYPE_BO" SQLDataType="12" SourceColumn="ZERO_QTY_MESSAGE_TYPE_BO"/&gt;&lt;/Columns&gt;&lt;/Rowset&gt;&lt;/Rowsets&gt;</Results><QueryEndDate>2016-01-19T15:01:59</QueryEndDate><TagList/><QueryParameters/><ResultsAsString/><SQLTransaction/><QueryStartDate>2016-01-19T15:01:59</QueryStartDate></Value><SchemaURI/><SchemaElement/><ValidateXMLOnExecution>1</ValidateXMLOnExecution><ReadOnly>false</ReadOnly><AlertXMLAssigned>false</AlertXMLAssigned></ContextItem><ContextItem><Name>Catch_Find_Slot_Details</Name><Description/><MinRange>0</MinRange><MaxRange>0</MaxRange><Value xsi:type="CatchAction"/><ReadOnly>false</ReadOnly><AlertXMLAssigned>false</AlertXMLAssigned></ContextItem><ContextItem><Name>Log_Find_Slot_Details_Exception</Name><Description/><MinRange>0</MinRange><MaxRange>0</MaxRange><Value xsi:type="EventLogger"><Message/><Source>UserEvent</Source><EventType>ERROR</EventType></Value><ReadOnly>false</ReadOnly><AlertXMLAssigned>false</AlertXMLAssigned></ContextItem><ContextItem><Name>Check_Slot_Details</Name><Description/><MinRange>0</MinRange><MaxRange>0</MaxRange><Value xsi:type="ConditionalAction"><Output>false</Output><InputCount>1</InputCount><LogicalAnd>false</LogicalAnd><Input1>false</Input1></Value><ReadOnly>false</ReadOnly><AlertXMLAssigned>false</AlertXMLAssigned></ContextItem><ContextItem><Name>createTimeStampFormat</Name><Description/><MinRange>0</MinRange><MaxRange>0</MaxRange><Value xsi:type="TransactionCall"><ResetState>false</ResetState><TransactionName>NC11/TIMESTAMP/TRANSACTIONS/trxDatetimeFormat</TransactionName><Async>false</Async><Persist>INHERIT</Persist><LogLevel>INHERIT</LogLevel><LogType>INHERIT</LogType><StoreTransactionOutput>false</StoreTransactionOutput><Expiration>-1</Expiration><InPLCJavaTimeStamp/><InPLCTimestamp/></Value><ReadOnly>false</ReadOnly><AlertXMLAssigned>false</AlertXMLAssigned></ContextItem><ContextItem><Name>Check_If_PLC_COM_RESET_Flag_True</Name><Description/><MinRange>0</MinRange><MaxRange>0</MaxRange><Value xsi:type="ConditionalAction"><Output>false</Output><InputCount>2</InputCount><LogicalAnd>false</LogicalAnd><Input1>false</Input1><Input2>false</Input2></Value><ReadOnly>false</ReadOnly><AlertXMLAssigned>false</AlertXMLAssigned></ContextItem><ContextItem><Name>PCoTagAssignment_PLCCOM0</Name><Description/><MinRange>0</MinRange><MaxRange>0</MaxRange><Value xsi:type="Assignment"/><ReadOnly>false</ReadOnly><AlertXMLAssigned>false</AlertXMLAssigned></ContextItem><ContextItem><Name>Assign_PLC_COM_4_1</Name><Description/><MinRange>0</MinRange><MaxRange>0</MaxRange><Value xsi:type="Assignment"/><ReadOnly>false</ReadOnly><AlertXMLAssigned>false</AlertXMLAssigned></ContextItem><ContextItem><Name>Assign_PLC_COM_4_2</Name><Description/><MinRange>0</MinRange><MaxRange>0</MaxRange><Value xsi:type="Assignment"/><ReadOnly>false</ReadOnly><AlertXMLAssigned>false</AlertXMLAssigned></ContextItem><ContextItem><Name>Assign_PLC_COM_4_3</Name><Description/><MinRange>0</MinRange><MaxRange>0</MaxRange><Value xsi:type="Assignment"/><ReadOnly>false</ReadOnly><AlertXMLAssigned>false</AlertXMLAssigned></ContextItem><ContextItem><Name>Assign_PLC_COM_4_4</Name><Description/><MinRange>0</MinRange><MaxRange>0</MaxRange><Value xsi:type="Assignment"/><ReadOnly>false</ReadOnly><AlertXMLAssigned>false</AlertXMLAssigned></ContextItem><ContextItem><Name>Assign_PLC_COM_4_5</Name><Description/><MinRange>0</MinRange><MaxRange>0</MaxRange><Value xsi:type="Assignment"/><ReadOnly>false</ReadOnly><AlertXMLAssigned>false</AlertXMLAssigned></ContextItem><ContextItem><Name>Assign_PLC_COM_4_6</Name><Description/><MinRange>0</MinRange><MaxRange>0</MaxRange><Value xsi:type="Assignment"/><ReadOnly>false</ReadOnly><AlertXMLAssigned>false</AlertXMLAssigned></ContextItem><ContextItem><Name>Assign_PLC_COM_4_7</Name><Description/><MinRange>0</MinRange><MaxRange>0</MaxRange><Value xsi:type="Assignment"/><ReadOnly>false</ReadOnly><AlertXMLAssigned>false</AlertXMLAssigned></ContextItem><ContextItem><Name>Assign_PLC_COM_4_8</Name><Description/><MinRange>0</MinRange><MaxRange>0</MaxRange><Value xsi:type="Assignment"/><ReadOnly>false</ReadOnly><AlertXMLAssigned>false</AlertXMLAssigned></ContextItem><ContextItem><Name>Assign_PLC_COM_4_9</Name><Description/><MinRange>0</MinRange><MaxRange>0</MaxRange><Value xsi:type="Assignment"/><ReadOnly>false</ReadOnly><AlertXMLAssigned>false</AlertXMLAssigned></ContextItem><ContextItem><Name>Assign_PLC_COM_4_10</Name><Description/><MinRange>0</MinRange><MaxRange>0</MaxRange><Value xsi:type="Assignment"/><ReadOnly>false</ReadOnly><AlertXMLAssigned>false</AlertXMLAssigned></ContextItem><ContextItem><Name>Assign_PLC_COM_4_11</Name><Description/><MinRange>0</MinRange><MaxRange>0</MaxRange><Value xsi:type="Assignment"/><ReadOnly>false</ReadOnly><AlertXMLAssigned>false</AlertXMLAssigned></ContextItem><ContextItem><Name>Assign_PLC_COM_4_12</Name><Description/><MinRange>0</MinRange><MaxRange>0</MaxRange><Value xsi:type="Assignment"/><ReadOnly>false</ReadOnly><AlertXMLAssigned>false</AlertXMLAssigned></ContextItem><ContextItem><Name>Assign_PLC_COM_4_13</Name><Description/><MinRange>0</MinRange><MaxRange>0</MaxRange><Value xsi:type="Assignment"/><ReadOnly>false</ReadOnly><AlertXMLAssigned>false</AlertXMLAssigned></ContextItem><ContextItem><Name>Assign_PLC_COM_4_14</Name><Description/><MinRange>0</MinRange><MaxRange>0</MaxRange><Value xsi:type="Assignment"/><ReadOnly>false</ReadOnly><AlertXMLAssigned>false</AlertXMLAssigned></ContextItem><ContextItem><Name>PCoTagAssignment_PLCCOM4</Name><Description/><MinRange>0</MinRange><MaxRange>0</MaxRange><Value xsi:type="Assignment"/><ReadOnly>false</ReadOnly><AlertXMLAssigned>false</AlertXMLAssigned></ContextItem><ContextItem><Name>trxPCoHandshake</Name><Description/><MinRange>0</MinRange><MaxRange>0</MaxRange><Value xsi:type="DynamicTransactionCall"><TransactionName>NC11/PCO_INTEGRATION/COMMON/TRANSACTIONS/trxPCoHandshake</TransactionName><Async>true</Async><Persist>Inherit</Persist><LogLevel>INHERIT</LogLevel><LogType>INHERIT</LogType><StoreTransactionOutput>false</StoreTransactionOutput><Expiration>-1</Expiration><LoggingSourceName/><PCoServer/><PCoTagNameList/><PCoTagValueList/><TagID/><Inputs><ContextItem><Name>LoggingSourceName</Name><Description/><MinRange>0</MinRange><MaxRange>0</MaxRange><Value xsi:type="string"/><ReadOnly>false</ReadOnly><AlertXMLAssigned>false</AlertXMLAssigned></ContextItem><ContextItem><Name>PCoServer</Name><Description/><MinRange>0</MinRange><MaxRange>0</MaxRange><Value xsi:type="string"/><ReadOnly>false</ReadOnly><AlertXMLAssigned>false</AlertXMLAssigned></ContextItem><ContextItem><Name>PCoTagNameList</Name><Description/><MinRange>0</MinRange><MaxRange>0</MaxRange><Value xsi:type="string"/><ReadOnly>false</ReadOnly><AlertXMLAssigned>false</AlertXMLAssigned></ContextItem><ContextItem><Name>PCoTagValueList</Name><Description/><MinRange>0</MinRange><MaxRange>0</MaxRange><Value xsi:type="string"/><ReadOnly>false</ReadOnly><AlertXMLAssigned>false</AlertXMLAssigned></ContextItem><ContextItem><Name>TagID</Name><Description/><MinRange>0</MinRange><MaxRange>0</MaxRange><Value xsi:type="string"/><ReadOnly>false</ReadOnly><AlertXMLAssigned>false</AlertXMLAssigned></ContextItem></Inputs><Outputs><ContextItem><Name>outputXML</Name><Description/><MinRange>0</MinRange><MaxRange>0</MaxRange><Value xsi:type="xml"><ReferenceDocumentSource/>&lt;?xml version="1.0" encoding="UTF-8"?&gt;&lt;xml&gt;&#13;
&lt;success/&gt;&#13;
&lt;message/&gt;&#13;
&lt;/xml&gt;</Value><SchemaURI/><SchemaElement/><ValidateXMLOnExecution>1</ValidateXMLOnExecution><ReadOnly>false</ReadOnly><AlertXMLAssigned>false</AlertXMLAssigned></ContextItem></Outputs></Value><ReadOnly>false</ReadOnly><AlertXMLAssigned>false</AlertXMLAssigned></ContextItem><ContextItem><Name>QualityAssemblyWBDataTrx</Name><Description/><MinRange>0</MinRange><MaxRange>0</MaxRange><Value xsi:type="DynamicTransactionCall"><TransactionName>Troubleshooting/Quality/Assembly/QualityAssemblyWBDataTrx</TransactionName><Async>false</Async><Persist>Inherit</Persist><LogLevel>INHERIT</LogLevel><LogType>INHERIT</LogType><StoreTransactionOutput>false</StoreTransactionOutput><Expiration>-1</Expiration><TroubleshootQualityAssemblyFlag>true</TroubleshootQualityAssemblyFlag><TRBL_HANDLE/><PLCCOM_WB_VAL/><Inputs><ContextItem><Name>TroubleshootQualityAssemblyFlag</Name><Description/><MinRange>0</MinRange><MaxRange>0</MaxRange><Value xsi:type="boolean">1</Value><ReadOnly>false</ReadOnly><AlertXMLAssigned>false</AlertXMLAssigned></ContextItem><ContextItem><Name>TRBL_HANDLE</Name><Description/><MinRange>0</MinRange><MaxRange>0</MaxRange><Value xsi:type="string"/><ReadOnly>false</ReadOnly><AlertXMLAssigned>false</AlertXMLAssigned></ContextItem><ContextItem><Name>PLCCOM_WB_VAL</Name><Description/><MinRange>0</MinRange><MaxRange>0</MaxRange><Value xsi:type="string"/><ReadOnly>false</ReadOnly><AlertXMLAssigned>false</AlertXMLAssigned></ContextItem></Inputs></Value><ReadOnly>false</ReadOnly><AlertXMLAssigned>false</AlertXMLAssigned></ContextItem><ContextItem><Name>Catch_Transaction_Call_QualityAssemblyWBData_Fail</Name><Description/><MinRange>0</MinRange><MaxRange>0</MaxRange><Value xsi:type="CatchAction"/><ReadOnly>false</ReadOnly><AlertXMLAssigned>false</AlertXMLAssigned></ContextItem><ContextItem><Name>Event_Logger_Transaction_Call_QualityAssemblyWBData_Fail</Name><Description/><MinRange>0</MinRange><MaxRange>0</MaxRange><Value xsi:type="EventLogger"><Message/><Source>UserEvent</Source><EventType>ERROR</EventType></Value><ReadOnly>false</ReadOnly><AlertXMLAssigned>false</AlertXMLAssigned></ContextItem><ContextItem><Name>LOG_PLC_HANDSHAKE</Name><Description/><MinRange>0</MinRange><MaxRange>0</MaxRange><Value xsi:type="EventLogger"><Message/><Source>UserEvent</Source><EventType>ERROR</EventType></Value><ReadOnly>false</ReadOnly><AlertXMLAssigned>false</AlertXMLAssigned></ContextItem><ContextItem><Name>Event_Logger_IntermittentFailure</Name><Description/><MinRange>0</MinRange><MaxRange>0</MaxRange><Value xsi:type="EventLogger"><Message/><Source>UserEvent</Source><EventType>INFO</EventType></Value><ReadOnly>false</ReadOnly><AlertXMLAssigned>false</AlertXMLAssigned></ContextItem><ContextItem><Name>Event_Logger_Catch_assemblyFail</Name><Description/><MinRange>0</MinRange><MaxRange>0</MaxRange><Value xsi:type="EventLogger"><Message/><Source>UserEvent</Source><EventType>ERROR</EventType></Value><ReadOnly>false</ReadOnly><AlertXMLAssigned>false</AlertXMLAssigned></ContextItem><ContextItem><Name>Check_PLC_COM</Name><Description/><MinRange>0</MinRange><MaxRange>0</MaxRange><Value xsi:type="ConditionalAction"><Output>false</Output><InputCount>1</InputCount><LogicalAnd>false</LogicalAnd><Input1>false</Input1></Value><ReadOnly>false</ReadOnly><AlertXMLAssigned>false</AlertXMLAssigned></ContextItem><ContextItem><Name>Tracer_0</Name><Description/><MinRange>0</MinRange><MaxRange>0</MaxRange><Value xsi:type="Tracer"><Message/><Level>INFO</Level></Value><ReadOnly>false</ReadOnly><AlertXMLAssigned>false</AlertXMLAssigned></ContextItem><ContextItem><Name>Tracer_1</Name><Description/><MinRange>0</MinRange><MaxRange>0</MaxRange><Value xsi:type="Tracer"><Message/><Level>INFO</Level></Value><ReadOnly>false</ReadOnly><AlertXMLAssigned>false</AlertXMLAssigned></ContextItem></Actions><ReaderRoles>SAP_XMII_Super_Administrator,SAP_XMII_Administrator,SAP_XMII_Developer,SAP_XMII_User</ReaderRoles><Steps><Step xsi:type="ActionSequence"><Name>Transaction is triggered by SAP PCo. It performs an operation, saves the quality data with respect to SFC in to SAP ME database using PAPI.</Name><Description/><Steps><Step xsi:type="Conditional"><Name>Sequence_31</Name><Description/><Steps><Step xsi:type="ActionSequence"><Name>Sequence_33</Name><Description/><Steps><Step xsi:type="Catch"><Name>Sequence_48</Name><Description/><Steps><Step xsi:type="ActionSequence"><Name>Sequence_59</Name><Description/><Steps/><Actions><Action><Name>Event_Logger_Transaction_Call_QualityAssemblyInputData_Fail</Name><Description> </Description><IncomingLinks><Assign xsi:type="Assign"><Name/><Description/><To>Event_Logger_Transaction_Call_QualityAssemblyInputData_Fail.Message</To><From>"Error 40606 : "&amp;Local.TrxName&amp;",QualityAssemblyInputDataTrx. Details: "&amp;QualityAssemblyInputDataTrx.TransactionName&amp;"call Failed. Message:"&amp;QualityAssemblyInputDataTrx.LastErrorMessage&amp;" \nCatch Message:"&amp;Catch_Transaction_Call_QualityAssemblyInputData_Fail.Message</From></Assign></IncomingLinks><OutgoingLinks/></Action></Actions></Step></Steps><Actions><Action><Name>Catch_Transaction_Call_QualityAssemblyInputData_Fail</Name><Description>Catches an exception</Description><IncomingLinks/><OutgoingLinks/></Action></Actions></Step></Steps><Actions><Action><Name>QualityAssemblyInputDataTrx</Name><Description>Dynamic Transaction Call</Description><IncomingLinks><Assign xsi:type="AssignXml"><Name/><Description/><To>QualityAssemblyInputDataTrx.InputXml</To><From>Transaction.Input_XML</From></Assign><Assign xsi:type="Assign"><Name/><Description/><To>QualityAssemblyInputDataTrx.Site</To><From>stringtrim(Transaction.Input_XML{/NotificationMessage/Body/Values/site})</From></Assign></IncomingLinks><OutgoingLinks/></Action></Actions></Step></Steps><Actions><Action><Name>Conditional_Event_Logger_Testing</Name><Description> </Description><IncomingLinks><Assign xsi:type="Assign"><Name/><Description/><To>Conditional_Event_Logger_Testing.Input1</To><From>Globals.GlobalEventLoggerFlag==1</From></Assign><Assign xsi:type="Assign"><Name/><Description/><To>Conditional_Event_Logger_Testing.Input2</To><From>Transaction.EventLoggerFlag==1</From></Assign></IncomingLinks><OutgoingLinks/></Action></Actions></Step><Step xsi:type="Conditional"><Name>Sequence_14</Name><Description/><Steps><Step xsi:type="ActionSequence"><Name>Sequence_41</Name><Description/><Steps><Step xsi:type="ActionSequence"><Name>Sequence_15</Name><Description/><Steps><Step xsi:type="ActionSequence"><Name>Sequence_11</Name><Description/><Steps><Step xsi:type="Conditional"><Name>Sequence_7</Name><Description/><Steps><Step xsi:type="ActionSequence"><Name>Sequence_12</Name><Description/><Steps><Step xsi:type="Conditional"><Name>Sequence_5</Name><Description/><Steps><Step xsi:type="Conditional"><Name>Sequence_19</Name><Description/><Steps><Step xsi:type="ActionSequence"><Name>Sequence_20</Name><Description/><Steps><Step xsi:type="Conditional"><Name>Sequence_29</Name><Description/><Steps><Step xsi:type="ActionSequence"><Name>Sequence_43</Name><Description/><Steps><Step xsi:type="Conditional"><Name>Sequence_46</Name><Description/><Steps><Step xsi:type="ActionSequence"><Name>Sequence_47</Name><Description/><Steps><Step xsi:type="Repeater"><Name>Sequence_24</Name><Description/><Steps><Step xsi:type="ActionSequence"><Name>Sequence_51</Name><Description/><Steps><Step xsi:type="Conditional"><Name>Sequence_23</Name><Description/><Steps><Step xsi:type="ActionSequence"><Name>Sequence_13</Name><Description/><Steps><Step xsi:type="Conditional"><Name>Sequence_21</Name><Description/><Steps><Step xsi:type="ActionSequence"><Name>Sequence_22</Name><Description/><Steps/><Actions><Action><Name>Event_Logger_IntermittentFailure</Name><Description> </Description><IncomingLinks><Assign xsi:type="Assign"><Name/><Description/><To>Event_Logger_IntermittentFailure.EventType</To><From>Persistent.EventLoggerType_IntermittentIssue</From></Assign><Assign xsi:type="Assign"><Name/><Description/><To>Event_Logger_IntermittentFailure.Message</To><From>"Error 40601 Trx Name is "&amp;Local.TrxName&amp;" API Request XML : "&amp;Assembly_SelectedPartsCapture.Request</From></Assign></IncomingLinks><OutgoingLinks/></Action></Actions></Step><Step xsi:type="ActionSequence"><Name>Sequence_28</Name><Description/><Steps><Step xsi:type="ActionSequence"><Name>Sequence_68</Name><Description/><Steps/><Actions><Action><Name>Event_Logger_assemblyFail</Name><Description> </Description><IncomingLinks><Assign xsi:type="Assign"><Name/><Description/><To>Event_Logger_assemblyFail.Message</To><From>"Error40601. "&amp;Local.TrxName&amp;", Condition_assemblyFail, Error Message: "&amp;Assembly_SelectedPartsCapture.Message</From></Assign></IncomingLinks><OutgoingLinks/></Action></Actions></Step></Steps><Actions><Action><Name>Assign_PLC_COM_4_14</Name><Description> </Description><IncomingLinks/><OutgoingLinks><Assign xsi:type="Assign"><Name/><Description/><To>Local.plccom</To><From>4</From></Assign></OutgoingLinks></Action></Actions></Step></Steps><Actions><Action><Name>Condition_assemblyFail</Name><Description> </Description><IncomingLinks><Assign xsi:type="Assign"><Name/><Description/><To>Condition_assemblyFail.Input1</To><From>Assembly_SelectedPartsCapture.Success</From></Assign></IncomingLinks><OutgoingLinks/></Action></Actions></Step><Step xsi:type="Catch"><Name>Sequence_66</Name><Description/><Steps><Step xsi:type="ActionSequence"><Name>Sequence_34</Name><Description/><Steps><Step xsi:type="ActionSequence"><Name>Sequence_70</Name><Description/><Steps/><Actions><Action><Name>Event_Logger_Catch_assemblyFail</Name><Description> </Description><IncomingLinks><Assign xsi:type="Assign"><Name/><Description/><To>Event_Logger_Catch_assemblyFail.EventType</To><From>Persistent.EventLoggerType_IntermittentIssue</From></Assign><Assign xsi:type="Assign"><Name/><Description/><To>Event_Logger_Catch_assemblyFail.Message</To><From>"Error40601. Trx Name is "&amp;Local.TrxName&amp;" API Request XML :"&amp;Assembly_SelectedPartsCapture.Request&amp;" API Error Message:"&amp;Assembly_SelectedPartsCapture.Message&amp;" CatchMessage:"&amp;Catch_assemblyFail.Message

</From></Assign></IncomingLinks><OutgoingLinks/></Action></Actions></Step></Steps><Actions><Action><Name>Assign_PLC_COM_4_1</Name><Description> </Description><IncomingLinks/><OutgoingLinks><Assign xsi:type="Assign"><Name/><Description/><To>Local.plccom</To><From>4</From></Assign></OutgoingLinks></Action></Actions></Step></Steps><Actions><Action><Name>Catch_assemblyFail</Name><Description>Catches an exception</Description><IncomingLinks/><OutgoingLinks/></Action></Actions></Step></Steps><Actions><Action><Name>Assembly_SelectedPartsCapture</Name><Description>SAPME PAPI Interface</Description><IncomingLinks><Assign xsi:type="Assign"><Name/><Description/><To>Assembly_SelectedPartsCapture.Site</To><From>Local.SITE</From></Assign><Assign xsi:type="Assign"><Name/><Description/><To>Assembly_SelectedPartsCapture.CredentialAlias</To><From>Persistent.SAP_ME_CredentialAlias</From></Assign><Assign xsi:type="Assign"><Name/><Description/><To>Assembly_SelectedPartsCapture.Request{/common:serviceInvocationRequests/common:serviceInvocationRequest/requests/production:event}</To><From>"Assembly"</From></Assign><Assign xsi:type="Assign"><Name/><Description/><To>Assembly_SelectedPartsCapture.Request{/common:serviceInvocationRequests/common:serviceInvocationRequest/requests/production:operationRef}</To><From>Local.OperationRef</From></Assign><Assign xsi:type="Assign"><Name/><Description/><To>Assembly_SelectedPartsCapture.Request{/common:serviceInvocationRequests/common:serviceInvocationRequest/requests/production:resourceRef}</To><From>Local.ResourceRef</From></Assign><Assign xsi:type="Assign"><Name/><Description/><To>Assembly_SelectedPartsCapture.Request{/common:serviceInvocationRequests/common:serviceInvocationRequest/requests/production:sfcRef}</To><From>Local.SFCRef</From></Assign><Assign xsi:type="Assign"><Name/><Description/><To>Assembly_SelectedPartsCapture.Request{/common:serviceInvocationRequests/common:serviceInvocationRequest/requests/production:quantity}</To><From>Local.Quantity</From></Assign><Assign xsi:type="Assign"><Name/><Description/><To>Assembly_SelectedPartsCapture.Request{/common:serviceInvocationRequests/common:serviceInvocationRequest/requests/production:componentList/production:qty}</To><From>Local.Quantity</From></Assign><Assign xsi:type="Assign"><Name/><Description/><To>Assembly_SelectedPartsCapture.Request{/common:serviceInvocationRequests/common:serviceInvocationRequest/requests/production:componentList/production:identifier}</To><From>stringleft(stringright(Find_Slot_Details.Results{/Rowsets/Rowset/Row/COMPONENT_BO},stringlength(Find_Slot_Details.Results{/Rowsets/Rowset/Row/COMPONENT_BO})-stringindexof(Find_Slot_Details.Results{/Rowsets/Rowset/Row/COMPONENT_BO}, ",")),stringindexof(stringright(Find_Slot_Details.Results{/Rowsets/Rowset/Row/COMPONENT_BO},stringlength(Find_Slot_Details.Results{/Rowsets/Rowset/Row/COMPONENT_BO})-stringindexof(Find_Slot_Details.Results{/Rowsets/Rowset/Row/COMPONENT_BO}, ",")), ",")-1)</From></Assign></IncomingLinks><OutgoingLinks/></Action></Actions></Step><Step xsi:type="ActionSequence"><Name>Sequence_37</Name><Description/><Steps><Step xsi:type="ActionSequence"><Name>Sequence_35</Name><Description/><Steps/><Actions><Action><Name>Event_Logger_Check_Slot_Details</Name><Description> </Description><IncomingLinks><Assign xsi:type="Assign"><Name/><Description/><To>Event_Logger_Check_Slot_Details.Message</To><From>"Error40610: "&amp;Local.TrxName&amp;",GetMaterialResourceOperationQueryFail. Details:Part value : "&amp;Repeater_PartSelect.Output{/*}&amp;"not found in slot configuration." </From></Assign></IncomingLinks><OutgoingLinks/></Action></Actions></Step></Steps><Actions><Action><Name>Assign_PLC_COM_4_2</Name><Description> </Description><IncomingLinks/><OutgoingLinks><Assign xsi:type="Assign"><Name/><Description/><To>Local.plccom</To><From>4</From></Assign></OutgoingLinks></Action></Actions></Step></Steps><Actions><Action><Name>Check_Slot_Details</Name><Description> </Description><IncomingLinks><Assign xsi:type="Assign"><Name/><Description/><To>Check_Slot_Details.Input1</To><From>Find_Slot_Details.Results{/Rowsets/Rowset/Row/COMPONENT_BO}!=""</From></Assign></IncomingLinks><OutgoingLinks/></Action></Actions></Step><Step xsi:type="Catch"><Name>Sequence_62</Name><Description/><Steps><Step xsi:type="ActionSequence"><Name>Sequence_38</Name><Description/><Steps><Step xsi:type="ActionSequence"><Name>Sequence_63</Name><Description/><Steps/><Actions><Action><Name>Log_Find_Slot_Details_Exception</Name><Description> </Description><IncomingLinks><Assign xsi:type="Assign"><Name/><Description/><To>Log_Find_Slot_Details_Exception.Message</To><From>"Error 40601. "&amp;Local.TrxName&amp;" , Find_Slot_Details, Error Message: "&amp;Find_Slot_Details.LastErrorMessage</From></Assign></IncomingLinks><OutgoingLinks/></Action></Actions></Step></Steps><Actions><Action><Name>Assign_PLC_COM_4_3</Name><Description> </Description><IncomingLinks/><OutgoingLinks><Assign xsi:type="Assign"><Name/><Description/><To>Local.plccom</To><From>4</From></Assign></OutgoingLinks></Action></Actions></Step></Steps><Actions><Action><Name>Catch_Find_Slot_Details</Name><Description>Catches an exception</Description><IncomingLinks/><OutgoingLinks/></Action></Actions></Step></Steps><Actions><Action><Name>Find_Slot_Details</Name><Description>SQL Query</Description><IncomingLinks><Assign xsi:type="Assign"><Name/><Description/><To>Find_Slot_Details.Param.1</To><From>Local.slotConfigRef</From></Assign><Assign xsi:type="Assign"><Name/><Description/><To>Find_Slot_Details.Param.2</To><From>stringtrim(Repeater_PartSelect.Output{/*})</From></Assign></IncomingLinks><OutgoingLinks/></Action></Actions></Step></Steps><Actions><Action><Name>Repeater_PartSelect</Name><Description> </Description><IncomingLinks/><OutgoingLinks/></Action></Actions></Step></Steps><Actions><Action><Name>Assign_Slot_Config_Ref</Name><Description> </Description><IncomingLinks/><OutgoingLinks><Assign xsi:type="Assign"><Name/><Description/><To>Local.slotConfigRef</To><From>GetSlotForSelectablePartsTrx_Call.slotConfigRef</From></Assign></OutgoingLinks></Action></Actions></Step><Step xsi:type="ActionSequence"><Name>Sequence_54</Name><Description/><Steps><Step xsi:type="ActionSequence"><Name>Sequence_50</Name><Description/><Steps/><Actions><Action><Name>Log_GetSlotForSelectablePartsTrx_Call_Error</Name><Description> </Description><IncomingLinks><Assign xsi:type="Assign"><Name/><Description/><To>Log_GetSlotForSelectablePartsTrx_Call_Error.Message</To><From>"Error 40606X. "&amp;Local.TrxName&amp;", Check_GetSlotForSelectablePartsTrx_Call_Success, Error Message: Slot not found attached to resource :"&amp;Local.ResourceRef&amp;" for SFC :"&amp;Local.SFCRef</From></Assign></IncomingLinks><OutgoingLinks/></Action></Actions></Step></Steps><Actions><Action><Name>Assign_PLC_COM_4_4</Name><Description> </Description><IncomingLinks/><OutgoingLinks><Assign xsi:type="Assign"><Name/><Description/><To>Local.plccom</To><From>4</From></Assign></OutgoingLinks></Action></Actions></Step></Steps><Actions><Action><Name>Check_GetSlotForSelectablePartsTrx_Call_Success</Name><Description> </Description><IncomingLinks><Assign xsi:type="Assign"><Name/><Description/><To>Check_GetSlotForSelectablePartsTrx_Call_Success.Input1</To><From>(GetSlotForSelectablePartsTrx_Call.Success)&amp;&amp;(GetSlotForSelectablePartsTrx_Call.slotConfigRef!="")</From></Assign></IncomingLinks><OutgoingLinks/></Action></Actions></Step><Step xsi:type="Catch"><Name>Sequence_44</Name><Description/><Steps><Step xsi:type="ActionSequence"><Name>Sequence_55</Name><Description/><Steps><Step xsi:type="ActionSequence"><Name>Sequence_45</Name><Description/><Steps/><Actions><Action><Name>Log_GetSlotForSelectablePartsTrx_Call</Name><Description> </Description><IncomingLinks><Assign xsi:type="Assign"><Name/><Description/><To>Log_GetSlotForSelectablePartsTrx_Call.Message</To><From>"Error 40606. "&amp;Local.TrxName&amp;", GetSlotForSelectablePartsTrx_Call, Error Message:"&amp;GetSlotForSelectablePartsTrx_Call.LastErrorMessage</From></Assign></IncomingLinks><OutgoingLinks/></Action></Actions></Step></Steps><Actions><Action><Name>Assign_PLC_COM_4_5</Name><Description> </Description><IncomingLinks/><OutgoingLinks><Assign xsi:type="Assign"><Name/><Description/><To>Local.plccom</To><From>4</From></Assign></OutgoingLinks></Action></Actions></Step></Steps><Actions><Action><Name>Catch_GetSlotForSelectablePartsTrx_Call</Name><Description>Catches an exception</Description><IncomingLinks/><OutgoingLinks/></Action></Actions></Step></Steps><Actions><Action><Name>GetSlotForSelectablePartsTrx_Call</Name><Description> </Description><IncomingLinks><Assign xsi:type="Assign"><Name/><Description/><To>GetSlotForSelectablePartsTrx_Call.site</To><From>Local.SITE</From></Assign><Assign xsi:type="Assign"><Name/><Description/><To>GetSlotForSelectablePartsTrx_Call.resourceRef</To><From>Local.ResourceRef</From></Assign><Assign xsi:type="Assign"><Name/><Description/><To>GetSlotForSelectablePartsTrx_Call.operationRef</To><From>Local.OperationRef</From></Assign><Assign xsi:type="Assign"><Name/><Description/><To>GetSlotForSelectablePartsTrx_Call.bomRef</To><From>Find_BOM_From_SFC.Results{/Rowsets/Rowset/Row/BOM_BO}</From></Assign></IncomingLinks><OutgoingLinks/></Action></Actions></Step><Step xsi:type="ActionSequence"><Name>Sequence_56</Name><Description/><Steps><Step xsi:type="ActionSequence"><Name>Sequence_40</Name><Description/><Steps/><Actions><Action><Name>Log_FInd_BOM_From_SFC_Empty_Event</Name><Description> </Description><IncomingLinks><Assign xsi:type="Assign"><Name/><Description/><To>Log_FInd_BOM_From_SFC_Empty_Event.Message</To><From>"Error 40610. "&amp;Local.TrxName&amp;", Check_Find_BOM_From_SFC, Error Message: No BoM found for SFC :"&amp;Local.SFCRef</From></Assign></IncomingLinks><OutgoingLinks/></Action></Actions></Step></Steps><Actions><Action><Name>Assign_PLC_COM_4_6</Name><Description> </Description><IncomingLinks/><OutgoingLinks><Assign xsi:type="Assign"><Name/><Description/><To>Local.plccom</To><From>4</From></Assign></OutgoingLinks></Action></Actions></Step></Steps><Actions><Action><Name>Check_Find_BOM_From_SFC</Name><Description> </Description><IncomingLinks><Assign xsi:type="Assign"><Name/><Description/><To>Check_Find_BOM_From_SFC.Input1</To><From>(Find_BOM_From_SFC.Results{/Rowsets/Rowset/Row/BOM_BO}!="")&amp;&amp;(Find_BOM_From_SFC.Results{count(/Rowsets/Rowset/Row/BOM_BO)})</From></Assign></IncomingLinks><OutgoingLinks/></Action></Actions></Step><Step xsi:type="Catch"><Name>Sequence_36</Name><Description/><Steps><Step xsi:type="ActionSequence"><Name>Sequence_57</Name><Description/><Steps><Step xsi:type="ActionSequence"><Name>Sequence_39</Name><Description/><Steps/><Actions><Action><Name>Log_Find_BOM_From_SFC_Exception</Name><Description> </Description><IncomingLinks><Assign xsi:type="Assign"><Name/><Description/><To>Log_Find_BOM_From_SFC_Exception.Message</To><From>"Error 40601. "&amp;Local.TrxName&amp;", Find_BOM_From_SFC, Error Message: "&amp;Find_BOM_From_SFC.LastErrorMessage</From></Assign></IncomingLinks><OutgoingLinks/></Action></Actions></Step></Steps><Actions><Action><Name>Assign_PLC_COM_4_7</Name><Description> </Description><IncomingLinks/><OutgoingLinks><Assign xsi:type="Assign"><Name/><Description/><To>Local.plccom</To><From>4</From></Assign></OutgoingLinks></Action></Actions></Step></Steps><Actions><Action><Name>Catch_Find_BOM_From_SFC</Name><Description>Catches an exception</Description><IncomingLinks/><OutgoingLinks/></Action></Actions></Step></Steps><Actions><Action><Name>Find_BOM_From_SFC</Name><Description>SQL Query</Description><IncomingLinks><Assign xsi:type="Assign"><Name/><Description/><To>Find_BOM_From_SFC.Param.1</To><From>Local.SFCRef</From></Assign></IncomingLinks><OutgoingLinks/></Action></Actions></Step><Step xsi:type="ActionSequence"><Name>Sequence_58</Name><Description/><Steps><Step xsi:type="ActionSequence"><Name>Sequence_6</Name><Description/><Steps/><Actions><Action><Name>Event_Logger_PartselectCount_Mismatch</Name><Description> </Description><IncomingLinks><Assign xsi:type="Assign"><Name/><Description/><To>Event_Logger_PartselectCount_Mismatch.Message</To><From>"Error40601."&amp;Local.TrxName&amp;", Conditional_PartselectCount_Check, Error Message: Selectable parts count value does not match with the count of parts to be assembled"</From></Assign></IncomingLinks><OutgoingLinks/></Action></Actions></Step></Steps><Actions><Action><Name>Assign_PLC_COM_4_8</Name><Description> </Description><IncomingLinks/><OutgoingLinks><Assign xsi:type="Assign"><Name/><Description/><To>Local.plccom</To><From>4</From></Assign></OutgoingLinks></Action></Actions></Step></Steps><Actions><Action><Name>Conditional_PartselectCount_Check</Name><Description> </Description><IncomingLinks><Assign xsi:type="Assign"><Name/><Description/><To>Conditional_PartselectCount_Check.Input1</To><From>Transaction.Input_XML{count(/NotificationMessage/Body/Values/*[((self::partselect1)or(self::partselect2)or(self::partselect3)or(self::partselect4)or(self::partselect5)or(self::partselect6)or(self::partselect7)or(self::partselect8)or(self::partselect9)or(self::partselect10)or(self::partselect11)or(self::partselect12)or(self::partselect13)or(self::partselect14)or(self::partselect15)or(self::partselect16)or(self::partselect17)or(self::partselect18)or(self::partselect19)or(self::partselect20)or(self::partselect21)or(self::partselect22)or(self::partselect23)or(self::partselect24)or(self::partselect25)or(self::partselect26)or(self::partselect27)or(self::partselect28)or(self::partselect29)or(self::partselect30)or(self::partselect31)or(self::partselect32)) and ((text() != "0") and (text() != "")) ])} == Transaction.Input_XML{/NotificationMessage/Body/Values/partselcount}</From></Assign></IncomingLinks><OutgoingLinks/></Action></Actions></Step><Step xsi:type="ActionSequence"><Name>Sequence_32</Name><Description/><Steps/><Actions/></Step><Step xsi:type="Conditional"><Name>Sequence_0</Name><Description/><Steps><Step xsi:type="ActionSequence"><Name>Sequence_42</Name><Description/><Steps><Step xsi:type="Repeater"><Name>Sequence_2</Name><Description/><Steps><Step xsi:type="ActionSequence"><Name>Sequence_3</Name><Description/><Steps><Step xsi:type="ActionSequence"><Name>Sequence_73</Name><Description/><Steps/><Actions><Action><Name>Tracer_1</Name><Description> </Description><IncomingLinks><Assign xsi:type="Assign"><Name/><Description/><To>Tracer_1.Message</To><From>Local.ParametricRequestList</From></Assign></IncomingLinks><OutgoingLinks/></Action></Actions></Step></Steps><Actions><Action><Name>Request_XML</Name><Description> </Description><IncomingLinks/><OutgoingLinks><Assign xsi:type="Assign"><Name/><Description/><To>Local.ParametricMeasureList{/datacollection:parametricMeasureList/datacollection:testDateTime}</To><From>Local.formattedPlcTimeStamp</From></Assign><Assign xsi:type="Assign"><Name/><Description/><To>Local.ParametricMeasureList{/datacollection:parametricMeasureList/datacollection:measureName}</To><From>stringtrim(Repeater.Output{name(/*)})</From></Assign><Assign xsi:type="Assign"><Name/><Description/><To>Local.ParametricMeasureList{/datacollection:parametricMeasureList/datacollection:actual}</To><From>stringif(Repeater.Output{/*}=="",0,stringtrim(Repeater.Output{/*}))</From></Assign><Assign xsi:type="AppendAfterXml"><Name/><Description/><To>Local.ParametricRequestList{/common:serviceInvocationRequests/common:serviceInvocationRequest/requests/datacollection:parametricRequestList/datacollection:validate}</To><From>Local.ParametricMeasureList</From></Assign></OutgoingLinks></Action></Actions></Step><Step xsi:type="ActionSequence"><Name>Sequence_4</Name><Description/><Steps><Step xsi:type="ActionSequence"><Name>Sequence_27</Name><Description/><Steps><Step xsi:type="Conditional"><Name>Sequence_16</Name><Description/><Steps><Step xsi:type="ActionSequence"><Name>Sequence_72</Name><Description/><Steps/><Actions/></Step><Step xsi:type="ActionSequence"><Name>Sequence_69</Name><Description/><Steps><Step xsi:type="ActionSequence"><Name>Sequence_17</Name><Description/><Steps/><Actions><Action><Name>Event_Logger_MultipleParametricData</Name><Description> </Description><IncomingLinks><Assign xsi:type="Assign"><Name/><Description/><To>Event_Logger_MultipleParametricData.Message</To><From>stringif(CreateMultipleParametricdataCheck.Input1==1,("Error40601. "&amp;Local.TrxName&amp;", CreateMultipleParametricdataCheck, Error Message: PAPI response is blank"),("Error40601."&amp;Local.TrxName&amp;",CreateMultipleParametricdataCheck, PAPI Error Message:"&amp;PAPI_CreateMultipleParametricData.Message))</From></Assign></IncomingLinks><OutgoingLinks/></Action></Actions></Step></Steps><Actions><Action><Name>Assign_PLC_COM_4_13</Name><Description> </Description><IncomingLinks/><OutgoingLinks><Assign xsi:type="Assign"><Name/><Description/><To>Local.plccom</To><From>4</From></Assign></OutgoingLinks></Action></Actions></Step><Step xsi:type="Catch"><Name>Sequence_1</Name><Description/><Steps><Step xsi:type="ActionSequence"><Name>Sequence_67</Name><Description/><Steps><Step xsi:type="ActionSequence"><Name>Sequence_18</Name><Description/><Steps/><Actions><Action><Name>Event_Logger_MultipleParametricData_Exception</Name><Description> </Description><IncomingLinks><Assign xsi:type="Assign"><Name/><Description/><To>Event_Logger_MultipleParametricData_Exception.Message</To><From>"Error40601: "&amp;Local.TrxName&amp;", PAPI_CreateMultipleParametricData, PAPI Error  Message:"&amp;PAPI_CreateMultipleParametricData.Message&amp;". Catch Message:"&amp;Catch_MultipleParametricData_Exception.Message</From></Assign></IncomingLinks><OutgoingLinks/></Action></Actions></Step></Steps><Actions><Action><Name>Assign_PLC_COM_4_12</Name><Description> </Description><IncomingLinks/><OutgoingLinks><Assign xsi:type="Assign"><Name/><Description/><To>Local.plccom</To><From>4</From></Assign></OutgoingLinks></Action></Actions></Step></Steps><Actions><Action><Name>Catch_MultipleParametricData_Exception</Name><Description>Catches an exception</Description><IncomingLinks/><OutgoingLinks/></Action></Actions></Step></Steps><Actions><Action><Name>CreateMultipleParametricdataCheck</Name><Description> </Description><IncomingLinks><Assign xsi:type="Assign"><Name/><Description/><To>CreateMultipleParametricdataCheck.Input1</To><From>PAPI_CreateMultipleParametricData.Success</From></Assign><Assign xsi:type="Assign"><Name/><Description/><To>CreateMultipleParametricdataCheck.Input2</To><From>PAPI_CreateMultipleParametricData.Response{/common:serviceInvocationResponses/serviceInvocationResponse/responses/datacollection:parametricMeasureList/datacollection:measureName} != ""</From></Assign></IncomingLinks><OutgoingLinks/></Action></Actions></Step></Steps><Actions><Action><Name>Tracer_0</Name><Description> </Description><IncomingLinks><Assign xsi:type="Assign"><Name/><Description/><To>Tracer_0.Message</To><From>PAPI_CreateMultipleParametricData.Response</From></Assign></IncomingLinks><OutgoingLinks/></Action></Actions></Step></Steps><Actions><Action><Name>PAPI_CreateMultipleParametricData</Name><Description>SAPME PAPI Interface</Description><IncomingLinks><Assign xsi:type="Assign"><Name/><Description/><To>PAPI_CreateMultipleParametricData.Site</To><From>Local.SITE</From></Assign><Assign xsi:type="Assign"><Name/><Description/><To>PAPI_CreateMultipleParametricData.CredentialAlias</To><From>Local.SAP_ME_CredentialAlias</From></Assign><Assign xsi:type="AssignXml"><Name/><Description/><To>PAPI_CreateMultipleParametricData.Request</To><From>Local.ParametricRequestList</From></Assign></IncomingLinks><OutgoingLinks/></Action></Actions></Step></Steps><Actions><Action><Name>Repeater</Name><Description> </Description><IncomingLinks/><OutgoingLinks/></Action></Actions></Step></Steps><Actions><Action><Name>initialisePAPIRequest</Name><Description> </Description><IncomingLinks/><OutgoingLinks><Assign xsi:type="Assign"><Name/><Description/><To>Local.ParametricRequestList{/common:serviceInvocationRequests/common:serviceInvocationRequest/requests/datacollection:parametricRequestList/datacollection:gboRef}</To><From>Local.SFCRef</From></Assign><Assign xsi:type="Assign"><Name/><Description/><To>Local.ParametricRequestList{/common:serviceInvocationRequests/common:serviceInvocationRequest/requests/datacollection:parametricRequestList/datacollection:resourceRef}</To><From>Local.ResourceRef</From></Assign><Assign xsi:type="Assign"><Name/><Description/><To>Local.ParametricRequestList{/common:serviceInvocationRequests/common:serviceInvocationRequest/requests/datacollection:parametricRequestList/datacollection:userRef}</To><From>"UserBO:"&amp;Local.SITE&amp;","&amp;Local.User</From></Assign><Assign xsi:type="Assign"><Name/><Description/><To>Local.ParametricRequestList{/common:serviceInvocationRequests/common:serviceInvocationRequest/requests/datacollection:parametricRequestList/datacollection:operationRef}</To><From>Local.OperationRef</From></Assign><Assign xsi:type="Assign"><Name/><Description/><To>Local.ParametricRequestList{/common:serviceInvocationRequests/common:serviceInvocationRequest/requests/datacollection:parametricRequestList/datacollection:type}</To><From>"MANUAL"</From></Assign><Assign xsi:type="Assign"><Name/><Description/><To>Local.ParametricRequestList{/common:serviceInvocationRequests/common:serviceInvocationRequest/requests/datacollection:parametricRequestList/datacollection:testStatus}</To><From>"PASS"</From></Assign><Assign xsi:type="Assign"><Name/><Description/><To>Local.ParametricRequestList{/common:serviceInvocationRequests/common:serviceInvocationRequest/requests/datacollection:parametricRequestList/datacollection:testPassed}</To><From>"TRUE"</From></Assign><Assign xsi:type="Assign"><Name/><Description/><To>Local.ParametricRequestList{/common:serviceInvocationRequests/common:serviceInvocationRequest/requests/datacollection:parametricRequestList/datacollection:validate}</To><From>"FALSE"</From></Assign><Assign xsi:type="Assign"><Name/><Description/><To>Local.PLC_COM_Reset</To><From>true</From></Assign></OutgoingLinks></Action></Actions></Step></Steps><Actions><Action><Name>Check_PLC_COM</Name><Description> </Description><IncomingLinks><Assign xsi:type="Assign"><Name/><Description/><To>Check_PLC_COM.Input1</To><From>Local.plccom==0</From></Assign></IncomingLinks><OutgoingLinks/></Action></Actions></Step></Steps><Actions><Action><Name>Conditional_Grade_Check</Name><Description> </Description><IncomingLinks><Assign xsi:type="Assign"><Name/><Description/><To>Conditional_Grade_Check.Input1</To><From>((Transaction.Input_XML{/NotificationMessage/Body/Values/partselect1}!="")or(Transaction.Input_XML{/NotificationMessage/Body/Values/partselect2}!="")or(Transaction.Input_XML{/NotificationMessage/Body/Values/partselect3}!="")or(Transaction.Input_XML{/NotificationMessage/Body/Values/partselect4}!="")or(Transaction.Input_XML{/NotificationMessage/Body/Values/partselect5}!="")or(Transaction.Input_XML{/NotificationMessage/Body/Values/partselect6}!=""))</From></Assign></IncomingLinks><OutgoingLinks/></Action></Actions></Step></Steps><Actions><Action><Name>Resource_Operation</Name><Description> </Description><IncomingLinks/><OutgoingLinks><Assign xsi:type="Assign"><Name/><Description/><To>Local.ResourceRef</To><From>GetResourceOperationUsingFacilityID_Transaction_Call.ResourceReference</From></Assign><Assign xsi:type="Assign"><Name/><Description/><To>Local.OperationRef</To><From>GetResourceOperationUsingFacilityID_Transaction_Call.OperationReference</From></Assign></OutgoingLinks></Action></Actions></Step><Step xsi:type="ActionSequence"><Name>Sequence_61</Name><Description/><Steps><Step xsi:type="ActionSequence"><Name>Sequence_8</Name><Description/><Steps/><Actions><Action><Name>Event_Logger_GetResourceOperationUsingFacilityID_Transaction_Call</Name><Description> </Description><IncomingLinks><Assign xsi:type="Assign"><Name/><Description/><To>Event_Logger_GetResourceOperationUsingFacilityID_Transaction_Call.Message</To><From>stringif(GetResourceOperationUsingFacilityID_Transaction_Call.Success==1,"Error40610: "&amp;Local.TrxName&amp;",GetResourceOperationUsingFacilityID_Transaction_Call, Details: Transaction response is blank","Error40606: "&amp;Local.TrxName&amp;",GetResourceOperationUsingFacilityID_Transaction_Call, Details: "&amp;GetResourceOperationUsingFacilityID_Transaction_Call.LastErrorMessage)</From></Assign></IncomingLinks><OutgoingLinks/></Action></Actions></Step></Steps><Actions><Action><Name>Assign_PLC_COM_4_9</Name><Description> </Description><IncomingLinks/><OutgoingLinks><Assign xsi:type="Assign"><Name/><Description/><To>Local.plccom</To><From>4</From></Assign></OutgoingLinks></Action></Actions></Step><Step xsi:type="Catch"><Name>Sequence_9</Name><Description/><Steps><Step xsi:type="ActionSequence"><Name>Sequence_64</Name><Description/><Steps><Step xsi:type="ActionSequence"><Name>Sequence_10</Name><Description/><Steps/><Actions><Action><Name>Event_Logger_GetResourceOperationUsingFacilityIDQuery_Exception</Name><Description> </Description><IncomingLinks><Assign xsi:type="Assign"><Name/><Description/><To>Event_Logger_GetResourceOperationUsingFacilityIDQuery_Exception.Message</To><From>"Error40606: "&amp;Local.TrxName&amp;",GetResourceOperationUsingFacilityID_Transaction_Call, Details: "&amp;GetResourceOperationUsingFacilityID_Transaction_Call.LastErrorMessage&amp;"\nCatch Message: "&amp;Catch_GetResourceOperationUsingFacilityID_Transaction_Call_Exception.Message</From></Assign></IncomingLinks><OutgoingLinks/></Action></Actions></Step></Steps><Actions><Action><Name>Assign_PLC_COM_4_10</Name><Description> </Description><IncomingLinks/><OutgoingLinks><Assign xsi:type="Assign"><Name/><Description/><To>Local.plccom</To><From>4</From></Assign></OutgoingLinks></Action></Actions></Step></Steps><Actions><Action><Name>Catch_GetResourceOperationUsingFacilityID_Transaction_Call_Exception</Name><Description>Catches an exception</Description><IncomingLinks/><OutgoingLinks/></Action></Actions></Step></Steps><Actions><Action><Name>GetResourceOperationUsingFacilityID_Transaction_CallCheck</Name><Description> </Description><IncomingLinks><Assign xsi:type="Assign"><Name/><Description/><To>GetResourceOperationUsingFacilityID_Transaction_CallCheck.Input1</To><From>GetResourceOperationUsingFacilityID_Transaction_Call.Success</From></Assign><Assign xsi:type="Assign"><Name/><Description/><To>GetResourceOperationUsingFacilityID_Transaction_CallCheck.Input2</To><From>GetResourceOperationUsingFacilityID_Transaction_Call.IfResourceOrToolNumberFound==true</From></Assign></IncomingLinks><OutgoingLinks/></Action></Actions></Step></Steps><Actions><Action><Name>GetResourceOperationUsingFacilityID_Transaction_Call</Name><Description> </Description><IncomingLinks><Assign xsi:type="Assign"><Name/><Description/><To>GetResourceOperationUsingFacilityID_Transaction_Call.FacilityId</To><From>Local.FacilityId</From></Assign></IncomingLinks><OutgoingLinks/></Action></Actions></Step></Steps><Actions><Action><Name>ParsingVariables</Name><Description> </Description><IncomingLinks/><OutgoingLinks><Assign xsi:type="Assign"><Name/><Description/><To>Local.SITE</To><From>stringtrim(Transaction.Input_XML{/NotificationMessage/Body/Values/site})</From></Assign><Assign xsi:type="Assign"><Name/><Description/><To>Local.SAP_ME_CredentialAlias</To><From>Persistent.SAP_ME_CredentialAlias</From></Assign><Assign xsi:type="Assign"><Name/><Description/><To>Local.ResourceRef</To><From>"ResourceBO:"&amp;Local.SITE&amp;","&amp;stringtrim(Transaction.Input_XML{/NotificationMessage/Body/Values/machineid})</From></Assign><Assign xsi:type="Assign"><Name/><Description/><To>Local.SFCRef</To><From>"SFCBO:"&amp;Local.SITE&amp;","&amp;stringtrim(Transaction.Input_XML{/NotificationMessage/Body/Values/partid})</From></Assign><Assign xsi:type="Assign"><Name/><Description/><To>Local.PCoServer</To><From>stringlower(stringtrim(Transaction.Input_XML{/NotificationMessage/Body/Values/pcoserver}))</From></Assign><Assign xsi:type="Assign"><Name/><Description/><To>Local.FacilityId</To><From>stringtrim(Transaction.Input_XML{/NotificationMessage/Body/Values/facilityid})</From></Assign><Assign xsi:type="Assign"><Name/><Description/><To>Local.Quantity</To><From>1</From></Assign><Assign xsi:type="Assign"><Name/><Description/><To>Local.TRBL_HANDLE</To><From>"TrblQltyAsyBO:"&amp;Local.SITE&amp;","&amp;Transaction.Input_XML{/NotificationMessage/Body/Values/facilityid}&amp;"_"&amp;Transaction.Input_XML{/NotificationMessage/Header/ID}</From></Assign><Assign xsi:type="Assign"><Name/><Description/><To>Local.formattedPlcTimeStamp</To><From>createTimeStampFormat.OutputMIITimeStamp</From></Assign><Assign xsi:type="Assign"><Name/><Description/><To>Local.formattedPlcTimeStampJava</To><From>createTimeStampFormat.OutputJavaTimeStamp</From></Assign><Assign xsi:type="Assign"><Name/><Description/><To>Local.TagID</To><From>stringtrim(Transaction.Input_XML{/NotificationMessage/Body/Values/tagid})</From></Assign></OutgoingLinks></Action></Actions></Step></Steps><Actions><Action><Name>createTimeStampFormat</Name><Description> </Description><IncomingLinks><Assign xsi:type="Assign"><Name/><Description/><To>createTimeStampFormat.InPLCTimestamp</To><From>stringtrim(Transaction.Input_XML{/NotificationMessage/Body/Values/plctimestamp})</From></Assign></IncomingLinks><OutgoingLinks/></Action></Actions></Step><Step xsi:type="ActionSequence"><Name>Sequence_65</Name><Description/><Steps><Step xsi:type="ActionSequence"><Name>Sequence_25</Name><Description/><Steps/><Actions><Action><Name>Event_Logger_InputCheck</Name><Description> </Description><IncomingLinks><Assign xsi:type="Assign"><Name/><Description/><To>Event_Logger_InputCheck.Message</To><From>"Error 40611: "&amp;Local.TrxName&amp; ", Input_check. Details : Invalid Input Xml received from PCo - "&amp;Transaction.Input_XML</From></Assign></IncomingLinks><OutgoingLinks/></Action></Actions></Step></Steps><Actions><Action><Name>Assign_PLC_COM_4_11</Name><Description> </Description><IncomingLinks/><OutgoingLinks><Assign xsi:type="Assign"><Name/><Description/><To>Local.plccom</To><From>4</From></Assign></OutgoingLinks></Action></Actions></Step></Steps><Actions><Action><Name>Input_Check</Name><Description> </Description><IncomingLinks><Assign xsi:type="Assign"><Name/><Description/><To>Input_Check.Input1</To><From>(Transaction.Input_XML!="")&amp;&amp;
(stringtrim(Transaction.Input_XML{/NotificationMessage/Body/Values/partid})!="")&amp;&amp;
(stringtrim(Transaction.Input_XML{/NotificationMessage/Body/Values/facilityid})!="")&amp;&amp;
(stringtrim(Transaction.Input_XML{/NotificationMessage/Body/Values/pcoserver})!="")</From></Assign></IncomingLinks><OutgoingLinks/></Action></Actions></Step><Step xsi:type="Conditional"><Name>Sequence_52</Name><Description/><Steps><Step xsi:type="ActionSequence"><Name>Sequence_30</Name><Description/><Steps/><Actions><Action><Name>PCoTagAssignment_PLCCOM0</Name><Description> </Description><IncomingLinks/><OutgoingLinks><Assign xsi:type="Assign"><Name/><Description/><To>Local.PCoTagNameList</To><From>Local.TagID &amp; "." &amp; Persistent.PLCCOM</From></Assign><Assign xsi:type="Assign"><Name/><Description/><To>Local.PCoTagValueList</To><From>Persistent.PLC_COM_OK</From></Assign></OutgoingLinks></Action></Actions></Step><Step xsi:type="ActionSequence"><Name>Sequence_71</Name><Description/><Steps/><Actions><Action><Name>PCoTagAssignment_PLCCOM4</Name><Description> </Description><IncomingLinks/><OutgoingLinks><Assign xsi:type="Assign"><Name/><Description/><To>Local.PCoTagNameList</To><From>Local.TagID &amp; "." &amp; Persistent.PLCCOM</From></Assign><Assign xsi:type="Assign"><Name/><Description/><To>Local.PCoTagValueList</To><From>Persistent.PLC_COM_NOK</From></Assign></OutgoingLinks></Action></Actions></Step><Step xsi:type="ActionSequence"><Name>Sequence_26</Name><Description/><Steps><Step xsi:type="ActionSequence"><Name>Sequence_53</Name><Description/><Steps><Step xsi:type="ActionSequence"><Name>PcoQueryCheckSuccess</Name><Description/><Steps><Step xsi:type="Catch"><Name>Sequence_49</Name><Description/><Steps><Step xsi:type="ActionSequence"><Name>Sequence_60</Name><Description/><Steps/><Actions><Action><Name>Event_Logger_Transaction_Call_QualityAssemblyWBData_Fail</Name><Description> </Description><IncomingLinks><Assign xsi:type="Assign"><Name/><Description/><To>Event_Logger_Transaction_Call_QualityAssemblyWBData_Fail.Message</To><From>"Error 40605 : QualityAssemblyWBDataTrx "&amp;QualityAssemblyWBDataTrx.TransactionName&amp;"call Failed. Message:"&amp;QualityAssemblyWBDataTrx.LastErrorMessage&amp;" Catch Message:"&amp;Catch_Transaction_Call_QualityAssemblyWBData_Fail.Message</From></Assign></IncomingLinks><OutgoingLinks/></Action></Actions></Step></Steps><Actions><Action><Name>Catch_Transaction_Call_QualityAssemblyWBData_Fail</Name><Description>Catches an exception</Description><IncomingLinks/><OutgoingLinks/></Action></Actions></Step></Steps><Actions><Action><Name>QualityAssemblyWBDataTrx</Name><Description>Dynamic Transaction Call</Description><IncomingLinks><Assign xsi:type="Assign"><Name/><Description/><To>QualityAssemblyWBDataTrx.TRBL_HANDLE</To><From>Local.TRBL_HANDLE</From></Assign><Assign xsi:type="Assign"><Name/><Description/><To>QualityAssemblyWBDataTrx.PLCCOM_WB_VAL</To><From>Local.PCoTagValueList</From></Assign></IncomingLinks><OutgoingLinks/></Action></Actions></Step></Steps><Actions><Action><Name>trxPCoHandshake</Name><Description>Dynamic Transaction Call</Description><IncomingLinks><Assign xsi:type="Assign"><Name/><Description/><To>trxPCoHandshake.PCoServer</To><From>Local.PCoServer</From></Assign><Assign xsi:type="Assign"><Name/><Description/><To>trxPCoHandshake.PCoTagNameList</To><From>Local.PCoTagNameList</From></Assign><Assign xsi:type="Assign"><Name/><Description/><To>trxPCoHandshake.PCoTagValueList</To><From>Local.PCoTagValueList</From></Assign><Assign xsi:type="Assign"><Name/><Description/><To>trxPCoHandshake.TagID</To><From>Local.TagID</From></Assign><Assign xsi:type="Assign"><Name/><Description/><To>trxPCoHandshake.Async</To><From>true</From></Assign></IncomingLinks><OutgoingLinks/></Action></Actions></Step></Steps><Actions><Action><Name>LOG_PLC_HANDSHAKE</Name><Description> </Description><IncomingLinks><Assign xsi:type="Assign"><Name/><Description/><To>LOG_PLC_HANDSHAKE.Message</To><From>"Assembly Quality finished: Tag names " &amp; Local.PCoTagNameList &amp; " \n Tag values " &amp; Local.PCoTagValueList</From></Assign></IncomingLinks><OutgoingLinks/></Action></Actions></Step></Steps><Actions><Action><Name>Check_If_PLC_COM_RESET_Flag_True</Name><Description> </Description><IncomingLinks><Assign xsi:type="Assign"><Name/><Description/><To>Check_If_PLC_COM_RESET_Flag_True.Input2</To><From>Local.plccom==0</From></Assign><Assign xsi:type="Assign"><Name/><Description/><To>Check_If_PLC_COM_RESET_Flag_True.Input1</To><From>Local.plccom==Persistent.PLC_COM_OK</From></Assign></IncomingLinks><OutgoingLinks/></Action></Actions></Step></Steps><Actions/></Step></Steps></Transaction>