<?xml version="1.0" encoding="UTF-8" standalone="no"?><Transaction xmlns:xsd="http://www.w3.org/2001/XMLSchema" xmlns:xsi="http://www.w3.org/2001/XMLSchema-instance" Version="15.1.5.15"><TransactionAttributes><ContextItem><Name>Description</Name><Description>Transaction Description</Description><MinRange>0</MinRange><MaxRange>0</MaxRange><Value xsi:type="string"/><ReadOnly>true</ReadOnly><AlertXMLAssigned>false</AlertXMLAssigned></ContextItem><ContextItem><Name>Comments</Name><Description>User Comments</Description><MinRange>0</MinRange><MaxRange>0</MaxRange><Value xsi:type="string"/><ReadOnly>true</ReadOnly><AlertXMLAssigned>false</AlertXMLAssigned></ContextItem><ContextItem><Name>CreatedBy</Name><Description>Created By</Description><MinRange>0</MinRange><MaxRange>0</MaxRange><Value xsi:type="string">vvenka15</Value><ReadOnly>true</ReadOnly><AlertXMLAssigned>false</AlertXMLAssigned></ContextItem><ContextItem><Name>CreationDate</Name><Description>Creation Date</Description><MinRange>0</MinRange><MaxRange>0</MaxRange><Value xsi:type="dateTime">2024-05-13T10:36:38</Value><ReadOnly>true</ReadOnly><AlertXMLAssigned>false</AlertXMLAssigned></ContextItem><ContextItem><Name>Category</Name><Description>Transaction Category</Description><MinRange>0</MinRange><MaxRange>0</MaxRange><Value xsi:type="string"/><ReadOnly>true</ReadOnly><AlertXMLAssigned>false</AlertXMLAssigned></ContextItem><ContextItem><Name>Status</Name><Description>Deployment Status</Description><MinRange>0</MinRange><MaxRange>0</MaxRange><Value xsi:type="string">DEVELOPMENT</Value><ReadOnly>true</ReadOnly><AlertXMLAssigned>false</AlertXMLAssigned></ContextItem><ContextItem><Name>LegacyProcessingMode</Name><Description>Support the pre MII 12.1 Transaction Engine.</Description><MinRange>0</MinRange><MaxRange>0</MaxRange><Value xsi:type="boolean">0</Value><ReadOnly>true</ReadOnly><AlertXMLAssigned>false</AlertXMLAssigned></ContextItem><ContextItem><Name>AutoAppendBlankNamespaces</Name><Description>AutoAppendBlankNamespaces</Description><MinRange>0</MinRange><MaxRange>0</MaxRange><Value xsi:type="boolean">1</Value><ReadOnly>true</ReadOnly><AlertXMLAssigned>false</AlertXMLAssigned></ContextItem><ContextItem><Name>ThrowOnLinkError</Name><Description>Throws an exception when a link error occures</Description><MinRange>0</MinRange><MaxRange>0</MaxRange><Value xsi:type="boolean">0</Value><ReadOnly>true</ReadOnly><AlertXMLAssigned>false</AlertXMLAssigned></ContextItem><ContextItem><Name>ThrowOnActionError</Name><Description>Throws an exception when an action error occurs</Description><MinRange>0</MinRange><MaxRange>0</MaxRange><Value xsi:type="boolean">1</Value><ReadOnly>true</ReadOnly><AlertXMLAssigned>false</AlertXMLAssigned></ContextItem><ContextItem><Name>FormatXMLOnConversion</Name><Description>By default XML will be formatted when assigned from XML data type to String data type. This behaviour can be changed with this flag.</Description><MinRange>0</MinRange><MaxRange>0</MaxRange><Value xsi:type="boolean">1</Value><ReadOnly>true</ReadOnly><AlertXMLAssigned>false</AlertXMLAssigned></ContextItem><ContextItem><Name>LastEditedBy</Name><Description>Last Edited By</Description><MinRange>0</MinRange><MaxRange>0</MaxRange><Value xsi:type="xsd:string">vvenka15</Value><ReadOnly>true</ReadOnly><AlertXMLAssigned>false</AlertXMLAssigned></ContextItem><ContextItem><Name>LastEditedDate</Name><Description>Last Edited Date</Description><MinRange>0</MinRange><MaxRange>0</MaxRange><Value xsi:type="xsd:dateTime">2024-05-30T13:31:29</Value><ReadOnly>true</ReadOnly><AlertXMLAssigned>false</AlertXMLAssigned></ContextItem></TransactionAttributes><Name>ProductionSupport/Venky/Manualtraceabilty/TestCFC_Trx</Name><Version>37</Version><WriterRoles>SAP_XMII_Super_Administrator,SAP_XMII_Administrator,SAP_XMII_Developer</WriterRoles><Context><ContextItem><Name>input</Name><Description/><MinRange>0</MinRange><MaxRange>0</MaxRange><Value xsi:type="string">OperationBO:1020,CFC_BAY_1,#</Value><ReadOnly>false</ReadOnly><AlertXMLAssigned>false</AlertXMLAssigned></ContextItem><ContextItem><Name>input_XML</Name><Description>input xml</Description><MinRange>0</MinRange><MaxRange>0</MaxRange><Value xsi:type="xml"><ReferenceDocumentSource/>&lt;?xml version="1.0" encoding="UTF-8"?&gt;&lt;nonconformance:preDispositionHookDTO xmlns:nonconformance="http://www.sap.com/me/nonconformance"&gt;&#13;
&#13;
  &lt;nonconformance:contextList&gt;&#13;
&#13;
    &lt;contextGBO&gt;&#13;
&#13;
      &lt;value&gt;NCCodeDefBO:NCCodeBO:1020,REJECT&lt;/value&gt;&#13;
&#13;
      &lt;handleClassName&gt;java.lang.String&lt;/handleClassName&gt;&#13;
&#13;
    &lt;/contextGBO&gt;&#13;
&#13;
  &lt;/nonconformance:contextList&gt;&#13;
&#13;
  &lt;nonconformance:hookPoint&gt;PRE_DISP&lt;/nonconformance:hookPoint&gt;&#13;
&#13;
  &lt;nonconformance:site&gt;1001&lt;/nonconformance:site&gt;&#13;
&#13;
  &lt;nonconformance:SfcBO&gt;&#13;
&#13;
    &lt;value&gt;SFCBO:1020,10204306&lt;/value&gt;&#13;
&#13;
    &lt;handleClassName&gt;com.sap.me.demand.SFCBOHandle&lt;/handleClassName&gt;&#13;
&#13;
  &lt;/nonconformance:SfcBO&gt;&#13;
&#13;
  &lt;nonconformance:ncBeginDate&gt;2024-05-13T09:54:21.527-06:00&lt;/nonconformance:ncBeginDate&gt;&#13;
&#13;
  &lt;nonconformance:ncEndDate&gt;2024-05-13T09:54:26.007-06:00&lt;/nonconformance:ncEndDate&gt;&#13;
&#13;
  &lt;nonconformance:ownerGBO&gt;&#13;
&#13;
    &lt;value&gt;UserBO:1020,MESYS&lt;/value&gt;&#13;
&#13;
    &lt;handleClassName&gt;com.sap.me.user.UserBOHandle&lt;/handleClassName&gt;&#13;
&#13;
  &lt;/nonconformance:ownerGBO&gt;&#13;
&#13;
  &lt;nonconformance:routerBO&gt;&#13;
&#13;
    &lt;value&gt;RouterBO:1020,CFC_BAY_1,C,A&lt;/value&gt;&#13;
&#13;
    &lt;handleClassName&gt;com.sap.me.frame.BOHandle&lt;/handleClassName&gt;&#13;
&#13;
  &lt;/nonconformance:routerBO&gt;&#13;
&#13;
  &lt;nonconformance:activity&gt;NC_DATA_ENTRY&lt;/nonconformance:activity&gt;&#13;
&#13;
  &lt;nonconformance:ncDataBO&gt;&#13;
&#13;
    &lt;value&gt;HANDLE[com.sap.me.nonconformance.NCDataBOHandle]=NCDataBO:SFCBO:1001,202482-23488,UserBO:1001,942024,1,05/13/2024 3:54:25 PM&#13;
&#13;
&lt;/value&gt;&#13;
&#13;
    &lt;handleClassName&gt;java.lang.String&lt;/handleClassName&gt;&#13;
&#13;
  &lt;/nonconformance:ncDataBO&gt;&#13;
&#13;
  &lt;nonconformance:ncContextGBO&gt;&#13;
&#13;
    &lt;value&gt;SFCBO:1020,10204306&lt;/value&gt;&#13;
&#13;
    &lt;handleClassName&gt;com.sap.me.demand.SFCBOHandle&lt;/handleClassName&gt;&#13;
&#13;
  &lt;/nonconformance:ncContextGBO&gt;&#13;
&#13;
  &lt;nonconformance:operationBO&gt;&#13;
&#13;
    &lt;value&gt;OperationBO:1020,MINOR_REC_Z01_AJ200P,#&lt;/value&gt;&#13;
&#13;
    &lt;handleClassName&gt;com.sap.me.productdefinition.OperationBOHandle&lt;/handleClassName&gt;&#13;
&#13;
  &lt;/nonconformance:operationBO&gt;&#13;
&#13;
  &lt;nonconformance:resourceBO&gt;&#13;
&#13;
    &lt;value&gt;ResourceBO:1020,DEFAULT&lt;/value&gt;&#13;
&#13;
    &lt;handleClassName&gt;com.sap.me.plant.ResourceBOHandle&lt;/handleClassName&gt;&#13;
&#13;
  &lt;/nonconformance:resourceBO&gt;&#13;
&#13;
&lt;/nonconformance:preDispositionHookDTO&gt;</Value><SchemaURI/><SchemaElement/><ValidateXMLOnExecution>1</ValidateXMLOnExecution><ReadOnly>false</ReadOnly><AlertXMLAssigned>false</AlertXMLAssigned></ContextItem><ContextItem><Name>output_XML</Name><Description/><MinRange>0</MinRange><MaxRange>0</MaxRange><Value xsi:type="xml"><ReferenceDocumentSource/></Value><SchemaURI/><SchemaElement/><ValidateXMLOnExecution>1</ValidateXMLOnExecution><ReadOnly>true</ReadOnly><AlertXMLAssigned>false</AlertXMLAssigned></ContextItem></Context><Local><ContextItem><Name>OutputMessage</Name><Description/><MinRange>0</MinRange><MaxRange>0</MaxRange><Value xsi:type="xml"><ReferenceDocumentSource/>&lt;?xml version="1.0" encoding="UTF-8"?&gt;&lt;Messages&gt;&#13;
&lt;Message&gt;TRANSACTION EXECUTED OK&lt;/Message&gt;&#13;
&lt;/Messages&gt;</Value><SchemaURI/><SchemaElement/><ValidateXMLOnExecution>1</ValidateXMLOnExecution><ReadOnly>false</ReadOnly><AlertXMLAssigned>false</AlertXMLAssigned></ContextItem></Local><Layout><GUILayoutItem><Name>Sequence</Name><X>224</X><Y>8</Y><Width>120</Width><SpacingWidth>552</SpacingWidth><DescendantWidth>552</DescendantWidth><Height>96</Height></GUILayoutItem><GUILayoutItem><Name>Sequence_0</Name><X>224</X><Y>144</Y><Width>120</Width><SpacingWidth>552</SpacingWidth><DescendantWidth>552</DescendantWidth><Height>96</Height></GUILayoutItem><GUILayoutItem><Name>Event_Logger_1</Name><X>232</X><Y>160</Y><Width>104</Width><SpacingWidth>0</SpacingWidth><DescendantWidth>0</DescendantWidth><Height>72</Height></GUILayoutItem><GUILayoutItem><Name>Sequence_1</Name><X>224</X><Y>280</Y><Width>120</Width><SpacingWidth>552</SpacingWidth><DescendantWidth>552</DescendantWidth><Height>96</Height></GUILayoutItem><GUILayoutItem><Name>FindroutingDetails_SqlQry</Name><X>232</X><Y>296</Y><Width>104</Width><SpacingWidth>0</SpacingWidth><DescendantWidth>0</DescendantWidth><Height>72</Height></GUILayoutItem><GUILayoutItem><Name>Sequence_3</Name><X>224</X><Y>416</Y><Width>120</Width><SpacingWidth>552</SpacingWidth><DescendantWidth>552</DescendantWidth><Height>96</Height></GUILayoutItem><GUILayoutItem><Name>SFCdetails_Sqlqry</Name><X>232</X><Y>432</Y><Width>104</Width><SpacingWidth>0</SpacingWidth><DescendantWidth>0</DescendantWidth><Height>72</Height></GUILayoutItem><GUILayoutItem><Name>Sequence_6</Name><X>224</X><Y>552</Y><Width>120</Width><SpacingWidth>552</SpacingWidth><DescendantWidth>552</DescendantWidth><Height>96</Height></GUILayoutItem><GUILayoutItem><Name>CHECKCOUNT</Name><X>232</X><Y>568</Y><Width>104</Width><SpacingWidth>0</SpacingWidth><DescendantWidth>0</DescendantWidth><Height>72</Height></GUILayoutItem><GUILayoutItem><Name>Sequence_7</Name><X>440</X><Y>688</Y><Width>120</Width><SpacingWidth>120</SpacingWidth><DescendantWidth>0</DescendantWidth><Height>96</Height></GUILayoutItem><GUILayoutItem><Name>log_fsuccess_counts</Name><X>448</X><Y>704</Y><Width>104</Width><SpacingWidth>0</SpacingWidth><DescendantWidth>0</DescendantWidth><Height>72</Height></GUILayoutItem><GUILayoutItem><Name>Sequence_9</Name><X>152</X><Y>688</Y><Width>120</Width><SpacingWidth>408</SpacingWidth><DescendantWidth>408</DescendantWidth><Height>96</Height></GUILayoutItem><GUILayoutItem><Name>sfcstatus</Name><X>80</X><Y>1096</Y><Width>120</Width><SpacingWidth>264</SpacingWidth><DescendantWidth>264</DescendantWidth><Height>96</Height></GUILayoutItem><GUILayoutItem><Name>SignoffSFC</Name><X>88</X><Y>1112</Y><Width>104</Width><SpacingWidth>0</SpacingWidth><DescendantWidth>0</DescendantWidth><Height>72</Height></GUILayoutItem><GUILayoutItem><Name>Sequence_13</Name><X>80</X><Y>1232</Y><Width>120</Width><SpacingWidth>264</SpacingWidth><DescendantWidth>264</DescendantWidth><Height>96</Height></GUILayoutItem><GUILayoutItem><Name>checkPAPI_sucess</Name><X>88</X><Y>1248</Y><Width>104</Width><SpacingWidth>0</SpacingWidth><DescendantWidth>0</DescendantWidth><Height>72</Height></GUILayoutItem><GUILayoutItem><Name>Sequence_11</Name><X>152</X><Y>1368</Y><Width>120</Width><SpacingWidth>120</SpacingWidth><DescendantWidth>120</DescendantWidth><Height>96</Height></GUILayoutItem><GUILayoutItem><Name>Catch</Name><X>160</X><Y>1384</Y><Width>104</Width><SpacingWidth>0</SpacingWidth><DescendantWidth>0</DescendantWidth><Height>72</Height></GUILayoutItem><GUILayoutItem><Name>Sequence_5</Name><X>8</X><Y>1368</Y><Width>120</Width><SpacingWidth>120</SpacingWidth><DescendantWidth>0</DescendantWidth><Height>96</Height></GUILayoutItem><GUILayoutItem><Name>PapiSucess_Terminate_Transaction</Name><X>16</X><Y>1384</Y><Width>104</Width><SpacingWidth>0</SpacingWidth><DescendantWidth>0</DescendantWidth><Height>72</Height></GUILayoutItem><GUILayoutItem><Name>Sequence_14</Name><X>152</X><Y>1504</Y><Width>120</Width><SpacingWidth>120</SpacingWidth><DescendantWidth>0</DescendantWidth><Height>96</Height></GUILayoutItem><GUILayoutItem><Name>log_papi_errormsg</Name><X>160</X><Y>1520</Y><Width>104</Width><SpacingWidth>0</SpacingWidth><DescendantWidth>0</DescendantWidth><Height>72</Height></GUILayoutItem><GUILayoutItem><Name>logfaliure_counts</Name><X>160</X><Y>704</Y><Width>104</Width><SpacingWidth>0</SpacingWidth><DescendantWidth>0</DescendantWidth><Height>72</Height></GUILayoutItem><GUILayoutItem><Name>Sequence_2</Name><X>152</X><Y>824</Y><Width>120</Width><SpacingWidth>408</SpacingWidth><DescendantWidth>408</DescendantWidth><Height>96</Height></GUILayoutItem><GUILayoutItem><Name>getsfcstepdetails_Sqlqry</Name><X>160</X><Y>840</Y><Width>104</Width><SpacingWidth>0</SpacingWidth><DescendantWidth>0</DescendantWidth><Height>72</Height></GUILayoutItem><GUILayoutItem><Name>Sequence_4</Name><X>152</X><Y>960</Y><Width>120</Width><SpacingWidth>408</SpacingWidth><DescendantWidth>408</DescendantWidth><Height>96</Height></GUILayoutItem><GUILayoutItem><Name>CheckSFCStatuS</Name><X>160</X><Y>976</Y><Width>104</Width><SpacingWidth>0</SpacingWidth><DescendantWidth>0</DescendantWidth><Height>72</Height></GUILayoutItem><GUILayoutItem><Name>Sequence_12</Name><X>296</X><Y>1096</Y><Width>120</Width><SpacingWidth>120</SpacingWidth><DescendantWidth>120</DescendantWidth><Height>96</Height></GUILayoutItem><GUILayoutItem><Name>Terminate_Transaction</Name><X>304</X><Y>1112</Y><Width>104</Width><SpacingWidth>0</SpacingWidth><DescendantWidth>0</DescendantWidth><Height>72</Height></GUILayoutItem><GUILayoutItem><Name>Sequence_8</Name><X>296</X><Y>1232</Y><Width>120</Width><SpacingWidth>120</SpacingWidth><DescendantWidth>0</DescendantWidth><Height>96</Height></GUILayoutItem><GUILayoutItem><Name>SFCstatuscheck</Name><X>304</X><Y>1248</Y><Width>104</Width><SpacingWidth>0</SpacingWidth><DescendantWidth>0</DescendantWidth><Height>72</Height></GUILayoutItem></Layout><Actions><ContextItem><Name>Event_Logger_1</Name><Description/><MinRange>0</MinRange><MaxRange>0</MaxRange><Value xsi:type="EventLogger"><Message/><Source>UserEvent</Source><EventType>INFO</EventType></Value><ReadOnly>false</ReadOnly><AlertXMLAssigned>false</AlertXMLAssigned></ContextItem><ContextItem><Name>FindroutingDetails_SqlQry</Name><Description/><MinRange>0</MinRange><MaxRange>0</MaxRange><Value xsi:type="IlluminatorSQLQueryObject"><Format>text/xml</Format><Results><ReferenceDocumentSource/>&lt;?xml version="1.0" encoding="UTF-8"?&gt;&lt;Rowsets CachedTime="" DateCreated="2024-05-24T13:15:26" EndDate="2024-05-24T13:15:26" StartDate="2024-05-24T12:15:26" Version="15.1 SP5 Patch 15 (03-May-2018)"&gt;&lt;Rowset&gt;&lt;Columns&gt;&lt;Column Description="HANDLE" MaxRange="1" MinRange="0" Name="HANDLE" SQLDataType="-9" SourceColumn="HANDLE"/&gt;&lt;Column Description="OPERATION_BO" MaxRange="1" MinRange="0" Name="OPERATION_BO" SQLDataType="-9" SourceColumn="OPERATION_BO"/&gt;&lt;Column Description="ROUTER_BO" MaxRange="1" MinRange="0" Name="ROUTER_BO" SQLDataType="-9" SourceColumn="ROUTER_BO"/&gt;&lt;/Columns&gt;&lt;/Rowset&gt;&lt;/Rowsets&gt;</Results><QueryEndDate>2024-05-24T08:03:41</QueryEndDate><TagList/><QueryTemplate>ProductionSupport/Venky/FindroutingDetails_SqlQry</QueryTemplate><Timeout>60</Timeout><QueryParameters/><QueryStartDate>2024-05-24T08:03:41</QueryStartDate><SQLTransaction/><ResultsAsString/></Value><SchemaURI/><SchemaElement/><ValidateXMLOnExecution>1</ValidateXMLOnExecution><ReadOnly>false</ReadOnly><AlertXMLAssigned>false</AlertXMLAssigned></ContextItem><ContextItem><Name>SFCdetails_Sqlqry</Name><Description/><MinRange>0</MinRange><MaxRange>0</MaxRange><Value xsi:type="IlluminatorSQLQueryObject"><Format>text/xml</Format><Results><ReferenceDocumentSource/>&lt;?xml version="1.0" encoding="UTF-8"?&gt;&lt;Rowsets CachedTime="" DateCreated="2024-05-27T07:41:58" EndDate="2024-05-27T07:41:58" StartDate="2024-05-27T06:41:58" Version="15.1 SP5 Patch 15 (03-May-2018)"&gt;&lt;Rowset&gt;&lt;Columns&gt;&lt;Column Description="QTYCOUNT" MaxRange="1" MinRange="0" Name="QTYCOUNT" SQLDataType="2" SourceColumn="QTYCOUNT"/&gt;&lt;/Columns&gt;&lt;Row&gt;&lt;QTYCOUNT&gt;0&lt;/QTYCOUNT&gt;&lt;/Row&gt;&lt;/Rowset&gt;&lt;/Rowsets&gt;</Results><QueryEndDate>2024-05-24T08:22:09</QueryEndDate><TagList/><QueryTemplate>ProductionSupport/Venky/Manualtraceabilty/SFCdetails_Sqlqry</QueryTemplate><Timeout>60</Timeout><QueryParameters/><QueryStartDate>2024-05-24T08:22:09</QueryStartDate><SQLTransaction/><ResultsAsString/></Value><SchemaURI/><SchemaElement/><ValidateXMLOnExecution>1</ValidateXMLOnExecution><ReadOnly>false</ReadOnly><AlertXMLAssigned>false</AlertXMLAssigned></ContextItem><ContextItem><Name>CHECKCOUNT</Name><Description/><MinRange>0</MinRange><MaxRange>0</MaxRange><Value xsi:type="ConditionalAction"><Output>false</Output><InputCount>1</InputCount><LogicalAnd>false</LogicalAnd><Input1>false</Input1></Value><ReadOnly>false</ReadOnly><AlertXMLAssigned>false</AlertXMLAssigned></ContextItem><ContextItem><Name>log_fsuccess_counts</Name><Description/><MinRange>0</MinRange><MaxRange>0</MaxRange><Value xsi:type="EventLogger"><Message/><Source>UserEvent</Source><EventType>INFO</EventType></Value><ReadOnly>false</ReadOnly><AlertXMLAssigned>false</AlertXMLAssigned></ContextItem><ContextItem><Name>SignoffSFC</Name><Description/><MinRange>0</MinRange><MaxRange>0</MaxRange><Value xsi:type="SAPMEPAPIInterface"><Request><ReferenceDocumentSource/>&lt;?xml version="1.0" encoding="UTF-8"?&gt;&lt;common:serviceInvocationRequests xmlns:common="http://www.sap.com/me/common" xmlns:production="http://www.sap.com/me/production"&gt;&#13;
  &lt;common:serviceInvocationRequest&gt;&#13;
    &lt;moduleId&gt;com.sap.me.production&lt;/moduleId&gt;&#13;
    &lt;serviceName&gt;SignoffService&lt;/serviceName&gt;&#13;
    &lt;methodName&gt;signoffSfc&lt;/methodName&gt;&#13;
    &lt;requests xmlns:xsi="http://www.w3.org/2001/XMLSchema-instance" xsi:type="production:SignoffRequest"&gt;&#13;
      &lt;production:sfcData&gt;&#13;
        &lt;production:sfcRef&gt;&#13;
          &lt;reference type="SFC"&gt;&#13;
            &lt;sfc/&gt;&#13;
          &lt;/reference&gt;&#13;
        &lt;/production:sfcRef&gt;&#13;
        &lt;production:operationRef&gt;&#13;
          &lt;reference type="OPERATION"&gt;&#13;
            &lt;revision/&gt;&#13;
            &lt;operation/&gt;&#13;
          &lt;/reference&gt;&#13;
        &lt;/production:operationRef&gt;&#13;
        &lt;production:resourceRef&gt;&#13;
          &lt;reference type="RESRCE"&gt;&#13;
            &lt;resource/&gt;&#13;
          &lt;/reference&gt;&#13;
        &lt;/production:resourceRef&gt;&#13;
      &lt;/production:sfcData&gt;&#13;
      &lt;production:workstationRef&gt;&#13;
        &lt;reference type="WORKSTATION"&gt;&#13;
          &lt;workstationType/&gt;&#13;
          &lt;workstation/&gt;&#13;
        &lt;/reference&gt;&#13;
      &lt;/production:workstationRef&gt;&#13;
      &lt;production:dateTime&gt;&#13;
        &lt;!--2024-05-29--&gt;&#13;
      &lt;/production:dateTime&gt;&#13;
      &lt;production:transferLaboredUsers&gt;&#13;
        &lt;!--false--&gt;&#13;
      &lt;/production:transferLaboredUsers&gt;&#13;
      &lt;production:bypassLaboredOffUsers&gt;&#13;
        &lt;!--false--&gt;&#13;
      &lt;/production:bypassLaboredOffUsers&gt;&#13;
      &lt;production:disableProductionLogAndActivityLog&gt;&#13;
        &lt;!--false--&gt;&#13;
      &lt;/production:disableProductionLogAndActivityLog&gt;&#13;
      &lt;production:decrementTimesProcessed&gt;&#13;
        &lt;!--true--&gt;&#13;
      &lt;/production:decrementTimesProcessed&gt;&#13;
      &lt;production:allowSignoffForNonOwner&gt;&#13;
        &lt;!--false--&gt;&#13;
      &lt;/production:allowSignoffForNonOwner&gt;&#13;
      &lt;production:checkForAlreadyLaboredOn&gt;&#13;
        &lt;!--false--&gt;&#13;
      &lt;/production:checkForAlreadyLaboredOn&gt;&#13;
      &lt;production:placeInQueue&gt;&#13;
        &lt;!--true--&gt;&#13;
      &lt;/production:placeInQueue&gt;&#13;
      &lt;production:doNotLaborOff&gt;&#13;
        &lt;!--false--&gt;&#13;
      &lt;/production:doNotLaborOff&gt;&#13;
      &lt;production:userRef&gt;&#13;
        &lt;reference type="USR"&gt;&#13;
          &lt;userId/&gt;&#13;
        &lt;/reference&gt;&#13;
      &lt;/production:userRef&gt;&#13;
      &lt;production:administrativeSignoff&gt;&#13;
        &lt;!--false--&gt;&#13;
      &lt;/production:administrativeSignoff&gt;&#13;
    &lt;/requests&gt;&#13;
  &lt;/common:serviceInvocationRequest&gt;&#13;
&lt;/common:serviceInvocationRequests&gt;</Request><Response><ReferenceDocumentSource/>&lt;?xml version="1.0" encoding="UTF-8"?&gt;&lt;common:serviceInvocationResponses xmlns:common="http://www.sap.com/me/common" xmlns:production="http://www.sap.com/me/production"&gt;&#13;
  &lt;serviceInvocationResponse&gt;&#13;
    &lt;common:serviceMethodId&gt;com.sap.me.production$SignoffService#signoffSfc&lt;/common:serviceMethodId&gt;&#13;
    &lt;responses xmlns:xsi="http://www.w3.org/2001/XMLSchema-instance" xsi:type="production:SignoffResponse"&gt;&#13;
      &lt;production:operationRef&gt;string value&lt;/production:operationRef&gt;&#13;
      &lt;production:resourceRef&gt;string value&lt;/production:resourceRef&gt;&#13;
      &lt;production:sfcRef&gt;string value&lt;/production:sfcRef&gt;&#13;
      &lt;production:itemRef&gt;string value&lt;/production:itemRef&gt;&#13;
      &lt;production:shopOrderRef&gt;string value&lt;/production:shopOrderRef&gt;&#13;
      &lt;production:previousResourceRef&gt;string value&lt;/production:previousResourceRef&gt;&#13;
      &lt;production:workCenterRef&gt;string value&lt;/production:workCenterRef&gt;&#13;
      &lt;production:routerRef&gt;string value&lt;/production:routerRef&gt;&#13;
      &lt;production:reportingCenterRef&gt;string value&lt;/production:reportingCenterRef&gt;&#13;
      &lt;common:stepId&gt;string value&lt;/common:stepId&gt;&#13;
      &lt;production:stepSequence&gt;10&lt;/production:stepSequence&gt;&#13;
      &lt;production:quantity&gt;10&lt;/production:quantity&gt;&#13;
      &lt;production:timesProcessed&gt;10&lt;/production:timesProcessed&gt;&#13;
      &lt;production:rework&gt;string value&lt;/production:rework&gt;&#13;
      &lt;production:dateTime&gt;2024-05-29&lt;/production:dateTime&gt;&#13;
      &lt;production:dateStarted&gt;2024-05-29&lt;/production:dateStarted&gt;&#13;
      &lt;production:dateQueued&gt;2024-05-29&lt;/production:dateQueued&gt;&#13;
    &lt;/responses&gt;&#13;
  &lt;/serviceInvocationResponse&gt;&#13;
&lt;/common:serviceInvocationResponses&gt;</Response><CredentialAlias>SAPMEINT_ME_AUTH</CredentialAlias><SelectedModule>com.sap.me.production</SelectedModule><SelectedService>SignoffService</SelectedService><SelectedMethod>signoffSfc</SelectedMethod><Site>1020</Site><MEUser/></Value><SchemaURI/><SchemaElement/><ValidateXMLOnExecution>1</ValidateXMLOnExecution><SchemaURI/><SchemaElement/><ValidateXMLOnExecution>1</ValidateXMLOnExecution><ReadOnly>false</ReadOnly><AlertXMLAssigned>false</AlertXMLAssigned></ContextItem><ContextItem><Name>checkPAPI_sucess</Name><Description/><MinRange>0</MinRange><MaxRange>0</MaxRange><Value xsi:type="ConditionalAction"><Output>false</Output><InputCount>1</InputCount><LogicalAnd>false</LogicalAnd><Input1>false</Input1></Value><ReadOnly>false</ReadOnly><AlertXMLAssigned>false</AlertXMLAssigned></ContextItem><ContextItem><Name>Catch</Name><Description/><MinRange>0</MinRange><MaxRange>0</MaxRange><Value xsi:type="CatchAction"/><ReadOnly>false</ReadOnly><AlertXMLAssigned>false</AlertXMLAssigned></ContextItem><ContextItem><Name>PapiSucess_Terminate_Transaction</Name><Description/><MinRange>0</MinRange><MaxRange>0</MaxRange><Value xsi:type="TerminateTransaction"><TerminationMessage>Transaction Execution Terminated Upon Request</TerminationMessage><TerminateWithError>true</TerminateWithError></Value><ReadOnly>false</ReadOnly><AlertXMLAssigned>false</AlertXMLAssigned></ContextItem><ContextItem><Name>log_papi_errormsg</Name><Description/><MinRange>0</MinRange><MaxRange>0</MaxRange><Value xsi:type="EventLogger"><Message/><Source>UserEvent</Source><EventType>INFO</EventType></Value><ReadOnly>false</ReadOnly><AlertXMLAssigned>false</AlertXMLAssigned></ContextItem><ContextItem><Name>logfaliure_counts</Name><Description/><MinRange>0</MinRange><MaxRange>0</MaxRange><Value xsi:type="EventLogger"><Message/><Source>UserEvent</Source><EventType>INFO</EventType></Value><ReadOnly>false</ReadOnly><AlertXMLAssigned>false</AlertXMLAssigned></ContextItem><ContextItem><Name>getsfcstepdetails_Sqlqry</Name><Description/><MinRange>0</MinRange><MaxRange>0</MaxRange><Value xsi:type="IlluminatorSQLQueryObject"><Format>text/xml</Format><Results><ReferenceDocumentSource/>&lt;?xml version="1.0" encoding="UTF-8"?&gt;&lt;Rowsets CachedTime="" DateCreated="2024-05-30T10:37:33" EndDate="2024-05-30T10:37:33" StartDate="2024-05-30T09:37:33" Version="15.1 SP5 Patch 15 (03-May-2018)"&gt;&lt;Rowset&gt;&lt;Columns&gt;&lt;Column Description="SFC" MaxRange="1" MinRange="0" Name="SFC" SQLDataType="-9" SourceColumn="SFC"/&gt;&lt;Column Description="QTY_IN_QUEUE" MaxRange="1" MinRange="0" Name="QTY_IN_QUEUE" SQLDataType="2" SourceColumn="QTY_IN_QUEUE"/&gt;&lt;Column Description="QTY_IN_WORK" MaxRange="1" MinRange="0" Name="QTY_IN_WORK" SQLDataType="2" SourceColumn="QTY_IN_WORK"/&gt;&lt;Column Description="QTY_COMPLETED" MaxRange="1" MinRange="0" Name="QTY_COMPLETED" SQLDataType="2" SourceColumn="QTY_COMPLETED"/&gt;&lt;/Columns&gt;&lt;Row&gt;&lt;SFC&gt;10204296&lt;/SFC&gt;&lt;QTY_IN_QUEUE&gt;0&lt;/QTY_IN_QUEUE&gt;&lt;QTY_IN_WORK&gt;1&lt;/QTY_IN_WORK&gt;&lt;QTY_COMPLETED&gt;0&lt;/QTY_COMPLETED&gt;&lt;/Row&gt;&lt;/Rowset&gt;&lt;/Rowsets&gt;</Results><QueryEndDate>2024-05-30T10:24:07</QueryEndDate><TagList/><QueryTemplate>ProductionSupport/Venky/Manualtraceabilty/getsfcstepdetails_Sqlqry</QueryTemplate><Timeout>60</Timeout><QueryParameters/><QueryStartDate>2024-05-30T10:24:07</QueryStartDate><SQLTransaction/><ResultsAsString/></Value><SchemaURI/><SchemaElement/><ValidateXMLOnExecution>1</ValidateXMLOnExecution><ReadOnly>false</ReadOnly><AlertXMLAssigned>false</AlertXMLAssigned></ContextItem><ContextItem><Name>CheckSFCStatuS</Name><Description/><MinRange>0</MinRange><MaxRange>0</MaxRange><Value xsi:type="ConditionalAction"><Output>false</Output><InputCount>1</InputCount><LogicalAnd>false</LogicalAnd><Input1>false</Input1></Value><ReadOnly>false</ReadOnly><AlertXMLAssigned>false</AlertXMLAssigned></ContextItem><ContextItem><Name>Terminate_Transaction</Name><Description/><MinRange>0</MinRange><MaxRange>0</MaxRange><Value xsi:type="TerminateTransaction"><TerminationMessage>Transaction Execution Terminated Upon Request</TerminationMessage><TerminateWithError>true</TerminateWithError></Value><ReadOnly>false</ReadOnly><AlertXMLAssigned>false</AlertXMLAssigned></ContextItem><ContextItem><Name>SFCstatuscheck</Name><Description/><MinRange>0</MinRange><MaxRange>0</MaxRange><Value xsi:type="EventLogger"><Message/><Source>UserEvent</Source><EventType>INFO</EventType></Value><ReadOnly>false</ReadOnly><AlertXMLAssigned>false</AlertXMLAssigned></ContextItem></Actions><ReaderRoles>SAP_XMII_Super_Administrator,SAP_XMII_Administrator,SAP_XMII_Developer,SAP_XMII_User</ReaderRoles><Steps><Step xsi:type="ActionSequence"><Name>Sequence</Name><Description/><Steps><Step xsi:type="ActionSequence"><Name>Sequence_0</Name><Description/><Steps><Step xsi:type="ActionSequence"><Name>Sequence_1</Name><Description/><Steps><Step xsi:type="ActionSequence"><Name>Sequence_3</Name><Description/><Steps><Step xsi:type="Conditional"><Name>Sequence_6</Name><Description/><Steps><Step xsi:type="ActionSequence"><Name>Sequence_9</Name><Description/><Steps><Step xsi:type="ActionSequence"><Name>Sequence_2</Name><Description/><Steps><Step xsi:type="Conditional"><Name>Sequence_4</Name><Description/><Steps><Step xsi:type="ActionSequence"><Name>sfcstatus</Name><Description/><Steps><Step xsi:type="Conditional"><Name>Sequence_13</Name><Description/><Steps><Step xsi:type="ActionSequence"><Name>Sequence_5</Name><Description/><Steps/><Actions><Action><Name>PapiSucess_Terminate_Transaction</Name><Description> </Description><IncomingLinks><Assign xsi:type="Assign"><Name/><Description/><To>PapiSucess_Terminate_Transaction.TerminationMessage</To><From>"That operation is being worked on by another SFC !!!"</From></Assign></IncomingLinks><OutgoingLinks/></Action></Actions></Step><Step xsi:type="Catch"><Name>Sequence_11</Name><Description/><Steps><Step xsi:type="ActionSequence"><Name>Sequence_14</Name><Description/><Steps/><Actions><Action><Name>log_papi_errormsg</Name><Description> </Description><IncomingLinks><Assign xsi:type="Assign"><Name/><Description/><To>log_papi_errormsg.Message</To><From>"signoffpapi"&amp;SAPME_PAPI_Interface_0.Message</From></Assign></IncomingLinks><OutgoingLinks/></Action></Actions></Step></Steps><Actions><Action><Name>Catch</Name><Description>Catches an exception</Description><IncomingLinks/><OutgoingLinks/></Action></Actions></Step></Steps><Actions><Action><Name>checkPAPI_sucess</Name><Description> </Description><IncomingLinks><Assign xsi:type="Assign"><Name/><Description/><To>checkPAPI_sucess.Input1</To><From>SignoffSFC.Success</From></Assign></IncomingLinks><OutgoingLinks/></Action></Actions></Step></Steps><Actions><Action><Name>SignoffSFC</Name><Description>SAPME PAPI Interface</Description><IncomingLinks><Assign xsi:type="Assign"><Name/><Description/><To>SignoffSFC.Request{/common:serviceInvocationRequests/common:serviceInvocationRequest/requests/production:sfcData/production:sfcRef}</To><From>Transaction.input_XML{/nonconformance:preDispositionHookDTO/nonconformance:SfcBO/value}</From></Assign><Assign xsi:type="Assign"><Name/><Description/><To>SignoffSFC.Request{/common:serviceInvocationRequests/common:serviceInvocationRequest/requests/production:sfcData/production:operationRef}</To><From>Transaction.input_XML{/nonconformance:preDispositionHookDTO/nonconformance:operationBO/value}</From></Assign><Assign xsi:type="Assign"><Name/><Description/><To>SignoffSFC.Request{/common:serviceInvocationRequests/common:serviceInvocationRequest/requests/production:sfcData/production:resourceRef}</To><From>Transaction.input_XML{/nonconformance:preDispositionHookDTO/nonconformance:resourceBO/value}</From></Assign><Assign xsi:type="Assign"><Name/><Description/><To>SignoffSFC.Request{/common:serviceInvocationRequests/common:serviceInvocationRequest/requests/production:userRef}</To><From>Transaction.input_XML{/nonconformance:preDispositionHookDTO/nonconformance:ownerGBO/value}</From></Assign></IncomingLinks><OutgoingLinks/></Action></Actions></Step><Step xsi:type="ActionSequence"><Name>Sequence_12</Name><Description/><Steps><Step xsi:type="ActionSequence"><Name>Sequence_8</Name><Description/><Steps/><Actions><Action><Name>SFCstatuscheck</Name><Description> </Description><IncomingLinks><Assign xsi:type="Assign"><Name/><Description/><To>SFCstatuscheck.Message</To><From>"SFCStatus is not in Queue at MInor Rec Zone 1"</From></Assign></IncomingLinks><OutgoingLinks/></Action></Actions></Step></Steps><Actions><Action><Name>Terminate_Transaction</Name><Description> </Description><IncomingLinks><Assign xsi:type="Assign"><Name/><Description/><To>Terminate_Transaction.TerminationMessage</To><From>"That operation is being worked on by another SFC !!!"</From></Assign></IncomingLinks><OutgoingLinks/></Action></Actions></Step></Steps><Actions><Action><Name>CheckSFCStatuS</Name><Description> </Description><IncomingLinks><Assign xsi:type="Assign"><Name/><Description/><To>CheckSFCStatuS.Input1</To><From>getsfcstepdetails_Sqlqry.Results{/Rowsets/Rowset/Row/QTY_IN_WORK}==1</From></Assign></IncomingLinks><OutgoingLinks/></Action></Actions></Step></Steps><Actions><Action><Name>getsfcstepdetails_Sqlqry</Name><Description>SQL Query</Description><IncomingLinks><Assign xsi:type="Assign"><Name/><Description/><To>getsfcstepdetails_Sqlqry.Param.1</To><From>Transaction.input_XML{/nonconformance:preDispositionHookDTO/nonconformance:SfcBO/value}</From></Assign><Assign xsi:type="Assign"><Name/><Description/><To>getsfcstepdetails_Sqlqry.Param.2</To><From>Transaction.input_XML{/nonconformance:preDispositionHookDTO/nonconformance:operationBO/value}</From></Assign></IncomingLinks><OutgoingLinks/></Action></Actions></Step></Steps><Actions><Action><Name>logfaliure_counts</Name><Description> </Description><IncomingLinks><Assign xsi:type="Assign"><Name/><Description/><To>logfaliure_counts.Message</To><From>"TestCFC"&amp;SFCdetails_Sqlqry.Results{/Rowsets/Rowset/Row/QTYCOUNT}</From></Assign></IncomingLinks><OutgoingLinks/></Action></Actions></Step><Step xsi:type="ActionSequence"><Name>Sequence_7</Name><Description/><Steps/><Actions><Action><Name>log_fsuccess_counts</Name><Description> </Description><IncomingLinks><Assign xsi:type="Assign"><Name/><Description/><To>log_fsuccess_counts.Message</To><From>"TestCFC"&amp;SFCdetails_Sqlqry.Results{/Rowsets/Rowset/Row/QTYCOUNT}</From></Assign></IncomingLinks><OutgoingLinks/></Action></Actions></Step></Steps><Actions><Action><Name>CHECKCOUNT</Name><Description> </Description><IncomingLinks><Assign xsi:type="Assign"><Name/><Description/><To>CHECKCOUNT.Input1</To><From>SFCdetails_Sqlqry.Results{/Rowsets/Rowset/Row/QTYCOUNT}!=0</From></Assign></IncomingLinks><OutgoingLinks/></Action></Actions></Step></Steps><Actions><Action><Name>SFCdetails_Sqlqry</Name><Description>SQL Query</Description><IncomingLinks><Assign xsi:type="Assign"><Name/><Description/><To>SFCdetails_Sqlqry.Param.1</To><From>FindroutingDetails_SqlQry.Results{/Rowsets/Rowset/Row/OPERATION_BO}</From></Assign></IncomingLinks><OutgoingLinks/></Action></Actions></Step></Steps><Actions><Action><Name>FindroutingDetails_SqlQry</Name><Description>SQL Query</Description><IncomingLinks><Assign xsi:type="Assign"><Name/><Description/><To>FindroutingDetails_SqlQry.Param.1</To><From>Transaction.input_XML{/nonconformance:preDispositionHookDTO/nonconformance:routerBO/value}</From></Assign></IncomingLinks><OutgoingLinks/></Action></Actions></Step></Steps><Actions><Action><Name>Event_Logger_1</Name><Description> </Description><IncomingLinks><Assign xsi:type="Assign"><Name/><Description/><To>Event_Logger_1.Message</To><From>"Testcfc"&amp;Transaction.input_XML&amp;Transaction.input_XML{/nonconformance:preDispositionHookDTO/nonconformance:routerBO/value}</From></Assign></IncomingLinks><OutgoingLinks/></Action></Actions></Step></Steps><Actions/></Step></Steps></Transaction>