<?xml version="1.0" encoding="UTF-8" standalone="no"?><Transaction xmlns:xsd="http://www.w3.org/2001/XMLSchema" xmlns:xsi="http://www.w3.org/2001/XMLSchema-instance" Version="15.1.5.15"><TransactionAttributes><ContextItem><Name>Description</Name><Description>Transaction Description</Description><MinRange>0</MinRange><MaxRange>0</MaxRange><Value xsi:type="string"/><ReadOnly>true</ReadOnly><AlertXMLAssigned>false</AlertXMLAssigned></ContextItem><ContextItem><Name>Comments</Name><Description>User Comments</Description><MinRange>0</MinRange><MaxRange>0</MaxRange><Value xsi:type="string"/><ReadOnly>true</ReadOnly><AlertXMLAssigned>false</AlertXMLAssigned></ContextItem><ContextItem><Name>CreatedBy</Name><Description>Created By</Description><MinRange>0</MinRange><MaxRange>0</MaxRange><Value xsi:type="string">etemirbulatova</Value><ReadOnly>true</ReadOnly><AlertXMLAssigned>false</AlertXMLAssigned></ContextItem><ContextItem><Name>CreationDate</Name><Description>Creation Date</Description><MinRange>0</MinRange><MaxRange>0</MaxRange><Value xsi:type="dateTime">2016-12-19T08:53:48</Value><ReadOnly>true</ReadOnly><AlertXMLAssigned>false</AlertXMLAssigned></ContextItem><ContextItem><Name>Category</Name><Description>Transaction Category</Description><MinRange>0</MinRange><MaxRange>0</MaxRange><Value xsi:type="string"/><ReadOnly>true</ReadOnly><AlertXMLAssigned>false</AlertXMLAssigned></ContextItem><ContextItem><Name>Status</Name><Description>Deployment Status</Description><MinRange>0</MinRange><MaxRange>0</MaxRange><Value xsi:type="string">DEVELOPMENT</Value><ReadOnly>true</ReadOnly><AlertXMLAssigned>false</AlertXMLAssigned></ContextItem><ContextItem><Name>LegacyProcessingMode</Name><Description>Support the pre MII 12.1 Transaction Engine.</Description><MinRange>0</MinRange><MaxRange>0</MaxRange><Value xsi:type="boolean">0</Value><ReadOnly>true</ReadOnly><AlertXMLAssigned>false</AlertXMLAssigned></ContextItem><ContextItem><Name>AutoAppendBlankNamespaces</Name><Description>AutoAppendBlankNamespaces</Description><MinRange>0</MinRange><MaxRange>0</MaxRange><Value xsi:type="boolean">1</Value><ReadOnly>true</ReadOnly><AlertXMLAssigned>false</AlertXMLAssigned></ContextItem><ContextItem><Name>ThrowOnLinkError</Name><Description>Throws an exception when a link error occures</Description><MinRange>0</MinRange><MaxRange>0</MaxRange><Value xsi:type="boolean">0</Value><ReadOnly>true</ReadOnly><AlertXMLAssigned>false</AlertXMLAssigned></ContextItem><ContextItem><Name>ThrowOnActionError</Name><Description>Throws an exception when an action error occurs</Description><MinRange>0</MinRange><MaxRange>0</MaxRange><Value xsi:type="boolean">1</Value><ReadOnly>true</ReadOnly><AlertXMLAssigned>false</AlertXMLAssigned></ContextItem><ContextItem><Name>LastEditedBy</Name><Description>Last Edited By</Description><MinRange>0</MinRange><MaxRange>0</MaxRange><Value xsi:type="xsd:string">vvenka15</Value><ReadOnly>true</ReadOnly><AlertXMLAssigned>false</AlertXMLAssigned></ContextItem><ContextItem><Name>LastEditedDate</Name><Description>Last Edited Date</Description><MinRange>0</MinRange><MaxRange>0</MaxRange><Value xsi:type="xsd:dateTime">2024-06-21T14:06:27</Value><ReadOnly>true</ReadOnly><AlertXMLAssigned>false</AlertXMLAssigned></ContextItem><ContextItem><Name>FormatXMLOnConversion</Name><Description>By default XML will be formatted when assigned from XML data type to String data type. This behaviour can be changed with this flag.</Description><MinRange>0</MinRange><MaxRange>0</MaxRange><Value xsi:type="boolean">1</Value><ReadOnly>true</ReadOnly><AlertXMLAssigned>false</AlertXMLAssigned></ContextItem></TransactionAttributes><Name>ProductionSupport/Venky/Manualtraceabilty/MainTransaction/Treaceability/trxTraceability</Name><Version>172</Version><WriterRoles>SAP_XMII_Super_Administrator,SAP_XMII_Administrator,SAP_XMII_Developer</WriterRoles><Context><ContextItem><Name>EventLoggerFlag</Name><Description/><MinRange>0</MinRange><MaxRange>0</MaxRange><Value xsi:type="boolean">0</Value><ReadOnly>false</ReadOnly><AlertXMLAssigned>false</AlertXMLAssigned></ContextItem><ContextItem><Name>inNotificationXml</Name><Description/><MinRange>0</MinRange><MaxRange>0</MaxRange><Value xsi:type="xml"><ReferenceDocumentSource/>&lt;?xml version="1.0" encoding="UTF-8"?&gt;&lt;NotificationMessage&gt;&#13;
    &lt;Header&gt;&#13;
        &lt;Name&gt;SOT_TRACEABILITY&lt;/Name&gt;&#13;
        &lt;Description/&gt;&#13;
        &lt;Destination&gt;PCOMonitoring&lt;/Destination&gt;&#13;
        &lt;CreatedDate&gt;2024-03-15T10:11:09&lt;/CreatedDate&gt;&#13;
        &lt;ID&gt;65e4ddb5-f3cb-4191-af31-3d42a8997001&lt;/ID&gt;&#13;
        &lt;Status&gt;Created&lt;/Status&gt;&#13;
    &lt;/Header&gt;&#13;
    &lt;Body&gt;&#13;
        &lt;Values&gt;&#13;
            &lt;assemblytype quality="None" timeStamp="0001-01-01T00:00:00.0000000" type="xsd:string"&gt;SERIALISED_PURCHASED&lt;/assemblytype&gt;&#13;
            &lt;facilityid quality="None" timeStamp="0001-01-01T00:00:00.0000000" type="xsd:string"&gt;9759&lt;/facilityid&gt;&#13;
            &lt;site quality="None" timeStamp="0001-01-01T00:00:00.0000000" type="xsd:string"&gt;1020&lt;/site&gt;&#13;
            &lt;partid quality="None" timeStamp="0001-01-01T00:00:00.0000000" type="xsd:string"&gt;10204259&lt;/partid&gt;&#13;
            &lt;supcompartid quality="None" timeStamp="0001-01-01T00:00:00.0000000" type="xsd:string"&gt;2546716591234567829032024002&lt;/supcompartid&gt;&#13;
            &lt;pcoserver quality="None" timeStamp="0001-01-01T00:00:00.0000000" type="xsd:string"&gt;&lt;![CDATA[NC11_ASY2]]&gt;&lt;/pcoserver&gt;&#13;
            &lt;tagid quality="None" timeStamp="0001-01-01T00:00:00.0000000" type="xsd:string"&gt;&lt;![CDATA[NC11_OP1030_T_9713.OP1030.9713-T]]&gt;&lt;/tagid&gt;&#13;
            &lt;plctimestamp quality="None" timeStamp="0001-01-01T00:00:00.0000000" type="xsd:string"&gt;2024-03-29T12:47:35&lt;/plctimestamp&gt;&#13;
        &lt;/Values&gt;&#13;
    &lt;/Body&gt;&#13;
    &lt;Faults/&gt;&#13;
&lt;/NotificationMessage&gt;</Value><SchemaURI/><SchemaElement/><ValidateXMLOnExecution>1</ValidateXMLOnExecution><ReadOnly>false</ReadOnly><AlertXMLAssigned>false</AlertXMLAssigned></ContextItem><ContextItem><Name>outputXml</Name><Description>Output xml</Description><MinRange>0</MinRange><MaxRange>0</MaxRange><Value xsi:type="xml"><ReferenceDocumentSource/>&lt;?xml version="1.0" encoding="UTF-8"?&gt;&lt;xml&gt;&#13;
&lt;success/&gt;&#13;
&lt;message/&gt;&#13;
&lt;plc_com/&gt;&#13;
&lt;/xml&gt;</Value><SchemaURI/><SchemaElement/><ValidateXMLOnExecution>1</ValidateXMLOnExecution><ReadOnly>false</ReadOnly><AlertXMLAssigned>false</AlertXMLAssigned></ContextItem></Context><Local><ContextItem><Name>AssemblyType</Name><Description/><MinRange>0</MinRange><MaxRange>0</MaxRange><Value xsi:type="string">0</Value><ReadOnly>false</ReadOnly><AlertXMLAssigned>false</AlertXMLAssigned></ContextItem><ContextItem><Name>inFacilityId</Name><Description>Facility ID</Description><MinRange>0</MinRange><MaxRange>0</MaxRange><Value xsi:type="string"/><ReadOnly>false</ReadOnly><AlertXMLAssigned>false</AlertXMLAssigned></ContextItem><ContextItem><Name>inPcoServer</Name><Description/><MinRange>0</MinRange><MaxRange>0</MaxRange><Value xsi:type="string"/><ReadOnly>false</ReadOnly><AlertXMLAssigned>false</AlertXMLAssigned></ContextItem><ContextItem><Name>inPlcCom</Name><Description/><MinRange>0</MinRange><MaxRange>0</MaxRange><Value xsi:type="short">0</Value><ReadOnly>false</ReadOnly><AlertXMLAssigned>false</AlertXMLAssigned></ContextItem><ContextItem><Name>inSfc</Name><Description>SFC where the changes should be made</Description><MinRange>0</MinRange><MaxRange>0</MaxRange><Value xsi:type="string"/><ReadOnly>false</ReadOnly><AlertXMLAssigned>false</AlertXMLAssigned></ContextItem><ContextItem><Name>inSite</Name><Description>Site</Description><MinRange>0</MinRange><MaxRange>0</MaxRange><Value xsi:type="string"/><ReadOnly>false</ReadOnly><AlertXMLAssigned>false</AlertXMLAssigned></ContextItem><ContextItem><Name>inSupCompartId</Name><Description>?</Description><MinRange>0</MinRange><MaxRange>0</MaxRange><Value xsi:type="string"/><ReadOnly>false</ReadOnly><AlertXMLAssigned>false</AlertXMLAssigned></ContextItem><ContextItem><Name>operationList</Name><Description>Operation List</Description><MinRange>0</MinRange><MaxRange>0</MaxRange><Value xsi:type="list"/><ReadOnly>false</ReadOnly><AlertXMLAssigned>false</AlertXMLAssigned></ContextItem><ContextItem><Name>pco_notiication_example</Name><Description>Just for testing (not used in the trx)</Description><MinRange>0</MinRange><MaxRange>0</MaxRange><Value xsi:type="string">&lt;?xml version="1.0" encoding="UTF-8"?&gt;&lt;NotificationMessage&gt;&#13;
	&lt;Header&gt;&#13;
		&lt;Name&gt;QualityAssemblyTrx&lt;/Name&gt;&#13;
		&lt;Description&gt;&#13;
			&#13;
		&lt;/Description&gt;&#13;
		&lt;Destination&gt;SimulationsDestination&lt;/Destination&gt;&#13;
		&lt;CreatedDate&gt;2016-10-24T15:48:31&lt;/CreatedDate&gt;&#13;
		&lt;ID&gt;11c314ec-82ad-4975-895e-a138f61b3d53&lt;/ID&gt;&#13;
		&lt;Status&gt;Delivered&lt;/Status&gt;&#13;
	&lt;/Header&gt;&#13;
	&lt;Body&gt;&#13;
	&lt;Values&gt;&#13;
		&lt;pcoserver quality="Good" timeStamp="2016-10-24T15:48:19.5935578Z" type="xsd:string"&gt;&#13;
			&lt;![CDATA[String 1]]&gt;&#13;
		&lt;/pcoserver&gt;&#13;
		&lt;cyclecount quality="Good" timeStamp="2016-10-24T15:48:19.5935578Z" type="xsd:string"&gt;&#13;
			&lt;![CDATA[String 1]]&gt;&#13;
		&lt;/cyclecount&gt;&#13;
		&lt;facilityid quality="Good" timeStamp="2016-10-24T15:48:19.5935578Z" type="xsd:string"&gt;&#13;
			&lt;![CDATA[String 1]]&gt;&#13;
		&lt;/facilityid&gt;&#13;
		&lt;partid quality="Good" timeStamp="2016-10-24T15:48:19.5935578Z" type="xsd:string"&gt;&#13;
			&lt;![CDATA[String 1]]&gt;&#13;
		&lt;/partid&gt;&#13;
		&lt;platen quality="Good" timeStamp="2016-10-24T15:48:19.5935578Z" type="xsd:string"&gt;&#13;
			&lt;![CDATA[String 1]]&gt;&#13;
		&lt;/platen&gt;&#13;
		&lt;plccom quality="Good" timeStamp="2016-10-24T15:48:19.5935578Z" type="xsd:string"&gt;&#13;
			&lt;![CDATA[String 1]]&gt;&#13;
		&lt;/plccom&gt;&#13;
		&lt;supcompartid quality="Good" timeStamp="2016-10-24T15:48:19.5935578Z" type="xsd:string"&gt;&#13;
			&lt;![CDATA[String 1]]&gt;&#13;
		&lt;/supcompartid&gt;&#13;
		&lt;telegramtyp quality="Good" timeStamp="2016-10-24T15:48:19.5935578Z" type="xsd:string"&gt;&#13;
			&lt;![CDATA[String 1]]&gt;&#13;
		&lt;/telegramtyp&gt;&#13;
		&lt;ipaddress quality="Good" timeStamp="2016-10-24T15:48:19.5935578Z" type="xsd:string"&gt;&#13;
			&lt;![CDATA[String 1]]&gt;&#13;
		&lt;/ipaddress&gt;&#13;
		&lt;pcocstat quality="Good" timeStamp="2016-10-24T15:48:19.5935578Z" type="xsd:string"&gt;&#13;
			&lt;![CDATA[String 1]]&gt;&#13;
		&lt;/pcocstat&gt;&#13;
		&lt;site quality="Good" timeStamp="2016-10-24T15:48:19.5935578Z" type="xsd:string"&gt;&#13;
			&lt;![CDATA[1020]]&gt;&#13;
		&lt;/site&gt;&#13;
		&lt;plctimestamp quality="Good" timeStamp="2016-10-24T15:48:19.5935578Z" type="xsd:string"&gt;&#13;
			&lt;![CDATA[YYMMDDHHMMSS]]&gt;&#13;
		&lt;/plctimestamp&gt;&#13;
	&lt;/Values&gt;&#13;
	&lt;/Body&gt;&#13;
	&lt;Faults/&gt;&#13;
&lt;/NotificationMessage&gt;</Value><ReadOnly>false</ReadOnly><AlertXMLAssigned>false</AlertXMLAssigned></ContextItem><ContextItem><Name>PCoTagNameList</Name><Description/><MinRange>0</MinRange><MaxRange>0</MaxRange><Value xsi:type="string"/><ReadOnly>false</ReadOnly><AlertXMLAssigned>false</AlertXMLAssigned></ContextItem><ContextItem><Name>PCoTagValueList</Name><Description/><MinRange>0</MinRange><MaxRange>0</MaxRange><Value xsi:type="string"/><ReadOnly>false</ReadOnly><AlertXMLAssigned>false</AlertXMLAssigned></ContextItem><ContextItem><Name>productionLine</Name><Description>Production Line</Description><MinRange>0</MinRange><MaxRange>0</MaxRange><Value xsi:type="string">NC11</Value><ReadOnly>false</ReadOnly><AlertXMLAssigned>false</AlertXMLAssigned></ContextItem><ContextItem><Name>resourceList</Name><Description>Resource List</Description><MinRange>0</MinRange><MaxRange>0</MaxRange><Value xsi:type="list"/><ReadOnly>false</ReadOnly><AlertXMLAssigned>false</AlertXMLAssigned></ContextItem><ContextItem><Name>SITE</Name><Description/><MinRange>0</MinRange><MaxRange>0</MaxRange><Value xsi:type="string"/><ReadOnly>false</ReadOnly><AlertXMLAssigned>false</AlertXMLAssigned></ContextItem><ContextItem><Name>TagID</Name><Description/><MinRange>0</MinRange><MaxRange>0</MaxRange><Value xsi:type="string"/><ReadOnly>false</ReadOnly><AlertXMLAssigned>false</AlertXMLAssigned></ContextItem><ContextItem><Name>TRBL_HANDLE</Name><Description/><MinRange>0</MinRange><MaxRange>0</MaxRange><Value xsi:type="string"/><ReadOnly>false</ReadOnly><AlertXMLAssigned>false</AlertXMLAssigned></ContextItem><ContextItem><Name>trxName</Name><Description/><MinRange>0</MinRange><MaxRange>0</MaxRange><Value xsi:type="string">NC11/TRACEABILITY/TRANSACTIONS/trxTraceability</Value><ReadOnly>false</ReadOnly><AlertXMLAssigned>false</AlertXMLAssigned></ContextItem></Local><Layout><GUILayoutItem><Name>This trx calls the traceability integraiton service and returns the result to the PLC via PCo</Name><X>296</X><Y>8</Y><Width>120</Width><SpacingWidth>696</SpacingWidth><DescendantWidth>696</DescendantWidth><Height>96</Height></GUILayoutItem><GUILayoutItem><Name>1. Check input parameter</Name><X>296</X><Y>280</Y><Width>120</Width><SpacingWidth>408</SpacingWidth><DescendantWidth>408</DescendantWidth><Height>96</Height></GUILayoutItem><GUILayoutItem><Name>Conditional_foundInputParams</Name><X>304</X><Y>296</Y><Width>104</Width><SpacingWidth>0</SpacingWidth><DescendantWidth>0</DescendantWidth><Height>72</Height></GUILayoutItem><GUILayoutItem><Name>Sequenz_0</Name><X>224</X><Y>416</Y><Width>120</Width><SpacingWidth>264</SpacingWidth><DescendantWidth>264</DescendantWidth><Height>96</Height></GUILayoutItem><GUILayoutItem><Name>Web_Service_Traceability</Name><X>232</X><Y>432</Y><Width>104</Width><SpacingWidth>0</SpacingWidth><DescendantWidth>0</DescendantWidth><Height>72</Height></GUILayoutItem><GUILayoutItem><Name>Catch 1</Name><X>152</X><Y>552</Y><Width>120</Width><SpacingWidth>120</SpacingWidth><DescendantWidth>120</DescendantWidth><Height>96</Height></GUILayoutItem><GUILayoutItem><Name>Catch_0</Name><X>160</X><Y>568</Y><Width>104</Width><SpacingWidth>0</SpacingWidth><DescendantWidth>0</DescendantWidth><Height>72</Height></GUILayoutItem><GUILayoutItem><Name>Log error 1</Name><X>152</X><Y>688</Y><Width>120</Width><SpacingWidth>120</SpacingWidth><DescendantWidth>120</DescendantWidth><Height>96</Height></GUILayoutItem><GUILayoutItem><Name>LogException</Name><X>160</X><Y>704</Y><Width>104</Width><SpacingWidth>0</SpacingWidth><DescendantWidth>0</DescendantWidth><Height>72</Height></GUILayoutItem><GUILayoutItem><Name>Sequence_0</Name><X>152</X><Y>824</Y><Width>120</Width><SpacingWidth>120</SpacingWidth><DescendantWidth>0</DescendantWidth><Height>96</Height></GUILayoutItem><GUILayoutItem><Name>Assign_PCo_Tag_Values_1</Name><X>160</X><Y>840</Y><Width>104</Width><SpacingWidth>0</SpacingWidth><DescendantWidth>0</DescendantWidth><Height>72</Height></GUILayoutItem><GUILayoutItem><Name>Assign web service result</Name><X>296</X><Y>552</Y><Width>120</Width><SpacingWidth>120</SpacingWidth><DescendantWidth>120</DescendantWidth><Height>96</Height></GUILayoutItem><GUILayoutItem><Name>Assignment_Webservice_Result</Name><X>304</X><Y>568</Y><Width>104</Width><SpacingWidth>0</SpacingWidth><DescendantWidth>0</DescendantWidth><Height>72</Height></GUILayoutItem><GUILayoutItem><Name>Sequence_6</Name><X>296</X><Y>688</Y><Width>120</Width><SpacingWidth>120</SpacingWidth><DescendantWidth>0</DescendantWidth><Height>96</Height></GUILayoutItem><GUILayoutItem><Name>Assign_PCo_Tag_Values</Name><X>304</X><Y>704</Y><Width>104</Width><SpacingWidth>0</SpacingWidth><DescendantWidth>0</DescendantWidth><Height>72</Height></GUILayoutItem><GUILayoutItem><Name>Missing input paramteters</Name><X>440</X><Y>416</Y><Width>120</Width><SpacingWidth>120</SpacingWidth><DescendantWidth>120</DescendantWidth><Height>96</Height></GUILayoutItem><GUILayoutItem><Name>InputError</Name><X>448</X><Y>432</Y><Width>104</Width><SpacingWidth>0</SpacingWidth><DescendantWidth>0</DescendantWidth><Height>72</Height></GUILayoutItem><GUILayoutItem><Name>Sequence_10</Name><X>584</X><Y>144</Y><Width>120</Width><SpacingWidth>120</SpacingWidth><DescendantWidth>120</DescendantWidth><Height>96</Height></GUILayoutItem><GUILayoutItem><Name>trxPCoHandshake</Name><X>592</X><Y>160</Y><Width>104</Width><SpacingWidth>0</SpacingWidth><DescendantWidth>0</DescendantWidth><Height>72</Height></GUILayoutItem><GUILayoutItem><Name>Sequence_2</Name><X>8</X><Y>144</Y><Width>120</Width><SpacingWidth>120</SpacingWidth><DescendantWidth>120</DescendantWidth><Height>96</Height></GUILayoutItem><GUILayoutItem><Name>Conditional_Event_Logger_Testing</Name><X>16</X><Y>160</Y><Width>104</Width><SpacingWidth>0</SpacingWidth><DescendantWidth>0</DescendantWidth><Height>72</Height></GUILayoutItem><GUILayoutItem><Name>Sequence_8</Name><X>8</X><Y>280</Y><Width>120</Width><SpacingWidth>120</SpacingWidth><DescendantWidth>120</DescendantWidth><Height>96</Height></GUILayoutItem><GUILayoutItem><Name>TraceabilityInputDataTrx</Name><X>16</X><Y>296</Y><Width>104</Width><SpacingWidth>0</SpacingWidth><DescendantWidth>0</DescendantWidth><Height>72</Height></GUILayoutItem><GUILayoutItem><Name>Sequence_67</Name><X>8</X><Y>416</Y><Width>120</Width><SpacingWidth>120</SpacingWidth><DescendantWidth>120</DescendantWidth><Height>96</Height></GUILayoutItem><GUILayoutItem><Name>Catch_Transaction_Call_SOLInputData_Fail</Name><X>16</X><Y>432</Y><Width>104</Width><SpacingWidth>0</SpacingWidth><DescendantWidth>0</DescendantWidth><Height>72</Height></GUILayoutItem><GUILayoutItem><Name>Sequence_76</Name><X>8</X><Y>552</Y><Width>120</Width><SpacingWidth>120</SpacingWidth><DescendantWidth>0</DescendantWidth><Height>96</Height></GUILayoutItem><GUILayoutItem><Name>Event_Logger_Transaction_Call_SOLInputData_Fail</Name><X>16</X><Y>568</Y><Width>104</Width><SpacingWidth>0</SpacingWidth><DescendantWidth>0</DescendantWidth><Height>72</Height></GUILayoutItem><GUILayoutItem><Name>Sequence_3</Name><X>440</X><Y>552</Y><Width>120</Width><SpacingWidth>120</SpacingWidth><DescendantWidth>0</DescendantWidth><Height>96</Height></GUILayoutItem><GUILayoutItem><Name>PLCCOM4</Name><X>448</X><Y>568</Y><Width>104</Width><SpacingWidth>0</SpacingWidth><DescendantWidth>0</DescendantWidth><Height>72</Height></GUILayoutItem><GUILayoutItem><Name>Sequence_1</Name><X>584</X><Y>280</Y><Width>120</Width><SpacingWidth>120</SpacingWidth><DescendantWidth>120</DescendantWidth><Height>96</Height></GUILayoutItem><GUILayoutItem><Name>Condition_PCoWritebackSuccess</Name><X>592</X><Y>296</Y><Width>104</Width><SpacingWidth>0</SpacingWidth><DescendantWidth>0</DescendantWidth><Height>72</Height></GUILayoutItem><GUILayoutItem><Name>Sequence_7</Name><X>584</X><Y>416</Y><Width>120</Width><SpacingWidth>120</SpacingWidth><DescendantWidth>0</DescendantWidth><Height>96</Height></GUILayoutItem><GUILayoutItem><Name>TraceabilityWBDataTrx_0</Name><X>592</X><Y>432</Y><Width>104</Width><SpacingWidth>0</SpacingWidth><DescendantWidth>0</DescendantWidth><Height>72</Height></GUILayoutItem><GUILayoutItem><Name>Sequence_4</Name><X>296</X><Y>144</Y><Width>120</Width><SpacingWidth>408</SpacingWidth><DescendantWidth>408</DescendantWidth><Height>96</Height></GUILayoutItem><GUILayoutItem><Name>Assignment_inputParams</Name><X>304</X><Y>160</Y><Width>104</Width><SpacingWidth>0</SpacingWidth><DescendantWidth>0</DescendantWidth><Height>72</Height></GUILayoutItem></Layout><Actions><ContextItem><Name>Conditional_foundInputParams</Name><Description/><MinRange>0</MinRange><MaxRange>0</MaxRange><Value xsi:type="ConditionalAction"><Output>false</Output><InputCount>4</InputCount><LogicalAnd>true</LogicalAnd><Input1>false</Input1><Input2>false</Input2><Input3>false</Input3><Input4>false</Input4></Value><ReadOnly>false</ReadOnly><AlertXMLAssigned>false</AlertXMLAssigned></ContextItem><ContextItem><Name>Web_Service_Traceability</Name><Description/><MinRange>0</MinRange><MaxRange>0</MaxRange><Value xsi:type="WebServiceAction"><UserName/><Password/><UseHeaderBasedAuthentication>false</UseHeaderBasedAuthentication><CredentialAlias>SAPMEINT_ME_AUTH</CredentialAlias><WSDLUrl>server://TraceabilityIntegrationServiceService/TraceabilityIntegrationServiceBean?wsdl&amp;mode=ws_policy</WSDLUrl><WSDLBaseUrl/><Inputs/><Timeout>60</Timeout><Trace>false</Trace><Port>TraceabilityIntegrationServiceBeanPort</Port><Operation>assembleSerialisedPart</Operation><WSDL><ReferenceDocumentSource/>&lt;?xml version="1.0" encoding="UTF-8"?&gt;&lt;definitions xmlns="http://schemas.xmlsoap.org/wsdl/" xmlns:b0="http://jlr.com/emc/integration/traceability/ejb/" targetNamespace="http://jlr.com/emc/integration/traceability/ejb/"&gt;&lt;import location="http://wvj7gblv4102.wolverhampton.jlrint.com:52600/TraceabilityIntegrationServiceService/TraceabilityIntegrationServiceBean?wsdl=binding&amp;amp;mode=ws_policy" namespace="http://jlr.com/emc/integration/traceability/ejb/"/&gt;&lt;service name="TraceabilityIntegrationServiceService"&gt;&lt;port binding="b0:TraceabilityIntegrationServiceLocalBinding" name="TraceabilityIntegrationServiceBeanPort"&gt;&lt;address xmlns="http://schemas.xmlsoap.org/wsdl/soap/" location="http://wvj7gblv4102.wolverhampton.jlrint.com:52600/TraceabilityIntegrationServiceService/TraceabilityIntegrationServiceBean"/&gt;&lt;/port&gt;&lt;/service&gt;&lt;/definitions&gt;</WSDL><Encoding>UTF-8</Encoding><Execute>true</Execute><RequestProperties/><KeystoreName/><CertificateName/><UseDestinationService>false</UseDestinationService><DaysRetention>7</DaysRetention><MaxRetryCount>5</MaxRetryCount><RetryInterval>30000</RetryInterval><ProcessingMode>1</ProcessingMode><Filter/><DataBufferComment/><RetryImmediately>false</RetryImmediately><assembleSerialisedPart><ReferenceDocumentSource/>&lt;?xml version="1.0" encoding="UTF-8"?&gt;&lt;assembleSerialisedPart xmlns="http://jlr.com/emc/integration/traceability/ejb/"&gt;&lt;traceabilityRequest xmlns=""&gt;&lt;site/&gt;&lt;sfc/&gt;&lt;user/&gt;&lt;facilityId/&gt;&lt;supCompartId/&gt;&lt;traceabilityType&gt;SERIALISED_PURCHASED&lt;/traceabilityType&gt;&lt;/traceabilityRequest&gt;&lt;/assembleSerialisedPart&gt;</assembleSerialisedPart><Inputs><ContextItem><Name>assembleSerialisedPart</Name><Description/><MinRange>0</MinRange><MaxRange>0</MaxRange><Value xsi:type="xml"><ReferenceDocumentSource/>&lt;?xml version="1.0" encoding="UTF-8"?&gt;&lt;assembleSerialisedPart xmlns="http://jlr.com/emc/integration/traceability/ejb/"&gt;&lt;traceabilityRequest xmlns=""&gt;&lt;site/&gt;&lt;sfc/&gt;&lt;user/&gt;&lt;facilityId/&gt;&lt;supCompartId/&gt;&lt;traceabilityType&gt;SERIALISED_PURCHASED&lt;/traceabilityType&gt;&lt;/traceabilityRequest&gt;&lt;/assembleSerialisedPart&gt;</Value><SchemaURI/><SchemaElement/><ValidateXMLOnExecution>1</ValidateXMLOnExecution><ReadOnly>false</ReadOnly><AlertXMLAssigned>false</AlertXMLAssigned></ContextItem></Inputs><Outputs><ContextItem><Name>assembleSerialisedPartResponse</Name><Description/><MinRange>0</MinRange><MaxRange>0</MaxRange><Value xsi:type="xml"><ReferenceDocumentSource/>&lt;?xml version="1.0" encoding="UTF-8"?&gt;&lt;assembleSerialisedPartResponse xmlns="http://jlr.com/emc/integration/traceability/ejb/"&gt;&lt;return xmlns=""&gt;&lt;result&gt;0&lt;/result&gt;&lt;errorMessage/&gt;&lt;/return&gt;&lt;/assembleSerialisedPartResponse&gt;</Value><SchemaURI/><SchemaElement/><ValidateXMLOnExecution>1</ValidateXMLOnExecution><ReadOnly>false</ReadOnly><AlertXMLAssigned>false</AlertXMLAssigned></ContextItem></Outputs></Value><SchemaURI/><SchemaElement/><ValidateXMLOnExecution>1</ValidateXMLOnExecution><SchemaURI/><SchemaElement/><ValidateXMLOnExecution>1</ValidateXMLOnExecution><ReadOnly>false</ReadOnly><AlertXMLAssigned>false</AlertXMLAssigned></ContextItem><ContextItem><Name>Catch_0</Name><Description/><MinRange>0</MinRange><MaxRange>0</MaxRange><Value xsi:type="CatchAction"/><ReadOnly>false</ReadOnly><AlertXMLAssigned>false</AlertXMLAssigned></ContextItem><ContextItem><Name>LogException</Name><Description/><MinRange>0</MinRange><MaxRange>0</MaxRange><Value xsi:type="EventLogger"><Message/><Source>UserEvent</Source><EventType>ERROR</EventType></Value><ReadOnly>false</ReadOnly><AlertXMLAssigned>false</AlertXMLAssigned></ContextItem><ContextItem><Name>Assign_PCo_Tag_Values_1</Name><Description/><MinRange>0</MinRange><MaxRange>0</MaxRange><Value xsi:type="Assignment"/><ReadOnly>false</ReadOnly><AlertXMLAssigned>false</AlertXMLAssigned></ContextItem><ContextItem><Name>Assignment_Webservice_Result</Name><Description/><MinRange>0</MinRange><MaxRange>0</MaxRange><Value xsi:type="Assignment"/><ReadOnly>false</ReadOnly><AlertXMLAssigned>false</AlertXMLAssigned></ContextItem><ContextItem><Name>Assign_PCo_Tag_Values</Name><Description/><MinRange>0</MinRange><MaxRange>0</MaxRange><Value xsi:type="Assignment"/><ReadOnly>false</ReadOnly><AlertXMLAssigned>false</AlertXMLAssigned></ContextItem><ContextItem><Name>InputError</Name><Description/><MinRange>0</MinRange><MaxRange>0</MaxRange><Value xsi:type="EventLogger"><Message/><Source>MOD4 - trxTraceability</Source><EventType>ERROR</EventType></Value><ReadOnly>false</ReadOnly><AlertXMLAssigned>false</AlertXMLAssigned></ContextItem><ContextItem><Name>trxPCoHandshake</Name><Description/><MinRange>0</MinRange><MaxRange>0</MaxRange><Value xsi:type="DynamicTransactionCall"><TransactionName>NC11/PCO_INTEGRATION/COMMON/TRANSACTIONS/trxPCoHandshake</TransactionName><Async>true</Async><Persist>Inherit</Persist><LogLevel>INHERIT</LogLevel><LogType>INHERIT</LogType><StoreTransactionOutput>false</StoreTransactionOutput><Expiration>-1</Expiration><LoggingSourceName/><PCoServer/><PCoTagNameList/><PCoTagValueList/><TagID/><Inputs><ContextItem><Name>LoggingSourceName</Name><Description/><MinRange>0</MinRange><MaxRange>0</MaxRange><Value xsi:type="string"/><ReadOnly>false</ReadOnly><AlertXMLAssigned>false</AlertXMLAssigned></ContextItem><ContextItem><Name>PCoServer</Name><Description/><MinRange>0</MinRange><MaxRange>0</MaxRange><Value xsi:type="string"/><ReadOnly>false</ReadOnly><AlertXMLAssigned>false</AlertXMLAssigned></ContextItem><ContextItem><Name>PCoTagNameList</Name><Description/><MinRange>0</MinRange><MaxRange>0</MaxRange><Value xsi:type="string"/><ReadOnly>false</ReadOnly><AlertXMLAssigned>false</AlertXMLAssigned></ContextItem><ContextItem><Name>PCoTagValueList</Name><Description/><MinRange>0</MinRange><MaxRange>0</MaxRange><Value xsi:type="string"/><ReadOnly>false</ReadOnly><AlertXMLAssigned>false</AlertXMLAssigned></ContextItem><ContextItem><Name>TagID</Name><Description/><MinRange>0</MinRange><MaxRange>0</MaxRange><Value xsi:type="string"/><ReadOnly>false</ReadOnly><AlertXMLAssigned>false</AlertXMLAssigned></ContextItem></Inputs><Outputs><ContextItem><Name>outputXML</Name><Description/><MinRange>0</MinRange><MaxRange>0</MaxRange><Value xsi:type="xml"><ReferenceDocumentSource/>&lt;?xml version="1.0" encoding="UTF-8"?&gt;&lt;xml&gt;&#13;
&lt;success/&gt;&#13;
&lt;message/&gt;&#13;
&lt;/xml&gt;</Value><SchemaURI/><SchemaElement/><ValidateXMLOnExecution>1</ValidateXMLOnExecution><ReadOnly>false</ReadOnly><AlertXMLAssigned>false</AlertXMLAssigned></ContextItem></Outputs></Value><ReadOnly>false</ReadOnly><AlertXMLAssigned>false</AlertXMLAssigned></ContextItem><ContextItem><Name>Conditional_Event_Logger_Testing</Name><Description/><MinRange>0</MinRange><MaxRange>0</MaxRange><Value xsi:type="ConditionalAction"><Output>false</Output><InputCount>2</InputCount><LogicalAnd>false</LogicalAnd><Input1>false</Input1><Input2>false</Input2></Value><ReadOnly>false</ReadOnly><AlertXMLAssigned>false</AlertXMLAssigned></ContextItem><ContextItem><Name>TraceabilityInputDataTrx</Name><Description/><MinRange>0</MinRange><MaxRange>0</MaxRange><Value xsi:type="DynamicTransactionCall"><TransactionName>NC11/TROUBLESHOOTING/TRANSACTIONS/TraceabilityInputDataTrx</TransactionName><Async>true</Async><Persist>Inherit</Persist><LogLevel>INHERIT</LogLevel><LogType>INHERIT</LogType><StoreTransactionOutput>true</StoreTransactionOutput><Expiration>-1</Expiration><Site/><InputXml><ReferenceDocumentSource/></InputXml><TroubleshootTraceabilityFlag>true</TroubleshootTraceabilityFlag><Inputs><ContextItem><Name>Site</Name><Description/><MinRange>0</MinRange><MaxRange>0</MaxRange><Value xsi:type="string"/><ReadOnly>false</ReadOnly><AlertXMLAssigned>false</AlertXMLAssigned></ContextItem><ContextItem><Name>InputXml</Name><Description/><MinRange>0</MinRange><MaxRange>0</MaxRange><Value xsi:type="xml"><ReferenceDocumentSource/></Value><SchemaURI/><SchemaElement/><ValidateXMLOnExecution>1</ValidateXMLOnExecution><ReadOnly>false</ReadOnly><AlertXMLAssigned>false</AlertXMLAssigned></ContextItem><ContextItem><Name>TroubleshootTraceabilityFlag</Name><Description/><MinRange>0</MinRange><MaxRange>0</MaxRange><Value xsi:type="boolean">1</Value><ReadOnly>false</ReadOnly><AlertXMLAssigned>false</AlertXMLAssigned></ContextItem></Inputs></Value><SchemaURI/><SchemaElement/><ValidateXMLOnExecution>1</ValidateXMLOnExecution><ReadOnly>false</ReadOnly><AlertXMLAssigned>false</AlertXMLAssigned></ContextItem><ContextItem><Name>Catch_Transaction_Call_SOLInputData_Fail</Name><Description/><MinRange>0</MinRange><MaxRange>0</MaxRange><Value xsi:type="CatchAction"/><ReadOnly>false</ReadOnly><AlertXMLAssigned>false</AlertXMLAssigned></ContextItem><ContextItem><Name>Event_Logger_Transaction_Call_SOLInputData_Fail</Name><Description/><MinRange>0</MinRange><MaxRange>0</MaxRange><Value xsi:type="EventLogger"><Message/><Source>UserEvent</Source><EventType>ERROR</EventType></Value><ReadOnly>false</ReadOnly><AlertXMLAssigned>false</AlertXMLAssigned></ContextItem><ContextItem><Name>PLCCOM4</Name><Description/><MinRange>0</MinRange><MaxRange>0</MaxRange><Value xsi:type="Assignment"/><ReadOnly>false</ReadOnly><AlertXMLAssigned>false</AlertXMLAssigned></ContextItem><ContextItem><Name>Condition_PCoWritebackSuccess</Name><Description/><MinRange>0</MinRange><MaxRange>0</MaxRange><Value xsi:type="ConditionalAction"><Output>false</Output><InputCount>1</InputCount><LogicalAnd>false</LogicalAnd><Input1>false</Input1></Value><ReadOnly>false</ReadOnly><AlertXMLAssigned>false</AlertXMLAssigned></ContextItem><ContextItem><Name>TraceabilityWBDataTrx_0</Name><Description/><MinRange>0</MinRange><MaxRange>0</MaxRange><Value xsi:type="TransactionCall"><ResetState>true</ResetState><TransactionName>Troubleshooting/Traceability/TraceabilityWBDataTrx</TransactionName><Async>false</Async><Persist>INHERIT</Persist><LogLevel>INHERIT</LogLevel><LogType>INHERIT</LogType><StoreTransactionOutput>false</StoreTransactionOutput><Expiration>-1</Expiration><TroubleshootTraceabilityFlag>true</TroubleshootTraceabilityFlag><TRBL_HANDLE/><PLCCOM_WB_VAL/></Value><ReadOnly>false</ReadOnly><AlertXMLAssigned>false</AlertXMLAssigned></ContextItem><ContextItem><Name>Assignment_inputParams</Name><Description/><MinRange>0</MinRange><MaxRange>0</MaxRange><Value xsi:type="Assignment"/><ReadOnly>false</ReadOnly><AlertXMLAssigned>false</AlertXMLAssigned></ContextItem></Actions><ReaderRoles>SAP_XMII_Super_Administrator,SAP_XMII_Administrator,SAP_XMII_Developer,SAP_XMII_User</ReaderRoles><Steps><Step xsi:type="ActionSequence"><Name>This trx calls the traceability integraiton service and returns the result to the PLC via PCo</Name><Description/><Steps><Step xsi:type="Conditional"><Name>Sequence_2</Name><Description/><Steps><Step xsi:type="ActionSequence"><Name>Sequence_8</Name><Description/><Steps><Step xsi:type="Catch"><Name>Sequence_67</Name><Description/><Steps><Step xsi:type="ActionSequence"><Name>Sequence_76</Name><Description/><Steps/><Actions><Action><Name>Event_Logger_Transaction_Call_SOLInputData_Fail</Name><Description> </Description><IncomingLinks><Assign xsi:type="Assign"><Name/><Description/><To>Event_Logger_Transaction_Call_SOLInputData_Fail.Message</To><From>"Error 40706 : TraceabilityInputDataTrx call Failed. Message:"&amp;TraceabilityInputDataTrx.LastErrorMessage&amp;" Catch Message:"&amp;Catch_Transaction_Call_SOLInputData_Fail.Message</From></Assign></IncomingLinks><OutgoingLinks/></Action></Actions></Step></Steps><Actions><Action><Name>Catch_Transaction_Call_SOLInputData_Fail</Name><Description>Catches an exception</Description><IncomingLinks/><OutgoingLinks/></Action></Actions></Step></Steps><Actions><Action><Name>TraceabilityInputDataTrx</Name><Description>Dynamic Transaction Call</Description><IncomingLinks><Assign xsi:type="Assign"><Name/><Description/><To>TraceabilityInputDataTrx.Site</To><From>stringtrim(Transaction.inNotificationXml{/NotificationMessage/Body/Values/site})</From></Assign><Assign xsi:type="AssignXml"><Name/><Description/><To>TraceabilityInputDataTrx.InputXml</To><From>Transaction.inNotificationXml</From></Assign><Assign xsi:type="Assign"><Name/><Description/><To>TraceabilityInputDataTrx.Async</To><From>true</From></Assign></IncomingLinks><OutgoingLinks/></Action></Actions></Step></Steps><Actions><Action><Name>Conditional_Event_Logger_Testing</Name><Description> </Description><IncomingLinks><Assign xsi:type="Assign"><Name/><Description/><To>Conditional_Event_Logger_Testing.Input1</To><From>Globals.GlobalEventLoggerFlag==1</From></Assign><Assign xsi:type="Assign"><Name/><Description/><To>Conditional_Event_Logger_Testing.Input2</To><From>Transaction.EventLoggerFlag==1</From></Assign></IncomingLinks><OutgoingLinks/></Action></Actions></Step><Step xsi:type="ActionSequence"><Name>Sequence_4</Name><Description/><Steps><Step xsi:type="Conditional"><Name>1. Check input parameter</Name><Description/><Steps><Step xsi:type="ActionSequence"><Name>Sequenz_0</Name><Description/><Steps><Step xsi:type="Catch"><Name>Catch 1</Name><Description/><Steps><Step xsi:type="ActionSequence"><Name>Log error 1</Name><Description/><Steps><Step xsi:type="ActionSequence"><Name>Sequence_0</Name><Description/><Steps/><Actions><Action><Name>Assign_PCo_Tag_Values_1</Name><Description> </Description><IncomingLinks/><OutgoingLinks><Assign xsi:type="Assign"><Name/><Description/><To>Local.PCoTagNameList</To><From>Local.TagID &amp; "." &amp; Persistent.PLCCOM</From></Assign><Assign xsi:type="Assign"><Name/><Description/><To>Local.PCoTagValueList</To><From>Persistent.PLC_COM_NOK</From></Assign></OutgoingLinks></Action></Actions></Step></Steps><Actions><Action><Name>LogException</Name><Description> </Description><IncomingLinks><Assign xsi:type="Assign"><Name/><Description/><To>LogException.Source</To><From>Catch_0.Source</From></Assign><Assign xsi:type="Assign"><Name/><Description/><To>LogException.Message</To><From>"trxTraceability failed. Input XML is " &amp; Transaction.inNotificationXml &amp; "\n exception message " &amp; Catch_0.Message</From></Assign></IncomingLinks><OutgoingLinks/></Action></Actions></Step></Steps><Actions><Action><Name>Catch_0</Name><Description>Catches an exception</Description><IncomingLinks/><OutgoingLinks/></Action></Actions></Step><Step xsi:type="ActionSequence"><Name>Assign web service result</Name><Description/><Steps><Step xsi:type="ActionSequence"><Name>Sequence_6</Name><Description/><Steps/><Actions><Action><Name>Assign_PCo_Tag_Values</Name><Description> </Description><IncomingLinks/><OutgoingLinks><Assign xsi:type="Assign"><Name/><Description/><To>Local.PCoTagNameList</To><From>Local.TagID &amp; "." &amp; Persistent.PLCCOM</From></Assign><Assign xsi:type="Assign"><Name/><Description/><To>Local.inPlcCom</To><From>Web_Service_Traceability.assembleSerialisedPartResponse{/ns1:assembleSerialisedPartResponse/return/result}</From></Assign><Assign xsi:type="Assign"><Name/><Description/><To>Local.PCoTagValueList</To><From>Local.inPlcCom</From></Assign></OutgoingLinks></Action></Actions></Step></Steps><Actions><Action><Name>Assignment_Webservice_Result</Name><Description> </Description><IncomingLinks/><OutgoingLinks><Assign xsi:type="Assign"><Name/><Description/><To>Transaction.outputXml{/xml/success}</To><From>Web_Service_Traceability.Success</From></Assign><Assign xsi:type="Assign"><Name/><Description/><To>Transaction.outputXml{/xml/message}</To><From>Web_Service_Traceability.assembleSerialisedPartResponse{/ns1:assembleSerialisedPartResponse/return/errorMessage}</From></Assign><Assign xsi:type="Assign"><Name/><Description/><To>Transaction.outputXml{/xml/plc_com}</To><From>Web_Service_Traceability.assembleSerialisedPartResponse{/ns1:assembleSerialisedPartResponse/return/result}</From></Assign></OutgoingLinks></Action></Actions></Step></Steps><Actions><Action><Name>Web_Service_Traceability</Name><Description> </Description><IncomingLinks><Assign xsi:type="Assign"><Name/><Description/><To>Web_Service_Traceability.assembleSerialisedPart{/ns1:assembleSerialisedPart/traceabilityRequest/facilityId}</To><From>Local.inFacilityId</From></Assign><Assign xsi:type="Assign"><Name/><Description/><To>Web_Service_Traceability.assembleSerialisedPart{/ns1:assembleSerialisedPart/traceabilityRequest/supCompartId}</To><From>Local.inSupCompartId</From></Assign><Assign xsi:type="Assign"><Name/><Description/><To>Web_Service_Traceability.assembleSerialisedPart{/ns1:assembleSerialisedPart/traceabilityRequest/sfc}</To><From>Local.inSfc</From></Assign><Assign xsi:type="Assign"><Name/><Description/><To>Web_Service_Traceability.assembleSerialisedPart{/ns1:assembleSerialisedPart/traceabilityRequest/site}</To><From>Local.inSite</From></Assign><Assign xsi:type="Assign"><Name/><Description/><To>Web_Service_Traceability.assembleSerialisedPart{/ns1:assembleSerialisedPart/traceabilityRequest/user}</To><From>username</From></Assign><Assign xsi:type="Assign"><Name/><Description/><To>Web_Service_Traceability.assembleSerialisedPart{/ns1:assembleSerialisedPart/traceabilityRequest/traceabilityType}</To><From>Local.AssemblyType</From></Assign><Assign xsi:type="Assign"><Name/><Description/><To>Web_Service_Traceability.CredentialAlias</To><From>Persistent.SAP_ME_CredentialAlias</From></Assign></IncomingLinks><OutgoingLinks/></Action></Actions></Step><Step xsi:type="ActionSequence"><Name>Missing input paramteters</Name><Description/><Steps><Step xsi:type="ActionSequence"><Name>Sequence_3</Name><Description/><Steps/><Actions><Action><Name>PLCCOM4</Name><Description> </Description><IncomingLinks/><OutgoingLinks><Assign xsi:type="Assign"><Name/><Description/><To>Local.PCoTagNameList</To><From>Local.TagID &amp; "." &amp; Persistent.PLCCOM</From></Assign><Assign xsi:type="Assign"><Name/><Description/><To>Local.PCoTagValueList</To><From>Persistent.PLC_COM_NOK</From></Assign></OutgoingLinks></Action></Actions></Step></Steps><Actions><Action><Name>InputError</Name><Description> </Description><IncomingLinks><Assign xsi:type="Assign"><Name/><Description/><To>InputError.Message</To><From>"trxTraceability failed. Error72903:Either input XML from PCo is blank or Invalid SFCId"&amp;"  SFC Id:"&amp;stringtrim(Transaction.inNotificationXml{/NotificationMessage/Body/Values/partid}) &amp; "\n" &amp; Transaction.inNotificationXml</From></Assign></IncomingLinks><OutgoingLinks/></Action></Actions></Step></Steps><Actions><Action><Name>Conditional_foundInputParams</Name><Description> </Description><IncomingLinks><Assign xsi:type="Assign"><Name/><Description/><To>Conditional_foundInputParams.Input1</To><From>stringtrim(Transaction.inNotificationXml{/NotificationMessage/Body/Values/facilityid})!=""</From></Assign><Assign xsi:type="Assign"><Name/><Description/><To>Conditional_foundInputParams.Input2</To><From>stringtrim(Transaction.inNotificationXml{/NotificationMessage/Body/Values/partid})!=""</From></Assign><Assign xsi:type="Assign"><Name/><Description/><To>Conditional_foundInputParams.Input3</To><From> stringtrim(Transaction.inNotificationXml{/NotificationMessage/Body/Values/supcompartid})!=""</From></Assign><Assign xsi:type="Assign"><Name/><Description/><To>Conditional_foundInputParams.Input4</To><From>stringtrim(Transaction.inNotificationXml{/NotificationMessage/Body/Values/site})!=""</From></Assign></IncomingLinks><OutgoingLinks/></Action></Actions></Step></Steps><Actions><Action><Name>Assignment_inputParams</Name><Description> </Description><IncomingLinks/><OutgoingLinks><Assign xsi:type="Assign"><Name/><Description/><To>Local.inSupCompartId</To><From>stringtrim(Transaction.inNotificationXml{/NotificationMessage/Body/Values/supcompartid})</From></Assign><Assign xsi:type="Assign"><Name/><Description/><To>Local.inSfc</To><From>stringtrim(Transaction.inNotificationXml{/NotificationMessage/Body/Values/partid})</From></Assign><Assign xsi:type="Assign"><Name/><Description/><To>Local.inFacilityId</To><From>stringtrim(Transaction.inNotificationXml{/NotificationMessage/Body/Values/facilityid})</From></Assign><Assign xsi:type="Assign"><Name/><Description/><To>Local.inSite</To><From>stringtrim(Transaction.inNotificationXml{/NotificationMessage/Body/Values/site})</From></Assign><Assign xsi:type="Assign"><Name/><Description/><To>Local.inPcoServer</To><From>stringtrim(Transaction.inNotificationXml{/NotificationMessage/Body/Values/pcoserver})</From></Assign><Assign xsi:type="Assign"><Name/><Description/><To>Local.TagID</To><From>stringtrim(Transaction.inNotificationXml{/NotificationMessage/Body/Values/tagid})</From></Assign><Assign xsi:type="Assign"><Name/><Description/><To>Local.AssemblyType</To><From>stringtrim(Transaction.inNotificationXml{/NotificationMessage/Body/Values/assemblytype})</From></Assign><Assign xsi:type="Assign"><Name/><Description/><To>Local.TRBL_HANDLE</To><From>"TrblTrcbltyBO:"&amp;Local.inSite&amp;","&amp;Transaction.inNotificationXml{/NotificationMessage/Body/Values/facilityid}&amp;"_"&amp;Transaction.inNotificationXml{/NotificationMessage/Header/ID}</From></Assign></OutgoingLinks></Action></Actions></Step><Step xsi:type="ActionSequence"><Name>Sequence_10</Name><Description/><Steps><Step xsi:type="Conditional"><Name>Sequence_1</Name><Description/><Steps><Step xsi:type="ActionSequence"><Name>Sequence_7</Name><Description/><Steps/><Actions><Action><Name>TraceabilityWBDataTrx_0</Name><Description> </Description><IncomingLinks><Assign xsi:type="Assign"><Name/><Description/><To>TraceabilityWBDataTrx_0.TRBL_HANDLE</To><From>Local.TRBL_HANDLE</From></Assign><Assign xsi:type="Assign"><Name/><Description/><To>TraceabilityWBDataTrx_0.PLCCOM_WB_VAL</To><From>Local.PCoTagValueList</From></Assign></IncomingLinks><OutgoingLinks/></Action></Actions></Step></Steps><Actions><Action><Name>Condition_PCoWritebackSuccess</Name><Description> </Description><IncomingLinks><Assign xsi:type="Assign"><Name/><Description/><To>Condition_PCoWritebackSuccess.Input1</To><From>trxPCoHandshake.Success</From></Assign></IncomingLinks><OutgoingLinks/></Action></Actions></Step></Steps><Actions><Action><Name>trxPCoHandshake</Name><Description>Dynamic Transaction Call</Description><IncomingLinks><Assign xsi:type="Assign"><Name/><Description/><To>trxPCoHandshake.PCoServer</To><From>Local.inPcoServer</From></Assign><Assign xsi:type="Assign"><Name/><Description/><To>trxPCoHandshake.PCoTagNameList</To><From>Local.PCoTagNameList</From></Assign><Assign xsi:type="Assign"><Name/><Description/><To>trxPCoHandshake.PCoTagValueList</To><From>Local.PCoTagValueList</From></Assign><Assign xsi:type="Assign"><Name/><Description/><To>trxPCoHandshake.TagID</To><From>Local.TagID</From></Assign><Assign xsi:type="Assign"><Name/><Description/><To>trxPCoHandshake.Async</To><From>true</From></Assign></IncomingLinks><OutgoingLinks/></Action></Actions></Step></Steps><Actions/></Step></Steps></Transaction>